CRITICAL - 2023-04-10 03:58:44 --> Undefined property: Config\App::$indexPage
#0 /home/mediace1/sim.stidar.ac.id/system/Helpers/url_helper.php(51): CodeIgniter\Debug\Exceptions->errorHandler(8, 'Undefined prope...', '/home/mediace1/...', 51, Array)
#1 /home/mediace1/sim.stidar.ac.id/system/Helpers/url_helper.php(87): _get_uri('auth/login', Object(Config\App))
#2 /home/mediace1/sim.stidar.ac.id/system/Helpers/form_helper.php(39): site_url('auth/login')
#3 /home/mediace1/sim.stidar.ac.id/app/Views/login.php(47): form_open('auth/login')
#4 /home/mediace1/sim.stidar.ac.id/system/View/View.php(210): include('/home/mediace1/...')
#5 /home/mediace1/sim.stidar.ac.id/system/View/View.php(213): CodeIgniter\View\View->CodeIgniter\View\{closure}()
#6 /home/mediace1/sim.stidar.ac.id/system/Common.php(1089): CodeIgniter\View\View->render('login', Array, true)
#7 /home/mediace1/sim.stidar.ac.id/app/Controllers/Auth.php(19): view('login', Array)
#8 /home/mediace1/sim.stidar.ac.id/system/CodeIgniter.php(832): App\Controllers\Auth->index()
#9 /home/mediace1/sim.stidar.ac.id/system/CodeIgniter.php(419): CodeIgniter\CodeIgniter->runController(Object(App\Controllers\Auth))
#10 /home/mediace1/sim.stidar.ac.id/system/CodeIgniter.php(326): CodeIgniter\CodeIgniter->handleRequest(NULL, Object(Config\Cache), false)
#11 /home/mediace1/sim.stidar.ac.id/index.php(37): CodeIgniter\CodeIgniter->run()
#12 {main}
CRITICAL - 2023-04-10 05:42:53 --> Undefined property: Config\App::$indexPage
#0 /home/mediace1/sim.stidar.ac.id/system/Helpers/url_helper.php(51): CodeIgniter\Debug\Exceptions->errorHandler(8, 'Undefined prope...', '/home/mediace1/...', 51, Array)
#1 /home/mediace1/sim.stidar.ac.id/system/Helpers/url_helper.php(87): _get_uri('auth/login', Object(Config\App))
#2 /home/mediace1/sim.stidar.ac.id/system/Helpers/form_helper.php(39): site_url('auth/login')
#3 /home/mediace1/sim.stidar.ac.id/app/Views/login.php(47): form_open('auth/login')
#4 /home/mediace1/sim.stidar.ac.id/system/View/View.php(210): include('/home/mediace1/...')
#5 /home/mediace1/sim.stidar.ac.id/system/View/View.php(213): CodeIgniter\View\View->CodeIgniter\View\{closure}()
#6 /home/mediace1/sim.stidar.ac.id/system/Common.php(1089): CodeIgniter\View\View->render('login', Array, true)
#7 /home/mediace1/sim.stidar.ac.id/app/Controllers/Auth.php(19): view('login', Array)
#8 /home/mediace1/sim.stidar.ac.id/system/CodeIgniter.php(832): App\Controllers\Auth->index()
#9 /home/mediace1/sim.stidar.ac.id/system/CodeIgniter.php(419): CodeIgniter\CodeIgniter->runController(Object(App\Controllers\Auth))
#10 /home/mediace1/sim.stidar.ac.id/system/CodeIgniter.php(326): CodeIgniter\CodeIgniter->handleRequest(NULL, Object(Config\Cache), false)
#11 /home/mediace1/sim.stidar.ac.id/index.php(37): CodeIgniter\CodeIgniter->run()
#12 {main}
CRITICAL - 2023-04-10 05:43:12 --> Undefined property: Config\App::$indexPage
#0 /home/mediace1/sim.stidar.ac.id/system/Helpers/url_helper.php(51): CodeIgniter\Debug\Exceptions->errorHandler(8, 'Undefined prope...', '/home/mediace1/...', 51, Array)
#1 /home/mediace1/sim.stidar.ac.id/system/Helpers/url_helper.php(87): _get_uri('auth/login', Object(Config\App))
#2 /home/mediace1/sim.stidar.ac.id/system/Helpers/form_helper.php(39): site_url('auth/login')
#3 /home/mediace1/sim.stidar.ac.id/app/Views/login.php(47): form_open('auth/login')
#4 /home/mediace1/sim.stidar.ac.id/system/View/View.php(210): include('/home/mediace1/...')
#5 /home/mediace1/sim.stidar.ac.id/system/View/View.php(213): CodeIgniter\View\View->CodeIgniter\View\{closure}()
#6 /home/mediace1/sim.stidar.ac.id/system/Common.php(1089): CodeIgniter\View\View->render('login', Array, true)
#7 /home/mediace1/sim.stidar.ac.id/app/Controllers/Auth.php(19): view('login', Array)
#8 /home/mediace1/sim.stidar.ac.id/system/CodeIgniter.php(832): App\Controllers\Auth->index()
#9 /home/mediace1/sim.stidar.ac.id/system/CodeIgniter.php(419): CodeIgniter\CodeIgniter->runController(Object(App\Controllers\Auth))
#10 /home/mediace1/sim.stidar.ac.id/system/CodeIgniter.php(326): CodeIgniter\CodeIgniter->handleRequest(NULL, Object(Config\Cache), false)
#11 /home/mediace1/sim.stidar.ac.id/index.php(37): CodeIgniter\CodeIgniter->run()
#12 {main}
CRITICAL - 2023-04-10 10:21:14 --> Undefined property: Config\App::$indexPage
#0 /home/mediace1/sim.stidar.ac.id/system/Helpers/url_helper.php(51): CodeIgniter\Debug\Exceptions->errorHandler(8, 'Undefined prope...', '/home/mediace1/...', 51, Array)
#1 /home/mediace1/sim.stidar.ac.id/system/Helpers/url_helper.php(87): _get_uri('auth/login', Object(Config\App))
#2 /home/mediace1/sim.stidar.ac.id/system/Helpers/form_helper.php(39): site_url('auth/login')
#3 /home/mediace1/sim.stidar.ac.id/app/Views/login.php(47): form_open('auth/login')
#4 /home/mediace1/sim.stidar.ac.id/system/View/View.php(210): include('/home/mediace1/...')
#5 /home/mediace1/sim.stidar.ac.id/system/View/View.php(213): CodeIgniter\View\View->CodeIgniter\View\{closure}()
#6 /home/mediace1/sim.stidar.ac.id/system/Common.php(1089): CodeIgniter\View\View->render('login', Array, true)
#7 /home/mediace1/sim.stidar.ac.id/app/Controllers/Auth.php(19): view('login', Array)
#8 /home/mediace1/sim.stidar.ac.id/system/CodeIgniter.php(832): App\Controllers\Auth->index()
#9 /home/mediace1/sim.stidar.ac.id/system/CodeIgniter.php(419): CodeIgniter\CodeIgniter->runController(Object(App\Controllers\Auth))
#10 /home/mediace1/sim.stidar.ac.id/system/CodeIgniter.php(326): CodeIgniter\CodeIgniter->handleRequest(NULL, Object(Config\Cache), false)
#11 /home/mediace1/sim.stidar.ac.id/index.php(37): CodeIgniter\CodeIgniter->run()
#12 {main}
CRITICAL - 2023-04-10 13:47:17 --> Undefined property: Config\App::$indexPage
#0 /home/mediace1/sim.stidar.ac.id/system/Helpers/url_helper.php(51): CodeIgniter\Debug\Exceptions->errorHandler(8, 'Undefined prope...', '/home/mediace1/...', 51, Array)
#1 /home/mediace1/sim.stidar.ac.id/system/Helpers/url_helper.php(87): _get_uri('auth/login', Object(Config\App))
#2 /home/mediace1/sim.stidar.ac.id/system/Helpers/form_helper.php(39): site_url('auth/login')
#3 /home/mediace1/sim.stidar.ac.id/app/Views/login.php(47): form_open('auth/login')
#4 /home/mediace1/sim.stidar.ac.id/system/View/View.php(210): include('/home/mediace1/...')
#5 /home/mediace1/sim.stidar.ac.id/system/View/View.php(213): CodeIgniter\View\View->CodeIgniter\View\{closure}()
#6 /home/mediace1/sim.stidar.ac.id/system/Common.php(1089): CodeIgniter\View\View->render('login', Array, true)
#7 /home/mediace1/sim.stidar.ac.id/app/Controllers/Auth.php(19): view('login', Array)
#8 /home/mediace1/sim.stidar.ac.id/system/CodeIgniter.php(832): App\Controllers\Auth->index()
#9 /home/mediace1/sim.stidar.ac.id/system/CodeIgniter.php(419): CodeIgniter\CodeIgniter->runController(Object(App\Controllers\Auth))
#10 /home/mediace1/sim.stidar.ac.id/system/CodeIgniter.php(326): CodeIgniter\CodeIgniter->handleRequest(NULL, Object(Config\Cache), false)
#11 /home/mediace1/sim.stidar.ac.id/index.php(37): CodeIgniter\CodeIgniter->run()
#12 {main}
CRITICAL - 2023-04-10 17:41:08 --> Undefined property: Config\App::$indexPage
#0 /home/mediace1/sim.stidar.ac.id/system/Helpers/url_helper.php(51): CodeIgniter\Debug\Exceptions->errorHandler(8, 'Undefined prope...', '/home/mediace1/...', 51, Array)
#1 /home/mediace1/sim.stidar.ac.id/system/Helpers/url_helper.php(87): _get_uri('auth/login', Object(Config\App))
#2 /home/mediace1/sim.stidar.ac.id/system/Helpers/form_helper.php(39): site_url('auth/login')
#3 /home/mediace1/sim.stidar.ac.id/app/Views/login.php(47): form_open('auth/login')
#4 /home/mediace1/sim.stidar.ac.id/system/View/View.php(210): include('/home/mediace1/...')
#5 /home/mediace1/sim.stidar.ac.id/system/View/View.php(213): CodeIgniter\View\View->CodeIgniter\View\{closure}()
#6 /home/mediace1/sim.stidar.ac.id/system/Common.php(1089): CodeIgniter\View\View->render('login', Array, true)
#7 /home/mediace1/sim.stidar.ac.id/app/Controllers/Auth.php(19): view('login', Array)
#8 /home/mediace1/sim.stidar.ac.id/system/CodeIgniter.php(832): App\Controllers\Auth->index()
#9 /home/mediace1/sim.stidar.ac.id/system/CodeIgniter.php(419): CodeIgniter\CodeIgniter->runController(Object(App\Controllers\Auth))
#10 /home/mediace1/sim.stidar.ac.id/system/CodeIgniter.php(326): CodeIgniter\CodeIgniter->handleRequest(NULL, Object(Config\Cache), false)
#11 /home/mediace1/sim.stidar.ac.id/index.php(37): CodeIgniter\CodeIgniter->run()
#12 {main}
CRITICAL - 2023-04-10 17:53:00 --> Undefined property: Config\App::$indexPage
#0 /home/mediace1/sim.stidar.ac.id/system/Helpers/url_helper.php(51): CodeIgniter\Debug\Exceptions->errorHandler(8, 'Undefined prope...', '/home/mediace1/...', 51, Array)
#1 /home/mediace1/sim.stidar.ac.id/system/Helpers/url_helper.php(87): _get_uri('auth/login', Object(Config\App))
#2 /home/mediace1/sim.stidar.ac.id/system/Helpers/form_helper.php(39): site_url('auth/login')
#3 /home/mediace1/sim.stidar.ac.id/app/Views/login.php(47): form_open('auth/login')
#4 /home/mediace1/sim.stidar.ac.id/system/View/View.php(210): include('/home/mediace1/...')
#5 /home/mediace1/sim.stidar.ac.id/system/View/View.php(213): CodeIgniter\View\View->CodeIgniter\View\{closure}()
#6 /home/mediace1/sim.stidar.ac.id/system/Common.php(1089): CodeIgniter\View\View->render('login', Array, true)
#7 /home/mediace1/sim.stidar.ac.id/app/Controllers/Auth.php(19): view('login', Array)
#8 /home/mediace1/sim.stidar.ac.id/system/CodeIgniter.php(832): App\Controllers\Auth->index()
#9 /home/mediace1/sim.stidar.ac.id/system/CodeIgniter.php(419): CodeIgniter\CodeIgniter->runController(Object(App\Controllers\Auth))
#10 /home/mediace1/sim.stidar.ac.id/system/CodeIgniter.php(326): CodeIgniter\CodeIgniter->handleRequest(NULL, Object(Config\Cache), false)
#11 /home/mediace1/sim.stidar.ac.id/index.php(37): CodeIgniter\CodeIgniter->run()
#12 {main}
CRITICAL - 2023-04-10 18:05:21 --> Undefined property: Config\App::$indexPage
#0 /home/mediace1/sim.stidar.ac.id/system/Helpers/url_helper.php(51): CodeIgniter\Debug\Exceptions->errorHandler(8, 'Undefined prope...', '/home/mediace1/...', 51, Array)
#1 /home/mediace1/sim.stidar.ac.id/system/Helpers/url_helper.php(87): _get_uri('auth/login', Object(Config\App))
#2 /home/mediace1/sim.stidar.ac.id/system/Helpers/form_helper.php(39): site_url('auth/login')
#3 /home/mediace1/sim.stidar.ac.id/app/Views/login.php(47): form_open('auth/login')
#4 /home/mediace1/sim.stidar.ac.id/system/View/View.php(210): include('/home/mediace1/...')
#5 /home/mediace1/sim.stidar.ac.id/system/View/View.php(213): CodeIgniter\View\View->CodeIgniter\View\{closure}()
#6 /home/mediace1/sim.stidar.ac.id/system/Common.php(1089): CodeIgniter\View\View->render('login', Array, true)
#7 /home/mediace1/sim.stidar.ac.id/app/Controllers/Auth.php(19): view('login', Array)
#8 /home/mediace1/sim.stidar.ac.id/system/CodeIgniter.php(832): App\Controllers\Auth->index()
#9 /home/mediace1/sim.stidar.ac.id/system/CodeIgniter.php(419): CodeIgniter\CodeIgniter->runController(Object(App\Controllers\Auth))
#10 /home/mediace1/sim.stidar.ac.id/system/CodeIgniter.php(326): CodeIgniter\CodeIgniter->handleRequest(NULL, Object(Config\Cache), false)
#11 /home/mediace1/sim.stidar.ac.id/index.php(37): CodeIgniter\CodeIgniter->run()
#12 {main}
CRITICAL - 2023-04-10 18:05:22 --> Undefined property: Config\App::$indexPage
#0 /home/mediace1/sim.stidar.ac.id/system/Helpers/url_helper.php(51): CodeIgniter\Debug\Exceptions->errorHandler(8, 'Undefined prope...', '/home/mediace1/...', 51, Array)
#1 /home/mediace1/sim.stidar.ac.id/system/Helpers/url_helper.php(87): _get_uri('auth/login', Object(Config\App))
#2 /home/mediace1/sim.stidar.ac.id/system/Helpers/form_helper.php(39): site_url('auth/login')
#3 /home/mediace1/sim.stidar.ac.id/app/Views/login.php(47): form_open('auth/login')
#4 /home/mediace1/sim.stidar.ac.id/system/View/View.php(210): include('/home/mediace1/...')
#5 /home/mediace1/sim.stidar.ac.id/system/View/View.php(213): CodeIgniter\View\View->CodeIgniter\View\{closure}()
#6 /home/mediace1/sim.stidar.ac.id/system/Common.php(1089): CodeIgniter\View\View->render('login', Array, true)
#7 /home/mediace1/sim.stidar.ac.id/app/Controllers/Auth.php(19): view('login', Array)
#8 /home/mediace1/sim.stidar.ac.id/system/CodeIgniter.php(832): App\Controllers\Auth->index()
#9 /home/mediace1/sim.stidar.ac.id/system/CodeIgniter.php(419): CodeIgniter\CodeIgniter->runController(Object(App\Controllers\Auth))
#10 /home/mediace1/sim.stidar.ac.id/system/CodeIgniter.php(326): CodeIgniter\CodeIgniter->handleRequest(NULL, Object(Config\Cache), false)
#11 /home/mediace1/sim.stidar.ac.id/index.php(37): CodeIgniter\CodeIgniter->run()
#12 {main}
CRITICAL - 2023-04-10 18:05:35 --> Undefined property: Config\App::$indexPage
#0 /home/mediace1/sim.stidar.ac.id/system/Helpers/url_helper.php(51): CodeIgniter\Debug\Exceptions->errorHandler(8, 'Undefined prope...', '/home/mediace1/...', 51, Array)
#1 /home/mediace1/sim.stidar.ac.id/system/Helpers/url_helper.php(87): _get_uri('auth/login', Object(Config\App))
#2 /home/mediace1/sim.stidar.ac.id/system/Helpers/form_helper.php(39): site_url('auth/login')
#3 /home/mediace1/sim.stidar.ac.id/app/Views/login.php(47): form_open('auth/login')
#4 /home/mediace1/sim.stidar.ac.id/system/View/View.php(210): include('/home/mediace1/...')
#5 /home/mediace1/sim.stidar.ac.id/system/View/View.php(213): CodeIgniter\View\View->CodeIgniter\View\{closure}()
#6 /home/mediace1/sim.stidar.ac.id/system/Common.php(1089): CodeIgniter\View\View->render('login', Array, true)
#7 /home/mediace1/sim.stidar.ac.id/app/Controllers/Auth.php(19): view('login', Array)
#8 /home/mediace1/sim.stidar.ac.id/system/CodeIgniter.php(832): App\Controllers\Auth->index()
#9 /home/mediace1/sim.stidar.ac.id/system/CodeIgniter.php(419): CodeIgniter\CodeIgniter->runController(Object(App\Controllers\Auth))
#10 /home/mediace1/sim.stidar.ac.id/system/CodeIgniter.php(326): CodeIgniter\CodeIgniter->handleRequest(NULL, Object(Config\Cache), false)
#11 /home/mediace1/sim.stidar.ac.id/index.php(37): CodeIgniter\CodeIgniter->run()
#12 {main}
ERROR - 2023-04-10 18:06:33 --> Error connecting to the database: php_network_getaddresses: getaddrinfo failed: Name or service not known
CRITICAL - 2023-04-10 18:06:33 --> Unable to connect to the database.
Main connection [MySQLi]: php_network_getaddresses: getaddrinfo failed: Name or service not known
#0 /home/mediace1/sim.stidar.ac.id/system/Database/BaseConnection.php(577): CodeIgniter\Database\BaseConnection->initialize()
#1 /home/mediace1/sim.stidar.ac.id/system/Database/BaseBuilder.php(1455): CodeIgniter\Database\BaseConnection->query('SELECT *\nFROM `...', Array, false)
#2 /home/mediace1/sim.stidar.ac.id/app/Models/Model_Auth.php(14): CodeIgniter\Database\BaseBuilder->get()
#3 /home/mediace1/sim.stidar.ac.id/app/Controllers/Auth.php(43): App\Models\Model_Auth->login('admin', 'admin')
#4 /home/mediace1/sim.stidar.ac.id/system/CodeIgniter.php(832): App\Controllers\Auth->login()
#5 /home/mediace1/sim.stidar.ac.id/system/CodeIgniter.php(419): CodeIgniter\CodeIgniter->runController(Object(App\Controllers\Auth))
#6 /home/mediace1/sim.stidar.ac.id/system/CodeIgniter.php(326): CodeIgniter\CodeIgniter->handleRequest(NULL, Object(Config\Cache), false)
#7 /home/mediace1/sim.stidar.ac.id/index.php(37): CodeIgniter\CodeIgniter->run()
#8 {main}
ERROR - 2023-04-10 18:07:22 --> Error connecting to the database: php_network_getaddresses: getaddrinfo failed: Name or service not known
CRITICAL - 2023-04-10 18:07:22 --> Unable to connect to the database.
Main connection [MySQLi]: php_network_getaddresses: getaddrinfo failed: Name or service not known
#0 /home/mediace1/sim.stidar.ac.id/system/Database/BaseConnection.php(577): CodeIgniter\Database\BaseConnection->initialize()
#1 /home/mediace1/sim.stidar.ac.id/system/Database/BaseBuilder.php(1455): CodeIgniter\Database\BaseConnection->query('SELECT *\nFROM `...', Array, false)
#2 /home/mediace1/sim.stidar.ac.id/app/Models/Model_Auth.php(14): CodeIgniter\Database\BaseBuilder->get()
#3 /home/mediace1/sim.stidar.ac.id/app/Controllers/Auth.php(43): App\Models\Model_Auth->login('admin', 'admin')
#4 /home/mediace1/sim.stidar.ac.id/system/CodeIgniter.php(832): App\Controllers\Auth->login()
#5 /home/mediace1/sim.stidar.ac.id/system/CodeIgniter.php(419): CodeIgniter\CodeIgniter->runController(Object(App\Controllers\Auth))
#6 /home/mediace1/sim.stidar.ac.id/system/CodeIgniter.php(326): CodeIgniter\CodeIgniter->handleRequest(NULL, Object(Config\Cache), false)
#7 /home/mediace1/sim.stidar.ac.id/index.php(37): CodeIgniter\CodeIgniter->run()
#8 {main}
ERROR - 2023-04-10 18:07:26 --> Error connecting to the database: php_network_getaddresses: getaddrinfo failed: Name or service not known
CRITICAL - 2023-04-10 18:07:26 --> Unable to connect to the database.
Main connection [MySQLi]: php_network_getaddresses: getaddrinfo failed: Name or service not known
#0 /home/mediace1/sim.stidar.ac.id/system/Database/BaseConnection.php(577): CodeIgniter\Database\BaseConnection->initialize()
#1 /home/mediace1/sim.stidar.ac.id/system/Database/BaseBuilder.php(1455): CodeIgniter\Database\BaseConnection->query('SELECT *\nFROM `...', Array, false)
#2 /home/mediace1/sim.stidar.ac.id/app/Models/Model_Auth.php(14): CodeIgniter\Database\BaseBuilder->get()
#3 /home/mediace1/sim.stidar.ac.id/app/Controllers/Auth.php(43): App\Models\Model_Auth->login('admin', 'admin')
#4 /home/mediace1/sim.stidar.ac.id/system/CodeIgniter.php(832): App\Controllers\Auth->login()
#5 /home/mediace1/sim.stidar.ac.id/system/CodeIgniter.php(419): CodeIgniter\CodeIgniter->runController(Object(App\Controllers\Auth))
#6 /home/mediace1/sim.stidar.ac.id/system/CodeIgniter.php(326): CodeIgniter\CodeIgniter->handleRequest(NULL, Object(Config\Cache), false)
#7 /home/mediace1/sim.stidar.ac.id/index.php(37): CodeIgniter\CodeIgniter->run()
#8 {main}
ERROR - 2023-04-10 18:09:06 --> Error connecting to the database: Access denied for user '****'@'localhost' (using password: YES)
CRITICAL - 2023-04-10 18:09:06 --> Unable to connect to the database.
Main connection [MySQLi]: Access denied for user '****'@'localhost' (using password: YES)
#0 /home/mediace1/sim.stidar.ac.id/system/Database/BaseConnection.php(577): CodeIgniter\Database\BaseConnection->initialize()
#1 /home/mediace1/sim.stidar.ac.id/system/Database/BaseBuilder.php(1455): CodeIgniter\Database\BaseConnection->query('SELECT *\nFROM `...', Array, false)
#2 /home/mediace1/sim.stidar.ac.id/app/Models/Model_Auth.php(14): CodeIgniter\Database\BaseBuilder->get()
#3 /home/mediace1/sim.stidar.ac.id/app/Controllers/Auth.php(43): App\Models\Model_Auth->login('admin', 'admin')
#4 /home/mediace1/sim.stidar.ac.id/system/CodeIgniter.php(832): App\Controllers\Auth->login()
#5 /home/mediace1/sim.stidar.ac.id/system/CodeIgniter.php(419): CodeIgniter\CodeIgniter->runController(Object(App\Controllers\Auth))
#6 /home/mediace1/sim.stidar.ac.id/system/CodeIgniter.php(326): CodeIgniter\CodeIgniter->handleRequest(NULL, Object(Config\Cache), false)
#7 /home/mediace1/sim.stidar.ac.id/index.php(37): CodeIgniter\CodeIgniter->run()
#8 {main}
ERROR - 2023-04-10 18:09:46 --> Error connecting to the database: Access denied for user '****'@'localhost' (using password: NO)
CRITICAL - 2023-04-10 18:09:46 --> Unable to connect to the database.
Main connection [MySQLi]: Access denied for user '****'@'localhost' (using password: NO)
#0 /home/mediace1/sim.stidar.ac.id/system/Database/BaseConnection.php(577): CodeIgniter\Database\BaseConnection->initialize()
#1 /home/mediace1/sim.stidar.ac.id/system/Database/BaseBuilder.php(1455): CodeIgniter\Database\BaseConnection->query('SELECT *\nFROM `...', Array, false)
#2 /home/mediace1/sim.stidar.ac.id/app/Models/Model_Auth.php(14): CodeIgniter\Database\BaseBuilder->get()
#3 /home/mediace1/sim.stidar.ac.id/app/Controllers/Auth.php(43): App\Models\Model_Auth->login('admin', 'admin')
#4 /home/mediace1/sim.stidar.ac.id/system/CodeIgniter.php(832): App\Controllers\Auth->login()
#5 /home/mediace1/sim.stidar.ac.id/system/CodeIgniter.php(419): CodeIgniter\CodeIgniter->runController(Object(App\Controllers\Auth))
#6 /home/mediace1/sim.stidar.ac.id/system/CodeIgniter.php(326): CodeIgniter\CodeIgniter->handleRequest(NULL, Object(Config\Cache), false)
#7 /home/mediace1/sim.stidar.ac.id/index.php(37): CodeIgniter\CodeIgniter->run()
#8 {main}
ERROR - 2023-04-10 18:09:51 --> Error connecting to the database: Access denied for user '****'@'localhost' (using password: NO)
CRITICAL - 2023-04-10 18:09:51 --> Unable to connect to the database.
Main connection [MySQLi]: Access denied for user '****'@'localhost' (using password: NO)
#0 /home/mediace1/sim.stidar.ac.id/system/Database/BaseConnection.php(577): CodeIgniter\Database\BaseConnection->initialize()
#1 /home/mediace1/sim.stidar.ac.id/system/Database/BaseBuilder.php(1455): CodeIgniter\Database\BaseConnection->query('SELECT *\nFROM `...', Array, false)
#2 /home/mediace1/sim.stidar.ac.id/app/Models/Model_Auth.php(14): CodeIgniter\Database\BaseBuilder->get()
#3 /home/mediace1/sim.stidar.ac.id/app/Controllers/Auth.php(43): App\Models\Model_Auth->login('admin', 'admin')
#4 /home/mediace1/sim.stidar.ac.id/system/CodeIgniter.php(832): App\Controllers\Auth->login()
#5 /home/mediace1/sim.stidar.ac.id/system/CodeIgniter.php(419): CodeIgniter\CodeIgniter->runController(Object(App\Controllers\Auth))
#6 /home/mediace1/sim.stidar.ac.id/system/CodeIgniter.php(326): CodeIgniter\CodeIgniter->handleRequest(NULL, Object(Config\Cache), false)
#7 /home/mediace1/sim.stidar.ac.id/index.php(37): CodeIgniter\CodeIgniter->run()
#8 {main}
ERROR - 2023-04-10 18:09:54 --> Error connecting to the database: Access denied for user '****'@'localhost' (using password: NO)
CRITICAL - 2023-04-10 18:09:54 --> Unable to connect to the database.
Main connection [MySQLi]: Access denied for user '****'@'localhost' (using password: NO)
#0 /home/mediace1/sim.stidar.ac.id/system/Database/BaseConnection.php(577): CodeIgniter\Database\BaseConnection->initialize()
#1 /home/mediace1/sim.stidar.ac.id/system/Database/BaseBuilder.php(1455): CodeIgniter\Database\BaseConnection->query('SELECT *\nFROM `...', Array, false)
#2 /home/mediace1/sim.stidar.ac.id/app/Models/Model_Auth.php(14): CodeIgniter\Database\BaseBuilder->get()
#3 /home/mediace1/sim.stidar.ac.id/app/Controllers/Auth.php(43): App\Models\Model_Auth->login('admin', 'admin')
#4 /home/mediace1/sim.stidar.ac.id/system/CodeIgniter.php(832): App\Controllers\Auth->login()
#5 /home/mediace1/sim.stidar.ac.id/system/CodeIgniter.php(419): CodeIgniter\CodeIgniter->runController(Object(App\Controllers\Auth))
#6 /home/mediace1/sim.stidar.ac.id/system/CodeIgniter.php(326): CodeIgniter\CodeIgniter->handleRequest(NULL, Object(Config\Cache), false)
#7 /home/mediace1/sim.stidar.ac.id/index.php(37): CodeIgniter\CodeIgniter->run()
#8 {main}
ERROR - 2023-04-10 18:10:31 --> Error connecting to the database: Access denied for user '****'@'orion.jagoanhosting.com' (using password: YES)
CRITICAL - 2023-04-10 18:10:31 --> Unable to connect to the database.
Main connection [MySQLi]: Access denied for user '****'@'orion.jagoanhosting.com' (using password: YES)
#0 /home/mediace1/sim.stidar.ac.id/system/Database/BaseConnection.php(577): CodeIgniter\Database\BaseConnection->initialize()
#1 /home/mediace1/sim.stidar.ac.id/system/Database/BaseBuilder.php(1455): CodeIgniter\Database\BaseConnection->query('SELECT *\nFROM `...', Array, false)
#2 /home/mediace1/sim.stidar.ac.id/app/Models/Model_Auth.php(14): CodeIgniter\Database\BaseBuilder->get()
#3 /home/mediace1/sim.stidar.ac.id/app/Controllers/Auth.php(43): App\Models\Model_Auth->login('admin', 'admin')
#4 /home/mediace1/sim.stidar.ac.id/system/CodeIgniter.php(832): App\Controllers\Auth->login()
#5 /home/mediace1/sim.stidar.ac.id/system/CodeIgniter.php(419): CodeIgniter\CodeIgniter->runController(Object(App\Controllers\Auth))
#6 /home/mediace1/sim.stidar.ac.id/system/CodeIgniter.php(326): CodeIgniter\CodeIgniter->handleRequest(NULL, Object(Config\Cache), false)
#7 /home/mediace1/sim.stidar.ac.id/index.php(37): CodeIgniter\CodeIgniter->run()
#8 {main}
ERROR - 2023-04-10 18:10:37 --> Error connecting to the database: Access denied for user '****'@'orion.jagoanhosting.com' (using password: YES)
CRITICAL - 2023-04-10 18:10:37 --> Unable to connect to the database.
Main connection [MySQLi]: Access denied for user '****'@'orion.jagoanhosting.com' (using password: YES)
#0 /home/mediace1/sim.stidar.ac.id/system/Database/BaseConnection.php(577): CodeIgniter\Database\BaseConnection->initialize()
#1 /home/mediace1/sim.stidar.ac.id/system/Database/BaseBuilder.php(1455): CodeIgniter\Database\BaseConnection->query('SELECT *\nFROM `...', Array, false)
#2 /home/mediace1/sim.stidar.ac.id/app/Models/Model_Auth.php(14): CodeIgniter\Database\BaseBuilder->get()
#3 /home/mediace1/sim.stidar.ac.id/app/Controllers/Auth.php(43): App\Models\Model_Auth->login('admin', 'admin')
#4 /home/mediace1/sim.stidar.ac.id/system/CodeIgniter.php(832): App\Controllers\Auth->login()
#5 /home/mediace1/sim.stidar.ac.id/system/CodeIgniter.php(419): CodeIgniter\CodeIgniter->runController(Object(App\Controllers\Auth))
#6 /home/mediace1/sim.stidar.ac.id/system/CodeIgniter.php(326): CodeIgniter\CodeIgniter->handleRequest(NULL, Object(Config\Cache), false)
#7 /home/mediace1/sim.stidar.ac.id/index.php(37): CodeIgniter\CodeIgniter->run()
#8 {main}
ERROR - 2023-04-10 18:13:17 --> Error connecting to the database: Access denied for user '****'@'orion.jagoanhosting.com' (using password: YES)
CRITICAL - 2023-04-10 18:13:17 --> Unable to connect to the database.
Main connection [MySQLi]: Access denied for user '****'@'orion.jagoanhosting.com' (using password: YES)
#0 /home/mediace1/sim.stidar.ac.id/system/Database/BaseConnection.php(577): CodeIgniter\Database\BaseConnection->initialize()
#1 /home/mediace1/sim.stidar.ac.id/system/Database/BaseBuilder.php(1455): CodeIgniter\Database\BaseConnection->query('SELECT *\nFROM `...', Array, false)
#2 /home/mediace1/sim.stidar.ac.id/app/Models/Model_Auth.php(14): CodeIgniter\Database\BaseBuilder->get()
#3 /home/mediace1/sim.stidar.ac.id/app/Controllers/Auth.php(43): App\Models\Model_Auth->login('admin', 'admin')
#4 /home/mediace1/sim.stidar.ac.id/system/CodeIgniter.php(832): App\Controllers\Auth->login()
#5 /home/mediace1/sim.stidar.ac.id/system/CodeIgniter.php(419): CodeIgniter\CodeIgniter->runController(Object(App\Controllers\Auth))
#6 /home/mediace1/sim.stidar.ac.id/system/CodeIgniter.php(326): CodeIgniter\CodeIgniter->handleRequest(NULL, Object(Config\Cache), false)
#7 /home/mediace1/sim.stidar.ac.id/index.php(37): CodeIgniter\CodeIgniter->run()
#8 {main}
ERROR - 2023-04-10 18:13:21 --> Error connecting to the database: Access denied for user '****'@'orion.jagoanhosting.com' (using password: YES)
CRITICAL - 2023-04-10 18:13:21 --> Unable to connect to the database.
Main connection [MySQLi]: Access denied for user '****'@'orion.jagoanhosting.com' (using password: YES)
#0 /home/mediace1/sim.stidar.ac.id/system/Database/BaseConnection.php(577): CodeIgniter\Database\BaseConnection->initialize()
#1 /home/mediace1/sim.stidar.ac.id/system/Database/BaseBuilder.php(1455): CodeIgniter\Database\BaseConnection->query('SELECT *\nFROM `...', Array, false)
#2 /home/mediace1/sim.stidar.ac.id/app/Models/Model_Auth.php(14): CodeIgniter\Database\BaseBuilder->get()
#3 /home/mediace1/sim.stidar.ac.id/app/Controllers/Auth.php(43): App\Models\Model_Auth->login('admin', 'admin')
#4 /home/mediace1/sim.stidar.ac.id/system/CodeIgniter.php(832): App\Controllers\Auth->login()
#5 /home/mediace1/sim.stidar.ac.id/system/CodeIgniter.php(419): CodeIgniter\CodeIgniter->runController(Object(App\Controllers\Auth))
#6 /home/mediace1/sim.stidar.ac.id/system/CodeIgniter.php(326): CodeIgniter\CodeIgniter->handleRequest(NULL, Object(Config\Cache), false)
#7 /home/mediace1/sim.stidar.ac.id/index.php(37): CodeIgniter\CodeIgniter->run()
#8 {main}
ERROR - 2023-04-10 18:14:06 --> Error connecting to the database: Access denied for user '****'@'localhost' (using password: YES)
CRITICAL - 2023-04-10 18:14:06 --> Unable to connect to the database.
Main connection [MySQLi]: Access denied for user '****'@'localhost' (using password: YES)
#0 /home/mediace1/sim.stidar.ac.id/system/Database/BaseConnection.php(577): CodeIgniter\Database\BaseConnection->initialize()
#1 /home/mediace1/sim.stidar.ac.id/system/Database/BaseBuilder.php(1455): CodeIgniter\Database\BaseConnection->query('SELECT *\nFROM `...', Array, false)
#2 /home/mediace1/sim.stidar.ac.id/app/Models/Model_Auth.php(14): CodeIgniter\Database\BaseBuilder->get()
#3 /home/mediace1/sim.stidar.ac.id/app/Controllers/Auth.php(43): App\Models\Model_Auth->login('admin', 'admin')
#4 /home/mediace1/sim.stidar.ac.id/system/CodeIgniter.php(832): App\Controllers\Auth->login()
#5 /home/mediace1/sim.stidar.ac.id/system/CodeIgniter.php(419): CodeIgniter\CodeIgniter->runController(Object(App\Controllers\Auth))
#6 /home/mediace1/sim.stidar.ac.id/system/CodeIgniter.php(326): CodeIgniter\CodeIgniter->handleRequest(NULL, Object(Config\Cache), false)
#7 /home/mediace1/sim.stidar.ac.id/index.php(37): CodeIgniter\CodeIgniter->run()
#8 {main}
ERROR - 2023-04-10 18:14:08 --> Error connecting to the database: Access denied for user '****'@'localhost' (using password: YES)
CRITICAL - 2023-04-10 18:14:08 --> Unable to connect to the database.
Main connection [MySQLi]: Access denied for user '****'@'localhost' (using password: YES)
#0 /home/mediace1/sim.stidar.ac.id/system/Database/BaseConnection.php(577): CodeIgniter\Database\BaseConnection->initialize()
#1 /home/mediace1/sim.stidar.ac.id/system/Database/BaseBuilder.php(1455): CodeIgniter\Database\BaseConnection->query('SELECT *\nFROM `...', Array, false)
#2 /home/mediace1/sim.stidar.ac.id/app/Models/Model_Auth.php(14): CodeIgniter\Database\BaseBuilder->get()
#3 /home/mediace1/sim.stidar.ac.id/app/Controllers/Auth.php(43): App\Models\Model_Auth->login('admin', 'admin')
#4 /home/mediace1/sim.stidar.ac.id/system/CodeIgniter.php(832): App\Controllers\Auth->login()
#5 /home/mediace1/sim.stidar.ac.id/system/CodeIgniter.php(419): CodeIgniter\CodeIgniter->runController(Object(App\Controllers\Auth))
#6 /home/mediace1/sim.stidar.ac.id/system/CodeIgniter.php(326): CodeIgniter\CodeIgniter->handleRequest(NULL, Object(Config\Cache), false)
#7 /home/mediace1/sim.stidar.ac.id/index.php(37): CodeIgniter\CodeIgniter->run()
#8 {main}
ERROR - 2023-04-10 18:14:15 --> Error connecting to the database: Access denied for user '****'@'localhost' (using password: YES)
CRITICAL - 2023-04-10 18:14:15 --> Unable to connect to the database.
Main connection [MySQLi]: Access denied for user '****'@'localhost' (using password: YES)
#0 /home/mediace1/sim.stidar.ac.id/system/Database/BaseConnection.php(577): CodeIgniter\Database\BaseConnection->initialize()
#1 /home/mediace1/sim.stidar.ac.id/system/Database/BaseBuilder.php(1455): CodeIgniter\Database\BaseConnection->query('SELECT *\nFROM `...', Array, false)
#2 /home/mediace1/sim.stidar.ac.id/app/Models/Model_Auth.php(14): CodeIgniter\Database\BaseBuilder->get()
#3 /home/mediace1/sim.stidar.ac.id/app/Controllers/Auth.php(43): App\Models\Model_Auth->login('admin', 'admin')
#4 /home/mediace1/sim.stidar.ac.id/system/CodeIgniter.php(832): App\Controllers\Auth->login()
#5 /home/mediace1/sim.stidar.ac.id/system/CodeIgniter.php(419): CodeIgniter\CodeIgniter->runController(Object(App\Controllers\Auth))
#6 /home/mediace1/sim.stidar.ac.id/system/CodeIgniter.php(326): CodeIgniter\CodeIgniter->handleRequest(NULL, Object(Config\Cache), false)
#7 /home/mediace1/sim.stidar.ac.id/index.php(37): CodeIgniter\CodeIgniter->run()
#8 {main}
ERROR - 2023-04-10 18:17:46 --> Error connecting to the database: Access denied for user '****'@'localhost' (using password: YES)
CRITICAL - 2023-04-10 18:17:46 --> Unable to connect to the database.
Main connection [MySQLi]: Access denied for user '****'@'localhost' (using password: YES)
#0 /home/mediace1/sim.stidar.ac.id/system/Database/BaseConnection.php(577): CodeIgniter\Database\BaseConnection->initialize()
#1 /home/mediace1/sim.stidar.ac.id/system/Database/BaseBuilder.php(1455): CodeIgniter\Database\BaseConnection->query('SELECT *\nFROM `...', Array, false)
#2 /home/mediace1/sim.stidar.ac.id/app/Models/Model_Auth.php(14): CodeIgniter\Database\BaseBuilder->get()
#3 /home/mediace1/sim.stidar.ac.id/app/Controllers/Auth.php(43): App\Models\Model_Auth->login('admin', 'admin')
#4 /home/mediace1/sim.stidar.ac.id/system/CodeIgniter.php(832): App\Controllers\Auth->login()
#5 /home/mediace1/sim.stidar.ac.id/system/CodeIgniter.php(419): CodeIgniter\CodeIgniter->runController(Object(App\Controllers\Auth))
#6 /home/mediace1/sim.stidar.ac.id/system/CodeIgniter.php(326): CodeIgniter\CodeIgniter->handleRequest(NULL, Object(Config\Cache), false)
#7 /home/mediace1/sim.stidar.ac.id/index.php(37): CodeIgniter\CodeIgniter->run()
#8 {main}
ERROR - 2023-04-10 18:19:03 --> Error connecting to the database: Access denied for user '****'@'localhost' (using password: YES)
CRITICAL - 2023-04-10 18:19:03 --> Unable to connect to the database.
Main connection [MySQLi]: Access denied for user '****'@'localhost' (using password: YES)
#0 /home/mediace1/sim.stidar.ac.id/system/Database/BaseConnection.php(577): CodeIgniter\Database\BaseConnection->initialize()
#1 /home/mediace1/sim.stidar.ac.id/system/Database/BaseBuilder.php(1455): CodeIgniter\Database\BaseConnection->query('SELECT *\nFROM `...', Array, false)
#2 /home/mediace1/sim.stidar.ac.id/app/Models/Model_Auth.php(14): CodeIgniter\Database\BaseBuilder->get()
#3 /home/mediace1/sim.stidar.ac.id/app/Controllers/Auth.php(43): App\Models\Model_Auth->login('admin', 'admin')
#4 /home/mediace1/sim.stidar.ac.id/system/CodeIgniter.php(832): App\Controllers\Auth->login()
#5 /home/mediace1/sim.stidar.ac.id/system/CodeIgniter.php(419): CodeIgniter\CodeIgniter->runController(Object(App\Controllers\Auth))
#6 /home/mediace1/sim.stidar.ac.id/system/CodeIgniter.php(326): CodeIgniter\CodeIgniter->handleRequest(NULL, Object(Config\Cache), false)
#7 /home/mediace1/sim.stidar.ac.id/index.php(37): CodeIgniter\CodeIgniter->run()
#8 {main}
ERROR - 2023-04-10 18:21:40 --> Error connecting to the database: Access denied for user '****'@'localhost' (using password: YES)
CRITICAL - 2023-04-10 18:21:40 --> Unable to connect to the database.
Main connection [MySQLi]: Access denied for user '****'@'localhost' (using password: YES)
#0 /home/mediace1/sim.stidar.ac.id/system/Database/BaseConnection.php(577): CodeIgniter\Database\BaseConnection->initialize()
#1 /home/mediace1/sim.stidar.ac.id/system/Database/BaseBuilder.php(1455): CodeIgniter\Database\BaseConnection->query('SELECT *\nFROM `...', Array, false)
#2 /home/mediace1/sim.stidar.ac.id/app/Models/Model_Auth.php(14): CodeIgniter\Database\BaseBuilder->get()
#3 /home/mediace1/sim.stidar.ac.id/app/Controllers/Auth.php(43): App\Models\Model_Auth->login('admin', 'admin')
#4 /home/mediace1/sim.stidar.ac.id/system/CodeIgniter.php(832): App\Controllers\Auth->login()
#5 /home/mediace1/sim.stidar.ac.id/system/CodeIgniter.php(419): CodeIgniter\CodeIgniter->runController(Object(App\Controllers\Auth))
#6 /home/mediace1/sim.stidar.ac.id/system/CodeIgniter.php(326): CodeIgniter\CodeIgniter->handleRequest(NULL, Object(Config\Cache), false)
#7 /home/mediace1/sim.stidar.ac.id/index.php(37): CodeIgniter\CodeIgniter->run()
#8 {main}
ERROR - 2023-04-10 18:22:47 --> Error connecting to the database: php_network_getaddresses: getaddrinfo failed: Name or service not known
CRITICAL - 2023-04-10 18:22:47 --> Unable to connect to the database.
Main connection [MySQLi]: php_network_getaddresses: getaddrinfo failed: Name or service not known
#0 /home/mediace1/sim.stidar.ac.id/system/Database/BaseConnection.php(577): CodeIgniter\Database\BaseConnection->initialize()
#1 /home/mediace1/sim.stidar.ac.id/system/Database/BaseBuilder.php(1455): CodeIgniter\Database\BaseConnection->query('SELECT *\nFROM `...', Array, false)
#2 /home/mediace1/sim.stidar.ac.id/app/Models/Model_Auth.php(14): CodeIgniter\Database\BaseBuilder->get()
#3 /home/mediace1/sim.stidar.ac.id/app/Controllers/Auth.php(43): App\Models\Model_Auth->login('admin', 'admin')
#4 /home/mediace1/sim.stidar.ac.id/system/CodeIgniter.php(832): App\Controllers\Auth->login()
#5 /home/mediace1/sim.stidar.ac.id/system/CodeIgniter.php(419): CodeIgniter\CodeIgniter->runController(Object(App\Controllers\Auth))
#6 /home/mediace1/sim.stidar.ac.id/system/CodeIgniter.php(326): CodeIgniter\CodeIgniter->handleRequest(NULL, Object(Config\Cache), false)
#7 /home/mediace1/sim.stidar.ac.id/index.php(37): CodeIgniter\CodeIgniter->run()
#8 {main}
ERROR - 2023-04-10 18:23:21 --> Error connecting to the database: php_network_getaddresses: getaddrinfo failed: Name or service not known
CRITICAL - 2023-04-10 18:23:21 --> Unable to connect to the database.
Main connection [MySQLi]: php_network_getaddresses: getaddrinfo failed: Name or service not known
#0 /home/mediace1/sim.stidar.ac.id/system/Database/BaseConnection.php(577): CodeIgniter\Database\BaseConnection->initialize()
#1 /home/mediace1/sim.stidar.ac.id/system/Database/BaseBuilder.php(1455): CodeIgniter\Database\BaseConnection->query('SELECT *\nFROM `...', Array, false)
#2 /home/mediace1/sim.stidar.ac.id/app/Models/Model_Auth.php(14): CodeIgniter\Database\BaseBuilder->get()
#3 /home/mediace1/sim.stidar.ac.id/app/Controllers/Auth.php(43): App\Models\Model_Auth->login('admin', 'admin')
#4 /home/mediace1/sim.stidar.ac.id/system/CodeIgniter.php(832): App\Controllers\Auth->login()
#5 /home/mediace1/sim.stidar.ac.id/system/CodeIgniter.php(419): CodeIgniter\CodeIgniter->runController(Object(App\Controllers\Auth))
#6 /home/mediace1/sim.stidar.ac.id/system/CodeIgniter.php(326): CodeIgniter\CodeIgniter->handleRequest(NULL, Object(Config\Cache), false)
#7 /home/mediace1/sim.stidar.ac.id/index.php(37): CodeIgniter\CodeIgniter->run()
#8 {main}
ERROR - 2023-04-10 18:26:58 --> Error connecting to the database: php_network_getaddresses: getaddrinfo failed: Name or service not known
CRITICAL - 2023-04-10 18:26:58 --> Unable to connect to the database.
Main connection [MySQLi]: php_network_getaddresses: getaddrinfo failed: Name or service not known
#0 /home/mediace1/sim.stidar.ac.id/system/Database/BaseConnection.php(577): CodeIgniter\Database\BaseConnection->initialize()
#1 /home/mediace1/sim.stidar.ac.id/system/Database/BaseBuilder.php(1455): CodeIgniter\Database\BaseConnection->query('SELECT *\nFROM `...', Array, false)
#2 /home/mediace1/sim.stidar.ac.id/app/Models/Model_Auth.php(14): CodeIgniter\Database\BaseBuilder->get()
#3 /home/mediace1/sim.stidar.ac.id/app/Controllers/Auth.php(43): App\Models\Model_Auth->login('admin', 'admin')
#4 /home/mediace1/sim.stidar.ac.id/system/CodeIgniter.php(832): App\Controllers\Auth->login()
#5 /home/mediace1/sim.stidar.ac.id/system/CodeIgniter.php(419): CodeIgniter\CodeIgniter->runController(Object(App\Controllers\Auth))
#6 /home/mediace1/sim.stidar.ac.id/system/CodeIgniter.php(326): CodeIgniter\CodeIgniter->handleRequest(NULL, Object(Config\Cache), false)
#7 /home/mediace1/sim.stidar.ac.id/index.php(37): CodeIgniter\CodeIgniter->run()
#8 {main}
ERROR - 2023-04-10 18:27:18 --> Error connecting to the database: php_network_getaddresses: getaddrinfo failed: Name or service not known
CRITICAL - 2023-04-10 18:27:18 --> Unable to connect to the database.
Main connection [MySQLi]: php_network_getaddresses: getaddrinfo failed: Name or service not known
#0 /home/mediace1/sim.stidar.ac.id/system/Database/BaseConnection.php(577): CodeIgniter\Database\BaseConnection->initialize()
#1 /home/mediace1/sim.stidar.ac.id/system/Database/BaseBuilder.php(1455): CodeIgniter\Database\BaseConnection->query('SELECT *\nFROM `...', Array, false)
#2 /home/mediace1/sim.stidar.ac.id/app/Models/Model_Auth.php(14): CodeIgniter\Database\BaseBuilder->get()
#3 /home/mediace1/sim.stidar.ac.id/app/Controllers/Auth.php(43): App\Models\Model_Auth->login('admin', 'admin')
#4 /home/mediace1/sim.stidar.ac.id/system/CodeIgniter.php(832): App\Controllers\Auth->login()
#5 /home/mediace1/sim.stidar.ac.id/system/CodeIgniter.php(419): CodeIgniter\CodeIgniter->runController(Object(App\Controllers\Auth))
#6 /home/mediace1/sim.stidar.ac.id/system/CodeIgniter.php(326): CodeIgniter\CodeIgniter->handleRequest(NULL, Object(Config\Cache), false)
#7 /home/mediace1/sim.stidar.ac.id/index.php(37): CodeIgniter\CodeIgniter->run()
#8 {main}
ERROR - 2023-04-10 18:35:38 --> Error connecting to the database: php_network_getaddresses: getaddrinfo failed: Name or service not known
CRITICAL - 2023-04-10 18:35:38 --> Unable to connect to the database.
Main connection [MySQLi]: php_network_getaddresses: getaddrinfo failed: Name or service not known
#0 /home/mediace1/sim.stidar.ac.id/system/Database/BaseConnection.php(577): CodeIgniter\Database\BaseConnection->initialize()
#1 /home/mediace1/sim.stidar.ac.id/system/Database/BaseBuilder.php(1455): CodeIgniter\Database\BaseConnection->query('SELECT *\nFROM `...', Array, false)
#2 /home/mediace1/sim.stidar.ac.id/app/Models/Model_Auth.php(14): CodeIgniter\Database\BaseBuilder->get()
#3 /home/mediace1/sim.stidar.ac.id/app/Controllers/Auth.php(43): App\Models\Model_Auth->login('admin', 'admin')
#4 /home/mediace1/sim.stidar.ac.id/system/CodeIgniter.php(832): App\Controllers\Auth->login()
#5 /home/mediace1/sim.stidar.ac.id/system/CodeIgniter.php(419): CodeIgniter\CodeIgniter->runController(Object(App\Controllers\Auth))
#6 /home/mediace1/sim.stidar.ac.id/system/CodeIgniter.php(326): CodeIgniter\CodeIgniter->handleRequest(NULL, Object(Config\Cache), false)
#7 /home/mediace1/sim.stidar.ac.id/index.php(37): CodeIgniter\CodeIgniter->run()
#8 {main}
ERROR - 2023-04-10 18:36:28 --> Error connecting to the database: Access denied for user '****'@'localhost' (using password: YES)
CRITICAL - 2023-04-10 18:36:28 --> Unable to connect to the database.
Main connection [MySQLi]: Access denied for user '****'@'localhost' (using password: YES)
#0 /home/mediace1/sim.stidar.ac.id/system/Database/BaseConnection.php(577): CodeIgniter\Database\BaseConnection->initialize()
#1 /home/mediace1/sim.stidar.ac.id/system/Database/BaseBuilder.php(1455): CodeIgniter\Database\BaseConnection->query('SELECT *\nFROM `...', Array, false)
#2 /home/mediace1/sim.stidar.ac.id/app/Models/Model_Auth.php(14): CodeIgniter\Database\BaseBuilder->get()
#3 /home/mediace1/sim.stidar.ac.id/app/Controllers/Auth.php(43): App\Models\Model_Auth->login('admin', 'admin')
#4 /home/mediace1/sim.stidar.ac.id/system/CodeIgniter.php(832): App\Controllers\Auth->login()
#5 /home/mediace1/sim.stidar.ac.id/system/CodeIgniter.php(419): CodeIgniter\CodeIgniter->runController(Object(App\Controllers\Auth))
#6 /home/mediace1/sim.stidar.ac.id/system/CodeIgniter.php(326): CodeIgniter\CodeIgniter->handleRequest(NULL, Object(Config\Cache), false)
#7 /home/mediace1/sim.stidar.ac.id/index.php(37): CodeIgniter\CodeIgniter->run()
#8 {main}
ERROR - 2023-04-10 18:36:37 --> Error connecting to the database: Access denied for user '****'@'localhost' (using password: YES)
CRITICAL - 2023-04-10 18:36:37 --> Unable to connect to the database.
Main connection [MySQLi]: Access denied for user '****'@'localhost' (using password: YES)
#0 /home/mediace1/sim.stidar.ac.id/system/Database/BaseConnection.php(577): CodeIgniter\Database\BaseConnection->initialize()
#1 /home/mediace1/sim.stidar.ac.id/system/Database/BaseBuilder.php(1455): CodeIgniter\Database\BaseConnection->query('SELECT *\nFROM `...', Array, false)
#2 /home/mediace1/sim.stidar.ac.id/app/Models/Model_Auth.php(14): CodeIgniter\Database\BaseBuilder->get()
#3 /home/mediace1/sim.stidar.ac.id/app/Controllers/Auth.php(43): App\Models\Model_Auth->login('admin', 'admin')
#4 /home/mediace1/sim.stidar.ac.id/system/CodeIgniter.php(832): App\Controllers\Auth->login()
#5 /home/mediace1/sim.stidar.ac.id/system/CodeIgniter.php(419): CodeIgniter\CodeIgniter->runController(Object(App\Controllers\Auth))
#6 /home/mediace1/sim.stidar.ac.id/system/CodeIgniter.php(326): CodeIgniter\CodeIgniter->handleRequest(NULL, Object(Config\Cache), false)
#7 /home/mediace1/sim.stidar.ac.id/index.php(37): CodeIgniter\CodeIgniter->run()
#8 {main}
ERROR - 2023-04-10 18:40:22 --> Error connecting to the database: Access denied for user '****'@'localhost' (using password: YES)
CRITICAL - 2023-04-10 18:40:22 --> Unable to connect to the database.
Main connection [MySQLi]: Access denied for user '****'@'localhost' (using password: YES)
#0 /home/mediace1/sim.stidar.ac.id/system/Database/BaseConnection.php(577): CodeIgniter\Database\BaseConnection->initialize()
#1 /home/mediace1/sim.stidar.ac.id/system/Database/BaseBuilder.php(1455): CodeIgniter\Database\BaseConnection->query('SELECT *\nFROM `...', Array, false)
#2 /home/mediace1/sim.stidar.ac.id/app/Models/Model_Auth.php(14): CodeIgniter\Database\BaseBuilder->get()
#3 /home/mediace1/sim.stidar.ac.id/app/Controllers/Auth.php(43): App\Models\Model_Auth->login('admin', 'admin')
#4 /home/mediace1/sim.stidar.ac.id/system/CodeIgniter.php(832): App\Controllers\Auth->login()
#5 /home/mediace1/sim.stidar.ac.id/system/CodeIgniter.php(419): CodeIgniter\CodeIgniter->runController(Object(App\Controllers\Auth))
#6 /home/mediace1/sim.stidar.ac.id/system/CodeIgniter.php(326): CodeIgniter\CodeIgniter->handleRequest(NULL, Object(Config\Cache), false)
#7 /home/mediace1/sim.stidar.ac.id/index.php(37): CodeIgniter\CodeIgniter->run()
#8 {main}
ERROR - 2023-04-10 18:40:43 --> Error connecting to the database: Access denied for user '****'@'localhost' (using password: YES)
CRITICAL - 2023-04-10 18:40:43 --> Unable to connect to the database.
Main connection [MySQLi]: Access denied for user '****'@'localhost' (using password: YES)
#0 /home/mediace1/sim.stidar.ac.id/system/Database/BaseConnection.php(577): CodeIgniter\Database\BaseConnection->initialize()
#1 /home/mediace1/sim.stidar.ac.id/system/Database/BaseBuilder.php(1455): CodeIgniter\Database\BaseConnection->query('SELECT *\nFROM `...', Array, false)
#2 /home/mediace1/sim.stidar.ac.id/app/Models/Model_Auth.php(14): CodeIgniter\Database\BaseBuilder->get()
#3 /home/mediace1/sim.stidar.ac.id/app/Controllers/Auth.php(43): App\Models\Model_Auth->login('admin', 'admin')
#4 /home/mediace1/sim.stidar.ac.id/system/CodeIgniter.php(832): App\Controllers\Auth->login()
#5 /home/mediace1/sim.stidar.ac.id/system/CodeIgniter.php(419): CodeIgniter\CodeIgniter->runController(Object(App\Controllers\Auth))
#6 /home/mediace1/sim.stidar.ac.id/system/CodeIgniter.php(326): CodeIgniter\CodeIgniter->handleRequest(NULL, Object(Config\Cache), false)
#7 /home/mediace1/sim.stidar.ac.id/index.php(37): CodeIgniter\CodeIgniter->run()
#8 {main}
ERROR - 2023-04-10 18:40:46 --> Error connecting to the database: Access denied for user '****'@'localhost' (using password: YES)
CRITICAL - 2023-04-10 18:40:46 --> Unable to connect to the database.
Main connection [MySQLi]: Access denied for user '****'@'localhost' (using password: YES)
#0 /home/mediace1/sim.stidar.ac.id/system/Database/BaseConnection.php(577): CodeIgniter\Database\BaseConnection->initialize()
#1 /home/mediace1/sim.stidar.ac.id/system/Database/BaseBuilder.php(1455): CodeIgniter\Database\BaseConnection->query('SELECT *\nFROM `...', Array, false)
#2 /home/mediace1/sim.stidar.ac.id/app/Models/Model_Auth.php(14): CodeIgniter\Database\BaseBuilder->get()
#3 /home/mediace1/sim.stidar.ac.id/app/Controllers/Auth.php(43): App\Models\Model_Auth->login('admin', 'admin')
#4 /home/mediace1/sim.stidar.ac.id/system/CodeIgniter.php(832): App\Controllers\Auth->login()
#5 /home/mediace1/sim.stidar.ac.id/system/CodeIgniter.php(419): CodeIgniter\CodeIgniter->runController(Object(App\Controllers\Auth))
#6 /home/mediace1/sim.stidar.ac.id/system/CodeIgniter.php(326): CodeIgniter\CodeIgniter->handleRequest(NULL, Object(Config\Cache), false)
#7 /home/mediace1/sim.stidar.ac.id/index.php(37): CodeIgniter\CodeIgniter->run()
#8 {main}
CRITICAL - 2023-04-10 18:42:36 --> Class 'CodeIgniter\Database\MySQL\Connection' not found
#0 /home/mediace1/sim.stidar.ac.id/system/Database/Database.php(56): CodeIgniter\Database\Database->initDriver('MySQL', 'CodeIgniter\\Dat...', Array)
#1 /home/mediace1/sim.stidar.ac.id/system/Database/Config.php(78): CodeIgniter\Database\Database->load(Array, 'default')
#2 /home/mediace1/sim.stidar.ac.id/system/Model.php(97): CodeIgniter\Database\Config::connect('default')
#3 /home/mediace1/sim.stidar.ac.id/app/Controllers/Auth.php(12): CodeIgniter\Model->__construct()
#4 /home/mediace1/sim.stidar.ac.id/system/CodeIgniter.php(809): App\Controllers\Auth->__construct()
#5 /home/mediace1/sim.stidar.ac.id/system/CodeIgniter.php(410): CodeIgniter\CodeIgniter->createController()
#6 /home/mediace1/sim.stidar.ac.id/system/CodeIgniter.php(326): CodeIgniter\CodeIgniter->handleRequest(NULL, Object(Config\Cache), false)
#7 /home/mediace1/sim.stidar.ac.id/index.php(37): CodeIgniter\CodeIgniter->run()
#8 {main}
CRITICAL - 2023-04-10 18:42:40 --> Class 'CodeIgniter\Database\MySQL\Connection' not found
#0 /home/mediace1/sim.stidar.ac.id/system/Database/Database.php(56): CodeIgniter\Database\Database->initDriver('MySQL', 'CodeIgniter\\Dat...', Array)
#1 /home/mediace1/sim.stidar.ac.id/system/Database/Config.php(78): CodeIgniter\Database\Database->load(Array, 'default')
#2 /home/mediace1/sim.stidar.ac.id/system/Model.php(97): CodeIgniter\Database\Config::connect('default')
#3 /home/mediace1/sim.stidar.ac.id/app/Controllers/Auth.php(12): CodeIgniter\Model->__construct()
#4 /home/mediace1/sim.stidar.ac.id/system/CodeIgniter.php(809): App\Controllers\Auth->__construct()
#5 /home/mediace1/sim.stidar.ac.id/system/CodeIgniter.php(410): CodeIgniter\CodeIgniter->createController()
#6 /home/mediace1/sim.stidar.ac.id/system/CodeIgniter.php(326): CodeIgniter\CodeIgniter->handleRequest(NULL, Object(Config\Cache), false)
#7 /home/mediace1/sim.stidar.ac.id/index.php(37): CodeIgniter\CodeIgniter->run()
#8 {main}
ERROR - 2023-04-10 18:42:53 --> Error connecting to the database: Access denied for user '****'@'localhost' (using password: YES)
CRITICAL - 2023-04-10 18:42:53 --> Unable to connect to the database.
Main connection [MySQLi]: Access denied for user '****'@'localhost' (using password: YES)
#0 /home/mediace1/sim.stidar.ac.id/system/Database/BaseConnection.php(577): CodeIgniter\Database\BaseConnection->initialize()
#1 /home/mediace1/sim.stidar.ac.id/system/Database/BaseBuilder.php(1455): CodeIgniter\Database\BaseConnection->query('SELECT *\nFROM `...', Array, false)
#2 /home/mediace1/sim.stidar.ac.id/app/Models/Model_Auth.php(14): CodeIgniter\Database\BaseBuilder->get()
#3 /home/mediace1/sim.stidar.ac.id/app/Controllers/Auth.php(43): App\Models\Model_Auth->login('admin', 'admin')
#4 /home/mediace1/sim.stidar.ac.id/system/CodeIgniter.php(832): App\Controllers\Auth->login()
#5 /home/mediace1/sim.stidar.ac.id/system/CodeIgniter.php(419): CodeIgniter\CodeIgniter->runController(Object(App\Controllers\Auth))
#6 /home/mediace1/sim.stidar.ac.id/system/CodeIgniter.php(326): CodeIgniter\CodeIgniter->handleRequest(NULL, Object(Config\Cache), false)
#7 /home/mediace1/sim.stidar.ac.id/index.php(37): CodeIgniter\CodeIgniter->run()
#8 {main}
ERROR - 2023-04-10 18:43:22 --> Error connecting to the database: Access denied for user '****'@'localhost' (using password: YES)
CRITICAL - 2023-04-10 18:43:22 --> Unable to connect to the database.
Main connection [MySQLi]: Access denied for user '****'@'localhost' (using password: YES)
#0 /home/mediace1/sim.stidar.ac.id/system/Database/BaseConnection.php(577): CodeIgniter\Database\BaseConnection->initialize()
#1 /home/mediace1/sim.stidar.ac.id/system/Database/BaseBuilder.php(1455): CodeIgniter\Database\BaseConnection->query('SELECT *\nFROM `...', Array, false)
#2 /home/mediace1/sim.stidar.ac.id/app/Models/Model_Auth.php(14): CodeIgniter\Database\BaseBuilder->get()
#3 /home/mediace1/sim.stidar.ac.id/app/Controllers/Auth.php(43): App\Models\Model_Auth->login('admin', 'admin')
#4 /home/mediace1/sim.stidar.ac.id/system/CodeIgniter.php(832): App\Controllers\Auth->login()
#5 /home/mediace1/sim.stidar.ac.id/system/CodeIgniter.php(419): CodeIgniter\CodeIgniter->runController(Object(App\Controllers\Auth))
#6 /home/mediace1/sim.stidar.ac.id/system/CodeIgniter.php(326): CodeIgniter\CodeIgniter->handleRequest(NULL, Object(Config\Cache), false)
#7 /home/mediace1/sim.stidar.ac.id/index.php(37): CodeIgniter\CodeIgniter->run()
#8 {main}
ERROR - 2023-04-10 18:45:04 --> Error connecting to the database: Access denied for user ''@'localhost' (using password: NO)
CRITICAL - 2023-04-10 18:45:04 --> Unable to connect to the database.
Main connection [MySQLi]: Access denied for user ''@'localhost' (using password: NO)
#0 /home/mediace1/sim.stidar.ac.id/system/Database/BaseConnection.php(577): CodeIgniter\Database\BaseConnection->initialize()
#1 /home/mediace1/sim.stidar.ac.id/system/Database/BaseBuilder.php(1455): CodeIgniter\Database\BaseConnection->query('SELECT *\nFROM `...', Array, false)
#2 /home/mediace1/sim.stidar.ac.id/app/Models/Model_Auth.php(14): CodeIgniter\Database\BaseBuilder->get()
#3 /home/mediace1/sim.stidar.ac.id/app/Controllers/Auth.php(43): App\Models\Model_Auth->login('admin', 'admin')
#4 /home/mediace1/sim.stidar.ac.id/system/CodeIgniter.php(832): App\Controllers\Auth->login()
#5 /home/mediace1/sim.stidar.ac.id/system/CodeIgniter.php(419): CodeIgniter\CodeIgniter->runController(Object(App\Controllers\Auth))
#6 /home/mediace1/sim.stidar.ac.id/system/CodeIgniter.php(326): CodeIgniter\CodeIgniter->handleRequest(NULL, Object(Config\Cache), false)
#7 /home/mediace1/sim.stidar.ac.id/index.php(37): CodeIgniter\CodeIgniter->run()
#8 {main}
ERROR - 2023-04-10 18:45:09 --> Error connecting to the database: Access denied for user ''@'localhost' (using password: NO)
CRITICAL - 2023-04-10 18:45:09 --> Unable to connect to the database.
Main connection [MySQLi]: Access denied for user ''@'localhost' (using password: NO)
#0 /home/mediace1/sim.stidar.ac.id/system/Database/BaseConnection.php(577): CodeIgniter\Database\BaseConnection->initialize()
#1 /home/mediace1/sim.stidar.ac.id/system/Database/BaseBuilder.php(1455): CodeIgniter\Database\BaseConnection->query('SELECT *\nFROM `...', Array, false)
#2 /home/mediace1/sim.stidar.ac.id/app/Models/Model_Auth.php(14): CodeIgniter\Database\BaseBuilder->get()
#3 /home/mediace1/sim.stidar.ac.id/app/Controllers/Auth.php(43): App\Models\Model_Auth->login('admin', 'admin')
#4 /home/mediace1/sim.stidar.ac.id/system/CodeIgniter.php(832): App\Controllers\Auth->login()
#5 /home/mediace1/sim.stidar.ac.id/system/CodeIgniter.php(419): CodeIgniter\CodeIgniter->runController(Object(App\Controllers\Auth))
#6 /home/mediace1/sim.stidar.ac.id/system/CodeIgniter.php(326): CodeIgniter\CodeIgniter->handleRequest(NULL, Object(Config\Cache), false)
#7 /home/mediace1/sim.stidar.ac.id/index.php(37): CodeIgniter\CodeIgniter->run()
#8 {main}
ERROR - 2023-04-10 18:49:34 --> Error connecting to the database: Access denied for user ''@'localhost' (using password: NO)
CRITICAL - 2023-04-10 18:49:34 --> Unable to connect to the database.
Main connection [MySQLi]: Access denied for user ''@'localhost' (using password: NO)
#0 /home/mediace1/sim.stidar.ac.id/system/Database/BaseConnection.php(577): CodeIgniter\Database\BaseConnection->initialize()
#1 /home/mediace1/sim.stidar.ac.id/system/Database/BaseBuilder.php(1455): CodeIgniter\Database\BaseConnection->query('SELECT *\nFROM `...', Array, false)
#2 /home/mediace1/sim.stidar.ac.id/app/Models/Model_Auth.php(14): CodeIgniter\Database\BaseBuilder->get()
#3 /home/mediace1/sim.stidar.ac.id/app/Controllers/Auth.php(43): App\Models\Model_Auth->login('admin', 'admin')
#4 /home/mediace1/sim.stidar.ac.id/system/CodeIgniter.php(832): App\Controllers\Auth->login()
#5 /home/mediace1/sim.stidar.ac.id/system/CodeIgniter.php(419): CodeIgniter\CodeIgniter->runController(Object(App\Controllers\Auth))
#6 /home/mediace1/sim.stidar.ac.id/system/CodeIgniter.php(326): CodeIgniter\CodeIgniter->handleRequest(NULL, Object(Config\Cache), false)
#7 /home/mediace1/sim.stidar.ac.id/index.php(37): CodeIgniter\CodeIgniter->run()
#8 {main}
ERROR - 2023-04-10 18:49:38 --> Error connecting to the database: Access denied for user ''@'localhost' (using password: NO)
CRITICAL - 2023-04-10 18:49:38 --> Unable to connect to the database.
Main connection [MySQLi]: Access denied for user ''@'localhost' (using password: NO)
#0 /home/mediace1/sim.stidar.ac.id/system/Database/BaseConnection.php(577): CodeIgniter\Database\BaseConnection->initialize()
#1 /home/mediace1/sim.stidar.ac.id/system/Database/BaseBuilder.php(1455): CodeIgniter\Database\BaseConnection->query('SELECT *\nFROM `...', Array, false)
#2 /home/mediace1/sim.stidar.ac.id/app/Models/Model_Auth.php(14): CodeIgniter\Database\BaseBuilder->get()
#3 /home/mediace1/sim.stidar.ac.id/app/Controllers/Auth.php(43): App\Models\Model_Auth->login('admin', 'admin')
#4 /home/mediace1/sim.stidar.ac.id/system/CodeIgniter.php(832): App\Controllers\Auth->login()
#5 /home/mediace1/sim.stidar.ac.id/system/CodeIgniter.php(419): CodeIgniter\CodeIgniter->runController(Object(App\Controllers\Auth))
#6 /home/mediace1/sim.stidar.ac.id/system/CodeIgniter.php(326): CodeIgniter\CodeIgniter->handleRequest(NULL, Object(Config\Cache), false)
#7 /home/mediace1/sim.stidar.ac.id/index.php(37): CodeIgniter\CodeIgniter->run()
#8 {main}
ERROR - 2023-04-10 18:50:36 --> Error connecting to the database: Access denied for user ''@'localhost' (using password: NO)
CRITICAL - 2023-04-10 18:50:36 --> Unable to connect to the database.
Main connection [MySQLi]: Access denied for user ''@'localhost' (using password: NO)
#0 /home/mediace1/sim.stidar.ac.id/system/Database/BaseConnection.php(577): CodeIgniter\Database\BaseConnection->initialize()
#1 /home/mediace1/sim.stidar.ac.id/system/Database/BaseBuilder.php(1455): CodeIgniter\Database\BaseConnection->query('SELECT *\nFROM `...', Array, false)
#2 /home/mediace1/sim.stidar.ac.id/app/Models/Model_Auth.php(14): CodeIgniter\Database\BaseBuilder->get()
#3 /home/mediace1/sim.stidar.ac.id/app/Controllers/Auth.php(43): App\Models\Model_Auth->login('admin', 'admin')
#4 /home/mediace1/sim.stidar.ac.id/system/CodeIgniter.php(832): App\Controllers\Auth->login()
#5 /home/mediace1/sim.stidar.ac.id/system/CodeIgniter.php(419): CodeIgniter\CodeIgniter->runController(Object(App\Controllers\Auth))
#6 /home/mediace1/sim.stidar.ac.id/system/CodeIgniter.php(326): CodeIgniter\CodeIgniter->handleRequest(NULL, Object(Config\Cache), false)
#7 /home/mediace1/sim.stidar.ac.id/index.php(37): CodeIgniter\CodeIgniter->run()
#8 {main}
ERROR - 2023-04-10 19:02:26 --> Error connecting to the database: Access denied for user ''@'localhost' (using password: NO)
CRITICAL - 2023-04-10 19:02:26 --> Unable to connect to the database.
Main connection [MySQLi]: Access denied for user ''@'localhost' (using password: NO)
#0 /home/mediace1/sim.stidar.ac.id/system/Database/BaseConnection.php(577): CodeIgniter\Database\BaseConnection->initialize()
#1 /home/mediace1/sim.stidar.ac.id/system/Database/BaseBuilder.php(1455): CodeIgniter\Database\BaseConnection->query('SELECT *\nFROM `...', Array, false)
#2 /home/mediace1/sim.stidar.ac.id/app/Models/Model_Auth.php(14): CodeIgniter\Database\BaseBuilder->get()
#3 /home/mediace1/sim.stidar.ac.id/app/Controllers/Auth.php(43): App\Models\Model_Auth->login('admin', 'admin')
#4 /home/mediace1/sim.stidar.ac.id/system/CodeIgniter.php(832): App\Controllers\Auth->login()
#5 /home/mediace1/sim.stidar.ac.id/system/CodeIgniter.php(419): CodeIgniter\CodeIgniter->runController(Object(App\Controllers\Auth))
#6 /home/mediace1/sim.stidar.ac.id/system/CodeIgniter.php(326): CodeIgniter\CodeIgniter->handleRequest(NULL, Object(Config\Cache), false)
#7 /home/mediace1/sim.stidar.ac.id/index.php(37): CodeIgniter\CodeIgniter->run()
#8 {main}
ERROR - 2023-04-10 19:03:17 --> Error connecting to the database: Access denied for user ''@'localhost' (using password: NO)
CRITICAL - 2023-04-10 19:03:17 --> Unable to connect to the database.
Main connection [MySQLi]: Access denied for user ''@'localhost' (using password: NO)
#0 /home/mediace1/sim.stidar.ac.id/system/Database/BaseConnection.php(577): CodeIgniter\Database\BaseConnection->initialize()
#1 /home/mediace1/sim.stidar.ac.id/system/Database/BaseBuilder.php(1455): CodeIgniter\Database\BaseConnection->query()
#2 /home/mediace1/sim.stidar.ac.id/app/Models/Model_Auth.php(14): CodeIgniter\Database\BaseBuilder->get()
#3 /home/mediace1/sim.stidar.ac.id/app/Controllers/Auth.php(43): App\Models\Model_Auth->login()
#4 /home/mediace1/sim.stidar.ac.id/system/CodeIgniter.php(832): App\Controllers\Auth->login()
#5 /home/mediace1/sim.stidar.ac.id/system/CodeIgniter.php(419): CodeIgniter\CodeIgniter->runController()
#6 /home/mediace1/sim.stidar.ac.id/system/CodeIgniter.php(326): CodeIgniter\CodeIgniter->handleRequest()
#7 /home/mediace1/sim.stidar.ac.id/index.php(37): CodeIgniter\CodeIgniter->run()
#8 {main}
ERROR - 2023-04-10 19:03:28 --> Error connecting to the database: Access denied for user '****'@'localhost' (using password: YES)
CRITICAL - 2023-04-10 19:03:28 --> Unable to connect to the database.
Main connection [MySQLi]: Access denied for user '****'@'localhost' (using password: YES)
#0 /home/mediace1/sim.stidar.ac.id/system/Database/BaseConnection.php(577): CodeIgniter\Database\BaseConnection->initialize()
#1 /home/mediace1/sim.stidar.ac.id/system/Database/BaseBuilder.php(1455): CodeIgniter\Database\BaseConnection->query()
#2 /home/mediace1/sim.stidar.ac.id/app/Models/Model_Auth.php(14): CodeIgniter\Database\BaseBuilder->get()
#3 /home/mediace1/sim.stidar.ac.id/app/Controllers/Auth.php(43): App\Models\Model_Auth->login()
#4 /home/mediace1/sim.stidar.ac.id/system/CodeIgniter.php(832): App\Controllers\Auth->login()
#5 /home/mediace1/sim.stidar.ac.id/system/CodeIgniter.php(419): CodeIgniter\CodeIgniter->runController()
#6 /home/mediace1/sim.stidar.ac.id/system/CodeIgniter.php(326): CodeIgniter\CodeIgniter->handleRequest()
#7 /home/mediace1/sim.stidar.ac.id/index.php(37): CodeIgniter\CodeIgniter->run()
#8 {main}
ERROR - 2023-04-10 19:03:30 --> Error connecting to the database: Access denied for user '****'@'localhost' (using password: YES)
CRITICAL - 2023-04-10 19:03:30 --> Unable to connect to the database.
Main connection [MySQLi]: Access denied for user '****'@'localhost' (using password: YES)
#0 /home/mediace1/sim.stidar.ac.id/system/Database/BaseConnection.php(577): CodeIgniter\Database\BaseConnection->initialize()
#1 /home/mediace1/sim.stidar.ac.id/system/Database/BaseBuilder.php(1455): CodeIgniter\Database\BaseConnection->query()
#2 /home/mediace1/sim.stidar.ac.id/app/Models/Model_Auth.php(14): CodeIgniter\Database\BaseBuilder->get()
#3 /home/mediace1/sim.stidar.ac.id/app/Controllers/Auth.php(43): App\Models\Model_Auth->login()
#4 /home/mediace1/sim.stidar.ac.id/system/CodeIgniter.php(832): App\Controllers\Auth->login()
#5 /home/mediace1/sim.stidar.ac.id/system/CodeIgniter.php(419): CodeIgniter\CodeIgniter->runController()
#6 /home/mediace1/sim.stidar.ac.id/system/CodeIgniter.php(326): CodeIgniter\CodeIgniter->handleRequest()
#7 /home/mediace1/sim.stidar.ac.id/index.php(37): CodeIgniter\CodeIgniter->run()
#8 {main}
ERROR - 2023-04-10 19:06:47 --> Error connecting to the database: Access denied for user '****'@'localhost' (using password: YES)
CRITICAL - 2023-04-10 19:06:47 --> Unable to connect to the database.
Main connection [MySQLi]: Access denied for user '****'@'localhost' (using password: YES)
#0 /home/mediace1/sim.stidar.ac.id/system/Database/BaseConnection.php(577): CodeIgniter\Database\BaseConnection->initialize()
#1 /home/mediace1/sim.stidar.ac.id/system/Database/BaseBuilder.php(1455): CodeIgniter\Database\BaseConnection->query('SELECT *\nFROM `...', Array, false)
#2 /home/mediace1/sim.stidar.ac.id/app/Models/Model_Auth.php(14): CodeIgniter\Database\BaseBuilder->get()
#3 /home/mediace1/sim.stidar.ac.id/app/Controllers/Auth.php(43): App\Models\Model_Auth->login('admin', 'admin')
#4 /home/mediace1/sim.stidar.ac.id/system/CodeIgniter.php(832): App\Controllers\Auth->login()
#5 /home/mediace1/sim.stidar.ac.id/system/CodeIgniter.php(419): CodeIgniter\CodeIgniter->runController(Object(App\Controllers\Auth))
#6 /home/mediace1/sim.stidar.ac.id/system/CodeIgniter.php(326): CodeIgniter\CodeIgniter->handleRequest(NULL, Object(Config\Cache), false)
#7 /home/mediace1/sim.stidar.ac.id/index.php(37): CodeIgniter\CodeIgniter->run()
#8 {main}
ERROR - 2023-04-10 19:06:56 --> Error connecting to the database: Access denied for user '****'@'localhost' (using password: YES)
CRITICAL - 2023-04-10 19:06:56 --> Unable to connect to the database.
Main connection [MySQLi]: Access denied for user '****'@'localhost' (using password: YES)
#0 /home/mediace1/sim.stidar.ac.id/system/Database/BaseConnection.php(577): CodeIgniter\Database\BaseConnection->initialize()
#1 /home/mediace1/sim.stidar.ac.id/system/Database/BaseBuilder.php(1455): CodeIgniter\Database\BaseConnection->query('SELECT *\nFROM `...', Array, false)
#2 /home/mediace1/sim.stidar.ac.id/app/Models/Model_Auth.php(14): CodeIgniter\Database\BaseBuilder->get()
#3 /home/mediace1/sim.stidar.ac.id/app/Controllers/Auth.php(43): App\Models\Model_Auth->login('admin', 'admin')
#4 /home/mediace1/sim.stidar.ac.id/system/CodeIgniter.php(832): App\Controllers\Auth->login()
#5 /home/mediace1/sim.stidar.ac.id/system/CodeIgniter.php(419): CodeIgniter\CodeIgniter->runController(Object(App\Controllers\Auth))
#6 /home/mediace1/sim.stidar.ac.id/system/CodeIgniter.php(326): CodeIgniter\CodeIgniter->handleRequest(NULL, Object(Config\Cache), false)
#7 /home/mediace1/sim.stidar.ac.id/index.php(37): CodeIgniter\CodeIgniter->run()
#8 {main}
ERROR - 2023-04-10 19:10:29 --> Error connecting to the database: Access denied for user '****'@'localhost' (using password: YES)
CRITICAL - 2023-04-10 19:10:29 --> Unable to connect to the database.
Main connection [MySQLi]: Access denied for user '****'@'localhost' (using password: YES)
#0 /home/mediace1/sim.stidar.ac.id/system/Database/BaseConnection.php(577): CodeIgniter\Database\BaseConnection->initialize()
#1 /home/mediace1/sim.stidar.ac.id/system/Database/BaseBuilder.php(1455): CodeIgniter\Database\BaseConnection->query('SELECT *\nFROM `...', Array, false)
#2 /home/mediace1/sim.stidar.ac.id/app/Models/Model_Auth.php(14): CodeIgniter\Database\BaseBuilder->get()
#3 /home/mediace1/sim.stidar.ac.id/app/Controllers/Auth.php(43): App\Models\Model_Auth->login('admin', 'admin')
#4 /home/mediace1/sim.stidar.ac.id/system/CodeIgniter.php(832): App\Controllers\Auth->login()
#5 /home/mediace1/sim.stidar.ac.id/system/CodeIgniter.php(419): CodeIgniter\CodeIgniter->runController(Object(App\Controllers\Auth))
#6 /home/mediace1/sim.stidar.ac.id/system/CodeIgniter.php(326): CodeIgniter\CodeIgniter->handleRequest(NULL, Object(Config\Cache), false)
#7 /home/mediace1/sim.stidar.ac.id/index.php(37): CodeIgniter\CodeIgniter->run()
#8 {main}
ERROR - 2023-04-10 19:10:34 --> Error connecting to the database: Access denied for user '****'@'localhost' (using password: YES)
CRITICAL - 2023-04-10 19:10:34 --> Unable to connect to the database.
Main connection [MySQLi]: Access denied for user '****'@'localhost' (using password: YES)
#0 /home/mediace1/sim.stidar.ac.id/system/Database/BaseConnection.php(577): CodeIgniter\Database\BaseConnection->initialize()
#1 /home/mediace1/sim.stidar.ac.id/system/Database/BaseBuilder.php(1455): CodeIgniter\Database\BaseConnection->query('SELECT *\nFROM `...', Array, false)
#2 /home/mediace1/sim.stidar.ac.id/app/Models/Model_Auth.php(14): CodeIgniter\Database\BaseBuilder->get()
#3 /home/mediace1/sim.stidar.ac.id/app/Controllers/Auth.php(43): App\Models\Model_Auth->login('admin', 'admin')
#4 /home/mediace1/sim.stidar.ac.id/system/CodeIgniter.php(832): App\Controllers\Auth->login()
#5 /home/mediace1/sim.stidar.ac.id/system/CodeIgniter.php(419): CodeIgniter\CodeIgniter->runController(Object(App\Controllers\Auth))
#6 /home/mediace1/sim.stidar.ac.id/system/CodeIgniter.php(326): CodeIgniter\CodeIgniter->handleRequest(NULL, Object(Config\Cache), false)
#7 /home/mediace1/sim.stidar.ac.id/index.php(37): CodeIgniter\CodeIgniter->run()
#8 {main}
ERROR - 2023-04-10 19:11:29 --> Error connecting to the database: Access denied for user '****'@'localhost' (using password: NO)
CRITICAL - 2023-04-10 19:11:29 --> Unable to connect to the database.
Main connection [MySQLi]: Access denied for user '****'@'localhost' (using password: NO)
#0 /home/mediace1/sim.stidar.ac.id/system/Database/BaseConnection.php(577): CodeIgniter\Database\BaseConnection->initialize()
#1 /home/mediace1/sim.stidar.ac.id/system/Database/BaseBuilder.php(1455): CodeIgniter\Database\BaseConnection->query('SELECT *\nFROM `...', Array, false)
#2 /home/mediace1/sim.stidar.ac.id/app/Models/Model_Auth.php(14): CodeIgniter\Database\BaseBuilder->get()
#3 /home/mediace1/sim.stidar.ac.id/app/Controllers/Auth.php(43): App\Models\Model_Auth->login('admin', 'admin')
#4 /home/mediace1/sim.stidar.ac.id/system/CodeIgniter.php(832): App\Controllers\Auth->login()
#5 /home/mediace1/sim.stidar.ac.id/system/CodeIgniter.php(419): CodeIgniter\CodeIgniter->runController(Object(App\Controllers\Auth))
#6 /home/mediace1/sim.stidar.ac.id/system/CodeIgniter.php(326): CodeIgniter\CodeIgniter->handleRequest(NULL, Object(Config\Cache), false)
#7 /home/mediace1/sim.stidar.ac.id/index.php(37): CodeIgniter\CodeIgniter->run()
#8 {main}
ERROR - 2023-04-10 19:12:11 --> Error connecting to the database: Access denied for user '****'@'localhost' (using password: NO)
CRITICAL - 2023-04-10 19:12:11 --> Unable to connect to the database.
Main connection [MySQLi]: Access denied for user '****'@'localhost' (using password: NO)
#0 /home/mediace1/sim.stidar.ac.id/system/Database/BaseConnection.php(577): CodeIgniter\Database\BaseConnection->initialize()
#1 /home/mediace1/sim.stidar.ac.id/system/Database/BaseBuilder.php(1455): CodeIgniter\Database\BaseConnection->query('SELECT *\nFROM `...', Array, false)
#2 /home/mediace1/sim.stidar.ac.id/app/Models/Model_Auth.php(14): CodeIgniter\Database\BaseBuilder->get()
#3 /home/mediace1/sim.stidar.ac.id/app/Controllers/Auth.php(43): App\Models\Model_Auth->login('admin', 'admin')
#4 /home/mediace1/sim.stidar.ac.id/system/CodeIgniter.php(832): App\Controllers\Auth->login()
#5 /home/mediace1/sim.stidar.ac.id/system/CodeIgniter.php(419): CodeIgniter\CodeIgniter->runController(Object(App\Controllers\Auth))
#6 /home/mediace1/sim.stidar.ac.id/system/CodeIgniter.php(326): CodeIgniter\CodeIgniter->handleRequest(NULL, Object(Config\Cache), false)
#7 /home/mediace1/sim.stidar.ac.id/index.php(37): CodeIgniter\CodeIgniter->run()
#8 {main}
ERROR - 2023-04-10 19:12:16 --> Error connecting to the database: Access denied for user '****'@'localhost' (using password: NO)
CRITICAL - 2023-04-10 19:12:16 --> Unable to connect to the database.
Main connection [MySQLi]: Access denied for user '****'@'localhost' (using password: NO)
#0 /home/mediace1/sim.stidar.ac.id/system/Database/BaseConnection.php(577): CodeIgniter\Database\BaseConnection->initialize()
#1 /home/mediace1/sim.stidar.ac.id/system/Database/BaseBuilder.php(1455): CodeIgniter\Database\BaseConnection->query('SELECT *\nFROM `...', Array, false)
#2 /home/mediace1/sim.stidar.ac.id/app/Models/Model_Auth.php(14): CodeIgniter\Database\BaseBuilder->get()
#3 /home/mediace1/sim.stidar.ac.id/app/Controllers/Auth.php(43): App\Models\Model_Auth->login('admin', 'admin')
#4 /home/mediace1/sim.stidar.ac.id/system/CodeIgniter.php(832): App\Controllers\Auth->login()
#5 /home/mediace1/sim.stidar.ac.id/system/CodeIgniter.php(419): CodeIgniter\CodeIgniter->runController(Object(App\Controllers\Auth))
#6 /home/mediace1/sim.stidar.ac.id/system/CodeIgniter.php(326): CodeIgniter\CodeIgniter->handleRequest(NULL, Object(Config\Cache), false)
#7 /home/mediace1/sim.stidar.ac.id/index.php(37): CodeIgniter\CodeIgniter->run()
#8 {main}
