CRITICAL - 2022-12-04 22:21:42 --> You must set the database table to be used with your query.
#0 D:\xampp\htdocs\simstidar\system\Model.php(545): CodeIgniter\Database\BaseConnection->table(NULL)
#1 D:\xampp\htdocs\simstidar\system\Model.php(722): CodeIgniter\Model->builder()
#2 D:\xampp\htdocs\simstidar\app\Controllers\Nilaimhs.php(30): CodeIgniter\Model->__call('datamhs', Array)
#3 D:\xampp\htdocs\simstidar\system\CodeIgniter.php(832): App\Controllers\Nilaimhs->index()
#4 D:\xampp\htdocs\simstidar\system\CodeIgniter.php(419): CodeIgniter\CodeIgniter->runController(Object(App\Controllers\Nilaimhs))
#5 D:\xampp\htdocs\simstidar\system\CodeIgniter.php(326): CodeIgniter\CodeIgniter->handleRequest(NULL, Object(Config\Cache), false)
#6 D:\xampp\htdocs\simstidar\public\index.php(37): CodeIgniter\CodeIgniter->run()
#7 {main}
ERROR - 2022-12-04 22:22:55 --> Table 'simstidar.mahaiswa' doesn't exist
CRITICAL - 2022-12-04 22:22:55 --> Table 'simstidar.mahaiswa' doesn't exist
#0 D:\xampp\htdocs\simstidar\system\Database\MySQLi\Connection.php(292): mysqli->query('SELECT *\nFROM `...', 0)
#1 D:\xampp\htdocs\simstidar\system\Database\BaseConnection.php(670): CodeIgniter\Database\MySQLi\Connection->execute('SELECT *\nFROM `...')
#2 D:\xampp\htdocs\simstidar\system\Database\BaseConnection.php(598): CodeIgniter\Database\BaseConnection->simpleQuery('SELECT *\nFROM `...')
#3 D:\xampp\htdocs\simstidar\system\Database\BaseBuilder.php(1455): CodeIgniter\Database\BaseConnection->query('SELECT *\nFROM `...', Array, false)
#4 D:\xampp\htdocs\simstidar\app\Models\ModelNilai.php(42): CodeIgniter\Database\BaseBuilder->get()
#5 D:\xampp\htdocs\simstidar\app\Controllers\Nilaimhs.php(30): App\Models\ModelNilai->datamhs()
#6 D:\xampp\htdocs\simstidar\system\CodeIgniter.php(832): App\Controllers\Nilaimhs->index()
#7 D:\xampp\htdocs\simstidar\system\CodeIgniter.php(419): CodeIgniter\CodeIgniter->runController(Object(App\Controllers\Nilaimhs))
#8 D:\xampp\htdocs\simstidar\system\CodeIgniter.php(326): CodeIgniter\CodeIgniter->handleRequest(NULL, Object(Config\Cache), false)
#9 D:\xampp\htdocs\simstidar\public\index.php(37): CodeIgniter\CodeIgniter->run()
#10 {main}
ERROR - 2022-12-04 22:24:31 --> Table 'simstidar.mahaiswa' doesn't exist
CRITICAL - 2022-12-04 22:24:31 --> Table 'simstidar.mahaiswa' doesn't exist
#0 D:\xampp\htdocs\simstidar\system\Database\MySQLi\Connection.php(292): mysqli->query('SELECT *\nFROM `...', 0)
#1 D:\xampp\htdocs\simstidar\system\Database\BaseConnection.php(670): CodeIgniter\Database\MySQLi\Connection->execute('SELECT *\nFROM `...')
#2 D:\xampp\htdocs\simstidar\system\Database\BaseConnection.php(598): CodeIgniter\Database\BaseConnection->simpleQuery('SELECT *\nFROM `...')
#3 D:\xampp\htdocs\simstidar\system\Database\BaseBuilder.php(1455): CodeIgniter\Database\BaseConnection->query('SELECT *\nFROM `...', Array, false)
#4 D:\xampp\htdocs\simstidar\app\Models\ModelNilai.php(42): CodeIgniter\Database\BaseBuilder->get()
#5 D:\xampp\htdocs\simstidar\app\Controllers\Nilaimhs.php(30): App\Models\ModelNilai->datamahasiswa()
#6 D:\xampp\htdocs\simstidar\system\CodeIgniter.php(832): App\Controllers\Nilaimhs->index()
#7 D:\xampp\htdocs\simstidar\system\CodeIgniter.php(419): CodeIgniter\CodeIgniter->runController(Object(App\Controllers\Nilaimhs))
#8 D:\xampp\htdocs\simstidar\system\CodeIgniter.php(326): CodeIgniter\CodeIgniter->handleRequest(NULL, Object(Config\Cache), false)
#9 D:\xampp\htdocs\simstidar\public\index.php(37): CodeIgniter\CodeIgniter->run()
#10 {main}
CRITICAL - 2022-12-04 22:25:09 --> Invalid file: {0}
#0 D:\xampp\htdocs\simstidar\system\View\View.php(198): CodeIgniter\Exceptions\FrameworkException::forInvalidFile('mhs/Nilaimhs.ph...')
#1 D:\xampp\htdocs\simstidar\system\Common.php(1089): CodeIgniter\View\View->render('mhs/Nilaimhs', Array, true)
#2 D:\xampp\htdocs\simstidar\app\Views\layout\content.php(3): view('mhs/Nilaimhs')
#3 D:\xampp\htdocs\simstidar\system\View\View.php(210): include('D:\\xampp\\htdocs...')
#4 D:\xampp\htdocs\simstidar\system\View\View.php(213): CodeIgniter\View\View->CodeIgniter\View\{closure}()
#5 D:\xampp\htdocs\simstidar\system\Common.php(1089): CodeIgniter\View\View->render('layout/content', Array, true)
#6 D:\xampp\htdocs\simstidar\app\Views\layout\wrapper.php(4): view('layout/content')
#7 D:\xampp\htdocs\simstidar\system\View\View.php(210): include('D:\\xampp\\htdocs...')
#8 D:\xampp\htdocs\simstidar\system\View\View.php(213): CodeIgniter\View\View->CodeIgniter\View\{closure}()
#9 D:\xampp\htdocs\simstidar\system\Common.php(1089): CodeIgniter\View\View->render('layout/wrapper', Array, true)
#10 D:\xampp\htdocs\simstidar\app\Controllers\Nilaimhs.php(38): view('layout/wrapper', Array)
#11 D:\xampp\htdocs\simstidar\system\CodeIgniter.php(832): App\Controllers\Nilaimhs->index()
#12 D:\xampp\htdocs\simstidar\system\CodeIgniter.php(419): CodeIgniter\CodeIgniter->runController(Object(App\Controllers\Nilaimhs))
#13 D:\xampp\htdocs\simstidar\system\CodeIgniter.php(326): CodeIgniter\CodeIgniter->handleRequest(NULL, Object(Config\Cache), false)
#14 D:\xampp\htdocs\simstidar\public\index.php(37): CodeIgniter\CodeIgniter->run()
#15 {main}
CRITICAL - 2022-12-04 22:25:20 --> Invalid file: {0}
#0 D:\xampp\htdocs\simstidar\system\View\View.php(198): CodeIgniter\Exceptions\FrameworkException::forInvalidFile('mhs/Nilaimhs.ph...')
#1 D:\xampp\htdocs\simstidar\system\Common.php(1089): CodeIgniter\View\View->render('mhs/Nilaimhs', Array, true)
#2 D:\xampp\htdocs\simstidar\app\Views\layout\content.php(3): view('mhs/Nilaimhs')
#3 D:\xampp\htdocs\simstidar\system\View\View.php(210): include('D:\\xampp\\htdocs...')
#4 D:\xampp\htdocs\simstidar\system\View\View.php(213): CodeIgniter\View\View->CodeIgniter\View\{closure}()
#5 D:\xampp\htdocs\simstidar\system\Common.php(1089): CodeIgniter\View\View->render('layout/content', Array, true)
#6 D:\xampp\htdocs\simstidar\app\Views\layout\wrapper.php(4): view('layout/content')
#7 D:\xampp\htdocs\simstidar\system\View\View.php(210): include('D:\\xampp\\htdocs...')
#8 D:\xampp\htdocs\simstidar\system\View\View.php(213): CodeIgniter\View\View->CodeIgniter\View\{closure}()
#9 D:\xampp\htdocs\simstidar\system\Common.php(1089): CodeIgniter\View\View->render('layout/wrapper', Array, true)
#10 D:\xampp\htdocs\simstidar\app\Controllers\Nilaimhs.php(38): view('layout/wrapper', Array)
#11 D:\xampp\htdocs\simstidar\system\CodeIgniter.php(832): App\Controllers\Nilaimhs->index()
#12 D:\xampp\htdocs\simstidar\system\CodeIgniter.php(419): CodeIgniter\CodeIgniter->runController(Object(App\Controllers\Nilaimhs))
#13 D:\xampp\htdocs\simstidar\system\CodeIgniter.php(326): CodeIgniter\CodeIgniter->handleRequest(NULL, Object(Config\Cache), false)
#14 D:\xampp\htdocs\simstidar\public\index.php(37): CodeIgniter\CodeIgniter->run()
#15 {main}
CRITICAL - 2022-12-04 22:26:22 --> Invalid file: {0}
#0 D:\xampp\htdocs\simstidar\system\View\View.php(198): CodeIgniter\Exceptions\FrameworkException::forInvalidFile('mhs/Nilaimhs.ph...')
#1 D:\xampp\htdocs\simstidar\system\Common.php(1089): CodeIgniter\View\View->render('mhs/Nilaimhs', Array, true)
#2 D:\xampp\htdocs\simstidar\app\Views\layout\content.php(3): view('mhs/Nilaimhs')
#3 D:\xampp\htdocs\simstidar\system\View\View.php(210): include('D:\\xampp\\htdocs...')
#4 D:\xampp\htdocs\simstidar\system\View\View.php(213): CodeIgniter\View\View->CodeIgniter\View\{closure}()
#5 D:\xampp\htdocs\simstidar\system\Common.php(1089): CodeIgniter\View\View->render('layout/content', Array, true)
#6 D:\xampp\htdocs\simstidar\app\Views\layout\wrapper.php(4): view('layout/content')
#7 D:\xampp\htdocs\simstidar\system\View\View.php(210): include('D:\\xampp\\htdocs...')
#8 D:\xampp\htdocs\simstidar\system\View\View.php(213): CodeIgniter\View\View->CodeIgniter\View\{closure}()
#9 D:\xampp\htdocs\simstidar\system\Common.php(1089): CodeIgniter\View\View->render('layout/wrapper', Array, true)
#10 D:\xampp\htdocs\simstidar\app\Controllers\Nilaimhs.php(38): view('layout/wrapper', Array)
#11 D:\xampp\htdocs\simstidar\system\CodeIgniter.php(832): App\Controllers\Nilaimhs->index()
#12 D:\xampp\htdocs\simstidar\system\CodeIgniter.php(419): CodeIgniter\CodeIgniter->runController(Object(App\Controllers\Nilaimhs))
#13 D:\xampp\htdocs\simstidar\system\CodeIgniter.php(326): CodeIgniter\CodeIgniter->handleRequest(NULL, Object(Config\Cache), false)
#14 D:\xampp\htdocs\simstidar\public\index.php(37): CodeIgniter\CodeIgniter->run()
#15 {main}
CRITICAL - 2022-12-04 22:28:41 --> Invalid file: {0}
#0 D:\xampp\htdocs\simstidar\system\View\View.php(198): CodeIgniter\Exceptions\FrameworkException::forInvalidFile('mhs/Nilaimhs.ph...')
#1 D:\xampp\htdocs\simstidar\system\Common.php(1089): CodeIgniter\View\View->render('mhs/Nilaimhs', Array, true)
#2 D:\xampp\htdocs\simstidar\app\Views\layout\content.php(3): view('mhs/Nilaimhs')
#3 D:\xampp\htdocs\simstidar\system\View\View.php(210): include('D:\\xampp\\htdocs...')
#4 D:\xampp\htdocs\simstidar\system\View\View.php(213): CodeIgniter\View\View->CodeIgniter\View\{closure}()
#5 D:\xampp\htdocs\simstidar\system\Common.php(1089): CodeIgniter\View\View->render('layout/content', Array, true)
#6 D:\xampp\htdocs\simstidar\app\Views\layout\wrapper.php(4): view('layout/content')
#7 D:\xampp\htdocs\simstidar\system\View\View.php(210): include('D:\\xampp\\htdocs...')
#8 D:\xampp\htdocs\simstidar\system\View\View.php(213): CodeIgniter\View\View->CodeIgniter\View\{closure}()
#9 D:\xampp\htdocs\simstidar\system\Common.php(1089): CodeIgniter\View\View->render('layout/wrapper', Array, true)
#10 D:\xampp\htdocs\simstidar\app\Controllers\Nilaimhs.php(38): view('layout/wrapper', Array)
#11 D:\xampp\htdocs\simstidar\system\CodeIgniter.php(832): App\Controllers\Nilaimhs->index()
#12 D:\xampp\htdocs\simstidar\system\CodeIgniter.php(419): CodeIgniter\CodeIgniter->runController(Object(App\Controllers\Nilaimhs))
#13 D:\xampp\htdocs\simstidar\system\CodeIgniter.php(326): CodeIgniter\CodeIgniter->handleRequest(NULL, Object(Config\Cache), false)
#14 D:\xampp\htdocs\simstidar\public\index.php(37): CodeIgniter\CodeIgniter->run()
#15 {main}
CRITICAL - 2022-12-04 22:28:49 --> Invalid file: {0}
#0 D:\xampp\htdocs\simstidar\system\View\View.php(198): CodeIgniter\Exceptions\FrameworkException::forInvalidFile('mhs/Nilaimhs.ph...')
#1 D:\xampp\htdocs\simstidar\system\Common.php(1089): CodeIgniter\View\View->render('mhs/Nilaimhs', Array, true)
#2 D:\xampp\htdocs\simstidar\app\Views\layout\content.php(3): view('mhs/Nilaimhs')
#3 D:\xampp\htdocs\simstidar\system\View\View.php(210): include('D:\\xampp\\htdocs...')
#4 D:\xampp\htdocs\simstidar\system\View\View.php(213): CodeIgniter\View\View->CodeIgniter\View\{closure}()
#5 D:\xampp\htdocs\simstidar\system\Common.php(1089): CodeIgniter\View\View->render('layout/content', Array, true)
#6 D:\xampp\htdocs\simstidar\app\Views\layout\wrapper.php(4): view('layout/content')
#7 D:\xampp\htdocs\simstidar\system\View\View.php(210): include('D:\\xampp\\htdocs...')
#8 D:\xampp\htdocs\simstidar\system\View\View.php(213): CodeIgniter\View\View->CodeIgniter\View\{closure}()
#9 D:\xampp\htdocs\simstidar\system\Common.php(1089): CodeIgniter\View\View->render('layout/wrapper', Array, true)
#10 D:\xampp\htdocs\simstidar\app\Controllers\Nilaimhs.php(38): view('layout/wrapper', Array)
#11 D:\xampp\htdocs\simstidar\system\CodeIgniter.php(832): App\Controllers\Nilaimhs->index()
#12 D:\xampp\htdocs\simstidar\system\CodeIgniter.php(419): CodeIgniter\CodeIgniter->runController(Object(App\Controllers\Nilaimhs))
#13 D:\xampp\htdocs\simstidar\system\CodeIgniter.php(326): CodeIgniter\CodeIgniter->handleRequest(NULL, Object(Config\Cache), false)
#14 D:\xampp\htdocs\simstidar\public\index.php(37): CodeIgniter\CodeIgniter->run()
#15 {main}
CRITICAL - 2022-12-04 22:29:39 --> Invalid file: {0}
#0 D:\xampp\htdocs\simstidar\system\View\View.php(198): CodeIgniter\Exceptions\FrameworkException::forInvalidFile('mhs/Nilaimhs.ph...')
#1 D:\xampp\htdocs\simstidar\system\Common.php(1089): CodeIgniter\View\View->render('mhs/Nilaimhs', Array, true)
#2 D:\xampp\htdocs\simstidar\app\Views\layout\content.php(3): view('mhs/Nilaimhs')
#3 D:\xampp\htdocs\simstidar\system\View\View.php(210): include('D:\\xampp\\htdocs...')
#4 D:\xampp\htdocs\simstidar\system\View\View.php(213): CodeIgniter\View\View->CodeIgniter\View\{closure}()
#5 D:\xampp\htdocs\simstidar\system\Common.php(1089): CodeIgniter\View\View->render('layout/content', Array, true)
#6 D:\xampp\htdocs\simstidar\app\Views\layout\wrapper.php(4): view('layout/content')
#7 D:\xampp\htdocs\simstidar\system\View\View.php(210): include('D:\\xampp\\htdocs...')
#8 D:\xampp\htdocs\simstidar\system\View\View.php(213): CodeIgniter\View\View->CodeIgniter\View\{closure}()
#9 D:\xampp\htdocs\simstidar\system\Common.php(1089): CodeIgniter\View\View->render('layout/wrapper', Array, true)
#10 D:\xampp\htdocs\simstidar\app\Controllers\Nilaimhs.php(38): view('layout/wrapper', Array)
#11 D:\xampp\htdocs\simstidar\system\CodeIgniter.php(832): App\Controllers\Nilaimhs->index()
#12 D:\xampp\htdocs\simstidar\system\CodeIgniter.php(419): CodeIgniter\CodeIgniter->runController(Object(App\Controllers\Nilaimhs))
#13 D:\xampp\htdocs\simstidar\system\CodeIgniter.php(326): CodeIgniter\CodeIgniter->handleRequest(NULL, Object(Config\Cache), false)
#14 D:\xampp\htdocs\simstidar\public\index.php(37): CodeIgniter\CodeIgniter->run()
#15 {main}
CRITICAL - 2022-12-04 22:30:02 --> Invalid file: {0}
#0 D:\xampp\htdocs\simstidar\system\View\View.php(198): CodeIgniter\Exceptions\FrameworkException::forInvalidFile('mhs/Nilaimhs.ph...')
#1 D:\xampp\htdocs\simstidar\system\Common.php(1089): CodeIgniter\View\View->render('mhs/Nilaimhs', Array, true)
#2 D:\xampp\htdocs\simstidar\app\Views\layout\content.php(3): view('mhs/Nilaimhs')
#3 D:\xampp\htdocs\simstidar\system\View\View.php(210): include('D:\\xampp\\htdocs...')
#4 D:\xampp\htdocs\simstidar\system\View\View.php(213): CodeIgniter\View\View->CodeIgniter\View\{closure}()
#5 D:\xampp\htdocs\simstidar\system\Common.php(1089): CodeIgniter\View\View->render('layout/content', Array, true)
#6 D:\xampp\htdocs\simstidar\app\Views\layout\wrapper.php(4): view('layout/content')
#7 D:\xampp\htdocs\simstidar\system\View\View.php(210): include('D:\\xampp\\htdocs...')
#8 D:\xampp\htdocs\simstidar\system\View\View.php(213): CodeIgniter\View\View->CodeIgniter\View\{closure}()
#9 D:\xampp\htdocs\simstidar\system\Common.php(1089): CodeIgniter\View\View->render('layout/wrapper', Array, true)
#10 D:\xampp\htdocs\simstidar\app\Controllers\Nilaimhs.php(38): view('layout/wrapper', Array)
#11 D:\xampp\htdocs\simstidar\system\CodeIgniter.php(832): App\Controllers\Nilaimhs->index()
#12 D:\xampp\htdocs\simstidar\system\CodeIgniter.php(419): CodeIgniter\CodeIgniter->runController(Object(App\Controllers\Nilaimhs))
#13 D:\xampp\htdocs\simstidar\system\CodeIgniter.php(326): CodeIgniter\CodeIgniter->handleRequest(NULL, Object(Config\Cache), false)
#14 D:\xampp\htdocs\simstidar\public\index.php(37): CodeIgniter\CodeIgniter->run()
#15 {main}
CRITICAL - 2022-12-04 22:30:43 --> Invalid file: {0}
#0 D:\xampp\htdocs\simstidar\system\View\View.php(198): CodeIgniter\Exceptions\FrameworkException::forInvalidFile('mhs/Nilaimhs.ph...')
#1 D:\xampp\htdocs\simstidar\system\Common.php(1089): CodeIgniter\View\View->render('mhs/Nilaimhs', Array, true)
#2 D:\xampp\htdocs\simstidar\app\Views\layout\content.php(3): view('mhs/Nilaimhs')
#3 D:\xampp\htdocs\simstidar\system\View\View.php(210): include('D:\\xampp\\htdocs...')
#4 D:\xampp\htdocs\simstidar\system\View\View.php(213): CodeIgniter\View\View->CodeIgniter\View\{closure}()
#5 D:\xampp\htdocs\simstidar\system\Common.php(1089): CodeIgniter\View\View->render('layout/content', Array, true)
#6 D:\xampp\htdocs\simstidar\app\Views\layout\wrapper.php(4): view('layout/content')
#7 D:\xampp\htdocs\simstidar\system\View\View.php(210): include('D:\\xampp\\htdocs...')
#8 D:\xampp\htdocs\simstidar\system\View\View.php(213): CodeIgniter\View\View->CodeIgniter\View\{closure}()
#9 D:\xampp\htdocs\simstidar\system\Common.php(1089): CodeIgniter\View\View->render('layout/wrapper', Array, true)
#10 D:\xampp\htdocs\simstidar\app\Controllers\Nilaimhs.php(38): view('layout/wrapper', Array)
#11 D:\xampp\htdocs\simstidar\system\CodeIgniter.php(832): App\Controllers\Nilaimhs->index()
#12 D:\xampp\htdocs\simstidar\system\CodeIgniter.php(419): CodeIgniter\CodeIgniter->runController(Object(App\Controllers\Nilaimhs))
#13 D:\xampp\htdocs\simstidar\system\CodeIgniter.php(326): CodeIgniter\CodeIgniter->handleRequest(NULL, Object(Config\Cache), false)
#14 D:\xampp\htdocs\simstidar\public\index.php(37): CodeIgniter\CodeIgniter->run()
#15 {main}
CRITICAL - 2022-12-04 22:30:53 --> Invalid file: {0}
#0 D:\xampp\htdocs\simstidar\system\View\View.php(198): CodeIgniter\Exceptions\FrameworkException::forInvalidFile('mhs/Nilaimhs.ph...')
#1 D:\xampp\htdocs\simstidar\system\Common.php(1089): CodeIgniter\View\View->render('mhs/Nilaimhs', Array, true)
#2 D:\xampp\htdocs\simstidar\app\Views\layout\content.php(3): view('mhs/Nilaimhs')
#3 D:\xampp\htdocs\simstidar\system\View\View.php(210): include('D:\\xampp\\htdocs...')
#4 D:\xampp\htdocs\simstidar\system\View\View.php(213): CodeIgniter\View\View->CodeIgniter\View\{closure}()
#5 D:\xampp\htdocs\simstidar\system\Common.php(1089): CodeIgniter\View\View->render('layout/content', Array, true)
#6 D:\xampp\htdocs\simstidar\app\Views\layout\wrapper.php(4): view('layout/content')
#7 D:\xampp\htdocs\simstidar\system\View\View.php(210): include('D:\\xampp\\htdocs...')
#8 D:\xampp\htdocs\simstidar\system\View\View.php(213): CodeIgniter\View\View->CodeIgniter\View\{closure}()
#9 D:\xampp\htdocs\simstidar\system\Common.php(1089): CodeIgniter\View\View->render('layout/wrapper', Array, true)
#10 D:\xampp\htdocs\simstidar\app\Controllers\Nilaimhs.php(38): view('layout/wrapper', Array)
#11 D:\xampp\htdocs\simstidar\system\CodeIgniter.php(832): App\Controllers\Nilaimhs->index()
#12 D:\xampp\htdocs\simstidar\system\CodeIgniter.php(419): CodeIgniter\CodeIgniter->runController(Object(App\Controllers\Nilaimhs))
#13 D:\xampp\htdocs\simstidar\system\CodeIgniter.php(326): CodeIgniter\CodeIgniter->handleRequest(NULL, Object(Config\Cache), false)
#14 D:\xampp\htdocs\simstidar\public\index.php(37): CodeIgniter\CodeIgniter->run()
#15 {main}
CRITICAL - 2022-12-04 22:31:37 --> Invalid file: {0}
#0 D:\xampp\htdocs\simstidar\system\View\View.php(198): CodeIgniter\Exceptions\FrameworkException::forInvalidFile('mhs/Nilaimhs.ph...')
#1 D:\xampp\htdocs\simstidar\system\Common.php(1089): CodeIgniter\View\View->render('mhs/Nilaimhs', Array, true)
#2 D:\xampp\htdocs\simstidar\app\Views\layout\content.php(3): view('mhs/Nilaimhs')
#3 D:\xampp\htdocs\simstidar\system\View\View.php(210): include('D:\\xampp\\htdocs...')
#4 D:\xampp\htdocs\simstidar\system\View\View.php(213): CodeIgniter\View\View->CodeIgniter\View\{closure}()
#5 D:\xampp\htdocs\simstidar\system\Common.php(1089): CodeIgniter\View\View->render('layout/content', Array, true)
#6 D:\xampp\htdocs\simstidar\app\Views\layout\wrapper.php(4): view('layout/content')
#7 D:\xampp\htdocs\simstidar\system\View\View.php(210): include('D:\\xampp\\htdocs...')
#8 D:\xampp\htdocs\simstidar\system\View\View.php(213): CodeIgniter\View\View->CodeIgniter\View\{closure}()
#9 D:\xampp\htdocs\simstidar\system\Common.php(1089): CodeIgniter\View\View->render('layout/wrapper', Array, true)
#10 D:\xampp\htdocs\simstidar\app\Controllers\Nilaimhs.php(38): view('layout/wrapper', Array)
#11 D:\xampp\htdocs\simstidar\system\CodeIgniter.php(832): App\Controllers\Nilaimhs->index()
#12 D:\xampp\htdocs\simstidar\system\CodeIgniter.php(419): CodeIgniter\CodeIgniter->runController(Object(App\Controllers\Nilaimhs))
#13 D:\xampp\htdocs\simstidar\system\CodeIgniter.php(326): CodeIgniter\CodeIgniter->handleRequest(NULL, Object(Config\Cache), false)
#14 D:\xampp\htdocs\simstidar\public\index.php(37): CodeIgniter\CodeIgniter->run()
#15 {main}
CRITICAL - 2022-12-04 22:31:41 --> Invalid file: {0}
#0 D:\xampp\htdocs\simstidar\system\View\View.php(198): CodeIgniter\Exceptions\FrameworkException::forInvalidFile('mhs/Nilaimhs.ph...')
#1 D:\xampp\htdocs\simstidar\system\Common.php(1089): CodeIgniter\View\View->render('mhs/Nilaimhs', Array, true)
#2 D:\xampp\htdocs\simstidar\app\Views\layout\content.php(3): view('mhs/Nilaimhs')
#3 D:\xampp\htdocs\simstidar\system\View\View.php(210): include('D:\\xampp\\htdocs...')
#4 D:\xampp\htdocs\simstidar\system\View\View.php(213): CodeIgniter\View\View->CodeIgniter\View\{closure}()
#5 D:\xampp\htdocs\simstidar\system\Common.php(1089): CodeIgniter\View\View->render('layout/content', Array, true)
#6 D:\xampp\htdocs\simstidar\app\Views\layout\wrapper.php(4): view('layout/content')
#7 D:\xampp\htdocs\simstidar\system\View\View.php(210): include('D:\\xampp\\htdocs...')
#8 D:\xampp\htdocs\simstidar\system\View\View.php(213): CodeIgniter\View\View->CodeIgniter\View\{closure}()
#9 D:\xampp\htdocs\simstidar\system\Common.php(1089): CodeIgniter\View\View->render('layout/wrapper', Array, true)
#10 D:\xampp\htdocs\simstidar\app\Controllers\Nilaimhs.php(38): view('layout/wrapper', Array)
#11 D:\xampp\htdocs\simstidar\system\CodeIgniter.php(832): App\Controllers\Nilaimhs->index()
#12 D:\xampp\htdocs\simstidar\system\CodeIgniter.php(419): CodeIgniter\CodeIgniter->runController(Object(App\Controllers\Nilaimhs))
#13 D:\xampp\htdocs\simstidar\system\CodeIgniter.php(326): CodeIgniter\CodeIgniter->handleRequest(NULL, Object(Config\Cache), false)
#14 D:\xampp\htdocs\simstidar\public\index.php(37): CodeIgniter\CodeIgniter->run()
#15 {main}
CRITICAL - 2022-12-04 22:32:16 --> Invalid file: {0}
#0 D:\xampp\htdocs\simstidar\system\View\View.php(198): CodeIgniter\Exceptions\FrameworkException::forInvalidFile('mhs/Nilaimhs.ph...')
#1 D:\xampp\htdocs\simstidar\system\Common.php(1089): CodeIgniter\View\View->render('mhs/Nilaimhs', Array, true)
#2 D:\xampp\htdocs\simstidar\app\Views\layout\content.php(3): view('mhs/Nilaimhs')
#3 D:\xampp\htdocs\simstidar\system\View\View.php(210): include('D:\\xampp\\htdocs...')
#4 D:\xampp\htdocs\simstidar\system\View\View.php(213): CodeIgniter\View\View->CodeIgniter\View\{closure}()
#5 D:\xampp\htdocs\simstidar\system\Common.php(1089): CodeIgniter\View\View->render('layout/content', Array, true)
#6 D:\xampp\htdocs\simstidar\app\Views\layout\wrapper.php(4): view('layout/content')
#7 D:\xampp\htdocs\simstidar\system\View\View.php(210): include('D:\\xampp\\htdocs...')
#8 D:\xampp\htdocs\simstidar\system\View\View.php(213): CodeIgniter\View\View->CodeIgniter\View\{closure}()
#9 D:\xampp\htdocs\simstidar\system\Common.php(1089): CodeIgniter\View\View->render('layout/wrapper', Array, true)
#10 D:\xampp\htdocs\simstidar\app\Controllers\Nilaimhs.php(38): view('layout/wrapper', Array)
#11 D:\xampp\htdocs\simstidar\system\CodeIgniter.php(832): App\Controllers\Nilaimhs->index()
#12 D:\xampp\htdocs\simstidar\system\CodeIgniter.php(419): CodeIgniter\CodeIgniter->runController(Object(App\Controllers\Nilaimhs))
#13 D:\xampp\htdocs\simstidar\system\CodeIgniter.php(326): CodeIgniter\CodeIgniter->handleRequest(NULL, Object(Config\Cache), false)
#14 D:\xampp\htdocs\simstidar\public\index.php(37): CodeIgniter\CodeIgniter->run()
#15 {main}
CRITICAL - 2022-12-04 22:32:49 --> Undefined variable: nilai
#0 D:\xampp\htdocs\simstidar\app\Views\mhs\nilai_mhs.php(58): CodeIgniter\Debug\Exceptions->errorHandler(8, 'Undefined varia...', 'D:\\xampp\\htdocs...', 58, Array)
#1 D:\xampp\htdocs\simstidar\system\View\View.php(210): include('D:\\xampp\\htdocs...')
#2 D:\xampp\htdocs\simstidar\system\View\View.php(213): CodeIgniter\View\View->CodeIgniter\View\{closure}()
#3 D:\xampp\htdocs\simstidar\system\Common.php(1089): CodeIgniter\View\View->render('mhs/nilai_mhs', Array, true)
#4 D:\xampp\htdocs\simstidar\app\Views\layout\content.php(3): view('mhs/nilai_mhs')
#5 D:\xampp\htdocs\simstidar\system\View\View.php(210): include('D:\\xampp\\htdocs...')
#6 D:\xampp\htdocs\simstidar\system\View\View.php(213): CodeIgniter\View\View->CodeIgniter\View\{closure}()
#7 D:\xampp\htdocs\simstidar\system\Common.php(1089): CodeIgniter\View\View->render('layout/content', Array, true)
#8 D:\xampp\htdocs\simstidar\app\Views\layout\wrapper.php(4): view('layout/content')
#9 D:\xampp\htdocs\simstidar\system\View\View.php(210): include('D:\\xampp\\htdocs...')
#10 D:\xampp\htdocs\simstidar\system\View\View.php(213): CodeIgniter\View\View->CodeIgniter\View\{closure}()
#11 D:\xampp\htdocs\simstidar\system\Common.php(1089): CodeIgniter\View\View->render('layout/wrapper', Array, true)
#12 D:\xampp\htdocs\simstidar\app\Controllers\Nilaimhs.php(38): view('layout/wrapper', Array)
#13 D:\xampp\htdocs\simstidar\system\CodeIgniter.php(832): App\Controllers\Nilaimhs->index()
#14 D:\xampp\htdocs\simstidar\system\CodeIgniter.php(419): CodeIgniter\CodeIgniter->runController(Object(App\Controllers\Nilaimhs))
#15 D:\xampp\htdocs\simstidar\system\CodeIgniter.php(326): CodeIgniter\CodeIgniter->handleRequest(NULL, Object(Config\Cache), false)
#16 D:\xampp\htdocs\simstidar\public\index.php(37): CodeIgniter\CodeIgniter->run()
#17 {main}
