CRITICAL - 2022-07-09 00:04:47 --> Trying to access array offset on value of type null
#0 D:\xampp\htdocs\simstidar\app\Views\admin\detail_jadwal.php(41): CodeIgniter\Debug\Exceptions->errorHandler(8, 'Trying to acces...', 'D:\\xampp\\htdocs...', 41, Array)
#1 D:\xampp\htdocs\simstidar\system\View\View.php(210): include('D:\\xampp\\htdocs...')
#2 D:\xampp\htdocs\simstidar\system\View\View.php(213): CodeIgniter\View\View->CodeIgniter\View\{closure}()
#3 D:\xampp\htdocs\simstidar\system\Common.php(1089): CodeIgniter\View\View->render('admin/detail_ja...', Array, true)
#4 D:\xampp\htdocs\simstidar\app\Views\layout\content.php(3): view('admin/detail_ja...')
#5 D:\xampp\htdocs\simstidar\system\View\View.php(210): include('D:\\xampp\\htdocs...')
#6 D:\xampp\htdocs\simstidar\system\View\View.php(213): CodeIgniter\View\View->CodeIgniter\View\{closure}()
#7 D:\xampp\htdocs\simstidar\system\Common.php(1089): CodeIgniter\View\View->render('layout/content', Array, true)
#8 D:\xampp\htdocs\simstidar\app\Views\layout\wrapper.php(4): view('layout/content')
#9 D:\xampp\htdocs\simstidar\system\View\View.php(210): include('D:\\xampp\\htdocs...')
#10 D:\xampp\htdocs\simstidar\system\View\View.php(213): CodeIgniter\View\View->CodeIgniter\View\{closure}()
#11 D:\xampp\htdocs\simstidar\system\Common.php(1089): CodeIgniter\View\View->render('layout/wrapper', Array, true)
#12 D:\xampp\htdocs\simstidar\app\Controllers\Jadwal.php(52): view('layout/wrapper', Array)
#13 D:\xampp\htdocs\simstidar\system\CodeIgniter.php(832): App\Controllers\Jadwal->detail_jadwal('<http:', 'localhost', 'simstidar', 'public', 'template', 'plugins', 'icheck-bootstra...', 'icheck-bootstra...')
#14 D:\xampp\htdocs\simstidar\system\CodeIgniter.php(419): CodeIgniter\CodeIgniter->runController(Object(App\Controllers\Jadwal))
#15 D:\xampp\htdocs\simstidar\system\CodeIgniter.php(326): CodeIgniter\CodeIgniter->handleRequest(NULL, Object(Config\Cache), false)
#16 D:\xampp\htdocs\simstidar\public\index.php(37): CodeIgniter\CodeIgniter->run()
#17 {main}
CRITICAL - 2022-07-09 00:16:16 --> Trying to access array offset on value of type null
#0 D:\xampp\htdocs\simstidar\app\Views\admin\detail_jadwal.php(41): CodeIgniter\Debug\Exceptions->errorHandler(8, 'Trying to acces...', 'D:\\xampp\\htdocs...', 41, Array)
#1 D:\xampp\htdocs\simstidar\system\View\View.php(210): include('D:\\xampp\\htdocs...')
#2 D:\xampp\htdocs\simstidar\system\View\View.php(213): CodeIgniter\View\View->CodeIgniter\View\{closure}()
#3 D:\xampp\htdocs\simstidar\system\Common.php(1089): CodeIgniter\View\View->render('admin/detail_ja...', Array, true)
#4 D:\xampp\htdocs\simstidar\app\Views\layout\content.php(3): view('admin/detail_ja...')
#5 D:\xampp\htdocs\simstidar\system\View\View.php(210): include('D:\\xampp\\htdocs...')
#6 D:\xampp\htdocs\simstidar\system\View\View.php(213): CodeIgniter\View\View->CodeIgniter\View\{closure}()
#7 D:\xampp\htdocs\simstidar\system\Common.php(1089): CodeIgniter\View\View->render('layout/content', Array, true)
#8 D:\xampp\htdocs\simstidar\app\Views\layout\wrapper.php(4): view('layout/content')
#9 D:\xampp\htdocs\simstidar\system\View\View.php(210): include('D:\\xampp\\htdocs...')
#10 D:\xampp\htdocs\simstidar\system\View\View.php(213): CodeIgniter\View\View->CodeIgniter\View\{closure}()
#11 D:\xampp\htdocs\simstidar\system\Common.php(1089): CodeIgniter\View\View->render('layout/wrapper', Array, true)
#12 D:\xampp\htdocs\simstidar\app\Controllers\Jadwal.php(52): view('layout/wrapper', Array)
#13 D:\xampp\htdocs\simstidar\system\CodeIgniter.php(832): App\Controllers\Jadwal->detail_jadwal('<http:', 'localhost', 'simstidar', 'public', 'template', 'plugins', 'icheck-bootstra...', 'icheck-bootstra...')
#14 D:\xampp\htdocs\simstidar\system\CodeIgniter.php(419): CodeIgniter\CodeIgniter->runController(Object(App\Controllers\Jadwal))
#15 D:\xampp\htdocs\simstidar\system\CodeIgniter.php(326): CodeIgniter\CodeIgniter->handleRequest(NULL, Object(Config\Cache), false)
#16 D:\xampp\htdocs\simstidar\public\index.php(37): CodeIgniter\CodeIgniter->run()
#17 {main}
CRITICAL - 2022-07-09 00:22:08 --> Trying to access array offset on value of type null
#0 D:\xampp\htdocs\simstidar\app\Views\admin\detail_jadwal.php(41): CodeIgniter\Debug\Exceptions->errorHandler(8, 'Trying to acces...', 'D:\\xampp\\htdocs...', 41, Array)
#1 D:\xampp\htdocs\simstidar\system\View\View.php(210): include('D:\\xampp\\htdocs...')
#2 D:\xampp\htdocs\simstidar\system\View\View.php(213): CodeIgniter\View\View->CodeIgniter\View\{closure}()
#3 D:\xampp\htdocs\simstidar\system\Common.php(1089): CodeIgniter\View\View->render('admin/detail_ja...', Array, true)
#4 D:\xampp\htdocs\simstidar\app\Views\layout\content.php(3): view('admin/detail_ja...')
#5 D:\xampp\htdocs\simstidar\system\View\View.php(210): include('D:\\xampp\\htdocs...')
#6 D:\xampp\htdocs\simstidar\system\View\View.php(213): CodeIgniter\View\View->CodeIgniter\View\{closure}()
#7 D:\xampp\htdocs\simstidar\system\Common.php(1089): CodeIgniter\View\View->render('layout/content', Array, true)
#8 D:\xampp\htdocs\simstidar\app\Views\layout\wrapper.php(4): view('layout/content')
#9 D:\xampp\htdocs\simstidar\system\View\View.php(210): include('D:\\xampp\\htdocs...')
#10 D:\xampp\htdocs\simstidar\system\View\View.php(213): CodeIgniter\View\View->CodeIgniter\View\{closure}()
#11 D:\xampp\htdocs\simstidar\system\Common.php(1089): CodeIgniter\View\View->render('layout/wrapper', Array, true)
#12 D:\xampp\htdocs\simstidar\app\Controllers\Jadwal.php(52): view('layout/wrapper', Array)
#13 D:\xampp\htdocs\simstidar\system\CodeIgniter.php(832): App\Controllers\Jadwal->detail_jadwal('<http:', 'localhost', 'simstidar', 'public', 'template', 'plugins', 'icheck-bootstra...', 'icheck-bootstra...')
#14 D:\xampp\htdocs\simstidar\system\CodeIgniter.php(419): CodeIgniter\CodeIgniter->runController(Object(App\Controllers\Jadwal))
#15 D:\xampp\htdocs\simstidar\system\CodeIgniter.php(326): CodeIgniter\CodeIgniter->handleRequest(NULL, Object(Config\Cache), false)
#16 D:\xampp\htdocs\simstidar\public\index.php(37): CodeIgniter\CodeIgniter->run()
#17 {main}
CRITICAL - 2022-07-09 00:42:58 --> Trying to access array offset on value of type null
#0 D:\xampp\htdocs\simstidar\app\Views\admin\detail_jadwal.php(41): CodeIgniter\Debug\Exceptions->errorHandler(8, 'Trying to acces...', 'D:\\xampp\\htdocs...', 41, Array)
#1 D:\xampp\htdocs\simstidar\system\View\View.php(210): include('D:\\xampp\\htdocs...')
#2 D:\xampp\htdocs\simstidar\system\View\View.php(213): CodeIgniter\View\View->CodeIgniter\View\{closure}()
#3 D:\xampp\htdocs\simstidar\system\Common.php(1089): CodeIgniter\View\View->render('admin/detail_ja...', Array, true)
#4 D:\xampp\htdocs\simstidar\app\Views\layout\content.php(3): view('admin/detail_ja...')
#5 D:\xampp\htdocs\simstidar\system\View\View.php(210): include('D:\\xampp\\htdocs...')
#6 D:\xampp\htdocs\simstidar\system\View\View.php(213): CodeIgniter\View\View->CodeIgniter\View\{closure}()
#7 D:\xampp\htdocs\simstidar\system\Common.php(1089): CodeIgniter\View\View->render('layout/content', Array, true)
#8 D:\xampp\htdocs\simstidar\app\Views\layout\wrapper.php(4): view('layout/content')
#9 D:\xampp\htdocs\simstidar\system\View\View.php(210): include('D:\\xampp\\htdocs...')
#10 D:\xampp\htdocs\simstidar\system\View\View.php(213): CodeIgniter\View\View->CodeIgniter\View\{closure}()
#11 D:\xampp\htdocs\simstidar\system\Common.php(1089): CodeIgniter\View\View->render('layout/wrapper', Array, true)
#12 D:\xampp\htdocs\simstidar\app\Controllers\Jadwal.php(52): view('layout/wrapper', Array)
#13 D:\xampp\htdocs\simstidar\system\CodeIgniter.php(832): App\Controllers\Jadwal->detail_jadwal('<http:', 'localhost', 'simstidar', 'public', 'template', 'plugins', 'icheck-bootstra...', 'icheck-bootstra...')
#14 D:\xampp\htdocs\simstidar\system\CodeIgniter.php(419): CodeIgniter\CodeIgniter->runController(Object(App\Controllers\Jadwal))
#15 D:\xampp\htdocs\simstidar\system\CodeIgniter.php(326): CodeIgniter\CodeIgniter->handleRequest(NULL, Object(Config\Cache), false)
#16 D:\xampp\htdocs\simstidar\public\index.php(37): CodeIgniter\CodeIgniter->run()
#17 {main}
