CRITICAL - 2022-04-04 01:46:30 --> The framework needs the following extension(s) installed and loaded: intl.
#0 D:\xampp\htdocs\simstidar\system\CodeIgniter.php(219): CodeIgniter\Exceptions\FrameworkException::forMissingExtension('intl')
#1 D:\xampp\htdocs\simstidar\system\CodeIgniter.php(177): CodeIgniter\CodeIgniter->resolvePlatformExtensions()
#2 D:\xampp\htdocs\simstidar\system\bootstrap.php(146): CodeIgniter\CodeIgniter->initialize()
#3 D:\xampp\htdocs\simstidar\public\index.php(28): require('D:\\xampp\\htdocs...')
#4 {main}
CRITICAL - 2022-04-04 01:46:39 --> The framework needs the following extension(s) installed and loaded: intl.
#0 D:\xampp\htdocs\simstidar\system\CodeIgniter.php(219): CodeIgniter\Exceptions\FrameworkException::forMissingExtension('intl')
#1 D:\xampp\htdocs\simstidar\system\CodeIgniter.php(177): CodeIgniter\CodeIgniter->resolvePlatformExtensions()
#2 D:\xampp\htdocs\simstidar\system\bootstrap.php(146): CodeIgniter\CodeIgniter->initialize()
#3 D:\xampp\htdocs\simstidar\public\index.php(28): require('D:\\xampp\\htdocs...')
#4 {main}
CRITICAL - 2022-04-04 01:48:04 --> The framework needs the following extension(s) installed and loaded: intl.
#0 D:\xampp\htdocs\simstidar\system\CodeIgniter.php(219): CodeIgniter\Exceptions\FrameworkException::forMissingExtension('intl')
#1 D:\xampp\htdocs\simstidar\system\CodeIgniter.php(177): CodeIgniter\CodeIgniter->resolvePlatformExtensions()
#2 D:\xampp\htdocs\simstidar\system\bootstrap.php(146): CodeIgniter\CodeIgniter->initialize()
#3 D:\xampp\htdocs\simstidar\public\index.php(28): require('D:\\xampp\\htdocs...')
#4 {main}
CRITICAL - 2022-04-04 01:48:37 --> The framework needs the following extension(s) installed and loaded: intl.
#0 D:\xampp\htdocs\simstidar\system\CodeIgniter.php(219): CodeIgniter\Exceptions\FrameworkException::forMissingExtension('intl')
#1 D:\xampp\htdocs\simstidar\system\CodeIgniter.php(177): CodeIgniter\CodeIgniter->resolvePlatformExtensions()
#2 D:\xampp\htdocs\simstidar\system\bootstrap.php(146): CodeIgniter\CodeIgniter->initialize()
#3 D:\xampp\htdocs\simstidar\public\index.php(28): require('D:\\xampp\\htdocs...')
#4 {main}
CRITICAL - 2022-04-04 01:51:44 --> The framework needs the following extension(s) installed and loaded: intl.
#0 D:\xampp\htdocs\simstidar\system\CodeIgniter.php(219): CodeIgniter\Exceptions\FrameworkException::forMissingExtension('intl')
#1 D:\xampp\htdocs\simstidar\system\CodeIgniter.php(177): CodeIgniter\CodeIgniter->resolvePlatformExtensions()
#2 D:\xampp\htdocs\simstidar\system\bootstrap.php(146): CodeIgniter\CodeIgniter->initialize()
#3 D:\xampp\htdocs\simstidar\public\index.php(28): require('D:\\xampp\\htdocs...')
#4 {main}
CRITICAL - 2022-04-04 02:04:12 --> The framework needs the following extension(s) installed and loaded: intl.
#0 D:\xampp\htdocs\simstidar\system\CodeIgniter.php(219): CodeIgniter\Exceptions\FrameworkException::forMissingExtension('intl')
#1 D:\xampp\htdocs\simstidar\system\CodeIgniter.php(177): CodeIgniter\CodeIgniter->resolvePlatformExtensions()
#2 D:\xampp\htdocs\simstidar\system\bootstrap.php(146): CodeIgniter\CodeIgniter->initialize()
#3 D:\xampp\htdocs\simstidar\public\index.php(28): require('D:\\xampp\\htdocs...')
#4 {main}
CRITICAL - 2022-04-04 02:04:13 --> The framework needs the following extension(s) installed and loaded: intl.
#0 D:\xampp\htdocs\simstidar\system\CodeIgniter.php(219): CodeIgniter\Exceptions\FrameworkException::forMissingExtension('intl')
#1 D:\xampp\htdocs\simstidar\system\CodeIgniter.php(177): CodeIgniter\CodeIgniter->resolvePlatformExtensions()
#2 D:\xampp\htdocs\simstidar\system\bootstrap.php(146): CodeIgniter\CodeIgniter->initialize()
#3 D:\xampp\htdocs\simstidar\public\index.php(28): require('D:\\xampp\\htdocs...')
#4 {main}
CRITICAL - 2022-04-04 02:04:14 --> The framework needs the following extension(s) installed and loaded: intl.
#0 D:\xampp\htdocs\simstidar\system\CodeIgniter.php(219): CodeIgniter\Exceptions\FrameworkException::forMissingExtension('intl')
#1 D:\xampp\htdocs\simstidar\system\CodeIgniter.php(177): CodeIgniter\CodeIgniter->resolvePlatformExtensions()
#2 D:\xampp\htdocs\simstidar\system\bootstrap.php(146): CodeIgniter\CodeIgniter->initialize()
#3 D:\xampp\htdocs\simstidar\public\index.php(28): require('D:\\xampp\\htdocs...')
#4 {main}
CRITICAL - 2022-04-04 02:04:16 --> The framework needs the following extension(s) installed and loaded: intl.
#0 D:\xampp\htdocs\simstidar\system\CodeIgniter.php(219): CodeIgniter\Exceptions\FrameworkException::forMissingExtension('intl')
#1 D:\xampp\htdocs\simstidar\system\CodeIgniter.php(177): CodeIgniter\CodeIgniter->resolvePlatformExtensions()
#2 D:\xampp\htdocs\simstidar\system\bootstrap.php(146): CodeIgniter\CodeIgniter->initialize()
#3 D:\xampp\htdocs\simstidar\public\index.php(28): require('D:\\xampp\\htdocs...')
#4 {main}
CRITICAL - 2022-04-04 02:04:22 --> The framework needs the following extension(s) installed and loaded: intl.
#0 D:\xampp\htdocs\simstidar\system\CodeIgniter.php(219): CodeIgniter\Exceptions\FrameworkException::forMissingExtension('intl')
#1 D:\xampp\htdocs\simstidar\system\CodeIgniter.php(177): CodeIgniter\CodeIgniter->resolvePlatformExtensions()
#2 D:\xampp\htdocs\simstidar\system\bootstrap.php(146): CodeIgniter\CodeIgniter->initialize()
#3 D:\xampp\htdocs\simstidar\public\index.php(28): require('D:\\xampp\\htdocs...')
#4 {main}
CRITICAL - 2022-04-04 02:08:57 --> The framework needs the following extension(s) installed and loaded: intl.
#0 D:\xampp\htdocs\simstidar\system\CodeIgniter.php(219): CodeIgniter\Exceptions\FrameworkException::forMissingExtension('intl')
#1 D:\xampp\htdocs\simstidar\system\CodeIgniter.php(177): CodeIgniter\CodeIgniter->resolvePlatformExtensions()
#2 D:\xampp\htdocs\simstidar\system\bootstrap.php(146): CodeIgniter\CodeIgniter->initialize()
#3 D:\xampp\htdocs\simstidar\public\index.php(28): require('D:\\xampp\\htdocs...')
#4 {main}
CRITICAL - 2022-04-04 02:09:00 --> The framework needs the following extension(s) installed and loaded: intl.
#0 D:\xampp\htdocs\simstidar\system\CodeIgniter.php(219): CodeIgniter\Exceptions\FrameworkException::forMissingExtension('intl')
#1 D:\xampp\htdocs\simstidar\system\CodeIgniter.php(177): CodeIgniter\CodeIgniter->resolvePlatformExtensions()
#2 D:\xampp\htdocs\simstidar\system\bootstrap.php(146): CodeIgniter\CodeIgniter->initialize()
#3 D:\xampp\htdocs\simstidar\public\index.php(28): require('D:\\xampp\\htdocs...')
#4 {main}
CRITICAL - 2022-04-04 02:09:00 --> The framework needs the following extension(s) installed and loaded: intl.
#0 D:\xampp\htdocs\simstidar\system\CodeIgniter.php(219): CodeIgniter\Exceptions\FrameworkException::forMissingExtension('intl')
#1 D:\xampp\htdocs\simstidar\system\CodeIgniter.php(177): CodeIgniter\CodeIgniter->resolvePlatformExtensions()
#2 D:\xampp\htdocs\simstidar\system\bootstrap.php(146): CodeIgniter\CodeIgniter->initialize()
#3 D:\xampp\htdocs\simstidar\public\index.php(28): require('D:\\xampp\\htdocs...')
#4 {main}
CRITICAL - 2022-04-04 02:09:01 --> The framework needs the following extension(s) installed and loaded: intl.
#0 D:\xampp\htdocs\simstidar\system\CodeIgniter.php(219): CodeIgniter\Exceptions\FrameworkException::forMissingExtension('intl')
#1 D:\xampp\htdocs\simstidar\system\CodeIgniter.php(177): CodeIgniter\CodeIgniter->resolvePlatformExtensions()
#2 D:\xampp\htdocs\simstidar\system\bootstrap.php(146): CodeIgniter\CodeIgniter->initialize()
#3 D:\xampp\htdocs\simstidar\public\index.php(28): require('D:\\xampp\\htdocs...')
#4 {main}
CRITICAL - 2022-04-04 02:09:01 --> The framework needs the following extension(s) installed and loaded: intl.
#0 D:\xampp\htdocs\simstidar\system\CodeIgniter.php(219): CodeIgniter\Exceptions\FrameworkException::forMissingExtension('intl')
#1 D:\xampp\htdocs\simstidar\system\CodeIgniter.php(177): CodeIgniter\CodeIgniter->resolvePlatformExtensions()
#2 D:\xampp\htdocs\simstidar\system\bootstrap.php(146): CodeIgniter\CodeIgniter->initialize()
#3 D:\xampp\htdocs\simstidar\public\index.php(28): require('D:\\xampp\\htdocs...')
#4 {main}
CRITICAL - 2022-04-04 02:09:01 --> The framework needs the following extension(s) installed and loaded: intl.
#0 D:\xampp\htdocs\simstidar\system\CodeIgniter.php(219): CodeIgniter\Exceptions\FrameworkException::forMissingExtension('intl')
#1 D:\xampp\htdocs\simstidar\system\CodeIgniter.php(177): CodeIgniter\CodeIgniter->resolvePlatformExtensions()
#2 D:\xampp\htdocs\simstidar\system\bootstrap.php(146): CodeIgniter\CodeIgniter->initialize()
#3 D:\xampp\htdocs\simstidar\public\index.php(28): require('D:\\xampp\\htdocs...')
#4 {main}
CRITICAL - 2022-04-04 02:09:01 --> The framework needs the following extension(s) installed and loaded: intl.
#0 D:\xampp\htdocs\simstidar\system\CodeIgniter.php(219): CodeIgniter\Exceptions\FrameworkException::forMissingExtension('intl')
#1 D:\xampp\htdocs\simstidar\system\CodeIgniter.php(177): CodeIgniter\CodeIgniter->resolvePlatformExtensions()
#2 D:\xampp\htdocs\simstidar\system\bootstrap.php(146): CodeIgniter\CodeIgniter->initialize()
#3 D:\xampp\htdocs\simstidar\public\index.php(28): require('D:\\xampp\\htdocs...')
#4 {main}
CRITICAL - 2022-04-04 02:09:01 --> The framework needs the following extension(s) installed and loaded: intl.
#0 D:\xampp\htdocs\simstidar\system\CodeIgniter.php(219): CodeIgniter\Exceptions\FrameworkException::forMissingExtension('intl')
#1 D:\xampp\htdocs\simstidar\system\CodeIgniter.php(177): CodeIgniter\CodeIgniter->resolvePlatformExtensions()
#2 D:\xampp\htdocs\simstidar\system\bootstrap.php(146): CodeIgniter\CodeIgniter->initialize()
#3 D:\xampp\htdocs\simstidar\public\index.php(28): require('D:\\xampp\\htdocs...')
#4 {main}
CRITICAL - 2022-04-04 02:09:03 --> The framework needs the following extension(s) installed and loaded: intl.
#0 D:\xampp\htdocs\simstidar\system\CodeIgniter.php(219): CodeIgniter\Exceptions\FrameworkException::forMissingExtension('intl')
#1 D:\xampp\htdocs\simstidar\system\CodeIgniter.php(177): CodeIgniter\CodeIgniter->resolvePlatformExtensions()
#2 D:\xampp\htdocs\simstidar\system\bootstrap.php(146): CodeIgniter\CodeIgniter->initialize()
#3 D:\xampp\htdocs\simstidar\public\index.php(28): require('D:\\xampp\\htdocs...')
#4 {main}
CRITICAL - 2022-04-04 19:00:28 --> syntax error, unexpected ''rules'' (T_CONSTANT_ENCAPSED_STRING), expecting ']'
#0 D:\xampp\htdocs\simstidar\system\Router\Router.php(175): CodeIgniter\Router\Router->autoRoute('auth')
#1 D:\xampp\htdocs\simstidar\system\CodeIgniter.php(726): CodeIgniter\Router\Router->handle('auth')
#2 D:\xampp\htdocs\simstidar\system\CodeIgniter.php(368): CodeIgniter\CodeIgniter->tryToRouteIt(Object(CodeIgniter\Router\RouteCollection))
#3 D:\xampp\htdocs\simstidar\system\CodeIgniter.php(326): CodeIgniter\CodeIgniter->handleRequest(NULL, Object(Config\Cache), false)
#4 D:\xampp\htdocs\simstidar\public\index.php(37): CodeIgniter\CodeIgniter->run()
#5 {main}
CRITICAL - 2022-04-04 19:02:00 --> syntax error, unexpected ''rules'' (T_CONSTANT_ENCAPSED_STRING), expecting ']'
#0 D:\xampp\htdocs\simstidar\system\Router\Router.php(175): CodeIgniter\Router\Router->autoRoute('auth/login')
#1 D:\xampp\htdocs\simstidar\system\CodeIgniter.php(726): CodeIgniter\Router\Router->handle('auth/login')
#2 D:\xampp\htdocs\simstidar\system\CodeIgniter.php(368): CodeIgniter\CodeIgniter->tryToRouteIt(Object(CodeIgniter\Router\RouteCollection))
#3 D:\xampp\htdocs\simstidar\system\CodeIgniter.php(326): CodeIgniter\CodeIgniter->handleRequest(NULL, Object(Config\Cache), false)
#4 D:\xampp\htdocs\simstidar\public\index.php(37): CodeIgniter\CodeIgniter->run()
#5 {main}
CRITICAL - 2022-04-04 19:15:16 --> syntax error, unexpected ''rules'' (T_CONSTANT_ENCAPSED_STRING), expecting ']'
#0 D:\xampp\htdocs\simstidar\system\Router\Router.php(175): CodeIgniter\Router\Router->autoRoute('auth/login')
#1 D:\xampp\htdocs\simstidar\system\CodeIgniter.php(726): CodeIgniter\Router\Router->handle('auth/login')
#2 D:\xampp\htdocs\simstidar\system\CodeIgniter.php(368): CodeIgniter\CodeIgniter->tryToRouteIt(Object(CodeIgniter\Router\RouteCollection))
#3 D:\xampp\htdocs\simstidar\system\CodeIgniter.php(326): CodeIgniter\CodeIgniter->handleRequest(NULL, Object(Config\Cache), false)
#4 D:\xampp\htdocs\simstidar\public\index.php(37): CodeIgniter\CodeIgniter->run()
#5 {main}
CRITICAL - 2022-04-04 19:17:55 --> syntax error, unexpected ''rules'' (T_CONSTANT_ENCAPSED_STRING), expecting ']'
#0 D:\xampp\htdocs\simstidar\system\Router\Router.php(175): CodeIgniter\Router\Router->autoRoute('auth/login')
#1 D:\xampp\htdocs\simstidar\system\CodeIgniter.php(726): CodeIgniter\Router\Router->handle('auth/login')
#2 D:\xampp\htdocs\simstidar\system\CodeIgniter.php(368): CodeIgniter\CodeIgniter->tryToRouteIt(Object(CodeIgniter\Router\RouteCollection))
#3 D:\xampp\htdocs\simstidar\system\CodeIgniter.php(326): CodeIgniter\CodeIgniter->handleRequest(NULL, Object(Config\Cache), false)
#4 D:\xampp\htdocs\simstidar\public\index.php(37): CodeIgniter\CodeIgniter->run()
#5 {main}
CRITICAL - 2022-04-04 19:17:56 --> syntax error, unexpected ''rules'' (T_CONSTANT_ENCAPSED_STRING), expecting ']'
#0 D:\xampp\htdocs\simstidar\system\Router\Router.php(175): CodeIgniter\Router\Router->autoRoute('auth/login')
#1 D:\xampp\htdocs\simstidar\system\CodeIgniter.php(726): CodeIgniter\Router\Router->handle('auth/login')
#2 D:\xampp\htdocs\simstidar\system\CodeIgniter.php(368): CodeIgniter\CodeIgniter->tryToRouteIt(Object(CodeIgniter\Router\RouteCollection))
#3 D:\xampp\htdocs\simstidar\system\CodeIgniter.php(326): CodeIgniter\CodeIgniter->handleRequest(NULL, Object(Config\Cache), false)
#4 D:\xampp\htdocs\simstidar\public\index.php(37): CodeIgniter\CodeIgniter->run()
#5 {main}
CRITICAL - 2022-04-04 19:18:53 --> syntax error, unexpected ''rules'' (T_CONSTANT_ENCAPSED_STRING), expecting ']'
#0 D:\xampp\htdocs\simstidar\system\Router\Router.php(175): CodeIgniter\Router\Router->autoRoute('auth/login')
#1 D:\xampp\htdocs\simstidar\system\CodeIgniter.php(726): CodeIgniter\Router\Router->handle('auth/login')
#2 D:\xampp\htdocs\simstidar\system\CodeIgniter.php(368): CodeIgniter\CodeIgniter->tryToRouteIt(Object(CodeIgniter\Router\RouteCollection))
#3 D:\xampp\htdocs\simstidar\system\CodeIgniter.php(326): CodeIgniter\CodeIgniter->handleRequest(NULL, Object(Config\Cache), false)
#4 D:\xampp\htdocs\simstidar\public\index.php(37): CodeIgniter\CodeIgniter->run()
#5 {main}
CRITICAL - 2022-04-04 19:18:54 --> syntax error, unexpected ''rules'' (T_CONSTANT_ENCAPSED_STRING), expecting ']'
#0 D:\xampp\htdocs\simstidar\system\Router\Router.php(175): CodeIgniter\Router\Router->autoRoute('auth/login')
#1 D:\xampp\htdocs\simstidar\system\CodeIgniter.php(726): CodeIgniter\Router\Router->handle('auth/login')
#2 D:\xampp\htdocs\simstidar\system\CodeIgniter.php(368): CodeIgniter\CodeIgniter->tryToRouteIt(Object(CodeIgniter\Router\RouteCollection))
#3 D:\xampp\htdocs\simstidar\system\CodeIgniter.php(326): CodeIgniter\CodeIgniter->handleRequest(NULL, Object(Config\Cache), false)
#4 D:\xampp\htdocs\simstidar\public\index.php(37): CodeIgniter\CodeIgniter->run()
#5 {main}
CRITICAL - 2022-04-04 19:19:19 --> syntax error, unexpected 'return' (T_RETURN)
#0 D:\xampp\htdocs\simstidar\system\Router\Router.php(175): CodeIgniter\Router\Router->autoRoute('auth/login')
#1 D:\xampp\htdocs\simstidar\system\CodeIgniter.php(726): CodeIgniter\Router\Router->handle('auth/login')
#2 D:\xampp\htdocs\simstidar\system\CodeIgniter.php(368): CodeIgniter\CodeIgniter->tryToRouteIt(Object(CodeIgniter\Router\RouteCollection))
#3 D:\xampp\htdocs\simstidar\system\CodeIgniter.php(326): CodeIgniter\CodeIgniter->handleRequest(NULL, Object(Config\Cache), false)
#4 D:\xampp\htdocs\simstidar\public\index.php(37): CodeIgniter\CodeIgniter->run()
#5 {main}
CRITICAL - 2022-04-04 19:19:21 --> syntax error, unexpected 'return' (T_RETURN)
#0 D:\xampp\htdocs\simstidar\system\Router\Router.php(175): CodeIgniter\Router\Router->autoRoute('auth/login')
#1 D:\xampp\htdocs\simstidar\system\CodeIgniter.php(726): CodeIgniter\Router\Router->handle('auth/login')
#2 D:\xampp\htdocs\simstidar\system\CodeIgniter.php(368): CodeIgniter\CodeIgniter->tryToRouteIt(Object(CodeIgniter\Router\RouteCollection))
#3 D:\xampp\htdocs\simstidar\system\CodeIgniter.php(326): CodeIgniter\CodeIgniter->handleRequest(NULL, Object(Config\Cache), false)
#4 D:\xampp\htdocs\simstidar\public\index.php(37): CodeIgniter\CodeIgniter->run()
#5 {main}
CRITICAL - 2022-04-04 19:19:21 --> syntax error, unexpected 'return' (T_RETURN)
#0 D:\xampp\htdocs\simstidar\system\Router\Router.php(175): CodeIgniter\Router\Router->autoRoute('auth/login')
#1 D:\xampp\htdocs\simstidar\system\CodeIgniter.php(726): CodeIgniter\Router\Router->handle('auth/login')
#2 D:\xampp\htdocs\simstidar\system\CodeIgniter.php(368): CodeIgniter\CodeIgniter->tryToRouteIt(Object(CodeIgniter\Router\RouteCollection))
#3 D:\xampp\htdocs\simstidar\system\CodeIgniter.php(326): CodeIgniter\CodeIgniter->handleRequest(NULL, Object(Config\Cache), false)
#4 D:\xampp\htdocs\simstidar\public\index.php(37): CodeIgniter\CodeIgniter->run()
#5 {main}
CRITICAL - 2022-04-04 19:19:22 --> syntax error, unexpected 'return' (T_RETURN)
#0 D:\xampp\htdocs\simstidar\system\Router\Router.php(175): CodeIgniter\Router\Router->autoRoute('auth/login')
#1 D:\xampp\htdocs\simstidar\system\CodeIgniter.php(726): CodeIgniter\Router\Router->handle('auth/login')
#2 D:\xampp\htdocs\simstidar\system\CodeIgniter.php(368): CodeIgniter\CodeIgniter->tryToRouteIt(Object(CodeIgniter\Router\RouteCollection))
#3 D:\xampp\htdocs\simstidar\system\CodeIgniter.php(326): CodeIgniter\CodeIgniter->handleRequest(NULL, Object(Config\Cache), false)
#4 D:\xampp\htdocs\simstidar\public\index.php(37): CodeIgniter\CodeIgniter->run()
#5 {main}
CRITICAL - 2022-04-04 19:21:16 --> syntax error, unexpected 'return' (T_RETURN)
#0 D:\xampp\htdocs\simstidar\system\Router\Router.php(175): CodeIgniter\Router\Router->autoRoute('auth/login')
#1 D:\xampp\htdocs\simstidar\system\CodeIgniter.php(726): CodeIgniter\Router\Router->handle('auth/login')
#2 D:\xampp\htdocs\simstidar\system\CodeIgniter.php(368): CodeIgniter\CodeIgniter->tryToRouteIt(Object(CodeIgniter\Router\RouteCollection))
#3 D:\xampp\htdocs\simstidar\system\CodeIgniter.php(326): CodeIgniter\CodeIgniter->handleRequest(NULL, Object(Config\Cache), false)
#4 D:\xampp\htdocs\simstidar\public\index.php(37): CodeIgniter\CodeIgniter->run()
#5 {main}
CRITICAL - 2022-04-04 19:21:17 --> syntax error, unexpected 'return' (T_RETURN)
#0 D:\xampp\htdocs\simstidar\system\Router\Router.php(175): CodeIgniter\Router\Router->autoRoute('auth/login')
#1 D:\xampp\htdocs\simstidar\system\CodeIgniter.php(726): CodeIgniter\Router\Router->handle('auth/login')
#2 D:\xampp\htdocs\simstidar\system\CodeIgniter.php(368): CodeIgniter\CodeIgniter->tryToRouteIt(Object(CodeIgniter\Router\RouteCollection))
#3 D:\xampp\htdocs\simstidar\system\CodeIgniter.php(326): CodeIgniter\CodeIgniter->handleRequest(NULL, Object(Config\Cache), false)
#4 D:\xampp\htdocs\simstidar\public\index.php(37): CodeIgniter\CodeIgniter->run()
#5 {main}
CRITICAL - 2022-04-04 19:21:17 --> syntax error, unexpected 'return' (T_RETURN)
#0 D:\xampp\htdocs\simstidar\system\Router\Router.php(175): CodeIgniter\Router\Router->autoRoute('auth/login')
#1 D:\xampp\htdocs\simstidar\system\CodeIgniter.php(726): CodeIgniter\Router\Router->handle('auth/login')
#2 D:\xampp\htdocs\simstidar\system\CodeIgniter.php(368): CodeIgniter\CodeIgniter->tryToRouteIt(Object(CodeIgniter\Router\RouteCollection))
#3 D:\xampp\htdocs\simstidar\system\CodeIgniter.php(326): CodeIgniter\CodeIgniter->handleRequest(NULL, Object(Config\Cache), false)
#4 D:\xampp\htdocs\simstidar\public\index.php(37): CodeIgniter\CodeIgniter->run()
#5 {main}
CRITICAL - 2022-04-04 19:21:18 --> syntax error, unexpected 'return' (T_RETURN)
#0 D:\xampp\htdocs\simstidar\system\Router\Router.php(175): CodeIgniter\Router\Router->autoRoute('auth/login')
#1 D:\xampp\htdocs\simstidar\system\CodeIgniter.php(726): CodeIgniter\Router\Router->handle('auth/login')
#2 D:\xampp\htdocs\simstidar\system\CodeIgniter.php(368): CodeIgniter\CodeIgniter->tryToRouteIt(Object(CodeIgniter\Router\RouteCollection))
#3 D:\xampp\htdocs\simstidar\system\CodeIgniter.php(326): CodeIgniter\CodeIgniter->handleRequest(NULL, Object(Config\Cache), false)
#4 D:\xampp\htdocs\simstidar\public\index.php(37): CodeIgniter\CodeIgniter->run()
#5 {main}
CRITICAL - 2022-04-04 19:21:18 --> syntax error, unexpected 'return' (T_RETURN)
#0 D:\xampp\htdocs\simstidar\system\Router\Router.php(175): CodeIgniter\Router\Router->autoRoute('auth/login')
#1 D:\xampp\htdocs\simstidar\system\CodeIgniter.php(726): CodeIgniter\Router\Router->handle('auth/login')
#2 D:\xampp\htdocs\simstidar\system\CodeIgniter.php(368): CodeIgniter\CodeIgniter->tryToRouteIt(Object(CodeIgniter\Router\RouteCollection))
#3 D:\xampp\htdocs\simstidar\system\CodeIgniter.php(326): CodeIgniter\CodeIgniter->handleRequest(NULL, Object(Config\Cache), false)
#4 D:\xampp\htdocs\simstidar\public\index.php(37): CodeIgniter\CodeIgniter->run()
#5 {main}
CRITICAL - 2022-04-04 19:21:21 --> syntax error, unexpected 'return' (T_RETURN)
#0 D:\xampp\htdocs\simstidar\system\Router\Router.php(175): CodeIgniter\Router\Router->autoRoute('auth/login')
#1 D:\xampp\htdocs\simstidar\system\CodeIgniter.php(726): CodeIgniter\Router\Router->handle('auth/login')
#2 D:\xampp\htdocs\simstidar\system\CodeIgniter.php(368): CodeIgniter\CodeIgniter->tryToRouteIt(Object(CodeIgniter\Router\RouteCollection))
#3 D:\xampp\htdocs\simstidar\system\CodeIgniter.php(326): CodeIgniter\CodeIgniter->handleRequest(NULL, Object(Config\Cache), false)
#4 D:\xampp\htdocs\simstidar\public\index.php(37): CodeIgniter\CodeIgniter->run()
#5 {main}
CRITICAL - 2022-04-04 19:24:13 --> syntax error, unexpected 'return' (T_RETURN)
#0 D:\xampp\htdocs\simstidar\system\Router\Router.php(175): CodeIgniter\Router\Router->autoRoute('auth')
#1 D:\xampp\htdocs\simstidar\system\CodeIgniter.php(726): CodeIgniter\Router\Router->handle('auth')
#2 D:\xampp\htdocs\simstidar\system\CodeIgniter.php(368): CodeIgniter\CodeIgniter->tryToRouteIt(Object(CodeIgniter\Router\RouteCollection))
#3 D:\xampp\htdocs\simstidar\system\CodeIgniter.php(326): CodeIgniter\CodeIgniter->handleRequest(NULL, Object(Config\Cache), false)
#4 D:\xampp\htdocs\simstidar\public\index.php(37): CodeIgniter\CodeIgniter->run()
#5 {main}
CRITICAL - 2022-04-04 19:24:31 --> syntax error, unexpected 'return' (T_RETURN)
#0 D:\xampp\htdocs\simstidar\system\Router\Router.php(175): CodeIgniter\Router\Router->autoRoute('auth/login')
#1 D:\xampp\htdocs\simstidar\system\CodeIgniter.php(726): CodeIgniter\Router\Router->handle('auth/login')
#2 D:\xampp\htdocs\simstidar\system\CodeIgniter.php(368): CodeIgniter\CodeIgniter->tryToRouteIt(Object(CodeIgniter\Router\RouteCollection))
#3 D:\xampp\htdocs\simstidar\system\CodeIgniter.php(326): CodeIgniter\CodeIgniter->handleRequest(NULL, Object(Config\Cache), false)
#4 D:\xampp\htdocs\simstidar\public\index.php(37): CodeIgniter\CodeIgniter->run()
#5 {main}
CRITICAL - 2022-04-04 19:29:32 --> syntax error, unexpected 'return' (T_RETURN)
#0 D:\xampp\htdocs\simstidar\system\Router\Router.php(175): CodeIgniter\Router\Router->autoRoute('auth/login')
#1 D:\xampp\htdocs\simstidar\system\CodeIgniter.php(726): CodeIgniter\Router\Router->handle('auth/login')
#2 D:\xampp\htdocs\simstidar\system\CodeIgniter.php(368): CodeIgniter\CodeIgniter->tryToRouteIt(Object(CodeIgniter\Router\RouteCollection))
#3 D:\xampp\htdocs\simstidar\system\CodeIgniter.php(326): CodeIgniter\CodeIgniter->handleRequest(NULL, Object(Config\Cache), false)
#4 D:\xampp\htdocs\simstidar\public\index.php(37): CodeIgniter\CodeIgniter->run()
#5 {main}
CRITICAL - 2022-04-04 19:30:44 --> syntax error, unexpected 'return' (T_RETURN)
#0 D:\xampp\htdocs\simstidar\system\Router\Router.php(175): CodeIgniter\Router\Router->autoRoute('auth/login')
#1 D:\xampp\htdocs\simstidar\system\CodeIgniter.php(726): CodeIgniter\Router\Router->handle('auth/login')
#2 D:\xampp\htdocs\simstidar\system\CodeIgniter.php(368): CodeIgniter\CodeIgniter->tryToRouteIt(Object(CodeIgniter\Router\RouteCollection))
#3 D:\xampp\htdocs\simstidar\system\CodeIgniter.php(326): CodeIgniter\CodeIgniter->handleRequest(NULL, Object(Config\Cache), false)
#4 D:\xampp\htdocs\simstidar\public\index.php(37): CodeIgniter\CodeIgniter->run()
#5 {main}
CRITICAL - 2022-04-04 19:30:45 --> syntax error, unexpected 'return' (T_RETURN)
#0 D:\xampp\htdocs\simstidar\system\Router\Router.php(175): CodeIgniter\Router\Router->autoRoute('auth/login')
#1 D:\xampp\htdocs\simstidar\system\CodeIgniter.php(726): CodeIgniter\Router\Router->handle('auth/login')
#2 D:\xampp\htdocs\simstidar\system\CodeIgniter.php(368): CodeIgniter\CodeIgniter->tryToRouteIt(Object(CodeIgniter\Router\RouteCollection))
#3 D:\xampp\htdocs\simstidar\system\CodeIgniter.php(326): CodeIgniter\CodeIgniter->handleRequest(NULL, Object(Config\Cache), false)
#4 D:\xampp\htdocs\simstidar\public\index.php(37): CodeIgniter\CodeIgniter->run()
#5 {main}
CRITICAL - 2022-04-04 19:30:46 --> syntax error, unexpected 'return' (T_RETURN)
#0 D:\xampp\htdocs\simstidar\system\Router\Router.php(175): CodeIgniter\Router\Router->autoRoute('auth/login')
#1 D:\xampp\htdocs\simstidar\system\CodeIgniter.php(726): CodeIgniter\Router\Router->handle('auth/login')
#2 D:\xampp\htdocs\simstidar\system\CodeIgniter.php(368): CodeIgniter\CodeIgniter->tryToRouteIt(Object(CodeIgniter\Router\RouteCollection))
#3 D:\xampp\htdocs\simstidar\system\CodeIgniter.php(326): CodeIgniter\CodeIgniter->handleRequest(NULL, Object(Config\Cache), false)
#4 D:\xampp\htdocs\simstidar\public\index.php(37): CodeIgniter\CodeIgniter->run()
#5 {main}
CRITICAL - 2022-04-04 19:30:46 --> syntax error, unexpected 'return' (T_RETURN)
#0 D:\xampp\htdocs\simstidar\system\Router\Router.php(175): CodeIgniter\Router\Router->autoRoute('auth/login')
#1 D:\xampp\htdocs\simstidar\system\CodeIgniter.php(726): CodeIgniter\Router\Router->handle('auth/login')
#2 D:\xampp\htdocs\simstidar\system\CodeIgniter.php(368): CodeIgniter\CodeIgniter->tryToRouteIt(Object(CodeIgniter\Router\RouteCollection))
#3 D:\xampp\htdocs\simstidar\system\CodeIgniter.php(326): CodeIgniter\CodeIgniter->handleRequest(NULL, Object(Config\Cache), false)
#4 D:\xampp\htdocs\simstidar\public\index.php(37): CodeIgniter\CodeIgniter->run()
#5 {main}
CRITICAL - 2022-04-04 19:30:46 --> syntax error, unexpected 'return' (T_RETURN)
#0 D:\xampp\htdocs\simstidar\system\Router\Router.php(175): CodeIgniter\Router\Router->autoRoute('auth/login')
#1 D:\xampp\htdocs\simstidar\system\CodeIgniter.php(726): CodeIgniter\Router\Router->handle('auth/login')
#2 D:\xampp\htdocs\simstidar\system\CodeIgniter.php(368): CodeIgniter\CodeIgniter->tryToRouteIt(Object(CodeIgniter\Router\RouteCollection))
#3 D:\xampp\htdocs\simstidar\system\CodeIgniter.php(326): CodeIgniter\CodeIgniter->handleRequest(NULL, Object(Config\Cache), false)
#4 D:\xampp\htdocs\simstidar\public\index.php(37): CodeIgniter\CodeIgniter->run()
#5 {main}
CRITICAL - 2022-04-04 19:30:47 --> syntax error, unexpected 'return' (T_RETURN)
#0 D:\xampp\htdocs\simstidar\system\Router\Router.php(175): CodeIgniter\Router\Router->autoRoute('auth/login')
#1 D:\xampp\htdocs\simstidar\system\CodeIgniter.php(726): CodeIgniter\Router\Router->handle('auth/login')
#2 D:\xampp\htdocs\simstidar\system\CodeIgniter.php(368): CodeIgniter\CodeIgniter->tryToRouteIt(Object(CodeIgniter\Router\RouteCollection))
#3 D:\xampp\htdocs\simstidar\system\CodeIgniter.php(326): CodeIgniter\CodeIgniter->handleRequest(NULL, Object(Config\Cache), false)
#4 D:\xampp\htdocs\simstidar\public\index.php(37): CodeIgniter\CodeIgniter->run()
#5 {main}
CRITICAL - 2022-04-04 19:30:47 --> syntax error, unexpected 'return' (T_RETURN)
#0 D:\xampp\htdocs\simstidar\system\Router\Router.php(175): CodeIgniter\Router\Router->autoRoute('auth/login')
#1 D:\xampp\htdocs\simstidar\system\CodeIgniter.php(726): CodeIgniter\Router\Router->handle('auth/login')
#2 D:\xampp\htdocs\simstidar\system\CodeIgniter.php(368): CodeIgniter\CodeIgniter->tryToRouteIt(Object(CodeIgniter\Router\RouteCollection))
#3 D:\xampp\htdocs\simstidar\system\CodeIgniter.php(326): CodeIgniter\CodeIgniter->handleRequest(NULL, Object(Config\Cache), false)
#4 D:\xampp\htdocs\simstidar\public\index.php(37): CodeIgniter\CodeIgniter->run()
#5 {main}
CRITICAL - 2022-04-04 19:30:54 --> syntax error, unexpected 'return' (T_RETURN)
#0 D:\xampp\htdocs\simstidar\system\Router\Router.php(175): CodeIgniter\Router\Router->autoRoute('auth/login')
#1 D:\xampp\htdocs\simstidar\system\CodeIgniter.php(726): CodeIgniter\Router\Router->handle('auth/login')
#2 D:\xampp\htdocs\simstidar\system\CodeIgniter.php(368): CodeIgniter\CodeIgniter->tryToRouteIt(Object(CodeIgniter\Router\RouteCollection))
#3 D:\xampp\htdocs\simstidar\system\CodeIgniter.php(326): CodeIgniter\CodeIgniter->handleRequest(NULL, Object(Config\Cache), false)
#4 D:\xampp\htdocs\simstidar\public\index.php(37): CodeIgniter\CodeIgniter->run()
#5 {main}
CRITICAL - 2022-04-04 19:31:04 --> syntax error, unexpected '}'
#0 D:\xampp\htdocs\simstidar\system\Router\Router.php(175): CodeIgniter\Router\Router->autoRoute('auth/login')
#1 D:\xampp\htdocs\simstidar\system\CodeIgniter.php(726): CodeIgniter\Router\Router->handle('auth/login')
#2 D:\xampp\htdocs\simstidar\system\CodeIgniter.php(368): CodeIgniter\CodeIgniter->tryToRouteIt(Object(CodeIgniter\Router\RouteCollection))
#3 D:\xampp\htdocs\simstidar\system\CodeIgniter.php(326): CodeIgniter\CodeIgniter->handleRequest(NULL, Object(Config\Cache), false)
#4 D:\xampp\htdocs\simstidar\public\index.php(37): CodeIgniter\CodeIgniter->run()
#5 {main}
CRITICAL - 2022-04-04 19:31:07 --> syntax error, unexpected '}'
#0 D:\xampp\htdocs\simstidar\system\Router\Router.php(175): CodeIgniter\Router\Router->autoRoute('auth/login')
#1 D:\xampp\htdocs\simstidar\system\CodeIgniter.php(726): CodeIgniter\Router\Router->handle('auth/login')
#2 D:\xampp\htdocs\simstidar\system\CodeIgniter.php(368): CodeIgniter\CodeIgniter->tryToRouteIt(Object(CodeIgniter\Router\RouteCollection))
#3 D:\xampp\htdocs\simstidar\system\CodeIgniter.php(326): CodeIgniter\CodeIgniter->handleRequest(NULL, Object(Config\Cache), false)
#4 D:\xampp\htdocs\simstidar\public\index.php(37): CodeIgniter\CodeIgniter->run()
#5 {main}
CRITICAL - 2022-04-04 19:31:07 --> syntax error, unexpected '}'
#0 D:\xampp\htdocs\simstidar\system\Router\Router.php(175): CodeIgniter\Router\Router->autoRoute('auth/login')
#1 D:\xampp\htdocs\simstidar\system\CodeIgniter.php(726): CodeIgniter\Router\Router->handle('auth/login')
#2 D:\xampp\htdocs\simstidar\system\CodeIgniter.php(368): CodeIgniter\CodeIgniter->tryToRouteIt(Object(CodeIgniter\Router\RouteCollection))
#3 D:\xampp\htdocs\simstidar\system\CodeIgniter.php(326): CodeIgniter\CodeIgniter->handleRequest(NULL, Object(Config\Cache), false)
#4 D:\xampp\htdocs\simstidar\public\index.php(37): CodeIgniter\CodeIgniter->run()
#5 {main}
CRITICAL - 2022-04-04 19:31:07 --> syntax error, unexpected '}'
#0 D:\xampp\htdocs\simstidar\system\Router\Router.php(175): CodeIgniter\Router\Router->autoRoute('auth/login')
#1 D:\xampp\htdocs\simstidar\system\CodeIgniter.php(726): CodeIgniter\Router\Router->handle('auth/login')
#2 D:\xampp\htdocs\simstidar\system\CodeIgniter.php(368): CodeIgniter\CodeIgniter->tryToRouteIt(Object(CodeIgniter\Router\RouteCollection))
#3 D:\xampp\htdocs\simstidar\system\CodeIgniter.php(326): CodeIgniter\CodeIgniter->handleRequest(NULL, Object(Config\Cache), false)
#4 D:\xampp\htdocs\simstidar\public\index.php(37): CodeIgniter\CodeIgniter->run()
#5 {main}
CRITICAL - 2022-04-04 19:31:08 --> syntax error, unexpected '}'
#0 D:\xampp\htdocs\simstidar\system\Router\Router.php(175): CodeIgniter\Router\Router->autoRoute('auth/login')
#1 D:\xampp\htdocs\simstidar\system\CodeIgniter.php(726): CodeIgniter\Router\Router->handle('auth/login')
#2 D:\xampp\htdocs\simstidar\system\CodeIgniter.php(368): CodeIgniter\CodeIgniter->tryToRouteIt(Object(CodeIgniter\Router\RouteCollection))
#3 D:\xampp\htdocs\simstidar\system\CodeIgniter.php(326): CodeIgniter\CodeIgniter->handleRequest(NULL, Object(Config\Cache), false)
#4 D:\xampp\htdocs\simstidar\public\index.php(37): CodeIgniter\CodeIgniter->run()
#5 {main}
CRITICAL - 2022-04-04 19:31:08 --> syntax error, unexpected '}'
#0 D:\xampp\htdocs\simstidar\system\Router\Router.php(175): CodeIgniter\Router\Router->autoRoute('auth/login')
#1 D:\xampp\htdocs\simstidar\system\CodeIgniter.php(726): CodeIgniter\Router\Router->handle('auth/login')
#2 D:\xampp\htdocs\simstidar\system\CodeIgniter.php(368): CodeIgniter\CodeIgniter->tryToRouteIt(Object(CodeIgniter\Router\RouteCollection))
#3 D:\xampp\htdocs\simstidar\system\CodeIgniter.php(326): CodeIgniter\CodeIgniter->handleRequest(NULL, Object(Config\Cache), false)
#4 D:\xampp\htdocs\simstidar\public\index.php(37): CodeIgniter\CodeIgniter->run()
#5 {main}
CRITICAL - 2022-04-04 19:31:08 --> syntax error, unexpected '}'
#0 D:\xampp\htdocs\simstidar\system\Router\Router.php(175): CodeIgniter\Router\Router->autoRoute('auth/login')
#1 D:\xampp\htdocs\simstidar\system\CodeIgniter.php(726): CodeIgniter\Router\Router->handle('auth/login')
#2 D:\xampp\htdocs\simstidar\system\CodeIgniter.php(368): CodeIgniter\CodeIgniter->tryToRouteIt(Object(CodeIgniter\Router\RouteCollection))
#3 D:\xampp\htdocs\simstidar\system\CodeIgniter.php(326): CodeIgniter\CodeIgniter->handleRequest(NULL, Object(Config\Cache), false)
#4 D:\xampp\htdocs\simstidar\public\index.php(37): CodeIgniter\CodeIgniter->run()
#5 {main}
CRITICAL - 2022-04-04 19:31:08 --> syntax error, unexpected '}'
#0 D:\xampp\htdocs\simstidar\system\Router\Router.php(175): CodeIgniter\Router\Router->autoRoute('auth/login')
#1 D:\xampp\htdocs\simstidar\system\CodeIgniter.php(726): CodeIgniter\Router\Router->handle('auth/login')
#2 D:\xampp\htdocs\simstidar\system\CodeIgniter.php(368): CodeIgniter\CodeIgniter->tryToRouteIt(Object(CodeIgniter\Router\RouteCollection))
#3 D:\xampp\htdocs\simstidar\system\CodeIgniter.php(326): CodeIgniter\CodeIgniter->handleRequest(NULL, Object(Config\Cache), false)
#4 D:\xampp\htdocs\simstidar\public\index.php(37): CodeIgniter\CodeIgniter->run()
#5 {main}
CRITICAL - 2022-04-04 19:31:09 --> syntax error, unexpected '}'
#0 D:\xampp\htdocs\simstidar\system\Router\Router.php(175): CodeIgniter\Router\Router->autoRoute('auth/login')
#1 D:\xampp\htdocs\simstidar\system\CodeIgniter.php(726): CodeIgniter\Router\Router->handle('auth/login')
#2 D:\xampp\htdocs\simstidar\system\CodeIgniter.php(368): CodeIgniter\CodeIgniter->tryToRouteIt(Object(CodeIgniter\Router\RouteCollection))
#3 D:\xampp\htdocs\simstidar\system\CodeIgniter.php(326): CodeIgniter\CodeIgniter->handleRequest(NULL, Object(Config\Cache), false)
#4 D:\xampp\htdocs\simstidar\public\index.php(37): CodeIgniter\CodeIgniter->run()
#5 {main}
CRITICAL - 2022-04-04 19:31:09 --> syntax error, unexpected '}'
#0 D:\xampp\htdocs\simstidar\system\Router\Router.php(175): CodeIgniter\Router\Router->autoRoute('auth/login')
#1 D:\xampp\htdocs\simstidar\system\CodeIgniter.php(726): CodeIgniter\Router\Router->handle('auth/login')
#2 D:\xampp\htdocs\simstidar\system\CodeIgniter.php(368): CodeIgniter\CodeIgniter->tryToRouteIt(Object(CodeIgniter\Router\RouteCollection))
#3 D:\xampp\htdocs\simstidar\system\CodeIgniter.php(326): CodeIgniter\CodeIgniter->handleRequest(NULL, Object(Config\Cache), false)
#4 D:\xampp\htdocs\simstidar\public\index.php(37): CodeIgniter\CodeIgniter->run()
#5 {main}
CRITICAL - 2022-04-04 19:31:09 --> syntax error, unexpected '}'
#0 D:\xampp\htdocs\simstidar\system\Router\Router.php(175): CodeIgniter\Router\Router->autoRoute('auth/login')
#1 D:\xampp\htdocs\simstidar\system\CodeIgniter.php(726): CodeIgniter\Router\Router->handle('auth/login')
#2 D:\xampp\htdocs\simstidar\system\CodeIgniter.php(368): CodeIgniter\CodeIgniter->tryToRouteIt(Object(CodeIgniter\Router\RouteCollection))
#3 D:\xampp\htdocs\simstidar\system\CodeIgniter.php(326): CodeIgniter\CodeIgniter->handleRequest(NULL, Object(Config\Cache), false)
#4 D:\xampp\htdocs\simstidar\public\index.php(37): CodeIgniter\CodeIgniter->run()
#5 {main}
CRITICAL - 2022-04-04 19:31:09 --> syntax error, unexpected '}'
#0 D:\xampp\htdocs\simstidar\system\Router\Router.php(175): CodeIgniter\Router\Router->autoRoute('auth/login')
#1 D:\xampp\htdocs\simstidar\system\CodeIgniter.php(726): CodeIgniter\Router\Router->handle('auth/login')
#2 D:\xampp\htdocs\simstidar\system\CodeIgniter.php(368): CodeIgniter\CodeIgniter->tryToRouteIt(Object(CodeIgniter\Router\RouteCollection))
#3 D:\xampp\htdocs\simstidar\system\CodeIgniter.php(326): CodeIgniter\CodeIgniter->handleRequest(NULL, Object(Config\Cache), false)
#4 D:\xampp\htdocs\simstidar\public\index.php(37): CodeIgniter\CodeIgniter->run()
#5 {main}
CRITICAL - 2022-04-04 19:31:10 --> syntax error, unexpected '}'
#0 D:\xampp\htdocs\simstidar\system\Router\Router.php(175): CodeIgniter\Router\Router->autoRoute('auth/login')
#1 D:\xampp\htdocs\simstidar\system\CodeIgniter.php(726): CodeIgniter\Router\Router->handle('auth/login')
#2 D:\xampp\htdocs\simstidar\system\CodeIgniter.php(368): CodeIgniter\CodeIgniter->tryToRouteIt(Object(CodeIgniter\Router\RouteCollection))
#3 D:\xampp\htdocs\simstidar\system\CodeIgniter.php(326): CodeIgniter\CodeIgniter->handleRequest(NULL, Object(Config\Cache), false)
#4 D:\xampp\htdocs\simstidar\public\index.php(37): CodeIgniter\CodeIgniter->run()
#5 {main}
CRITICAL - 2022-04-04 19:31:10 --> syntax error, unexpected '}'
#0 D:\xampp\htdocs\simstidar\system\Router\Router.php(175): CodeIgniter\Router\Router->autoRoute('auth/login')
#1 D:\xampp\htdocs\simstidar\system\CodeIgniter.php(726): CodeIgniter\Router\Router->handle('auth/login')
#2 D:\xampp\htdocs\simstidar\system\CodeIgniter.php(368): CodeIgniter\CodeIgniter->tryToRouteIt(Object(CodeIgniter\Router\RouteCollection))
#3 D:\xampp\htdocs\simstidar\system\CodeIgniter.php(326): CodeIgniter\CodeIgniter->handleRequest(NULL, Object(Config\Cache), false)
#4 D:\xampp\htdocs\simstidar\public\index.php(37): CodeIgniter\CodeIgniter->run()
#5 {main}
CRITICAL - 2022-04-04 19:56:43 --> syntax error, unexpected 'return' (T_RETURN)
#0 D:\xampp\htdocs\simstidar\system\Router\Router.php(175): CodeIgniter\Router\Router->autoRoute('auth/login')
#1 D:\xampp\htdocs\simstidar\system\CodeIgniter.php(726): CodeIgniter\Router\Router->handle('auth/login')
#2 D:\xampp\htdocs\simstidar\system\CodeIgniter.php(368): CodeIgniter\CodeIgniter->tryToRouteIt(Object(CodeIgniter\Router\RouteCollection))
#3 D:\xampp\htdocs\simstidar\system\CodeIgniter.php(326): CodeIgniter\CodeIgniter->handleRequest(NULL, Object(Config\Cache), false)
#4 D:\xampp\htdocs\simstidar\public\index.php(37): CodeIgniter\CodeIgniter->run()
#5 {main}
CRITICAL - 2022-04-04 19:56:44 --> syntax error, unexpected 'return' (T_RETURN)
#0 D:\xampp\htdocs\simstidar\system\Router\Router.php(175): CodeIgniter\Router\Router->autoRoute('auth/login')
#1 D:\xampp\htdocs\simstidar\system\CodeIgniter.php(726): CodeIgniter\Router\Router->handle('auth/login')
#2 D:\xampp\htdocs\simstidar\system\CodeIgniter.php(368): CodeIgniter\CodeIgniter->tryToRouteIt(Object(CodeIgniter\Router\RouteCollection))
#3 D:\xampp\htdocs\simstidar\system\CodeIgniter.php(326): CodeIgniter\CodeIgniter->handleRequest(NULL, Object(Config\Cache), false)
#4 D:\xampp\htdocs\simstidar\public\index.php(37): CodeIgniter\CodeIgniter->run()
#5 {main}
CRITICAL - 2022-04-04 19:56:45 --> syntax error, unexpected 'return' (T_RETURN)
#0 D:\xampp\htdocs\simstidar\system\Router\Router.php(175): CodeIgniter\Router\Router->autoRoute('auth/login')
#1 D:\xampp\htdocs\simstidar\system\CodeIgniter.php(726): CodeIgniter\Router\Router->handle('auth/login')
#2 D:\xampp\htdocs\simstidar\system\CodeIgniter.php(368): CodeIgniter\CodeIgniter->tryToRouteIt(Object(CodeIgniter\Router\RouteCollection))
#3 D:\xampp\htdocs\simstidar\system\CodeIgniter.php(326): CodeIgniter\CodeIgniter->handleRequest(NULL, Object(Config\Cache), false)
#4 D:\xampp\htdocs\simstidar\public\index.php(37): CodeIgniter\CodeIgniter->run()
#5 {main}
CRITICAL - 2022-04-04 19:56:45 --> syntax error, unexpected 'return' (T_RETURN)
#0 D:\xampp\htdocs\simstidar\system\Router\Router.php(175): CodeIgniter\Router\Router->autoRoute('auth/login')
#1 D:\xampp\htdocs\simstidar\system\CodeIgniter.php(726): CodeIgniter\Router\Router->handle('auth/login')
#2 D:\xampp\htdocs\simstidar\system\CodeIgniter.php(368): CodeIgniter\CodeIgniter->tryToRouteIt(Object(CodeIgniter\Router\RouteCollection))
#3 D:\xampp\htdocs\simstidar\system\CodeIgniter.php(326): CodeIgniter\CodeIgniter->handleRequest(NULL, Object(Config\Cache), false)
#4 D:\xampp\htdocs\simstidar\public\index.php(37): CodeIgniter\CodeIgniter->run()
#5 {main}
CRITICAL - 2022-04-04 19:56:45 --> syntax error, unexpected 'return' (T_RETURN)
#0 D:\xampp\htdocs\simstidar\system\Router\Router.php(175): CodeIgniter\Router\Router->autoRoute('auth/login')
#1 D:\xampp\htdocs\simstidar\system\CodeIgniter.php(726): CodeIgniter\Router\Router->handle('auth/login')
#2 D:\xampp\htdocs\simstidar\system\CodeIgniter.php(368): CodeIgniter\CodeIgniter->tryToRouteIt(Object(CodeIgniter\Router\RouteCollection))
#3 D:\xampp\htdocs\simstidar\system\CodeIgniter.php(326): CodeIgniter\CodeIgniter->handleRequest(NULL, Object(Config\Cache), false)
#4 D:\xampp\htdocs\simstidar\public\index.php(37): CodeIgniter\CodeIgniter->run()
#5 {main}
CRITICAL - 2022-04-04 19:56:47 --> syntax error, unexpected 'return' (T_RETURN)
#0 D:\xampp\htdocs\simstidar\system\Router\Router.php(175): CodeIgniter\Router\Router->autoRoute('auth/login')
#1 D:\xampp\htdocs\simstidar\system\CodeIgniter.php(726): CodeIgniter\Router\Router->handle('auth/login')
#2 D:\xampp\htdocs\simstidar\system\CodeIgniter.php(368): CodeIgniter\CodeIgniter->tryToRouteIt(Object(CodeIgniter\Router\RouteCollection))
#3 D:\xampp\htdocs\simstidar\system\CodeIgniter.php(326): CodeIgniter\CodeIgniter->handleRequest(NULL, Object(Config\Cache), false)
#4 D:\xampp\htdocs\simstidar\public\index.php(37): CodeIgniter\CodeIgniter->run()
#5 {main}
CRITICAL - 2022-04-04 20:30:46 --> Invalid argument supplied for foreach()
#0 D:\xampp\htdocs\simstidar\app\Views\login.php(32): CodeIgniter\Debug\Exceptions->errorHandler(2, 'Invalid argumen...', 'D:\\xampp\\htdocs...', 32, Array)
#1 D:\xampp\htdocs\simstidar\system\View\View.php(210): include('D:\\xampp\\htdocs...')
#2 D:\xampp\htdocs\simstidar\system\View\View.php(213): CodeIgniter\View\View->CodeIgniter\View\{closure}()
#3 D:\xampp\htdocs\simstidar\system\Common.php(1089): CodeIgniter\View\View->render('login', Array, true)
#4 D:\xampp\htdocs\simstidar\app\Controllers\Auth.php(17): view('login', Array)
#5 D:\xampp\htdocs\simstidar\system\CodeIgniter.php(832): App\Controllers\Auth->login()
#6 D:\xampp\htdocs\simstidar\system\CodeIgniter.php(419): CodeIgniter\CodeIgniter->runController(Object(App\Controllers\Auth))
#7 D:\xampp\htdocs\simstidar\system\CodeIgniter.php(326): CodeIgniter\CodeIgniter->handleRequest(NULL, Object(Config\Cache), false)
#8 D:\xampp\htdocs\simstidar\public\index.php(37): CodeIgniter\CodeIgniter->run()
#9 {main}
CRITICAL - 2022-04-04 20:30:55 --> Invalid argument supplied for foreach()
#0 D:\xampp\htdocs\simstidar\app\Views\login.php(32): CodeIgniter\Debug\Exceptions->errorHandler(2, 'Invalid argumen...', 'D:\\xampp\\htdocs...', 32, Array)
#1 D:\xampp\htdocs\simstidar\system\View\View.php(210): include('D:\\xampp\\htdocs...')
#2 D:\xampp\htdocs\simstidar\system\View\View.php(213): CodeIgniter\View\View->CodeIgniter\View\{closure}()
#3 D:\xampp\htdocs\simstidar\system\Common.php(1089): CodeIgniter\View\View->render('login', Array, true)
#4 D:\xampp\htdocs\simstidar\app\Controllers\Auth.php(17): view('login', Array)
#5 D:\xampp\htdocs\simstidar\system\CodeIgniter.php(832): App\Controllers\Auth->login()
#6 D:\xampp\htdocs\simstidar\system\CodeIgniter.php(419): CodeIgniter\CodeIgniter->runController(Object(App\Controllers\Auth))
#7 D:\xampp\htdocs\simstidar\system\CodeIgniter.php(326): CodeIgniter\CodeIgniter->handleRequest(NULL, Object(Config\Cache), false)
#8 D:\xampp\htdocs\simstidar\public\index.php(37): CodeIgniter\CodeIgniter->run()
#9 {main}
CRITICAL - 2022-04-04 20:30:58 --> Invalid argument supplied for foreach()
#0 D:\xampp\htdocs\simstidar\app\Views\login.php(32): CodeIgniter\Debug\Exceptions->errorHandler(2, 'Invalid argumen...', 'D:\\xampp\\htdocs...', 32, Array)
#1 D:\xampp\htdocs\simstidar\system\View\View.php(210): include('D:\\xampp\\htdocs...')
#2 D:\xampp\htdocs\simstidar\system\View\View.php(213): CodeIgniter\View\View->CodeIgniter\View\{closure}()
#3 D:\xampp\htdocs\simstidar\system\Common.php(1089): CodeIgniter\View\View->render('login', Array, true)
#4 D:\xampp\htdocs\simstidar\app\Controllers\Auth.php(17): view('login', Array)
#5 D:\xampp\htdocs\simstidar\system\CodeIgniter.php(832): App\Controllers\Auth->login()
#6 D:\xampp\htdocs\simstidar\system\CodeIgniter.php(419): CodeIgniter\CodeIgniter->runController(Object(App\Controllers\Auth))
#7 D:\xampp\htdocs\simstidar\system\CodeIgniter.php(326): CodeIgniter\CodeIgniter->handleRequest(NULL, Object(Config\Cache), false)
#8 D:\xampp\htdocs\simstidar\public\index.php(37): CodeIgniter\CodeIgniter->run()
#9 {main}
CRITICAL - 2022-04-04 20:33:48 --> Invalid argument supplied for foreach()
#0 D:\xampp\htdocs\simstidar\app\Views\login.php(32): CodeIgniter\Debug\Exceptions->errorHandler(2, 'Invalid argumen...', 'D:\\xampp\\htdocs...', 32, Array)
#1 D:\xampp\htdocs\simstidar\system\View\View.php(210): include('D:\\xampp\\htdocs...')
#2 D:\xampp\htdocs\simstidar\system\View\View.php(213): CodeIgniter\View\View->CodeIgniter\View\{closure}()
#3 D:\xampp\htdocs\simstidar\system\Common.php(1089): CodeIgniter\View\View->render('login', Array, true)
#4 D:\xampp\htdocs\simstidar\app\Controllers\Auth.php(17): view('login', Array)
#5 D:\xampp\htdocs\simstidar\system\CodeIgniter.php(832): App\Controllers\Auth->login()
#6 D:\xampp\htdocs\simstidar\system\CodeIgniter.php(419): CodeIgniter\CodeIgniter->runController(Object(App\Controllers\Auth))
#7 D:\xampp\htdocs\simstidar\system\CodeIgniter.php(326): CodeIgniter\CodeIgniter->handleRequest(NULL, Object(Config\Cache), false)
#8 D:\xampp\htdocs\simstidar\public\index.php(37): CodeIgniter\CodeIgniter->run()
#9 {main}
CRITICAL - 2022-04-04 20:34:38 --> Invalid argument supplied for foreach()
#0 D:\xampp\htdocs\simstidar\app\Views\login.php(32): CodeIgniter\Debug\Exceptions->errorHandler(2, 'Invalid argumen...', 'D:\\xampp\\htdocs...', 32, Array)
#1 D:\xampp\htdocs\simstidar\system\View\View.php(210): include('D:\\xampp\\htdocs...')
#2 D:\xampp\htdocs\simstidar\system\View\View.php(213): CodeIgniter\View\View->CodeIgniter\View\{closure}()
#3 D:\xampp\htdocs\simstidar\system\Common.php(1089): CodeIgniter\View\View->render('login', Array, true)
#4 D:\xampp\htdocs\simstidar\app\Controllers\Auth.php(17): view('login', Array)
#5 D:\xampp\htdocs\simstidar\system\CodeIgniter.php(832): App\Controllers\Auth->login()
#6 D:\xampp\htdocs\simstidar\system\CodeIgniter.php(419): CodeIgniter\CodeIgniter->runController(Object(App\Controllers\Auth))
#7 D:\xampp\htdocs\simstidar\system\CodeIgniter.php(326): CodeIgniter\CodeIgniter->handleRequest(NULL, Object(Config\Cache), false)
#8 D:\xampp\htdocs\simstidar\public\index.php(37): CodeIgniter\CodeIgniter->run()
#9 {main}
CRITICAL - 2022-04-04 20:34:40 --> Invalid argument supplied for foreach()
#0 D:\xampp\htdocs\simstidar\app\Views\login.php(32): CodeIgniter\Debug\Exceptions->errorHandler(2, 'Invalid argumen...', 'D:\\xampp\\htdocs...', 32, Array)
#1 D:\xampp\htdocs\simstidar\system\View\View.php(210): include('D:\\xampp\\htdocs...')
#2 D:\xampp\htdocs\simstidar\system\View\View.php(213): CodeIgniter\View\View->CodeIgniter\View\{closure}()
#3 D:\xampp\htdocs\simstidar\system\Common.php(1089): CodeIgniter\View\View->render('login', Array, true)
#4 D:\xampp\htdocs\simstidar\app\Controllers\Auth.php(17): view('login', Array)
#5 D:\xampp\htdocs\simstidar\system\CodeIgniter.php(832): App\Controllers\Auth->login()
#6 D:\xampp\htdocs\simstidar\system\CodeIgniter.php(419): CodeIgniter\CodeIgniter->runController(Object(App\Controllers\Auth))
#7 D:\xampp\htdocs\simstidar\system\CodeIgniter.php(326): CodeIgniter\CodeIgniter->handleRequest(NULL, Object(Config\Cache), false)
#8 D:\xampp\htdocs\simstidar\public\index.php(37): CodeIgniter\CodeIgniter->run()
#9 {main}
CRITICAL - 2022-04-04 20:57:28 --> Invalid argument supplied for foreach()
#0 D:\xampp\htdocs\simstidar\app\Views\login.php(34): CodeIgniter\Debug\Exceptions->errorHandler(2, 'Invalid argumen...', 'D:\\xampp\\htdocs...', 34, Array)
#1 D:\xampp\htdocs\simstidar\system\View\View.php(210): include('D:\\xampp\\htdocs...')
#2 D:\xampp\htdocs\simstidar\system\View\View.php(213): CodeIgniter\View\View->CodeIgniter\View\{closure}()
#3 D:\xampp\htdocs\simstidar\system\Common.php(1089): CodeIgniter\View\View->render('login', Array, true)
#4 D:\xampp\htdocs\simstidar\app\Controllers\Auth.php(17): view('login', Array)
#5 D:\xampp\htdocs\simstidar\system\CodeIgniter.php(832): App\Controllers\Auth->login()
#6 D:\xampp\htdocs\simstidar\system\CodeIgniter.php(419): CodeIgniter\CodeIgniter->runController(Object(App\Controllers\Auth))
#7 D:\xampp\htdocs\simstidar\system\CodeIgniter.php(326): CodeIgniter\CodeIgniter->handleRequest(NULL, Object(Config\Cache), false)
#8 D:\xampp\htdocs\simstidar\public\index.php(37): CodeIgniter\CodeIgniter->run()
#9 {main}
CRITICAL - 2022-04-04 20:57:37 --> Invalid argument supplied for foreach()
#0 D:\xampp\htdocs\simstidar\app\Views\login.php(34): CodeIgniter\Debug\Exceptions->errorHandler(2, 'Invalid argumen...', 'D:\\xampp\\htdocs...', 34, Array)
#1 D:\xampp\htdocs\simstidar\system\View\View.php(210): include('D:\\xampp\\htdocs...')
#2 D:\xampp\htdocs\simstidar\system\View\View.php(213): CodeIgniter\View\View->CodeIgniter\View\{closure}()
#3 D:\xampp\htdocs\simstidar\system\Common.php(1089): CodeIgniter\View\View->render('login', Array, true)
#4 D:\xampp\htdocs\simstidar\app\Controllers\Auth.php(17): view('login', Array)
#5 D:\xampp\htdocs\simstidar\system\CodeIgniter.php(832): App\Controllers\Auth->login()
#6 D:\xampp\htdocs\simstidar\system\CodeIgniter.php(419): CodeIgniter\CodeIgniter->runController(Object(App\Controllers\Auth))
#7 D:\xampp\htdocs\simstidar\system\CodeIgniter.php(326): CodeIgniter\CodeIgniter->handleRequest(NULL, Object(Config\Cache), false)
#8 D:\xampp\htdocs\simstidar\public\index.php(37): CodeIgniter\CodeIgniter->run()
#9 {main}
CRITICAL - 2022-04-04 20:57:40 --> Invalid argument supplied for foreach()
#0 D:\xampp\htdocs\simstidar\app\Views\login.php(34): CodeIgniter\Debug\Exceptions->errorHandler(2, 'Invalid argumen...', 'D:\\xampp\\htdocs...', 34, Array)
#1 D:\xampp\htdocs\simstidar\system\View\View.php(210): include('D:\\xampp\\htdocs...')
#2 D:\xampp\htdocs\simstidar\system\View\View.php(213): CodeIgniter\View\View->CodeIgniter\View\{closure}()
#3 D:\xampp\htdocs\simstidar\system\Common.php(1089): CodeIgniter\View\View->render('login', Array, true)
#4 D:\xampp\htdocs\simstidar\app\Controllers\Auth.php(17): view('login', Array)
#5 D:\xampp\htdocs\simstidar\system\CodeIgniter.php(832): App\Controllers\Auth->login()
#6 D:\xampp\htdocs\simstidar\system\CodeIgniter.php(419): CodeIgniter\CodeIgniter->runController(Object(App\Controllers\Auth))
#7 D:\xampp\htdocs\simstidar\system\CodeIgniter.php(326): CodeIgniter\CodeIgniter->handleRequest(NULL, Object(Config\Cache), false)
#8 D:\xampp\htdocs\simstidar\public\index.php(37): CodeIgniter\CodeIgniter->run()
#9 {main}
CRITICAL - 2022-04-04 22:53:17 --> Undefined property: App\Controllers\Auth::$Model_Auth
#0 D:\xampp\htdocs\simstidar\app\Controllers\Auth.php(41): CodeIgniter\Debug\Exceptions->errorHandler(8, 'Undefined prope...', 'D:\\xampp\\htdocs...', 41, Array)
#1 D:\xampp\htdocs\simstidar\system\CodeIgniter.php(832): App\Controllers\Auth->login()
#2 D:\xampp\htdocs\simstidar\system\CodeIgniter.php(419): CodeIgniter\CodeIgniter->runController(Object(App\Controllers\Auth))
#3 D:\xampp\htdocs\simstidar\system\CodeIgniter.php(326): CodeIgniter\CodeIgniter->handleRequest(NULL, Object(Config\Cache), false)
#4 D:\xampp\htdocs\simstidar\public\index.php(37): CodeIgniter\CodeIgniter->run()
#5 {main}
CRITICAL - 2022-04-04 22:59:36 --> Undefined property: App\Controllers\Auth::$Model_Auth
#0 D:\xampp\htdocs\simstidar\app\Controllers\Auth.php(41): CodeIgniter\Debug\Exceptions->errorHandler(8, 'Undefined prope...', 'D:\\xampp\\htdocs...', 41, Array)
#1 D:\xampp\htdocs\simstidar\system\CodeIgniter.php(832): App\Controllers\Auth->login()
#2 D:\xampp\htdocs\simstidar\system\CodeIgniter.php(419): CodeIgniter\CodeIgniter->runController(Object(App\Controllers\Auth))
#3 D:\xampp\htdocs\simstidar\system\CodeIgniter.php(326): CodeIgniter\CodeIgniter->handleRequest(NULL, Object(Config\Cache), false)
#4 D:\xampp\htdocs\simstidar\public\index.php(37): CodeIgniter\CodeIgniter->run()
#5 {main}
CRITICAL - 2022-04-04 23:00:00 --> Undefined property: App\Controllers\Auth::$Model_Auth
#0 D:\xampp\htdocs\simstidar\app\Controllers\Auth.php(41): CodeIgniter\Debug\Exceptions->errorHandler(8, 'Undefined prope...', 'D:\\xampp\\htdocs...', 41, Array)
#1 D:\xampp\htdocs\simstidar\system\CodeIgniter.php(832): App\Controllers\Auth->login()
#2 D:\xampp\htdocs\simstidar\system\CodeIgniter.php(419): CodeIgniter\CodeIgniter->runController(Object(App\Controllers\Auth))
#3 D:\xampp\htdocs\simstidar\system\CodeIgniter.php(326): CodeIgniter\CodeIgniter->handleRequest(NULL, Object(Config\Cache), false)
#4 D:\xampp\htdocs\simstidar\public\index.php(37): CodeIgniter\CodeIgniter->run()
#5 {main}
CRITICAL - 2022-04-04 23:00:22 --> Undefined property: App\Controllers\Auth::$Model_Auth
#0 D:\xampp\htdocs\simstidar\app\Controllers\Auth.php(41): CodeIgniter\Debug\Exceptions->errorHandler(8, 'Undefined prope...', 'D:\\xampp\\htdocs...', 41, Array)
#1 D:\xampp\htdocs\simstidar\system\CodeIgniter.php(832): App\Controllers\Auth->login()
#2 D:\xampp\htdocs\simstidar\system\CodeIgniter.php(419): CodeIgniter\CodeIgniter->runController(Object(App\Controllers\Auth))
#3 D:\xampp\htdocs\simstidar\system\CodeIgniter.php(326): CodeIgniter\CodeIgniter->handleRequest(NULL, Object(Config\Cache), false)
#4 D:\xampp\htdocs\simstidar\public\index.php(37): CodeIgniter\CodeIgniter->run()
#5 {main}
CRITICAL - 2022-04-04 23:01:11 --> Undefined property: App\Controllers\Auth::$Model_Auth
#0 D:\xampp\htdocs\simstidar\app\Controllers\Auth.php(41): CodeIgniter\Debug\Exceptions->errorHandler(8, 'Undefined prope...', 'D:\\xampp\\htdocs...', 41, Array)
#1 D:\xampp\htdocs\simstidar\system\CodeIgniter.php(832): App\Controllers\Auth->login()
#2 D:\xampp\htdocs\simstidar\system\CodeIgniter.php(419): CodeIgniter\CodeIgniter->runController(Object(App\Controllers\Auth))
#3 D:\xampp\htdocs\simstidar\system\CodeIgniter.php(326): CodeIgniter\CodeIgniter->handleRequest(NULL, Object(Config\Cache), false)
#4 D:\xampp\htdocs\simstidar\public\index.php(37): CodeIgniter\CodeIgniter->run()
#5 {main}
CRITICAL - 2022-04-04 23:03:49 --> Undefined property: App\Controllers\Auth::$Model_Auth
#0 D:\xampp\htdocs\simstidar\app\Controllers\Auth.php(41): CodeIgniter\Debug\Exceptions->errorHandler(8, 'Undefined prope...', 'D:\\xampp\\htdocs...', 41, Array)
#1 D:\xampp\htdocs\simstidar\system\CodeIgniter.php(832): App\Controllers\Auth->login()
#2 D:\xampp\htdocs\simstidar\system\CodeIgniter.php(419): CodeIgniter\CodeIgniter->runController(Object(App\Controllers\Auth))
#3 D:\xampp\htdocs\simstidar\system\CodeIgniter.php(326): CodeIgniter\CodeIgniter->handleRequest(NULL, Object(Config\Cache), false)
#4 D:\xampp\htdocs\simstidar\public\index.php(37): CodeIgniter\CodeIgniter->run()
#5 {main}
CRITICAL - 2022-04-04 23:03:56 --> Undefined property: App\Controllers\Auth::$Model_Auth
#0 D:\xampp\htdocs\simstidar\app\Controllers\Auth.php(41): CodeIgniter\Debug\Exceptions->errorHandler(8, 'Undefined prope...', 'D:\\xampp\\htdocs...', 41, Array)
#1 D:\xampp\htdocs\simstidar\system\CodeIgniter.php(832): App\Controllers\Auth->login()
#2 D:\xampp\htdocs\simstidar\system\CodeIgniter.php(419): CodeIgniter\CodeIgniter->runController(Object(App\Controllers\Auth))
#3 D:\xampp\htdocs\simstidar\system\CodeIgniter.php(326): CodeIgniter\CodeIgniter->handleRequest(NULL, Object(Config\Cache), false)
#4 D:\xampp\htdocs\simstidar\public\index.php(37): CodeIgniter\CodeIgniter->run()
#5 {main}
CRITICAL - 2022-04-04 23:06:45 --> Undefined property: App\Controllers\Auth::$Model_Auth
#0 D:\xampp\htdocs\simstidar\app\Controllers\Auth.php(41): CodeIgniter\Debug\Exceptions->errorHandler(8, 'Undefined prope...', 'D:\\xampp\\htdocs...', 41, Array)
#1 D:\xampp\htdocs\simstidar\system\CodeIgniter.php(832): App\Controllers\Auth->login()
#2 D:\xampp\htdocs\simstidar\system\CodeIgniter.php(419): CodeIgniter\CodeIgniter->runController(Object(App\Controllers\Auth))
#3 D:\xampp\htdocs\simstidar\system\CodeIgniter.php(326): CodeIgniter\CodeIgniter->handleRequest(NULL, Object(Config\Cache), false)
#4 D:\xampp\htdocs\simstidar\public\index.php(37): CodeIgniter\CodeIgniter->run()
#5 {main}
CRITICAL - 2022-04-04 23:09:37 --> Undefined property: App\Controllers\Auth::$Model_Auth
#0 D:\xampp\htdocs\simstidar\app\Controllers\Auth.php(42): CodeIgniter\Debug\Exceptions->errorHandler(8, 'Undefined prope...', 'D:\\xampp\\htdocs...', 42, Array)
#1 D:\xampp\htdocs\simstidar\system\CodeIgniter.php(832): App\Controllers\Auth->login()
#2 D:\xampp\htdocs\simstidar\system\CodeIgniter.php(419): CodeIgniter\CodeIgniter->runController(Object(App\Controllers\Auth))
#3 D:\xampp\htdocs\simstidar\system\CodeIgniter.php(326): CodeIgniter\CodeIgniter->handleRequest(NULL, Object(Config\Cache), false)
#4 D:\xampp\htdocs\simstidar\public\index.php(37): CodeIgniter\CodeIgniter->run()
#5 {main}
CRITICAL - 2022-04-04 23:09:43 --> Undefined property: App\Controllers\Auth::$Model_Auth
#0 D:\xampp\htdocs\simstidar\app\Controllers\Auth.php(42): CodeIgniter\Debug\Exceptions->errorHandler(8, 'Undefined prope...', 'D:\\xampp\\htdocs...', 42, Array)
#1 D:\xampp\htdocs\simstidar\system\CodeIgniter.php(832): App\Controllers\Auth->login()
#2 D:\xampp\htdocs\simstidar\system\CodeIgniter.php(419): CodeIgniter\CodeIgniter->runController(Object(App\Controllers\Auth))
#3 D:\xampp\htdocs\simstidar\system\CodeIgniter.php(326): CodeIgniter\CodeIgniter->handleRequest(NULL, Object(Config\Cache), false)
#4 D:\xampp\htdocs\simstidar\public\index.php(37): CodeIgniter\CodeIgniter->run()
#5 {main}
CRITICAL - 2022-04-04 23:10:52 --> Undefined property: App\Controllers\Auth::$Model_Auth
#0 D:\xampp\htdocs\simstidar\app\Controllers\Auth.php(12): CodeIgniter\Debug\Exceptions->errorHandler(8, 'Undefined prope...', 'D:\\xampp\\htdocs...', 12, Array)
#1 D:\xampp\htdocs\simstidar\system\CodeIgniter.php(809): App\Controllers\Auth->__construct()
#2 D:\xampp\htdocs\simstidar\system\CodeIgniter.php(410): CodeIgniter\CodeIgniter->createController()
#3 D:\xampp\htdocs\simstidar\system\CodeIgniter.php(326): CodeIgniter\CodeIgniter->handleRequest(NULL, Object(Config\Cache), false)
#4 D:\xampp\htdocs\simstidar\public\index.php(37): CodeIgniter\CodeIgniter->run()
#5 {main}
CRITICAL - 2022-04-04 23:11:50 --> Undefined index: pasword
#0 D:\xampp\htdocs\simstidar\app\Controllers\Auth.php(49): CodeIgniter\Debug\Exceptions->errorHandler(8, 'Undefined index...', 'D:\\xampp\\htdocs...', 49, Array)
#1 D:\xampp\htdocs\simstidar\system\CodeIgniter.php(832): App\Controllers\Auth->login()
#2 D:\xampp\htdocs\simstidar\system\CodeIgniter.php(419): CodeIgniter\CodeIgniter->runController(Object(App\Controllers\Auth))
#3 D:\xampp\htdocs\simstidar\system\CodeIgniter.php(326): CodeIgniter\CodeIgniter->handleRequest(NULL, Object(Config\Cache), false)
#4 D:\xampp\htdocs\simstidar\public\index.php(37): CodeIgniter\CodeIgniter->run()
#5 {main}
