CRITICAL - 2023-04-09 01:35:53 --> Undefined property: Config\App::$indexPage
#0 /home/mediace1/sim.stidar.ac.id/system/Helpers/url_helper.php(51): CodeIgniter\Debug\Exceptions->errorHandler(8, 'Undefined prope...', '/home/mediace1/...', 51, Array)
#1 /home/mediace1/sim.stidar.ac.id/system/Helpers/url_helper.php(87): _get_uri('auth/login', Object(Config\App))
#2 /home/mediace1/sim.stidar.ac.id/system/Helpers/form_helper.php(39): site_url('auth/login')
#3 /home/mediace1/sim.stidar.ac.id/app/Views/login.php(47): form_open('auth/login')
#4 /home/mediace1/sim.stidar.ac.id/system/View/View.php(210): include('/home/mediace1/...')
#5 /home/mediace1/sim.stidar.ac.id/system/View/View.php(213): CodeIgniter\View\View->CodeIgniter\View\{closure}()
#6 /home/mediace1/sim.stidar.ac.id/system/Common.php(1089): CodeIgniter\View\View->render('login', Array, true)
#7 /home/mediace1/sim.stidar.ac.id/app/Controllers/Auth.php(19): view('login', Array)
#8 /home/mediace1/sim.stidar.ac.id/system/CodeIgniter.php(832): App\Controllers\Auth->index()
#9 /home/mediace1/sim.stidar.ac.id/system/CodeIgniter.php(419): CodeIgniter\CodeIgniter->runController(Object(App\Controllers\Auth))
#10 /home/mediace1/sim.stidar.ac.id/system/CodeIgniter.php(326): CodeIgniter\CodeIgniter->handleRequest(NULL, Object(Config\Cache), false)
#11 /home/mediace1/sim.stidar.ac.id/index.php(37): CodeIgniter\CodeIgniter->run()
#12 {main}
CRITICAL - 2023-04-09 05:00:53 --> Undefined property: Config\App::$indexPage
#0 /home/mediace1/sim.stidar.ac.id/system/Helpers/url_helper.php(51): CodeIgniter\Debug\Exceptions->errorHandler(8, 'Undefined prope...', '/home/mediace1/...', 51, Array)
#1 /home/mediace1/sim.stidar.ac.id/system/Helpers/url_helper.php(87): _get_uri('auth/login', Object(Config\App))
#2 /home/mediace1/sim.stidar.ac.id/system/Helpers/form_helper.php(39): site_url('auth/login')
#3 /home/mediace1/sim.stidar.ac.id/app/Views/login.php(47): form_open('auth/login')
#4 /home/mediace1/sim.stidar.ac.id/system/View/View.php(210): include('/home/mediace1/...')
#5 /home/mediace1/sim.stidar.ac.id/system/View/View.php(213): CodeIgniter\View\View->CodeIgniter\View\{closure}()
#6 /home/mediace1/sim.stidar.ac.id/system/Common.php(1089): CodeIgniter\View\View->render('login', Array, true)
#7 /home/mediace1/sim.stidar.ac.id/app/Controllers/Auth.php(19): view('login', Array)
#8 /home/mediace1/sim.stidar.ac.id/system/CodeIgniter.php(832): App\Controllers\Auth->index()
#9 /home/mediace1/sim.stidar.ac.id/system/CodeIgniter.php(419): CodeIgniter\CodeIgniter->runController(Object(App\Controllers\Auth))
#10 /home/mediace1/sim.stidar.ac.id/system/CodeIgniter.php(326): CodeIgniter\CodeIgniter->handleRequest(NULL, Object(Config\Cache), false)
#11 /home/mediace1/sim.stidar.ac.id/index.php(37): CodeIgniter\CodeIgniter->run()
#12 {main}
CRITICAL - 2023-04-09 08:00:09 --> Undefined property: Config\App::$indexPage
#0 /home/mediace1/sim.stidar.ac.id/system/Helpers/url_helper.php(51): CodeIgniter\Debug\Exceptions->errorHandler(8, 'Undefined prope...', '/home/mediace1/...', 51, Array)
#1 /home/mediace1/sim.stidar.ac.id/system/Helpers/url_helper.php(87): _get_uri('auth/login', Object(Config\App))
#2 /home/mediace1/sim.stidar.ac.id/system/Helpers/form_helper.php(39): site_url('auth/login')
#3 /home/mediace1/sim.stidar.ac.id/app/Views/login.php(47): form_open('auth/login')
#4 /home/mediace1/sim.stidar.ac.id/system/View/View.php(210): include('/home/mediace1/...')
#5 /home/mediace1/sim.stidar.ac.id/system/View/View.php(213): CodeIgniter\View\View->CodeIgniter\View\{closure}()
#6 /home/mediace1/sim.stidar.ac.id/system/Common.php(1089): CodeIgniter\View\View->render('login', Array, true)
#7 /home/mediace1/sim.stidar.ac.id/app/Controllers/Auth.php(19): view('login', Array)
#8 /home/mediace1/sim.stidar.ac.id/system/CodeIgniter.php(832): App\Controllers\Auth->index()
#9 /home/mediace1/sim.stidar.ac.id/system/CodeIgniter.php(419): CodeIgniter\CodeIgniter->runController(Object(App\Controllers\Auth))
#10 /home/mediace1/sim.stidar.ac.id/system/CodeIgniter.php(326): CodeIgniter\CodeIgniter->handleRequest(NULL, Object(Config\Cache), false)
#11 /home/mediace1/sim.stidar.ac.id/index.php(37): CodeIgniter\CodeIgniter->run()
#12 {main}
CRITICAL - 2023-04-09 08:00:19 --> Undefined property: Config\App::$indexPage
#0 /home/mediace1/sim.stidar.ac.id/system/Helpers/url_helper.php(51): CodeIgniter\Debug\Exceptions->errorHandler(8, 'Undefined prope...', '/home/mediace1/...', 51, Array)
#1 /home/mediace1/sim.stidar.ac.id/system/Helpers/url_helper.php(87): _get_uri('auth/login', Object(Config\App))
#2 /home/mediace1/sim.stidar.ac.id/system/Helpers/form_helper.php(39): site_url('auth/login')
#3 /home/mediace1/sim.stidar.ac.id/app/Views/login.php(47): form_open('auth/login')
#4 /home/mediace1/sim.stidar.ac.id/system/View/View.php(210): include('/home/mediace1/...')
#5 /home/mediace1/sim.stidar.ac.id/system/View/View.php(213): CodeIgniter\View\View->CodeIgniter\View\{closure}()
#6 /home/mediace1/sim.stidar.ac.id/system/Common.php(1089): CodeIgniter\View\View->render('login', Array, true)
#7 /home/mediace1/sim.stidar.ac.id/app/Controllers/Auth.php(19): view('login', Array)
#8 /home/mediace1/sim.stidar.ac.id/system/CodeIgniter.php(832): App\Controllers\Auth->index()
#9 /home/mediace1/sim.stidar.ac.id/system/CodeIgniter.php(419): CodeIgniter\CodeIgniter->runController(Object(App\Controllers\Auth))
#10 /home/mediace1/sim.stidar.ac.id/system/CodeIgniter.php(326): CodeIgniter\CodeIgniter->handleRequest(NULL, Object(Config\Cache), false)
#11 /home/mediace1/sim.stidar.ac.id/index.php(37): CodeIgniter\CodeIgniter->run()
#12 {main}
CRITICAL - 2023-04-09 08:13:42 --> Undefined property: Config\App::$indexPage
#0 /home/mediace1/sim.stidar.ac.id/system/Helpers/url_helper.php(51): CodeIgniter\Debug\Exceptions->errorHandler(8, 'Undefined prope...', '/home/mediace1/...', 51, Array)
#1 /home/mediace1/sim.stidar.ac.id/system/Helpers/url_helper.php(87): _get_uri('auth/login', Object(Config\App))
#2 /home/mediace1/sim.stidar.ac.id/system/Helpers/form_helper.php(39): site_url('auth/login')
#3 /home/mediace1/sim.stidar.ac.id/app/Views/login.php(47): form_open('auth/login')
#4 /home/mediace1/sim.stidar.ac.id/system/View/View.php(210): include('/home/mediace1/...')
#5 /home/mediace1/sim.stidar.ac.id/system/View/View.php(213): CodeIgniter\View\View->CodeIgniter\View\{closure}()
#6 /home/mediace1/sim.stidar.ac.id/system/Common.php(1089): CodeIgniter\View\View->render('login', Array, true)
#7 /home/mediace1/sim.stidar.ac.id/app/Controllers/Auth.php(19): view('login', Array)
#8 /home/mediace1/sim.stidar.ac.id/system/CodeIgniter.php(832): App\Controllers\Auth->index()
#9 /home/mediace1/sim.stidar.ac.id/system/CodeIgniter.php(419): CodeIgniter\CodeIgniter->runController(Object(App\Controllers\Auth))
#10 /home/mediace1/sim.stidar.ac.id/system/CodeIgniter.php(326): CodeIgniter\CodeIgniter->handleRequest(NULL, Object(Config\Cache), false)
#11 /home/mediace1/sim.stidar.ac.id/index.php(37): CodeIgniter\CodeIgniter->run()
#12 {main}
CRITICAL - 2023-04-09 08:13:52 --> Undefined property: Config\App::$indexPage
#0 /home/mediace1/sim.stidar.ac.id/system/Helpers/url_helper.php(51): CodeIgniter\Debug\Exceptions->errorHandler(8, 'Undefined prope...', '/home/mediace1/...', 51, Array)
#1 /home/mediace1/sim.stidar.ac.id/system/Helpers/url_helper.php(87): _get_uri('auth/login', Object(Config\App))
#2 /home/mediace1/sim.stidar.ac.id/system/Helpers/form_helper.php(39): site_url('auth/login')
#3 /home/mediace1/sim.stidar.ac.id/app/Views/login.php(47): form_open('auth/login')
#4 /home/mediace1/sim.stidar.ac.id/system/View/View.php(210): include('/home/mediace1/...')
#5 /home/mediace1/sim.stidar.ac.id/system/View/View.php(213): CodeIgniter\View\View->CodeIgniter\View\{closure}()
#6 /home/mediace1/sim.stidar.ac.id/system/Common.php(1089): CodeIgniter\View\View->render('login', Array, true)
#7 /home/mediace1/sim.stidar.ac.id/app/Controllers/Auth.php(19): view('login', Array)
#8 /home/mediace1/sim.stidar.ac.id/system/CodeIgniter.php(832): App\Controllers\Auth->index()
#9 /home/mediace1/sim.stidar.ac.id/system/CodeIgniter.php(419): CodeIgniter\CodeIgniter->runController(Object(App\Controllers\Auth))
#10 /home/mediace1/sim.stidar.ac.id/system/CodeIgniter.php(326): CodeIgniter\CodeIgniter->handleRequest(NULL, Object(Config\Cache), false)
#11 /home/mediace1/sim.stidar.ac.id/index.php(37): CodeIgniter\CodeIgniter->run()
#12 {main}
CRITICAL - 2023-04-09 23:41:43 --> Undefined property: Config\App::$indexPage
#0 /home/mediace1/sim.stidar.ac.id/system/Helpers/url_helper.php(51): CodeIgniter\Debug\Exceptions->errorHandler(8, 'Undefined prope...', '/home/mediace1/...', 51, Array)
#1 /home/mediace1/sim.stidar.ac.id/system/Helpers/url_helper.php(87): _get_uri('auth/login', Object(Config\App))
#2 /home/mediace1/sim.stidar.ac.id/system/Helpers/form_helper.php(39): site_url('auth/login')
#3 /home/mediace1/sim.stidar.ac.id/app/Views/login.php(47): form_open('auth/login')
#4 /home/mediace1/sim.stidar.ac.id/system/View/View.php(210): include('/home/mediace1/...')
#5 /home/mediace1/sim.stidar.ac.id/system/View/View.php(213): CodeIgniter\View\View->CodeIgniter\View\{closure}()
#6 /home/mediace1/sim.stidar.ac.id/system/Common.php(1089): CodeIgniter\View\View->render('login', Array, true)
#7 /home/mediace1/sim.stidar.ac.id/app/Controllers/Auth.php(19): view('login', Array)
#8 /home/mediace1/sim.stidar.ac.id/system/CodeIgniter.php(832): App\Controllers\Auth->index()
#9 /home/mediace1/sim.stidar.ac.id/system/CodeIgniter.php(419): CodeIgniter\CodeIgniter->runController(Object(App\Controllers\Auth))
#10 /home/mediace1/sim.stidar.ac.id/system/CodeIgniter.php(326): CodeIgniter\CodeIgniter->handleRequest(NULL, Object(Config\Cache), false)
#11 /home/mediace1/sim.stidar.ac.id/index.php(37): CodeIgniter\CodeIgniter->run()
#12 {main}
