CRITICAL - 2022-05-26 10:02:20 --> Trying to access array offset on value of type null
#0 D:\xampp\htdocs\simstidar\app\Controllers\Presensi.php(65): CodeIgniter\Debug\Exceptions->errorHandler(8, 'Trying to acces...', 'D:\\xampp\\htdocs...', 65, Array)
#1 D:\xampp\htdocs\simstidar\system\CodeIgniter.php(832): App\Controllers\Presensi->presensi_kelas('<http:', 'localhost', 'simstidar', 'public', 'template', 'plugins', 'icheck-bootstra...', 'icheck-bootstra...')
#2 D:\xampp\htdocs\simstidar\system\CodeIgniter.php(419): CodeIgniter\CodeIgniter->runController(Object(App\Controllers\Presensi))
#3 D:\xampp\htdocs\simstidar\system\CodeIgniter.php(326): CodeIgniter\CodeIgniter->handleRequest(NULL, Object(Config\Cache), false)
#4 D:\xampp\htdocs\simstidar\public\index.php(37): CodeIgniter\CodeIgniter->run()
#5 {main}
CRITICAL - 2022-05-26 10:02:56 --> Trying to access array offset on value of type null
#0 D:\xampp\htdocs\simstidar\app\Controllers\Presensi.php(65): CodeIgniter\Debug\Exceptions->errorHandler(8, 'Trying to acces...', 'D:\\xampp\\htdocs...', 65, Array)
#1 D:\xampp\htdocs\simstidar\system\CodeIgniter.php(832): App\Controllers\Presensi->presensi_kelas('<http:', 'localhost', 'simstidar', 'public', 'template', 'plugins', 'icheck-bootstra...', 'icheck-bootstra...')
#2 D:\xampp\htdocs\simstidar\system\CodeIgniter.php(419): CodeIgniter\CodeIgniter->runController(Object(App\Controllers\Presensi))
#3 D:\xampp\htdocs\simstidar\system\CodeIgniter.php(326): CodeIgniter\CodeIgniter->handleRequest(NULL, Object(Config\Cache), false)
#4 D:\xampp\htdocs\simstidar\public\index.php(37): CodeIgniter\CodeIgniter->run()
#5 {main}
CRITICAL - 2022-05-26 10:03:11 --> Trying to access array offset on value of type null
#0 D:\xampp\htdocs\simstidar\app\Controllers\Presensi.php(65): CodeIgniter\Debug\Exceptions->errorHandler(8, 'Trying to acces...', 'D:\\xampp\\htdocs...', 65, Array)
#1 D:\xampp\htdocs\simstidar\system\CodeIgniter.php(832): App\Controllers\Presensi->presensi_kelas('<http:', 'localhost', 'simstidar', 'public', 'template', 'plugins', 'icheck-bootstra...', 'icheck-bootstra...')
#2 D:\xampp\htdocs\simstidar\system\CodeIgniter.php(419): CodeIgniter\CodeIgniter->runController(Object(App\Controllers\Presensi))
#3 D:\xampp\htdocs\simstidar\system\CodeIgniter.php(326): CodeIgniter\CodeIgniter->handleRequest(NULL, Object(Config\Cache), false)
#4 D:\xampp\htdocs\simstidar\public\index.php(37): CodeIgniter\CodeIgniter->run()
#5 {main}
CRITICAL - 2022-05-26 10:03:55 --> Trying to access array offset on value of type null
#0 D:\xampp\htdocs\simstidar\app\Controllers\Presensi.php(65): CodeIgniter\Debug\Exceptions->errorHandler(8, 'Trying to acces...', 'D:\\xampp\\htdocs...', 65, Array)
#1 D:\xampp\htdocs\simstidar\system\CodeIgniter.php(832): App\Controllers\Presensi->presensi_kelas('<http:', 'localhost', 'simstidar', 'public', 'template', 'plugins', 'icheck-bootstra...', 'icheck-bootstra...')
#2 D:\xampp\htdocs\simstidar\system\CodeIgniter.php(419): CodeIgniter\CodeIgniter->runController(Object(App\Controllers\Presensi))
#3 D:\xampp\htdocs\simstidar\system\CodeIgniter.php(326): CodeIgniter\CodeIgniter->handleRequest(NULL, Object(Config\Cache), false)
#4 D:\xampp\htdocs\simstidar\public\index.php(37): CodeIgniter\CodeIgniter->run()
#5 {main}
CRITICAL - 2022-05-26 10:04:26 --> Trying to access array offset on value of type null
#0 D:\xampp\htdocs\simstidar\app\Views\admin\detail_matkul.php(12): CodeIgniter\Debug\Exceptions->errorHandler(8, 'Trying to acces...', 'D:\\xampp\\htdocs...', 12, Array)
#1 D:\xampp\htdocs\simstidar\system\View\View.php(210): include('D:\\xampp\\htdocs...')
#2 D:\xampp\htdocs\simstidar\system\View\View.php(213): CodeIgniter\View\View->CodeIgniter\View\{closure}()
#3 D:\xampp\htdocs\simstidar\system\Common.php(1089): CodeIgniter\View\View->render('admin/detail_ma...', Array, true)
#4 D:\xampp\htdocs\simstidar\app\Views\layout\content.php(3): view('admin/detail_ma...')
#5 D:\xampp\htdocs\simstidar\system\View\View.php(210): include('D:\\xampp\\htdocs...')
#6 D:\xampp\htdocs\simstidar\system\View\View.php(213): CodeIgniter\View\View->CodeIgniter\View\{closure}()
#7 D:\xampp\htdocs\simstidar\system\Common.php(1089): CodeIgniter\View\View->render('layout/content', Array, true)
#8 D:\xampp\htdocs\simstidar\app\Views\layout\wrapper.php(4): view('layout/content')
#9 D:\xampp\htdocs\simstidar\system\View\View.php(210): include('D:\\xampp\\htdocs...')
#10 D:\xampp\htdocs\simstidar\system\View\View.php(213): CodeIgniter\View\View->CodeIgniter\View\{closure}()
#11 D:\xampp\htdocs\simstidar\system\Common.php(1089): CodeIgniter\View\View->render('layout/wrapper', Array, true)
#12 D:\xampp\htdocs\simstidar\app\Controllers\Matkul.php(36): view('layout/wrapper', Array)
#13 D:\xampp\htdocs\simstidar\system\CodeIgniter.php(832): App\Controllers\Matkul->detail_matkul('<http:', 'localhost', 'simstidar', 'public', 'template', 'plugins', 'icheck-bootstra...', 'icheck-bootstra...')
#14 D:\xampp\htdocs\simstidar\system\CodeIgniter.php(419): CodeIgniter\CodeIgniter->runController(Object(App\Controllers\Matkul))
#15 D:\xampp\htdocs\simstidar\system\CodeIgniter.php(326): CodeIgniter\CodeIgniter->handleRequest(NULL, Object(Config\Cache), false)
#16 D:\xampp\htdocs\simstidar\public\index.php(37): CodeIgniter\CodeIgniter->run()
#17 {main}
