CRITICAL - 2023-07-20 08:51:23 --> Trying to access array offset on value of type null
#0 /home/mediace1/sim.stidar.ac.id/app/Controllers/Presensi.php(65): CodeIgniter\Debug\Exceptions->errorHandler(8, 'Trying to acces...', '/home/mediace1/...', 65, Array)
#1 /home/mediace1/sim.stidar.ac.id/system/CodeIgniter.php(832): App\Controllers\Presensi->presensi_kelas('<https:', 'sim.stidar.ac.i...', 'template', 'plugins', 'icheck-bootstra...', 'icheck-bootstra...')
#2 /home/mediace1/sim.stidar.ac.id/system/CodeIgniter.php(419): CodeIgniter\CodeIgniter->runController(Object(App\Controllers\Presensi))
#3 /home/mediace1/sim.stidar.ac.id/system/CodeIgniter.php(326): CodeIgniter\CodeIgniter->handleRequest(NULL, Object(Config\Cache), false)
#4 /home/mediace1/sim.stidar.ac.id/index.php(37): CodeIgniter\CodeIgniter->run()
#5 {main}
CRITICAL - 2023-07-20 08:58:33 --> Trying to access array offset on value of type null
#0 /home/mediace1/sim.stidar.ac.id/app/Views/admin/detail_matkul.php(12): CodeIgniter\Debug\Exceptions->errorHandler(8, 'Trying to acces...', '/home/mediace1/...', 12, Array)
#1 /home/mediace1/sim.stidar.ac.id/system/View/View.php(210): include('/home/mediace1/...')
#2 /home/mediace1/sim.stidar.ac.id/system/View/View.php(213): CodeIgniter\View\View->CodeIgniter\View\{closure}()
#3 /home/mediace1/sim.stidar.ac.id/system/Common.php(1089): CodeIgniter\View\View->render('admin/detail_ma...', Array, true)
#4 /home/mediace1/sim.stidar.ac.id/app/Views/layout/content.php(3): view('admin/detail_ma...')
#5 /home/mediace1/sim.stidar.ac.id/system/View/View.php(210): include('/home/mediace1/...')
#6 /home/mediace1/sim.stidar.ac.id/system/View/View.php(213): CodeIgniter\View\View->CodeIgniter\View\{closure}()
#7 /home/mediace1/sim.stidar.ac.id/system/Common.php(1089): CodeIgniter\View\View->render('layout/content', Array, true)
#8 /home/mediace1/sim.stidar.ac.id/app/Views/layout/wrapper.php(4): view('layout/content')
#9 /home/mediace1/sim.stidar.ac.id/system/View/View.php(210): include('/home/mediace1/...')
#10 /home/mediace1/sim.stidar.ac.id/system/View/View.php(213): CodeIgniter\View\View->CodeIgniter\View\{closure}()
#11 /home/mediace1/sim.stidar.ac.id/system/Common.php(1089): CodeIgniter\View\View->render('layout/wrapper', Array, true)
#12 /home/mediace1/sim.stidar.ac.id/app/Controllers/Matkul.php(36): view('layout/wrapper', Array)
#13 /home/mediace1/sim.stidar.ac.id/system/CodeIgniter.php(832): App\Controllers\Matkul->detail_matkul('<https:', 'sim.stidar.ac.i...', 'template', 'plugins', 'icheck-bootstra...', 'icheck-bootstra...')
#14 /home/mediace1/sim.stidar.ac.id/system/CodeIgniter.php(419): CodeIgniter\CodeIgniter->runController(Object(App\Controllers\Matkul))
#15 /home/mediace1/sim.stidar.ac.id/system/CodeIgniter.php(326): CodeIgniter\CodeIgniter->handleRequest(NULL, Object(Config\Cache), false)
#16 /home/mediace1/sim.stidar.ac.id/index.php(37): CodeIgniter\CodeIgniter->run()
#17 {main}
CRITICAL - 2023-07-20 08:59:33 --> Trying to access array offset on value of type null
#0 /home/mediace1/sim.stidar.ac.id/app/Controllers/Kelas.php(196): CodeIgniter\Debug\Exceptions->errorHandler(8, 'Trying to acces...', '/home/mediace1/...', 196, Array)
#1 /home/mediace1/sim.stidar.ac.id/system/CodeIgniter.php(832): App\Controllers\kelas->anggota_kelas('<https:', 'sim.stidar.ac.i...', 'template', 'plugins', 'icheck-bootstra...', 'icheck-bootstra...')
#2 /home/mediace1/sim.stidar.ac.id/system/CodeIgniter.php(419): CodeIgniter\CodeIgniter->runController(Object(App\Controllers\kelas))
#3 /home/mediace1/sim.stidar.ac.id/system/CodeIgniter.php(326): CodeIgniter\CodeIgniter->handleRequest(NULL, Object(Config\Cache), false)
#4 /home/mediace1/sim.stidar.ac.id/index.php(37): CodeIgniter\CodeIgniter->run()
#5 {main}
CRITICAL - 2023-07-20 09:09:03 --> Trying to access array offset on value of type null
#0 /home/mediace1/sim.stidar.ac.id/app/Views/admin/detail_jadwal.php(41): CodeIgniter\Debug\Exceptions->errorHandler(8, 'Trying to acces...', '/home/mediace1/...', 41, Array)
#1 /home/mediace1/sim.stidar.ac.id/system/View/View.php(210): include('/home/mediace1/...')
#2 /home/mediace1/sim.stidar.ac.id/system/View/View.php(213): CodeIgniter\View\View->CodeIgniter\View\{closure}()
#3 /home/mediace1/sim.stidar.ac.id/system/Common.php(1089): CodeIgniter\View\View->render('admin/detail_ja...', Array, true)
#4 /home/mediace1/sim.stidar.ac.id/app/Views/layout/content.php(3): view('admin/detail_ja...')
#5 /home/mediace1/sim.stidar.ac.id/system/View/View.php(210): include('/home/mediace1/...')
#6 /home/mediace1/sim.stidar.ac.id/system/View/View.php(213): CodeIgniter\View\View->CodeIgniter\View\{closure}()
#7 /home/mediace1/sim.stidar.ac.id/system/Common.php(1089): CodeIgniter\View\View->render('layout/content', Array, true)
#8 /home/mediace1/sim.stidar.ac.id/app/Views/layout/wrapper.php(4): view('layout/content')
#9 /home/mediace1/sim.stidar.ac.id/system/View/View.php(210): include('/home/mediace1/...')
#10 /home/mediace1/sim.stidar.ac.id/system/View/View.php(213): CodeIgniter\View\View->CodeIgniter\View\{closure}()
#11 /home/mediace1/sim.stidar.ac.id/system/Common.php(1089): CodeIgniter\View\View->render('layout/wrapper', Array, true)
#12 /home/mediace1/sim.stidar.ac.id/app/Controllers/Jadwal.php(52): view('layout/wrapper', Array)
#13 /home/mediace1/sim.stidar.ac.id/system/CodeIgniter.php(832): App\Controllers\Jadwal->detail_jadwal('<https:', 'sim.stidar.ac.i...', 'template', 'plugins', 'icheck-bootstra...', 'icheck-bootstra...')
#14 /home/mediace1/sim.stidar.ac.id/system/CodeIgniter.php(419): CodeIgniter\CodeIgniter->runController(Object(App\Controllers\Jadwal))
#15 /home/mediace1/sim.stidar.ac.id/system/CodeIgniter.php(326): CodeIgniter\CodeIgniter->handleRequest(NULL, Object(Config\Cache), false)
#16 /home/mediace1/sim.stidar.ac.id/index.php(37): CodeIgniter\CodeIgniter->run()
#17 {main}
CRITICAL - 2023-07-20 09:11:31 --> Trying to access array offset on value of type null
#0 /home/mediace1/sim.stidar.ac.id/app/Controllers/Presensi.php(65): CodeIgniter\Debug\Exceptions->errorHandler(8, 'Trying to acces...', '/home/mediace1/...', 65, Array)
#1 /home/mediace1/sim.stidar.ac.id/system/CodeIgniter.php(832): App\Controllers\Presensi->presensi_kelas('<https:', 'sim.stidar.ac.i...', 'template', 'plugins', 'icheck-bootstra...', 'icheck-bootstra...')
#2 /home/mediace1/sim.stidar.ac.id/system/CodeIgniter.php(419): CodeIgniter\CodeIgniter->runController(Object(App\Controllers\Presensi))
#3 /home/mediace1/sim.stidar.ac.id/system/CodeIgniter.php(326): CodeIgniter\CodeIgniter->handleRequest(NULL, Object(Config\Cache), false)
#4 /home/mediace1/sim.stidar.ac.id/index.php(37): CodeIgniter\CodeIgniter->run()
#5 {main}
CRITICAL - 2023-07-20 09:25:00 --> Trying to access array offset on value of type null
#0 /home/mediace1/sim.stidar.ac.id/app/Controllers/Presensi.php(65): CodeIgniter\Debug\Exceptions->errorHandler(8, 'Trying to acces...', '/home/mediace1/...', 65, Array)
#1 /home/mediace1/sim.stidar.ac.id/system/CodeIgniter.php(832): App\Controllers\Presensi->presensi_kelas('<https:', 'sim.stidar.ac.i...', 'template', 'plugins', 'icheck-bootstra...', 'icheck-bootstra...')
#2 /home/mediace1/sim.stidar.ac.id/system/CodeIgniter.php(419): CodeIgniter\CodeIgniter->runController(Object(App\Controllers\Presensi))
#3 /home/mediace1/sim.stidar.ac.id/system/CodeIgniter.php(326): CodeIgniter\CodeIgniter->handleRequest(NULL, Object(Config\Cache), false)
#4 /home/mediace1/sim.stidar.ac.id/index.php(37): CodeIgniter\CodeIgniter->run()
#5 {main}
CRITICAL - 2023-07-20 09:26:21 --> Trying to access array offset on value of type null
#0 /home/mediace1/sim.stidar.ac.id/app/Controllers/Presensi.php(65): CodeIgniter\Debug\Exceptions->errorHandler(8, 'Trying to acces...', '/home/mediace1/...', 65, Array)
#1 /home/mediace1/sim.stidar.ac.id/system/CodeIgniter.php(832): App\Controllers\Presensi->presensi_kelas('<https:', 'sim.stidar.ac.i...', 'template', 'plugins', 'icheck-bootstra...', 'icheck-bootstra...')
#2 /home/mediace1/sim.stidar.ac.id/system/CodeIgniter.php(419): CodeIgniter\CodeIgniter->runController(Object(App\Controllers\Presensi))
#3 /home/mediace1/sim.stidar.ac.id/system/CodeIgniter.php(326): CodeIgniter\CodeIgniter->handleRequest(NULL, Object(Config\Cache), false)
#4 /home/mediace1/sim.stidar.ac.id/index.php(37): CodeIgniter\CodeIgniter->run()
#5 {main}
CRITICAL - 2023-07-20 09:27:06 --> Trying to access array offset on value of type null
#0 /home/mediace1/sim.stidar.ac.id/app/Controllers/Presensi.php(65): CodeIgniter\Debug\Exceptions->errorHandler(8, 'Trying to acces...', '/home/mediace1/...', 65, Array)
#1 /home/mediace1/sim.stidar.ac.id/system/CodeIgniter.php(832): App\Controllers\Presensi->presensi_kelas('<https:', 'sim.stidar.ac.i...', 'template', 'plugins', 'icheck-bootstra...', 'icheck-bootstra...')
#2 /home/mediace1/sim.stidar.ac.id/system/CodeIgniter.php(419): CodeIgniter\CodeIgniter->runController(Object(App\Controllers\Presensi))
#3 /home/mediace1/sim.stidar.ac.id/system/CodeIgniter.php(326): CodeIgniter\CodeIgniter->handleRequest(NULL, Object(Config\Cache), false)
#4 /home/mediace1/sim.stidar.ac.id/index.php(37): CodeIgniter\CodeIgniter->run()
#5 {main}
CRITICAL - 2023-07-20 09:28:20 --> Trying to access array offset on value of type null
#0 /home/mediace1/sim.stidar.ac.id/app/Controllers/Presensi.php(65): CodeIgniter\Debug\Exceptions->errorHandler(8, 'Trying to acces...', '/home/mediace1/...', 65, Array)
#1 /home/mediace1/sim.stidar.ac.id/system/CodeIgniter.php(832): App\Controllers\Presensi->presensi_kelas('<https:', 'sim.stidar.ac.i...', 'template', 'plugins', 'icheck-bootstra...', 'icheck-bootstra...')
#2 /home/mediace1/sim.stidar.ac.id/system/CodeIgniter.php(419): CodeIgniter\CodeIgniter->runController(Object(App\Controllers\Presensi))
#3 /home/mediace1/sim.stidar.ac.id/system/CodeIgniter.php(326): CodeIgniter\CodeIgniter->handleRequest(NULL, Object(Config\Cache), false)
#4 /home/mediace1/sim.stidar.ac.id/index.php(37): CodeIgniter\CodeIgniter->run()
#5 {main}
CRITICAL - 2023-07-20 09:31:44 --> Trying to access array offset on value of type null
#0 /home/mediace1/sim.stidar.ac.id/app/Controllers/Presensi.php(65): CodeIgniter\Debug\Exceptions->errorHandler(8, 'Trying to acces...', '/home/mediace1/...', 65, Array)
#1 /home/mediace1/sim.stidar.ac.id/system/CodeIgniter.php(832): App\Controllers\Presensi->presensi_kelas('<https:', 'sim.stidar.ac.i...', 'template', 'plugins', 'icheck-bootstra...', 'icheck-bootstra...')
#2 /home/mediace1/sim.stidar.ac.id/system/CodeIgniter.php(419): CodeIgniter\CodeIgniter->runController(Object(App\Controllers\Presensi))
#3 /home/mediace1/sim.stidar.ac.id/system/CodeIgniter.php(326): CodeIgniter\CodeIgniter->handleRequest(NULL, Object(Config\Cache), false)
#4 /home/mediace1/sim.stidar.ac.id/index.php(37): CodeIgniter\CodeIgniter->run()
#5 {main}
CRITICAL - 2023-07-20 09:33:38 --> Trying to access array offset on value of type null
#0 /home/mediace1/sim.stidar.ac.id/app/Controllers/Presensi.php(65): CodeIgniter\Debug\Exceptions->errorHandler(8, 'Trying to acces...', '/home/mediace1/...', 65, Array)
#1 /home/mediace1/sim.stidar.ac.id/system/CodeIgniter.php(832): App\Controllers\Presensi->presensi_kelas('<https:', 'sim.stidar.ac.i...', 'template', 'plugins', 'icheck-bootstra...', 'icheck-bootstra...')
#2 /home/mediace1/sim.stidar.ac.id/system/CodeIgniter.php(419): CodeIgniter\CodeIgniter->runController(Object(App\Controllers\Presensi))
#3 /home/mediace1/sim.stidar.ac.id/system/CodeIgniter.php(326): CodeIgniter\CodeIgniter->handleRequest(NULL, Object(Config\Cache), false)
#4 /home/mediace1/sim.stidar.ac.id/index.php(37): CodeIgniter\CodeIgniter->run()
#5 {main}
CRITICAL - 2023-07-20 09:34:24 --> Trying to access array offset on value of type null
#0 /home/mediace1/sim.stidar.ac.id/app/Controllers/Presensi.php(65): CodeIgniter\Debug\Exceptions->errorHandler(8, 'Trying to acces...', '/home/mediace1/...', 65, Array)
#1 /home/mediace1/sim.stidar.ac.id/system/CodeIgniter.php(832): App\Controllers\Presensi->presensi_kelas('<https:', 'sim.stidar.ac.i...', 'template', 'plugins', 'icheck-bootstra...', 'icheck-bootstra...')
#2 /home/mediace1/sim.stidar.ac.id/system/CodeIgniter.php(419): CodeIgniter\CodeIgniter->runController(Object(App\Controllers\Presensi))
#3 /home/mediace1/sim.stidar.ac.id/system/CodeIgniter.php(326): CodeIgniter\CodeIgniter->handleRequest(NULL, Object(Config\Cache), false)
#4 /home/mediace1/sim.stidar.ac.id/index.php(37): CodeIgniter\CodeIgniter->run()
#5 {main}
CRITICAL - 2023-07-20 09:35:36 --> Trying to access array offset on value of type null
#0 /home/mediace1/sim.stidar.ac.id/app/Controllers/Presensi.php(65): CodeIgniter\Debug\Exceptions->errorHandler(8, 'Trying to acces...', '/home/mediace1/...', 65, Array)
#1 /home/mediace1/sim.stidar.ac.id/system/CodeIgniter.php(832): App\Controllers\Presensi->presensi_kelas('<https:', 'sim.stidar.ac.i...', 'template', 'plugins', 'icheck-bootstra...', 'icheck-bootstra...')
#2 /home/mediace1/sim.stidar.ac.id/system/CodeIgniter.php(419): CodeIgniter\CodeIgniter->runController(Object(App\Controllers\Presensi))
#3 /home/mediace1/sim.stidar.ac.id/system/CodeIgniter.php(326): CodeIgniter\CodeIgniter->handleRequest(NULL, Object(Config\Cache), false)
#4 /home/mediace1/sim.stidar.ac.id/index.php(37): CodeIgniter\CodeIgniter->run()
#5 {main}
CRITICAL - 2023-07-20 09:37:46 --> Trying to access array offset on value of type null
#0 /home/mediace1/sim.stidar.ac.id/app/Controllers/Presensi.php(65): CodeIgniter\Debug\Exceptions->errorHandler(8, 'Trying to acces...', '/home/mediace1/...', 65, Array)
#1 /home/mediace1/sim.stidar.ac.id/system/CodeIgniter.php(832): App\Controllers\Presensi->presensi_kelas('<https:', 'sim.stidar.ac.i...', 'template', 'plugins', 'icheck-bootstra...', 'icheck-bootstra...')
#2 /home/mediace1/sim.stidar.ac.id/system/CodeIgniter.php(419): CodeIgniter\CodeIgniter->runController(Object(App\Controllers\Presensi))
#3 /home/mediace1/sim.stidar.ac.id/system/CodeIgniter.php(326): CodeIgniter\CodeIgniter->handleRequest(NULL, Object(Config\Cache), false)
#4 /home/mediace1/sim.stidar.ac.id/index.php(37): CodeIgniter\CodeIgniter->run()
#5 {main}
CRITICAL - 2023-07-20 09:38:58 --> Trying to access array offset on value of type null
#0 /home/mediace1/sim.stidar.ac.id/app/Controllers/Presensi.php(65): CodeIgniter\Debug\Exceptions->errorHandler(8, 'Trying to acces...', '/home/mediace1/...', 65, Array)
#1 /home/mediace1/sim.stidar.ac.id/system/CodeIgniter.php(832): App\Controllers\Presensi->presensi_kelas('<https:', 'sim.stidar.ac.i...', 'template', 'plugins', 'icheck-bootstra...', 'icheck-bootstra...')
#2 /home/mediace1/sim.stidar.ac.id/system/CodeIgniter.php(419): CodeIgniter\CodeIgniter->runController(Object(App\Controllers\Presensi))
#3 /home/mediace1/sim.stidar.ac.id/system/CodeIgniter.php(326): CodeIgniter\CodeIgniter->handleRequest(NULL, Object(Config\Cache), false)
#4 /home/mediace1/sim.stidar.ac.id/index.php(37): CodeIgniter\CodeIgniter->run()
#5 {main}
