CRITICAL - 2022-04-06 00:08:30 --> syntax error, unexpected ')'
#0 D:\xampp\htdocs\simstidar\system\View\View.php(213): CodeIgniter\View\View->CodeIgniter\View\{closure}()
#1 D:\xampp\htdocs\simstidar\system\Common.php(1089): CodeIgniter\View\View->render('admin/fakultas', Array, true)
#2 D:\xampp\htdocs\simstidar\app\Views\layout\content.php(3): view('admin/fakultas')
#3 D:\xampp\htdocs\simstidar\system\View\View.php(210): include('D:\\xampp\\htdocs...')
#4 D:\xampp\htdocs\simstidar\system\View\View.php(213): CodeIgniter\View\View->CodeIgniter\View\{closure}()
#5 D:\xampp\htdocs\simstidar\system\Common.php(1089): CodeIgniter\View\View->render('layout/content', Array, true)
#6 D:\xampp\htdocs\simstidar\app\Views\layout\wrapper.php(4): view('layout/content')
#7 D:\xampp\htdocs\simstidar\system\View\View.php(210): include('D:\\xampp\\htdocs...')
#8 D:\xampp\htdocs\simstidar\system\View\View.php(213): CodeIgniter\View\View->CodeIgniter\View\{closure}()
#9 D:\xampp\htdocs\simstidar\system\Common.php(1089): CodeIgniter\View\View->render('layout/wrapper', Array, true)
#10 D:\xampp\htdocs\simstidar\app\Controllers\Fakultas.php(22): view('layout/wrapper', Array)
#11 D:\xampp\htdocs\simstidar\system\CodeIgniter.php(832): App\Controllers\Fakultas->index()
#12 D:\xampp\htdocs\simstidar\system\CodeIgniter.php(419): CodeIgniter\CodeIgniter->runController(Object(App\Controllers\Fakultas))
#13 D:\xampp\htdocs\simstidar\system\CodeIgniter.php(326): CodeIgniter\CodeIgniter->handleRequest(NULL, Object(Config\Cache), false)
#14 D:\xampp\htdocs\simstidar\public\index.php(37): CodeIgniter\CodeIgniter->run()
#15 {main}
CRITICAL - 2022-04-06 00:30:03 --> syntax error, unexpected '?>', expecting ')'
#0 D:\xampp\htdocs\simstidar\system\View\View.php(213): CodeIgniter\View\View->CodeIgniter\View\{closure}()
#1 D:\xampp\htdocs\simstidar\system\Common.php(1089): CodeIgniter\View\View->render('admin/fakultas', Array, true)
#2 D:\xampp\htdocs\simstidar\app\Views\layout\content.php(3): view('admin/fakultas')
#3 D:\xampp\htdocs\simstidar\system\View\View.php(210): include('D:\\xampp\\htdocs...')
#4 D:\xampp\htdocs\simstidar\system\View\View.php(213): CodeIgniter\View\View->CodeIgniter\View\{closure}()
#5 D:\xampp\htdocs\simstidar\system\Common.php(1089): CodeIgniter\View\View->render('layout/content', Array, true)
#6 D:\xampp\htdocs\simstidar\app\Views\layout\wrapper.php(4): view('layout/content')
#7 D:\xampp\htdocs\simstidar\system\View\View.php(210): include('D:\\xampp\\htdocs...')
#8 D:\xampp\htdocs\simstidar\system\View\View.php(213): CodeIgniter\View\View->CodeIgniter\View\{closure}()
#9 D:\xampp\htdocs\simstidar\system\Common.php(1089): CodeIgniter\View\View->render('layout/wrapper', Array, true)
#10 D:\xampp\htdocs\simstidar\app\Controllers\Fakultas.php(22): view('layout/wrapper', Array)
#11 D:\xampp\htdocs\simstidar\system\CodeIgniter.php(832): App\Controllers\Fakultas->index()
#12 D:\xampp\htdocs\simstidar\system\CodeIgniter.php(419): CodeIgniter\CodeIgniter->runController(Object(App\Controllers\Fakultas))
#13 D:\xampp\htdocs\simstidar\system\CodeIgniter.php(326): CodeIgniter\CodeIgniter->handleRequest(NULL, Object(Config\Cache), false)
#14 D:\xampp\htdocs\simstidar\public\index.php(37): CodeIgniter\CodeIgniter->run()
#15 {main}
CRITICAL - 2022-04-06 00:30:47 --> syntax error, unexpected '?>', expecting ')'
#0 D:\xampp\htdocs\simstidar\system\View\View.php(213): CodeIgniter\View\View->CodeIgniter\View\{closure}()
#1 D:\xampp\htdocs\simstidar\system\Common.php(1089): CodeIgniter\View\View->render('admin/fakultas', Array, true)
#2 D:\xampp\htdocs\simstidar\app\Views\layout\content.php(3): view('admin/fakultas')
#3 D:\xampp\htdocs\simstidar\system\View\View.php(210): include('D:\\xampp\\htdocs...')
#4 D:\xampp\htdocs\simstidar\system\View\View.php(213): CodeIgniter\View\View->CodeIgniter\View\{closure}()
#5 D:\xampp\htdocs\simstidar\system\Common.php(1089): CodeIgniter\View\View->render('layout/content', Array, true)
#6 D:\xampp\htdocs\simstidar\app\Views\layout\wrapper.php(4): view('layout/content')
#7 D:\xampp\htdocs\simstidar\system\View\View.php(210): include('D:\\xampp\\htdocs...')
#8 D:\xampp\htdocs\simstidar\system\View\View.php(213): CodeIgniter\View\View->CodeIgniter\View\{closure}()
#9 D:\xampp\htdocs\simstidar\system\Common.php(1089): CodeIgniter\View\View->render('layout/wrapper', Array, true)
#10 D:\xampp\htdocs\simstidar\app\Controllers\Fakultas.php(22): view('layout/wrapper', Array)
#11 D:\xampp\htdocs\simstidar\system\CodeIgniter.php(832): App\Controllers\Fakultas->index()
#12 D:\xampp\htdocs\simstidar\system\CodeIgniter.php(419): CodeIgniter\CodeIgniter->runController(Object(App\Controllers\Fakultas))
#13 D:\xampp\htdocs\simstidar\system\CodeIgniter.php(326): CodeIgniter\CodeIgniter->handleRequest(NULL, Object(Config\Cache), false)
#14 D:\xampp\htdocs\simstidar\public\index.php(37): CodeIgniter\CodeIgniter->run()
#15 {main}
CRITICAL - 2022-04-06 00:30:49 --> syntax error, unexpected '?>', expecting ')'
#0 D:\xampp\htdocs\simstidar\system\View\View.php(213): CodeIgniter\View\View->CodeIgniter\View\{closure}()
#1 D:\xampp\htdocs\simstidar\system\Common.php(1089): CodeIgniter\View\View->render('admin/fakultas', Array, true)
#2 D:\xampp\htdocs\simstidar\app\Views\layout\content.php(3): view('admin/fakultas')
#3 D:\xampp\htdocs\simstidar\system\View\View.php(210): include('D:\\xampp\\htdocs...')
#4 D:\xampp\htdocs\simstidar\system\View\View.php(213): CodeIgniter\View\View->CodeIgniter\View\{closure}()
#5 D:\xampp\htdocs\simstidar\system\Common.php(1089): CodeIgniter\View\View->render('layout/content', Array, true)
#6 D:\xampp\htdocs\simstidar\app\Views\layout\wrapper.php(4): view('layout/content')
#7 D:\xampp\htdocs\simstidar\system\View\View.php(210): include('D:\\xampp\\htdocs...')
#8 D:\xampp\htdocs\simstidar\system\View\View.php(213): CodeIgniter\View\View->CodeIgniter\View\{closure}()
#9 D:\xampp\htdocs\simstidar\system\Common.php(1089): CodeIgniter\View\View->render('layout/wrapper', Array, true)
#10 D:\xampp\htdocs\simstidar\app\Controllers\Fakultas.php(22): view('layout/wrapper', Array)
#11 D:\xampp\htdocs\simstidar\system\CodeIgniter.php(832): App\Controllers\Fakultas->index()
#12 D:\xampp\htdocs\simstidar\system\CodeIgniter.php(419): CodeIgniter\CodeIgniter->runController(Object(App\Controllers\Fakultas))
#13 D:\xampp\htdocs\simstidar\system\CodeIgniter.php(326): CodeIgniter\CodeIgniter->handleRequest(NULL, Object(Config\Cache), false)
#14 D:\xampp\htdocs\simstidar\public\index.php(37): CodeIgniter\CodeIgniter->run()
#15 {main}
CRITICAL - 2022-04-06 00:30:55 --> syntax error, unexpected '?>', expecting ')'
#0 D:\xampp\htdocs\simstidar\system\View\View.php(213): CodeIgniter\View\View->CodeIgniter\View\{closure}()
#1 D:\xampp\htdocs\simstidar\system\Common.php(1089): CodeIgniter\View\View->render('admin/fakultas', Array, true)
#2 D:\xampp\htdocs\simstidar\app\Views\layout\content.php(3): view('admin/fakultas')
#3 D:\xampp\htdocs\simstidar\system\View\View.php(210): include('D:\\xampp\\htdocs...')
#4 D:\xampp\htdocs\simstidar\system\View\View.php(213): CodeIgniter\View\View->CodeIgniter\View\{closure}()
#5 D:\xampp\htdocs\simstidar\system\Common.php(1089): CodeIgniter\View\View->render('layout/content', Array, true)
#6 D:\xampp\htdocs\simstidar\app\Views\layout\wrapper.php(4): view('layout/content')
#7 D:\xampp\htdocs\simstidar\system\View\View.php(210): include('D:\\xampp\\htdocs...')
#8 D:\xampp\htdocs\simstidar\system\View\View.php(213): CodeIgniter\View\View->CodeIgniter\View\{closure}()
#9 D:\xampp\htdocs\simstidar\system\Common.php(1089): CodeIgniter\View\View->render('layout/wrapper', Array, true)
#10 D:\xampp\htdocs\simstidar\app\Controllers\Fakultas.php(22): view('layout/wrapper', Array)
#11 D:\xampp\htdocs\simstidar\system\CodeIgniter.php(832): App\Controllers\Fakultas->index()
#12 D:\xampp\htdocs\simstidar\system\CodeIgniter.php(419): CodeIgniter\CodeIgniter->runController(Object(App\Controllers\Fakultas))
#13 D:\xampp\htdocs\simstidar\system\CodeIgniter.php(326): CodeIgniter\CodeIgniter->handleRequest(NULL, Object(Config\Cache), false)
#14 D:\xampp\htdocs\simstidar\public\index.php(37): CodeIgniter\CodeIgniter->run()
#15 {main}
CRITICAL - 2022-04-06 00:34:13 --> syntax error, unexpected '?>', expecting ')'
#0 D:\xampp\htdocs\simstidar\system\View\View.php(213): CodeIgniter\View\View->CodeIgniter\View\{closure}()
#1 D:\xampp\htdocs\simstidar\system\Common.php(1089): CodeIgniter\View\View->render('admin/fakultas', Array, true)
#2 D:\xampp\htdocs\simstidar\app\Views\layout\content.php(3): view('admin/fakultas')
#3 D:\xampp\htdocs\simstidar\system\View\View.php(210): include('D:\\xampp\\htdocs...')
#4 D:\xampp\htdocs\simstidar\system\View\View.php(213): CodeIgniter\View\View->CodeIgniter\View\{closure}()
#5 D:\xampp\htdocs\simstidar\system\Common.php(1089): CodeIgniter\View\View->render('layout/content', Array, true)
#6 D:\xampp\htdocs\simstidar\app\Views\layout\wrapper.php(4): view('layout/content')
#7 D:\xampp\htdocs\simstidar\system\View\View.php(210): include('D:\\xampp\\htdocs...')
#8 D:\xampp\htdocs\simstidar\system\View\View.php(213): CodeIgniter\View\View->CodeIgniter\View\{closure}()
#9 D:\xampp\htdocs\simstidar\system\Common.php(1089): CodeIgniter\View\View->render('layout/wrapper', Array, true)
#10 D:\xampp\htdocs\simstidar\app\Controllers\Fakultas.php(22): view('layout/wrapper', Array)
#11 D:\xampp\htdocs\simstidar\system\CodeIgniter.php(832): App\Controllers\Fakultas->index()
#12 D:\xampp\htdocs\simstidar\system\CodeIgniter.php(419): CodeIgniter\CodeIgniter->runController(Object(App\Controllers\Fakultas))
#13 D:\xampp\htdocs\simstidar\system\CodeIgniter.php(326): CodeIgniter\CodeIgniter->handleRequest(NULL, Object(Config\Cache), false)
#14 D:\xampp\htdocs\simstidar\public\index.php(37): CodeIgniter\CodeIgniter->run()
#15 {main}
CRITICAL - 2022-04-06 00:34:16 --> syntax error, unexpected '?>', expecting ')'
#0 D:\xampp\htdocs\simstidar\system\View\View.php(213): CodeIgniter\View\View->CodeIgniter\View\{closure}()
#1 D:\xampp\htdocs\simstidar\system\Common.php(1089): CodeIgniter\View\View->render('admin/fakultas', Array, true)
#2 D:\xampp\htdocs\simstidar\app\Views\layout\content.php(3): view('admin/fakultas')
#3 D:\xampp\htdocs\simstidar\system\View\View.php(210): include('D:\\xampp\\htdocs...')
#4 D:\xampp\htdocs\simstidar\system\View\View.php(213): CodeIgniter\View\View->CodeIgniter\View\{closure}()
#5 D:\xampp\htdocs\simstidar\system\Common.php(1089): CodeIgniter\View\View->render('layout/content', Array, true)
#6 D:\xampp\htdocs\simstidar\app\Views\layout\wrapper.php(4): view('layout/content')
#7 D:\xampp\htdocs\simstidar\system\View\View.php(210): include('D:\\xampp\\htdocs...')
#8 D:\xampp\htdocs\simstidar\system\View\View.php(213): CodeIgniter\View\View->CodeIgniter\View\{closure}()
#9 D:\xampp\htdocs\simstidar\system\Common.php(1089): CodeIgniter\View\View->render('layout/wrapper', Array, true)
#10 D:\xampp\htdocs\simstidar\app\Controllers\Fakultas.php(22): view('layout/wrapper', Array)
#11 D:\xampp\htdocs\simstidar\system\CodeIgniter.php(832): App\Controllers\Fakultas->index()
#12 D:\xampp\htdocs\simstidar\system\CodeIgniter.php(419): CodeIgniter\CodeIgniter->runController(Object(App\Controllers\Fakultas))
#13 D:\xampp\htdocs\simstidar\system\CodeIgniter.php(326): CodeIgniter\CodeIgniter->handleRequest(NULL, Object(Config\Cache), false)
#14 D:\xampp\htdocs\simstidar\public\index.php(37): CodeIgniter\CodeIgniter->run()
#15 {main}
CRITICAL - 2022-04-06 00:47:20 --> Declaration of App\Models\ModelFakultas::delete($data) should be compatible with CodeIgniter\BaseModel::delete($id = NULL, bool $purge = false)
#0 D:\xampp\htdocs\simstidar\app\Models\ModelFakultas.php(7): CodeIgniter\Debug\Exceptions->errorHandler(2, 'Declaration of ...', 'D:\\xampp\\htdocs...', 28, Array)
#1 D:\xampp\htdocs\simstidar\system\Autoloader\Autoloader.php(264): include_once('D:\\xampp\\htdocs...')
#2 D:\xampp\htdocs\simstidar\system\Autoloader\Autoloader.php(241): CodeIgniter\Autoloader\Autoloader->includeFile('D:\\xampp\\htdocs...')
#3 D:\xampp\htdocs\simstidar\system\Autoloader\Autoloader.php(219): CodeIgniter\Autoloader\Autoloader->loadInNamespace('App\\Models\\Mode...')
#4 [internal function]: CodeIgniter\Autoloader\Autoloader->loadClass('App\\Models\\Mode...')
#5 D:\xampp\htdocs\simstidar\app\Controllers\Fakultas.php(12): spl_autoload_call('App\\Models\\Mode...')
#6 D:\xampp\htdocs\simstidar\system\CodeIgniter.php(809): App\Controllers\Fakultas->__construct()
#7 D:\xampp\htdocs\simstidar\system\CodeIgniter.php(410): CodeIgniter\CodeIgniter->createController()
#8 D:\xampp\htdocs\simstidar\system\CodeIgniter.php(326): CodeIgniter\CodeIgniter->handleRequest(NULL, Object(Config\Cache), false)
#9 D:\xampp\htdocs\simstidar\public\index.php(37): CodeIgniter\CodeIgniter->run()
#10 {main}
CRITICAL - 2022-04-06 02:51:06 --> Invalid file: th_akademik.php
#0 D:\xampp\htdocs\simstidar\system\View\View.php(198): CodeIgniter\Exceptions\FrameworkException::forInvalidFile('th_akademik.php')
#1 D:\xampp\htdocs\simstidar\system\Common.php(1089): CodeIgniter\View\View->render('th_akademik', Array, true)
#2 D:\xampp\htdocs\simstidar\app\Views\layout\content.php(3): view('th_akademik')
#3 D:\xampp\htdocs\simstidar\system\View\View.php(210): include('D:\\xampp\\htdocs...')
#4 D:\xampp\htdocs\simstidar\system\View\View.php(213): CodeIgniter\View\View->CodeIgniter\View\{closure}()
#5 D:\xampp\htdocs\simstidar\system\Common.php(1089): CodeIgniter\View\View->render('layout/content', Array, true)
#6 D:\xampp\htdocs\simstidar\app\Views\layout\wrapper.php(4): view('layout/content')
#7 D:\xampp\htdocs\simstidar\system\View\View.php(210): include('D:\\xampp\\htdocs...')
#8 D:\xampp\htdocs\simstidar\system\View\View.php(213): CodeIgniter\View\View->CodeIgniter\View\{closure}()
#9 D:\xampp\htdocs\simstidar\system\Common.php(1089): CodeIgniter\View\View->render('layout/wrapper', Array, true)
#10 D:\xampp\htdocs\simstidar\app\Controllers\Th_Akademik.php(13): view('layout/wrapper', Array)
#11 D:\xampp\htdocs\simstidar\system\CodeIgniter.php(832): App\Controllers\Th_Akademik->index()
#12 D:\xampp\htdocs\simstidar\system\CodeIgniter.php(419): CodeIgniter\CodeIgniter->runController(Object(App\Controllers\Th_Akademik))
#13 D:\xampp\htdocs\simstidar\system\CodeIgniter.php(326): CodeIgniter\CodeIgniter->handleRequest(NULL, Object(Config\Cache), false)
#14 D:\xampp\htdocs\simstidar\public\index.php(37): CodeIgniter\CodeIgniter->run()
#15 {main}
CRITICAL - 2022-04-06 19:52:04 --> Use of undefined constant toastr - assumed 'toastr' (this will throw an Error in a future version of PHP)
#0 D:\xampp\htdocs\simstidar\app\Controllers\Fakultas.php(31): CodeIgniter\Debug\Exceptions->errorHandler(2, 'Use of undefine...', 'D:\\xampp\\htdocs...', 31, Array)
#1 D:\xampp\htdocs\simstidar\system\CodeIgniter.php(832): App\Controllers\Fakultas->add()
#2 D:\xampp\htdocs\simstidar\system\CodeIgniter.php(419): CodeIgniter\CodeIgniter->runController(Object(App\Controllers\Fakultas))
#3 D:\xampp\htdocs\simstidar\system\CodeIgniter.php(326): CodeIgniter\CodeIgniter->handleRequest(NULL, Object(Config\Cache), false)
#4 D:\xampp\htdocs\simstidar\public\index.php(37): CodeIgniter\CodeIgniter->run()
#5 {main}
CRITICAL - 2022-04-06 19:52:40 --> Use of undefined constant toastr - assumed 'toastr' (this will throw an Error in a future version of PHP)
#0 D:\xampp\htdocs\simstidar\app\Controllers\Fakultas.php(32): CodeIgniter\Debug\Exceptions->errorHandler(2, 'Use of undefine...', 'D:\\xampp\\htdocs...', 32, Array)
#1 D:\xampp\htdocs\simstidar\system\CodeIgniter.php(832): App\Controllers\Fakultas->add()
#2 D:\xampp\htdocs\simstidar\system\CodeIgniter.php(419): CodeIgniter\CodeIgniter->runController(Object(App\Controllers\Fakultas))
#3 D:\xampp\htdocs\simstidar\system\CodeIgniter.php(326): CodeIgniter\CodeIgniter->handleRequest(NULL, Object(Config\Cache), false)
#4 D:\xampp\htdocs\simstidar\public\index.php(37): CodeIgniter\CodeIgniter->run()
#5 {main}
CRITICAL - 2022-04-06 19:53:57 --> Use of undefined constant Toastr - assumed 'Toastr' (this will throw an Error in a future version of PHP)
#0 D:\xampp\htdocs\simstidar\app\Controllers\Fakultas.php(32): CodeIgniter\Debug\Exceptions->errorHandler(2, 'Use of undefine...', 'D:\\xampp\\htdocs...', 32, Array)
#1 D:\xampp\htdocs\simstidar\system\CodeIgniter.php(832): App\Controllers\Fakultas->add()
#2 D:\xampp\htdocs\simstidar\system\CodeIgniter.php(419): CodeIgniter\CodeIgniter->runController(Object(App\Controllers\Fakultas))
#3 D:\xampp\htdocs\simstidar\system\CodeIgniter.php(326): CodeIgniter\CodeIgniter->handleRequest(NULL, Object(Config\Cache), false)
#4 D:\xampp\htdocs\simstidar\public\index.php(37): CodeIgniter\CodeIgniter->run()
#5 {main}
CRITICAL - 2022-04-06 19:54:43 --> Trying to get property 'Toastr' of non-object
#0 D:\xampp\htdocs\simstidar\app\Controllers\Fakultas.php(31): CodeIgniter\Debug\Exceptions->errorHandler(8, 'Trying to get p...', 'D:\\xampp\\htdocs...', 31, Array)
#1 D:\xampp\htdocs\simstidar\system\CodeIgniter.php(832): App\Controllers\Fakultas->add()
#2 D:\xampp\htdocs\simstidar\system\CodeIgniter.php(419): CodeIgniter\CodeIgniter->runController(Object(App\Controllers\Fakultas))
#3 D:\xampp\htdocs\simstidar\system\CodeIgniter.php(326): CodeIgniter\CodeIgniter->handleRequest(NULL, Object(Config\Cache), false)
#4 D:\xampp\htdocs\simstidar\public\index.php(37): CodeIgniter\CodeIgniter->run()
#5 {main}
CRITICAL - 2022-04-06 19:55:12 --> Use of undefined constant Toastr - assumed 'Toastr' (this will throw an Error in a future version of PHP)
#0 D:\xampp\htdocs\simstidar\app\Controllers\Fakultas.php(31): CodeIgniter\Debug\Exceptions->errorHandler(2, 'Use of undefine...', 'D:\\xampp\\htdocs...', 31, Array)
#1 D:\xampp\htdocs\simstidar\system\CodeIgniter.php(832): App\Controllers\Fakultas->add()
#2 D:\xampp\htdocs\simstidar\system\CodeIgniter.php(419): CodeIgniter\CodeIgniter->runController(Object(App\Controllers\Fakultas))
#3 D:\xampp\htdocs\simstidar\system\CodeIgniter.php(326): CodeIgniter\CodeIgniter->handleRequest(NULL, Object(Config\Cache), false)
#4 D:\xampp\htdocs\simstidar\public\index.php(37): CodeIgniter\CodeIgniter->run()
#5 {main}
CRITICAL - 2022-04-06 20:05:37 --> Use of undefined constant Toastr - assumed 'Toastr' (this will throw an Error in a future version of PHP)
#0 D:\xampp\htdocs\simstidar\app\Controllers\Fakultas.php(31): CodeIgniter\Debug\Exceptions->errorHandler(2, 'Use of undefine...', 'D:\\xampp\\htdocs...', 31, Array)
#1 D:\xampp\htdocs\simstidar\system\CodeIgniter.php(832): App\Controllers\Fakultas->add()
#2 D:\xampp\htdocs\simstidar\system\CodeIgniter.php(419): CodeIgniter\CodeIgniter->runController(Object(App\Controllers\Fakultas))
#3 D:\xampp\htdocs\simstidar\system\CodeIgniter.php(326): CodeIgniter\CodeIgniter->handleRequest(NULL, Object(Config\Cache), false)
#4 D:\xampp\htdocs\simstidar\public\index.php(37): CodeIgniter\CodeIgniter->run()
#5 {main}
CRITICAL - 2022-04-06 20:21:16 --> syntax error, unexpected 'return' (T_RETURN)
#0 D:\xampp\htdocs\simstidar\system\Router\Router.php(175): CodeIgniter\Router\Router->autoRoute('fakultas')
#1 D:\xampp\htdocs\simstidar\system\CodeIgniter.php(726): CodeIgniter\Router\Router->handle('fakultas')
#2 D:\xampp\htdocs\simstidar\system\CodeIgniter.php(368): CodeIgniter\CodeIgniter->tryToRouteIt(Object(CodeIgniter\Router\RouteCollection))
#3 D:\xampp\htdocs\simstidar\system\CodeIgniter.php(326): CodeIgniter\CodeIgniter->handleRequest(NULL, Object(Config\Cache), false)
#4 D:\xampp\htdocs\simstidar\public\index.php(37): CodeIgniter\CodeIgniter->run()
#5 {main}
CRITICAL - 2022-04-06 20:21:18 --> syntax error, unexpected 'return' (T_RETURN)
#0 D:\xampp\htdocs\simstidar\system\Router\Router.php(175): CodeIgniter\Router\Router->autoRoute('fakultas')
#1 D:\xampp\htdocs\simstidar\system\CodeIgniter.php(726): CodeIgniter\Router\Router->handle('fakultas')
#2 D:\xampp\htdocs\simstidar\system\CodeIgniter.php(368): CodeIgniter\CodeIgniter->tryToRouteIt(Object(CodeIgniter\Router\RouteCollection))
#3 D:\xampp\htdocs\simstidar\system\CodeIgniter.php(326): CodeIgniter\CodeIgniter->handleRequest(NULL, Object(Config\Cache), false)
#4 D:\xampp\htdocs\simstidar\public\index.php(37): CodeIgniter\CodeIgniter->run()
#5 {main}
CRITICAL - 2022-04-06 20:21:19 --> syntax error, unexpected 'return' (T_RETURN)
#0 D:\xampp\htdocs\simstidar\system\Router\Router.php(175): CodeIgniter\Router\Router->autoRoute('fakultas')
#1 D:\xampp\htdocs\simstidar\system\CodeIgniter.php(726): CodeIgniter\Router\Router->handle('fakultas')
#2 D:\xampp\htdocs\simstidar\system\CodeIgniter.php(368): CodeIgniter\CodeIgniter->tryToRouteIt(Object(CodeIgniter\Router\RouteCollection))
#3 D:\xampp\htdocs\simstidar\system\CodeIgniter.php(326): CodeIgniter\CodeIgniter->handleRequest(NULL, Object(Config\Cache), false)
#4 D:\xampp\htdocs\simstidar\public\index.php(37): CodeIgniter\CodeIgniter->run()
#5 {main}
CRITICAL - 2022-04-06 20:21:34 --> Call to undefined function App\Controllers\success()
#0 D:\xampp\htdocs\simstidar\system\CodeIgniter.php(832): App\Controllers\Fakultas->add()
#1 D:\xampp\htdocs\simstidar\system\CodeIgniter.php(419): CodeIgniter\CodeIgniter->runController(Object(App\Controllers\Fakultas))
#2 D:\xampp\htdocs\simstidar\system\CodeIgniter.php(326): CodeIgniter\CodeIgniter->handleRequest(NULL, Object(Config\Cache), false)
#3 D:\xampp\htdocs\simstidar\public\index.php(37): CodeIgniter\CodeIgniter->run()
#4 {main}
CRITICAL - 2022-04-06 20:22:49 --> syntax error, unexpected '.', expecting identifier (T_STRING) or variable (T_VARIABLE) or '{' or '$'
#0 D:\xampp\htdocs\simstidar\system\Router\Router.php(175): CodeIgniter\Router\Router->autoRoute('fakultas')
#1 D:\xampp\htdocs\simstidar\system\CodeIgniter.php(726): CodeIgniter\Router\Router->handle('fakultas')
#2 D:\xampp\htdocs\simstidar\system\CodeIgniter.php(368): CodeIgniter\CodeIgniter->tryToRouteIt(Object(CodeIgniter\Router\RouteCollection))
#3 D:\xampp\htdocs\simstidar\system\CodeIgniter.php(326): CodeIgniter\CodeIgniter->handleRequest(NULL, Object(Config\Cache), false)
#4 D:\xampp\htdocs\simstidar\public\index.php(37): CodeIgniter\CodeIgniter->run()
#5 {main}
CRITICAL - 2022-04-06 20:22:51 --> syntax error, unexpected '.', expecting identifier (T_STRING) or variable (T_VARIABLE) or '{' or '$'
#0 D:\xampp\htdocs\simstidar\system\Router\Router.php(175): CodeIgniter\Router\Router->autoRoute('fakultas')
#1 D:\xampp\htdocs\simstidar\system\CodeIgniter.php(726): CodeIgniter\Router\Router->handle('fakultas')
#2 D:\xampp\htdocs\simstidar\system\CodeIgniter.php(368): CodeIgniter\CodeIgniter->tryToRouteIt(Object(CodeIgniter\Router\RouteCollection))
#3 D:\xampp\htdocs\simstidar\system\CodeIgniter.php(326): CodeIgniter\CodeIgniter->handleRequest(NULL, Object(Config\Cache), false)
#4 D:\xampp\htdocs\simstidar\public\index.php(37): CodeIgniter\CodeIgniter->run()
#5 {main}
CRITICAL - 2022-04-06 20:22:52 --> syntax error, unexpected '.', expecting identifier (T_STRING) or variable (T_VARIABLE) or '{' or '$'
#0 D:\xampp\htdocs\simstidar\system\Router\Router.php(175): CodeIgniter\Router\Router->autoRoute('fakultas')
#1 D:\xampp\htdocs\simstidar\system\CodeIgniter.php(726): CodeIgniter\Router\Router->handle('fakultas')
#2 D:\xampp\htdocs\simstidar\system\CodeIgniter.php(368): CodeIgniter\CodeIgniter->tryToRouteIt(Object(CodeIgniter\Router\RouteCollection))
#3 D:\xampp\htdocs\simstidar\system\CodeIgniter.php(326): CodeIgniter\CodeIgniter->handleRequest(NULL, Object(Config\Cache), false)
#4 D:\xampp\htdocs\simstidar\public\index.php(37): CodeIgniter\CodeIgniter->run()
#5 {main}
CRITICAL - 2022-04-06 20:22:52 --> syntax error, unexpected '.', expecting identifier (T_STRING) or variable (T_VARIABLE) or '{' or '$'
#0 D:\xampp\htdocs\simstidar\system\Router\Router.php(175): CodeIgniter\Router\Router->autoRoute('fakultas')
#1 D:\xampp\htdocs\simstidar\system\CodeIgniter.php(726): CodeIgniter\Router\Router->handle('fakultas')
#2 D:\xampp\htdocs\simstidar\system\CodeIgniter.php(368): CodeIgniter\CodeIgniter->tryToRouteIt(Object(CodeIgniter\Router\RouteCollection))
#3 D:\xampp\htdocs\simstidar\system\CodeIgniter.php(326): CodeIgniter\CodeIgniter->handleRequest(NULL, Object(Config\Cache), false)
#4 D:\xampp\htdocs\simstidar\public\index.php(37): CodeIgniter\CodeIgniter->run()
#5 {main}
CRITICAL - 2022-04-06 20:22:52 --> syntax error, unexpected '.', expecting identifier (T_STRING) or variable (T_VARIABLE) or '{' or '$'
#0 D:\xampp\htdocs\simstidar\system\Router\Router.php(175): CodeIgniter\Router\Router->autoRoute('fakultas')
#1 D:\xampp\htdocs\simstidar\system\CodeIgniter.php(726): CodeIgniter\Router\Router->handle('fakultas')
#2 D:\xampp\htdocs\simstidar\system\CodeIgniter.php(368): CodeIgniter\CodeIgniter->tryToRouteIt(Object(CodeIgniter\Router\RouteCollection))
#3 D:\xampp\htdocs\simstidar\system\CodeIgniter.php(326): CodeIgniter\CodeIgniter->handleRequest(NULL, Object(Config\Cache), false)
#4 D:\xampp\htdocs\simstidar\public\index.php(37): CodeIgniter\CodeIgniter->run()
#5 {main}
CRITICAL - 2022-04-06 20:22:52 --> syntax error, unexpected '.', expecting identifier (T_STRING) or variable (T_VARIABLE) or '{' or '$'
#0 D:\xampp\htdocs\simstidar\system\Router\Router.php(175): CodeIgniter\Router\Router->autoRoute('fakultas')
#1 D:\xampp\htdocs\simstidar\system\CodeIgniter.php(726): CodeIgniter\Router\Router->handle('fakultas')
#2 D:\xampp\htdocs\simstidar\system\CodeIgniter.php(368): CodeIgniter\CodeIgniter->tryToRouteIt(Object(CodeIgniter\Router\RouteCollection))
#3 D:\xampp\htdocs\simstidar\system\CodeIgniter.php(326): CodeIgniter\CodeIgniter->handleRequest(NULL, Object(Config\Cache), false)
#4 D:\xampp\htdocs\simstidar\public\index.php(37): CodeIgniter\CodeIgniter->run()
#5 {main}
CRITICAL - 2022-04-06 20:22:53 --> syntax error, unexpected '.', expecting identifier (T_STRING) or variable (T_VARIABLE) or '{' or '$'
#0 D:\xampp\htdocs\simstidar\system\Router\Router.php(175): CodeIgniter\Router\Router->autoRoute('fakultas')
#1 D:\xampp\htdocs\simstidar\system\CodeIgniter.php(726): CodeIgniter\Router\Router->handle('fakultas')
#2 D:\xampp\htdocs\simstidar\system\CodeIgniter.php(368): CodeIgniter\CodeIgniter->tryToRouteIt(Object(CodeIgniter\Router\RouteCollection))
#3 D:\xampp\htdocs\simstidar\system\CodeIgniter.php(326): CodeIgniter\CodeIgniter->handleRequest(NULL, Object(Config\Cache), false)
#4 D:\xampp\htdocs\simstidar\public\index.php(37): CodeIgniter\CodeIgniter->run()
#5 {main}
CRITICAL - 2022-04-06 20:22:53 --> syntax error, unexpected '.', expecting identifier (T_STRING) or variable (T_VARIABLE) or '{' or '$'
#0 D:\xampp\htdocs\simstidar\system\Router\Router.php(175): CodeIgniter\Router\Router->autoRoute('fakultas')
#1 D:\xampp\htdocs\simstidar\system\CodeIgniter.php(726): CodeIgniter\Router\Router->handle('fakultas')
#2 D:\xampp\htdocs\simstidar\system\CodeIgniter.php(368): CodeIgniter\CodeIgniter->tryToRouteIt(Object(CodeIgniter\Router\RouteCollection))
#3 D:\xampp\htdocs\simstidar\system\CodeIgniter.php(326): CodeIgniter\CodeIgniter->handleRequest(NULL, Object(Config\Cache), false)
#4 D:\xampp\htdocs\simstidar\public\index.php(37): CodeIgniter\CodeIgniter->run()
#5 {main}
CRITICAL - 2022-04-06 20:22:53 --> syntax error, unexpected '.', expecting identifier (T_STRING) or variable (T_VARIABLE) or '{' or '$'
#0 D:\xampp\htdocs\simstidar\system\Router\Router.php(175): CodeIgniter\Router\Router->autoRoute('fakultas')
#1 D:\xampp\htdocs\simstidar\system\CodeIgniter.php(726): CodeIgniter\Router\Router->handle('fakultas')
#2 D:\xampp\htdocs\simstidar\system\CodeIgniter.php(368): CodeIgniter\CodeIgniter->tryToRouteIt(Object(CodeIgniter\Router\RouteCollection))
#3 D:\xampp\htdocs\simstidar\system\CodeIgniter.php(326): CodeIgniter\CodeIgniter->handleRequest(NULL, Object(Config\Cache), false)
#4 D:\xampp\htdocs\simstidar\public\index.php(37): CodeIgniter\CodeIgniter->run()
#5 {main}
CRITICAL - 2022-04-06 20:22:53 --> syntax error, unexpected '.', expecting identifier (T_STRING) or variable (T_VARIABLE) or '{' or '$'
#0 D:\xampp\htdocs\simstidar\system\Router\Router.php(175): CodeIgniter\Router\Router->autoRoute('fakultas')
#1 D:\xampp\htdocs\simstidar\system\CodeIgniter.php(726): CodeIgniter\Router\Router->handle('fakultas')
#2 D:\xampp\htdocs\simstidar\system\CodeIgniter.php(368): CodeIgniter\CodeIgniter->tryToRouteIt(Object(CodeIgniter\Router\RouteCollection))
#3 D:\xampp\htdocs\simstidar\system\CodeIgniter.php(326): CodeIgniter\CodeIgniter->handleRequest(NULL, Object(Config\Cache), false)
#4 D:\xampp\htdocs\simstidar\public\index.php(37): CodeIgniter\CodeIgniter->run()
#5 {main}
CRITICAL - 2022-04-06 20:22:54 --> syntax error, unexpected '.', expecting identifier (T_STRING) or variable (T_VARIABLE) or '{' or '$'
#0 D:\xampp\htdocs\simstidar\system\Router\Router.php(175): CodeIgniter\Router\Router->autoRoute('fakultas')
#1 D:\xampp\htdocs\simstidar\system\CodeIgniter.php(726): CodeIgniter\Router\Router->handle('fakultas')
#2 D:\xampp\htdocs\simstidar\system\CodeIgniter.php(368): CodeIgniter\CodeIgniter->tryToRouteIt(Object(CodeIgniter\Router\RouteCollection))
#3 D:\xampp\htdocs\simstidar\system\CodeIgniter.php(326): CodeIgniter\CodeIgniter->handleRequest(NULL, Object(Config\Cache), false)
#4 D:\xampp\htdocs\simstidar\public\index.php(37): CodeIgniter\CodeIgniter->run()
#5 {main}
CRITICAL - 2022-04-06 20:23:19 --> syntax error, unexpected '.', expecting variable (T_VARIABLE) or '{' or '$'
#0 D:\xampp\htdocs\simstidar\system\Router\Router.php(175): CodeIgniter\Router\Router->autoRoute('fakultas')
#1 D:\xampp\htdocs\simstidar\system\CodeIgniter.php(726): CodeIgniter\Router\Router->handle('fakultas')
#2 D:\xampp\htdocs\simstidar\system\CodeIgniter.php(368): CodeIgniter\CodeIgniter->tryToRouteIt(Object(CodeIgniter\Router\RouteCollection))
#3 D:\xampp\htdocs\simstidar\system\CodeIgniter.php(326): CodeIgniter\CodeIgniter->handleRequest(NULL, Object(Config\Cache), false)
#4 D:\xampp\htdocs\simstidar\public\index.php(37): CodeIgniter\CodeIgniter->run()
#5 {main}
CRITICAL - 2022-04-06 20:23:21 --> syntax error, unexpected '.', expecting variable (T_VARIABLE) or '{' or '$'
#0 D:\xampp\htdocs\simstidar\system\Router\Router.php(175): CodeIgniter\Router\Router->autoRoute('fakultas')
#1 D:\xampp\htdocs\simstidar\system\CodeIgniter.php(726): CodeIgniter\Router\Router->handle('fakultas')
#2 D:\xampp\htdocs\simstidar\system\CodeIgniter.php(368): CodeIgniter\CodeIgniter->tryToRouteIt(Object(CodeIgniter\Router\RouteCollection))
#3 D:\xampp\htdocs\simstidar\system\CodeIgniter.php(326): CodeIgniter\CodeIgniter->handleRequest(NULL, Object(Config\Cache), false)
#4 D:\xampp\htdocs\simstidar\public\index.php(37): CodeIgniter\CodeIgniter->run()
#5 {main}
CRITICAL - 2022-04-06 20:23:22 --> syntax error, unexpected '.', expecting variable (T_VARIABLE) or '{' or '$'
#0 D:\xampp\htdocs\simstidar\system\Router\Router.php(175): CodeIgniter\Router\Router->autoRoute('fakultas')
#1 D:\xampp\htdocs\simstidar\system\CodeIgniter.php(726): CodeIgniter\Router\Router->handle('fakultas')
#2 D:\xampp\htdocs\simstidar\system\CodeIgniter.php(368): CodeIgniter\CodeIgniter->tryToRouteIt(Object(CodeIgniter\Router\RouteCollection))
#3 D:\xampp\htdocs\simstidar\system\CodeIgniter.php(326): CodeIgniter\CodeIgniter->handleRequest(NULL, Object(Config\Cache), false)
#4 D:\xampp\htdocs\simstidar\public\index.php(37): CodeIgniter\CodeIgniter->run()
#5 {main}
CRITICAL - 2022-04-06 20:23:23 --> syntax error, unexpected '.', expecting variable (T_VARIABLE) or '{' or '$'
#0 D:\xampp\htdocs\simstidar\system\Router\Router.php(175): CodeIgniter\Router\Router->autoRoute('fakultas')
#1 D:\xampp\htdocs\simstidar\system\CodeIgniter.php(726): CodeIgniter\Router\Router->handle('fakultas')
#2 D:\xampp\htdocs\simstidar\system\CodeIgniter.php(368): CodeIgniter\CodeIgniter->tryToRouteIt(Object(CodeIgniter\Router\RouteCollection))
#3 D:\xampp\htdocs\simstidar\system\CodeIgniter.php(326): CodeIgniter\CodeIgniter->handleRequest(NULL, Object(Config\Cache), false)
#4 D:\xampp\htdocs\simstidar\public\index.php(37): CodeIgniter\CodeIgniter->run()
#5 {main}
CRITICAL - 2022-04-06 20:24:01 --> Undefined variable: toastrDefaultSuccess
#0 D:\xampp\htdocs\simstidar\app\Controllers\Fakultas.php(31): CodeIgniter\Debug\Exceptions->errorHandler(8, 'Undefined varia...', 'D:\\xampp\\htdocs...', 31, Array)
#1 D:\xampp\htdocs\simstidar\system\CodeIgniter.php(832): App\Controllers\Fakultas->add()
#2 D:\xampp\htdocs\simstidar\system\CodeIgniter.php(419): CodeIgniter\CodeIgniter->runController(Object(App\Controllers\Fakultas))
#3 D:\xampp\htdocs\simstidar\system\CodeIgniter.php(326): CodeIgniter\CodeIgniter->handleRequest(NULL, Object(Config\Cache), false)
#4 D:\xampp\htdocs\simstidar\public\index.php(37): CodeIgniter\CodeIgniter->run()
#5 {main}
CRITICAL - 2022-04-06 20:24:28 --> syntax error, unexpected '(', expecting variable (T_VARIABLE) or '{' or '$'
#0 D:\xampp\htdocs\simstidar\system\Router\Router.php(175): CodeIgniter\Router\Router->autoRoute('fakultas')
#1 D:\xampp\htdocs\simstidar\system\CodeIgniter.php(726): CodeIgniter\Router\Router->handle('fakultas')
#2 D:\xampp\htdocs\simstidar\system\CodeIgniter.php(368): CodeIgniter\CodeIgniter->tryToRouteIt(Object(CodeIgniter\Router\RouteCollection))
#3 D:\xampp\htdocs\simstidar\system\CodeIgniter.php(326): CodeIgniter\CodeIgniter->handleRequest(NULL, Object(Config\Cache), false)
#4 D:\xampp\htdocs\simstidar\public\index.php(37): CodeIgniter\CodeIgniter->run()
#5 {main}
CRITICAL - 2022-04-06 20:24:31 --> syntax error, unexpected '(', expecting variable (T_VARIABLE) or '{' or '$'
#0 D:\xampp\htdocs\simstidar\system\Router\Router.php(175): CodeIgniter\Router\Router->autoRoute('fakultas')
#1 D:\xampp\htdocs\simstidar\system\CodeIgniter.php(726): CodeIgniter\Router\Router->handle('fakultas')
#2 D:\xampp\htdocs\simstidar\system\CodeIgniter.php(368): CodeIgniter\CodeIgniter->tryToRouteIt(Object(CodeIgniter\Router\RouteCollection))
#3 D:\xampp\htdocs\simstidar\system\CodeIgniter.php(326): CodeIgniter\CodeIgniter->handleRequest(NULL, Object(Config\Cache), false)
#4 D:\xampp\htdocs\simstidar\public\index.php(37): CodeIgniter\CodeIgniter->run()
#5 {main}
CRITICAL - 2022-04-06 20:27:30 --> Call to undefined function App\Controllers\success()
#0 D:\xampp\htdocs\simstidar\system\CodeIgniter.php(832): App\Controllers\Fakultas->add()
#1 D:\xampp\htdocs\simstidar\system\CodeIgniter.php(419): CodeIgniter\CodeIgniter->runController(Object(App\Controllers\Fakultas))
#2 D:\xampp\htdocs\simstidar\system\CodeIgniter.php(326): CodeIgniter\CodeIgniter->handleRequest(NULL, Object(Config\Cache), false)
#3 D:\xampp\htdocs\simstidar\public\index.php(37): CodeIgniter\CodeIgniter->run()
#4 {main}
CRITICAL - 2022-04-06 20:38:39 --> Call to a member function with() on string
#0 D:\xampp\htdocs\simstidar\system\CodeIgniter.php(832): App\Controllers\Fakultas->add()
#1 D:\xampp\htdocs\simstidar\system\CodeIgniter.php(419): CodeIgniter\CodeIgniter->runController(Object(App\Controllers\Fakultas))
#2 D:\xampp\htdocs\simstidar\system\CodeIgniter.php(326): CodeIgniter\CodeIgniter->handleRequest(NULL, Object(Config\Cache), false)
#3 D:\xampp\htdocs\simstidar\public\index.php(37): CodeIgniter\CodeIgniter->run()
#4 {main}
CRITICAL - 2022-04-06 21:29:24 --> Undefined variable: toastr
#0 D:\xampp\htdocs\simstidar\app\Controllers\Fakultas.php(32): CodeIgniter\Debug\Exceptions->errorHandler(8, 'Undefined varia...', 'D:\\xampp\\htdocs...', 32, Array)
#1 D:\xampp\htdocs\simstidar\system\CodeIgniter.php(832): App\Controllers\Fakultas->add()
#2 D:\xampp\htdocs\simstidar\system\CodeIgniter.php(419): CodeIgniter\CodeIgniter->runController(Object(App\Controllers\Fakultas))
#3 D:\xampp\htdocs\simstidar\system\CodeIgniter.php(326): CodeIgniter\CodeIgniter->handleRequest(NULL, Object(Config\Cache), false)
#4 D:\xampp\htdocs\simstidar\public\index.php(37): CodeIgniter\CodeIgniter->run()
#5 {main}
CRITICAL - 2022-04-06 22:30:41 --> Undefined variable: session
#0 D:\xampp\htdocs\simstidar\app\Views\admin\fakultas.php(28): CodeIgniter\Debug\Exceptions->errorHandler(8, 'Undefined varia...', 'D:\\xampp\\htdocs...', 28, Array)
#1 D:\xampp\htdocs\simstidar\system\View\View.php(210): include('D:\\xampp\\htdocs...')
#2 D:\xampp\htdocs\simstidar\system\View\View.php(213): CodeIgniter\View\View->CodeIgniter\View\{closure}()
#3 D:\xampp\htdocs\simstidar\system\Common.php(1089): CodeIgniter\View\View->render('admin/fakultas', Array, true)
#4 D:\xampp\htdocs\simstidar\app\Views\layout\content.php(3): view('admin/fakultas')
#5 D:\xampp\htdocs\simstidar\system\View\View.php(210): include('D:\\xampp\\htdocs...')
#6 D:\xampp\htdocs\simstidar\system\View\View.php(213): CodeIgniter\View\View->CodeIgniter\View\{closure}()
#7 D:\xampp\htdocs\simstidar\system\Common.php(1089): CodeIgniter\View\View->render('layout/content', Array, true)
#8 D:\xampp\htdocs\simstidar\app\Views\layout\wrapper.php(4): view('layout/content')
#9 D:\xampp\htdocs\simstidar\system\View\View.php(210): include('D:\\xampp\\htdocs...')
#10 D:\xampp\htdocs\simstidar\system\View\View.php(213): CodeIgniter\View\View->CodeIgniter\View\{closure}()
#11 D:\xampp\htdocs\simstidar\system\Common.php(1089): CodeIgniter\View\View->render('layout/wrapper', Array, true)
#12 D:\xampp\htdocs\simstidar\app\Controllers\Fakultas.php(22): view('layout/wrapper', Array)
#13 D:\xampp\htdocs\simstidar\system\CodeIgniter.php(832): App\Controllers\Fakultas->index()
#14 D:\xampp\htdocs\simstidar\system\CodeIgniter.php(419): CodeIgniter\CodeIgniter->runController(Object(App\Controllers\Fakultas))
#15 D:\xampp\htdocs\simstidar\system\CodeIgniter.php(326): CodeIgniter\CodeIgniter->handleRequest(NULL, Object(Config\Cache), false)
#16 D:\xampp\htdocs\simstidar\public\index.php(37): CodeIgniter\CodeIgniter->run()
#17 {main}
CRITICAL - 2022-04-06 22:30:44 --> Undefined variable: session
#0 D:\xampp\htdocs\simstidar\app\Views\admin\fakultas.php(28): CodeIgniter\Debug\Exceptions->errorHandler(8, 'Undefined varia...', 'D:\\xampp\\htdocs...', 28, Array)
#1 D:\xampp\htdocs\simstidar\system\View\View.php(210): include('D:\\xampp\\htdocs...')
#2 D:\xampp\htdocs\simstidar\system\View\View.php(213): CodeIgniter\View\View->CodeIgniter\View\{closure}()
#3 D:\xampp\htdocs\simstidar\system\Common.php(1089): CodeIgniter\View\View->render('admin/fakultas', Array, true)
#4 D:\xampp\htdocs\simstidar\app\Views\layout\content.php(3): view('admin/fakultas')
#5 D:\xampp\htdocs\simstidar\system\View\View.php(210): include('D:\\xampp\\htdocs...')
#6 D:\xampp\htdocs\simstidar\system\View\View.php(213): CodeIgniter\View\View->CodeIgniter\View\{closure}()
#7 D:\xampp\htdocs\simstidar\system\Common.php(1089): CodeIgniter\View\View->render('layout/content', Array, true)
#8 D:\xampp\htdocs\simstidar\app\Views\layout\wrapper.php(4): view('layout/content')
#9 D:\xampp\htdocs\simstidar\system\View\View.php(210): include('D:\\xampp\\htdocs...')
#10 D:\xampp\htdocs\simstidar\system\View\View.php(213): CodeIgniter\View\View->CodeIgniter\View\{closure}()
#11 D:\xampp\htdocs\simstidar\system\Common.php(1089): CodeIgniter\View\View->render('layout/wrapper', Array, true)
#12 D:\xampp\htdocs\simstidar\app\Controllers\Fakultas.php(22): view('layout/wrapper', Array)
#13 D:\xampp\htdocs\simstidar\system\CodeIgniter.php(832): App\Controllers\Fakultas->index()
#14 D:\xampp\htdocs\simstidar\system\CodeIgniter.php(419): CodeIgniter\CodeIgniter->runController(Object(App\Controllers\Fakultas))
#15 D:\xampp\htdocs\simstidar\system\CodeIgniter.php(326): CodeIgniter\CodeIgniter->handleRequest(NULL, Object(Config\Cache), false)
#16 D:\xampp\htdocs\simstidar\public\index.php(37): CodeIgniter\CodeIgniter->run()
#17 {main}
CRITICAL - 2022-04-06 22:30:44 --> Undefined variable: session
#0 D:\xampp\htdocs\simstidar\app\Views\admin\fakultas.php(28): CodeIgniter\Debug\Exceptions->errorHandler(8, 'Undefined varia...', 'D:\\xampp\\htdocs...', 28, Array)
#1 D:\xampp\htdocs\simstidar\system\View\View.php(210): include('D:\\xampp\\htdocs...')
#2 D:\xampp\htdocs\simstidar\system\View\View.php(213): CodeIgniter\View\View->CodeIgniter\View\{closure}()
#3 D:\xampp\htdocs\simstidar\system\Common.php(1089): CodeIgniter\View\View->render('admin/fakultas', Array, true)
#4 D:\xampp\htdocs\simstidar\app\Views\layout\content.php(3): view('admin/fakultas')
#5 D:\xampp\htdocs\simstidar\system\View\View.php(210): include('D:\\xampp\\htdocs...')
#6 D:\xampp\htdocs\simstidar\system\View\View.php(213): CodeIgniter\View\View->CodeIgniter\View\{closure}()
#7 D:\xampp\htdocs\simstidar\system\Common.php(1089): CodeIgniter\View\View->render('layout/content', Array, true)
#8 D:\xampp\htdocs\simstidar\app\Views\layout\wrapper.php(4): view('layout/content')
#9 D:\xampp\htdocs\simstidar\system\View\View.php(210): include('D:\\xampp\\htdocs...')
#10 D:\xampp\htdocs\simstidar\system\View\View.php(213): CodeIgniter\View\View->CodeIgniter\View\{closure}()
#11 D:\xampp\htdocs\simstidar\system\Common.php(1089): CodeIgniter\View\View->render('layout/wrapper', Array, true)
#12 D:\xampp\htdocs\simstidar\app\Controllers\Fakultas.php(22): view('layout/wrapper', Array)
#13 D:\xampp\htdocs\simstidar\system\CodeIgniter.php(832): App\Controllers\Fakultas->index()
#14 D:\xampp\htdocs\simstidar\system\CodeIgniter.php(419): CodeIgniter\CodeIgniter->runController(Object(App\Controllers\Fakultas))
#15 D:\xampp\htdocs\simstidar\system\CodeIgniter.php(326): CodeIgniter\CodeIgniter->handleRequest(NULL, Object(Config\Cache), false)
#16 D:\xampp\htdocs\simstidar\public\index.php(37): CodeIgniter\CodeIgniter->run()
#17 {main}
CRITICAL - 2022-04-06 22:30:45 --> Undefined variable: session
#0 D:\xampp\htdocs\simstidar\app\Views\admin\fakultas.php(28): CodeIgniter\Debug\Exceptions->errorHandler(8, 'Undefined varia...', 'D:\\xampp\\htdocs...', 28, Array)
#1 D:\xampp\htdocs\simstidar\system\View\View.php(210): include('D:\\xampp\\htdocs...')
#2 D:\xampp\htdocs\simstidar\system\View\View.php(213): CodeIgniter\View\View->CodeIgniter\View\{closure}()
#3 D:\xampp\htdocs\simstidar\system\Common.php(1089): CodeIgniter\View\View->render('admin/fakultas', Array, true)
#4 D:\xampp\htdocs\simstidar\app\Views\layout\content.php(3): view('admin/fakultas')
#5 D:\xampp\htdocs\simstidar\system\View\View.php(210): include('D:\\xampp\\htdocs...')
#6 D:\xampp\htdocs\simstidar\system\View\View.php(213): CodeIgniter\View\View->CodeIgniter\View\{closure}()
#7 D:\xampp\htdocs\simstidar\system\Common.php(1089): CodeIgniter\View\View->render('layout/content', Array, true)
#8 D:\xampp\htdocs\simstidar\app\Views\layout\wrapper.php(4): view('layout/content')
#9 D:\xampp\htdocs\simstidar\system\View\View.php(210): include('D:\\xampp\\htdocs...')
#10 D:\xampp\htdocs\simstidar\system\View\View.php(213): CodeIgniter\View\View->CodeIgniter\View\{closure}()
#11 D:\xampp\htdocs\simstidar\system\Common.php(1089): CodeIgniter\View\View->render('layout/wrapper', Array, true)
#12 D:\xampp\htdocs\simstidar\app\Controllers\Fakultas.php(22): view('layout/wrapper', Array)
#13 D:\xampp\htdocs\simstidar\system\CodeIgniter.php(832): App\Controllers\Fakultas->index()
#14 D:\xampp\htdocs\simstidar\system\CodeIgniter.php(419): CodeIgniter\CodeIgniter->runController(Object(App\Controllers\Fakultas))
#15 D:\xampp\htdocs\simstidar\system\CodeIgniter.php(326): CodeIgniter\CodeIgniter->handleRequest(NULL, Object(Config\Cache), false)
#16 D:\xampp\htdocs\simstidar\public\index.php(37): CodeIgniter\CodeIgniter->run()
#17 {main}
CRITICAL - 2022-04-06 22:31:09 --> Undefined variable: session
#0 D:\xampp\htdocs\simstidar\app\Views\admin\fakultas.php(27): CodeIgniter\Debug\Exceptions->errorHandler(8, 'Undefined varia...', 'D:\\xampp\\htdocs...', 27, Array)
#1 D:\xampp\htdocs\simstidar\system\View\View.php(210): include('D:\\xampp\\htdocs...')
#2 D:\xampp\htdocs\simstidar\system\View\View.php(213): CodeIgniter\View\View->CodeIgniter\View\{closure}()
#3 D:\xampp\htdocs\simstidar\system\Common.php(1089): CodeIgniter\View\View->render('admin/fakultas', Array, true)
#4 D:\xampp\htdocs\simstidar\app\Views\layout\content.php(3): view('admin/fakultas')
#5 D:\xampp\htdocs\simstidar\system\View\View.php(210): include('D:\\xampp\\htdocs...')
#6 D:\xampp\htdocs\simstidar\system\View\View.php(213): CodeIgniter\View\View->CodeIgniter\View\{closure}()
#7 D:\xampp\htdocs\simstidar\system\Common.php(1089): CodeIgniter\View\View->render('layout/content', Array, true)
#8 D:\xampp\htdocs\simstidar\app\Views\layout\wrapper.php(4): view('layout/content')
#9 D:\xampp\htdocs\simstidar\system\View\View.php(210): include('D:\\xampp\\htdocs...')
#10 D:\xampp\htdocs\simstidar\system\View\View.php(213): CodeIgniter\View\View->CodeIgniter\View\{closure}()
#11 D:\xampp\htdocs\simstidar\system\Common.php(1089): CodeIgniter\View\View->render('layout/wrapper', Array, true)
#12 D:\xampp\htdocs\simstidar\app\Controllers\Fakultas.php(22): view('layout/wrapper', Array)
#13 D:\xampp\htdocs\simstidar\system\CodeIgniter.php(832): App\Controllers\Fakultas->index()
#14 D:\xampp\htdocs\simstidar\system\CodeIgniter.php(419): CodeIgniter\CodeIgniter->runController(Object(App\Controllers\Fakultas))
#15 D:\xampp\htdocs\simstidar\system\CodeIgniter.php(326): CodeIgniter\CodeIgniter->handleRequest(NULL, Object(Config\Cache), false)
#16 D:\xampp\htdocs\simstidar\public\index.php(37): CodeIgniter\CodeIgniter->run()
#17 {main}
CRITICAL - 2022-04-06 22:55:48 --> Invalid file: prodi.php
#0 D:\xampp\htdocs\simstidar\system\View\View.php(198): CodeIgniter\Exceptions\FrameworkException::forInvalidFile('prodi.php')
#1 D:\xampp\htdocs\simstidar\system\Common.php(1089): CodeIgniter\View\View->render('prodi', Array, true)
#2 D:\xampp\htdocs\simstidar\app\Views\layout\content.php(3): view('prodi')
#3 D:\xampp\htdocs\simstidar\system\View\View.php(210): include('D:\\xampp\\htdocs...')
#4 D:\xampp\htdocs\simstidar\system\View\View.php(213): CodeIgniter\View\View->CodeIgniter\View\{closure}()
#5 D:\xampp\htdocs\simstidar\system\Common.php(1089): CodeIgniter\View\View->render('layout/content', Array, true)
#6 D:\xampp\htdocs\simstidar\app\Views\layout\wrapper.php(4): view('layout/content')
#7 D:\xampp\htdocs\simstidar\system\View\View.php(210): include('D:\\xampp\\htdocs...')
#8 D:\xampp\htdocs\simstidar\system\View\View.php(213): CodeIgniter\View\View->CodeIgniter\View\{closure}()
#9 D:\xampp\htdocs\simstidar\system\Common.php(1089): CodeIgniter\View\View->render('layout/wrapper', Array, true)
#10 D:\xampp\htdocs\simstidar\app\Controllers\Prodi.php(13): view('layout/wrapper', Array)
#11 D:\xampp\htdocs\simstidar\system\CodeIgniter.php(832): App\Controllers\Prodi->index()
#12 D:\xampp\htdocs\simstidar\system\CodeIgniter.php(419): CodeIgniter\CodeIgniter->runController(Object(App\Controllers\Prodi))
#13 D:\xampp\htdocs\simstidar\system\CodeIgniter.php(326): CodeIgniter\CodeIgniter->handleRequest(NULL, Object(Config\Cache), false)
#14 D:\xampp\htdocs\simstidar\public\index.php(37): CodeIgniter\CodeIgniter->run()
#15 {main}
CRITICAL - 2022-04-06 23:00:21 --> Undefined variable: fakultas
#0 D:\xampp\htdocs\simstidar\app\Views\admin\prodi.php(62): CodeIgniter\Debug\Exceptions->errorHandler(8, 'Undefined varia...', 'D:\\xampp\\htdocs...', 62, Array)
#1 D:\xampp\htdocs\simstidar\system\View\View.php(210): include('D:\\xampp\\htdocs...')
#2 D:\xampp\htdocs\simstidar\system\View\View.php(213): CodeIgniter\View\View->CodeIgniter\View\{closure}()
#3 D:\xampp\htdocs\simstidar\system\Common.php(1089): CodeIgniter\View\View->render('admin/prodi', Array, true)
#4 D:\xampp\htdocs\simstidar\app\Views\layout\content.php(3): view('admin/prodi')
#5 D:\xampp\htdocs\simstidar\system\View\View.php(210): include('D:\\xampp\\htdocs...')
#6 D:\xampp\htdocs\simstidar\system\View\View.php(213): CodeIgniter\View\View->CodeIgniter\View\{closure}()
#7 D:\xampp\htdocs\simstidar\system\Common.php(1089): CodeIgniter\View\View->render('layout/content', Array, true)
#8 D:\xampp\htdocs\simstidar\app\Views\layout\wrapper.php(4): view('layout/content')
#9 D:\xampp\htdocs\simstidar\system\View\View.php(210): include('D:\\xampp\\htdocs...')
#10 D:\xampp\htdocs\simstidar\system\View\View.php(213): CodeIgniter\View\View->CodeIgniter\View\{closure}()
#11 D:\xampp\htdocs\simstidar\system\Common.php(1089): CodeIgniter\View\View->render('layout/wrapper', Array, true)
#12 D:\xampp\htdocs\simstidar\app\Controllers\Prodi.php(22): view('layout/wrapper', Array)
#13 D:\xampp\htdocs\simstidar\system\CodeIgniter.php(832): App\Controllers\Prodi->index()
#14 D:\xampp\htdocs\simstidar\system\CodeIgniter.php(419): CodeIgniter\CodeIgniter->runController(Object(App\Controllers\Prodi))
#15 D:\xampp\htdocs\simstidar\system\CodeIgniter.php(326): CodeIgniter\CodeIgniter->handleRequest(NULL, Object(Config\Cache), false)
#16 D:\xampp\htdocs\simstidar\public\index.php(37): CodeIgniter\CodeIgniter->run()
#17 {main}
CRITICAL - 2022-04-06 23:02:01 --> Undefined variable: fakultas
#0 D:\xampp\htdocs\simstidar\app\Views\admin\prodi.php(62): CodeIgniter\Debug\Exceptions->errorHandler(8, 'Undefined varia...', 'D:\\xampp\\htdocs...', 62, Array)
#1 D:\xampp\htdocs\simstidar\system\View\View.php(210): include('D:\\xampp\\htdocs...')
#2 D:\xampp\htdocs\simstidar\system\View\View.php(213): CodeIgniter\View\View->CodeIgniter\View\{closure}()
#3 D:\xampp\htdocs\simstidar\system\Common.php(1089): CodeIgniter\View\View->render('admin/prodi', Array, true)
#4 D:\xampp\htdocs\simstidar\app\Views\layout\content.php(3): view('admin/prodi')
#5 D:\xampp\htdocs\simstidar\system\View\View.php(210): include('D:\\xampp\\htdocs...')
#6 D:\xampp\htdocs\simstidar\system\View\View.php(213): CodeIgniter\View\View->CodeIgniter\View\{closure}()
#7 D:\xampp\htdocs\simstidar\system\Common.php(1089): CodeIgniter\View\View->render('layout/content', Array, true)
#8 D:\xampp\htdocs\simstidar\app\Views\layout\wrapper.php(4): view('layout/content')
#9 D:\xampp\htdocs\simstidar\system\View\View.php(210): include('D:\\xampp\\htdocs...')
#10 D:\xampp\htdocs\simstidar\system\View\View.php(213): CodeIgniter\View\View->CodeIgniter\View\{closure}()
#11 D:\xampp\htdocs\simstidar\system\Common.php(1089): CodeIgniter\View\View->render('layout/wrapper', Array, true)
#12 D:\xampp\htdocs\simstidar\app\Controllers\Prodi.php(22): view('layout/wrapper', Array)
#13 D:\xampp\htdocs\simstidar\system\CodeIgniter.php(832): App\Controllers\Prodi->index()
#14 D:\xampp\htdocs\simstidar\system\CodeIgniter.php(419): CodeIgniter\CodeIgniter->runController(Object(App\Controllers\Prodi))
#15 D:\xampp\htdocs\simstidar\system\CodeIgniter.php(326): CodeIgniter\CodeIgniter->handleRequest(NULL, Object(Config\Cache), false)
#16 D:\xampp\htdocs\simstidar\public\index.php(37): CodeIgniter\CodeIgniter->run()
#17 {main}
CRITICAL - 2022-04-06 23:04:41 --> Undefined variable: fakultas
#0 D:\xampp\htdocs\simstidar\app\Views\admin\prodi.php(62): CodeIgniter\Debug\Exceptions->errorHandler(8, 'Undefined varia...', 'D:\\xampp\\htdocs...', 62, Array)
#1 D:\xampp\htdocs\simstidar\system\View\View.php(210): include('D:\\xampp\\htdocs...')
#2 D:\xampp\htdocs\simstidar\system\View\View.php(213): CodeIgniter\View\View->CodeIgniter\View\{closure}()
#3 D:\xampp\htdocs\simstidar\system\Common.php(1089): CodeIgniter\View\View->render('admin/prodi', Array, true)
#4 D:\xampp\htdocs\simstidar\app\Views\layout\content.php(3): view('admin/prodi')
#5 D:\xampp\htdocs\simstidar\system\View\View.php(210): include('D:\\xampp\\htdocs...')
#6 D:\xampp\htdocs\simstidar\system\View\View.php(213): CodeIgniter\View\View->CodeIgniter\View\{closure}()
#7 D:\xampp\htdocs\simstidar\system\Common.php(1089): CodeIgniter\View\View->render('layout/content', Array, true)
#8 D:\xampp\htdocs\simstidar\app\Views\layout\wrapper.php(4): view('layout/content')
#9 D:\xampp\htdocs\simstidar\system\View\View.php(210): include('D:\\xampp\\htdocs...')
#10 D:\xampp\htdocs\simstidar\system\View\View.php(213): CodeIgniter\View\View->CodeIgniter\View\{closure}()
#11 D:\xampp\htdocs\simstidar\system\Common.php(1089): CodeIgniter\View\View->render('layout/wrapper', Array, true)
#12 D:\xampp\htdocs\simstidar\app\Controllers\Prodi.php(22): view('layout/wrapper', Array)
#13 D:\xampp\htdocs\simstidar\system\CodeIgniter.php(832): App\Controllers\Prodi->index()
#14 D:\xampp\htdocs\simstidar\system\CodeIgniter.php(419): CodeIgniter\CodeIgniter->runController(Object(App\Controllers\Prodi))
#15 D:\xampp\htdocs\simstidar\system\CodeIgniter.php(326): CodeIgniter\CodeIgniter->handleRequest(NULL, Object(Config\Cache), false)
#16 D:\xampp\htdocs\simstidar\public\index.php(37): CodeIgniter\CodeIgniter->run()
#17 {main}
CRITICAL - 2022-04-06 23:19:05 --> syntax error, unexpected '->' (T_OBJECT_OPERATOR)
#0 D:\xampp\htdocs\simstidar\system\Autoloader\Autoloader.php(241): CodeIgniter\Autoloader\Autoloader->includeFile('D:\\xampp\\htdocs...')
#1 D:\xampp\htdocs\simstidar\system\Autoloader\Autoloader.php(219): CodeIgniter\Autoloader\Autoloader->loadInNamespace('App\\Models\\Mode...')
#2 [internal function]: CodeIgniter\Autoloader\Autoloader->loadClass('App\\Models\\Mode...')
#3 D:\xampp\htdocs\simstidar\app\Controllers\Prodi.php(12): spl_autoload_call('App\\Models\\Mode...')
#4 D:\xampp\htdocs\simstidar\system\CodeIgniter.php(809): App\Controllers\Prodi->__construct()
#5 D:\xampp\htdocs\simstidar\system\CodeIgniter.php(410): CodeIgniter\CodeIgniter->createController()
#6 D:\xampp\htdocs\simstidar\system\CodeIgniter.php(326): CodeIgniter\CodeIgniter->handleRequest(NULL, Object(Config\Cache), false)
#7 D:\xampp\htdocs\simstidar\public\index.php(37): CodeIgniter\CodeIgniter->run()
#8 {main}
CRITICAL - 2022-04-06 23:21:01 --> Undefined variable: fakultas
#0 D:\xampp\htdocs\simstidar\app\Views\admin\prodi.php(127): CodeIgniter\Debug\Exceptions->errorHandler(8, 'Undefined varia...', 'D:\\xampp\\htdocs...', 127, Array)
#1 D:\xampp\htdocs\simstidar\system\View\View.php(210): include('D:\\xampp\\htdocs...')
#2 D:\xampp\htdocs\simstidar\system\View\View.php(213): CodeIgniter\View\View->CodeIgniter\View\{closure}()
#3 D:\xampp\htdocs\simstidar\system\Common.php(1089): CodeIgniter\View\View->render('admin/prodi', Array, true)
#4 D:\xampp\htdocs\simstidar\app\Views\layout\content.php(3): view('admin/prodi')
#5 D:\xampp\htdocs\simstidar\system\View\View.php(210): include('D:\\xampp\\htdocs...')
#6 D:\xampp\htdocs\simstidar\system\View\View.php(213): CodeIgniter\View\View->CodeIgniter\View\{closure}()
#7 D:\xampp\htdocs\simstidar\system\Common.php(1089): CodeIgniter\View\View->render('layout/content', Array, true)
#8 D:\xampp\htdocs\simstidar\app\Views\layout\wrapper.php(4): view('layout/content')
#9 D:\xampp\htdocs\simstidar\system\View\View.php(210): include('D:\\xampp\\htdocs...')
#10 D:\xampp\htdocs\simstidar\system\View\View.php(213): CodeIgniter\View\View->CodeIgniter\View\{closure}()
#11 D:\xampp\htdocs\simstidar\system\Common.php(1089): CodeIgniter\View\View->render('layout/wrapper', Array, true)
#12 D:\xampp\htdocs\simstidar\app\Controllers\Prodi.php(22): view('layout/wrapper', Array)
#13 D:\xampp\htdocs\simstidar\system\CodeIgniter.php(832): App\Controllers\Prodi->index()
#14 D:\xampp\htdocs\simstidar\system\CodeIgniter.php(419): CodeIgniter\CodeIgniter->runController(Object(App\Controllers\Prodi))
#15 D:\xampp\htdocs\simstidar\system\CodeIgniter.php(326): CodeIgniter\CodeIgniter->handleRequest(NULL, Object(Config\Cache), false)
#16 D:\xampp\htdocs\simstidar\public\index.php(37): CodeIgniter\CodeIgniter->run()
#17 {main}
CRITICAL - 2022-04-06 23:21:05 --> Undefined variable: fakultas
#0 D:\xampp\htdocs\simstidar\app\Views\admin\prodi.php(127): CodeIgniter\Debug\Exceptions->errorHandler(8, 'Undefined varia...', 'D:\\xampp\\htdocs...', 127, Array)
#1 D:\xampp\htdocs\simstidar\system\View\View.php(210): include('D:\\xampp\\htdocs...')
#2 D:\xampp\htdocs\simstidar\system\View\View.php(213): CodeIgniter\View\View->CodeIgniter\View\{closure}()
#3 D:\xampp\htdocs\simstidar\system\Common.php(1089): CodeIgniter\View\View->render('admin/prodi', Array, true)
#4 D:\xampp\htdocs\simstidar\app\Views\layout\content.php(3): view('admin/prodi')
#5 D:\xampp\htdocs\simstidar\system\View\View.php(210): include('D:\\xampp\\htdocs...')
#6 D:\xampp\htdocs\simstidar\system\View\View.php(213): CodeIgniter\View\View->CodeIgniter\View\{closure}()
#7 D:\xampp\htdocs\simstidar\system\Common.php(1089): CodeIgniter\View\View->render('layout/content', Array, true)
#8 D:\xampp\htdocs\simstidar\app\Views\layout\wrapper.php(4): view('layout/content')
#9 D:\xampp\htdocs\simstidar\system\View\View.php(210): include('D:\\xampp\\htdocs...')
#10 D:\xampp\htdocs\simstidar\system\View\View.php(213): CodeIgniter\View\View->CodeIgniter\View\{closure}()
#11 D:\xampp\htdocs\simstidar\system\Common.php(1089): CodeIgniter\View\View->render('layout/wrapper', Array, true)
#12 D:\xampp\htdocs\simstidar\app\Controllers\Prodi.php(22): view('layout/wrapper', Array)
#13 D:\xampp\htdocs\simstidar\system\CodeIgniter.php(832): App\Controllers\Prodi->index()
#14 D:\xampp\htdocs\simstidar\system\CodeIgniter.php(419): CodeIgniter\CodeIgniter->runController(Object(App\Controllers\Prodi))
#15 D:\xampp\htdocs\simstidar\system\CodeIgniter.php(326): CodeIgniter\CodeIgniter->handleRequest(NULL, Object(Config\Cache), false)
#16 D:\xampp\htdocs\simstidar\public\index.php(37): CodeIgniter\CodeIgniter->run()
#17 {main}
CRITICAL - 2022-04-06 23:24:00 --> Undefined variable: fakultas
#0 D:\xampp\htdocs\simstidar\app\Views\admin\prodi.php(127): CodeIgniter\Debug\Exceptions->errorHandler(8, 'Undefined varia...', 'D:\\xampp\\htdocs...', 127, Array)
#1 D:\xampp\htdocs\simstidar\system\View\View.php(210): include('D:\\xampp\\htdocs...')
#2 D:\xampp\htdocs\simstidar\system\View\View.php(213): CodeIgniter\View\View->CodeIgniter\View\{closure}()
#3 D:\xampp\htdocs\simstidar\system\Common.php(1089): CodeIgniter\View\View->render('admin/prodi', Array, true)
#4 D:\xampp\htdocs\simstidar\app\Views\layout\content.php(3): view('admin/prodi')
#5 D:\xampp\htdocs\simstidar\system\View\View.php(210): include('D:\\xampp\\htdocs...')
#6 D:\xampp\htdocs\simstidar\system\View\View.php(213): CodeIgniter\View\View->CodeIgniter\View\{closure}()
#7 D:\xampp\htdocs\simstidar\system\Common.php(1089): CodeIgniter\View\View->render('layout/content', Array, true)
#8 D:\xampp\htdocs\simstidar\app\Views\layout\wrapper.php(4): view('layout/content')
#9 D:\xampp\htdocs\simstidar\system\View\View.php(210): include('D:\\xampp\\htdocs...')
#10 D:\xampp\htdocs\simstidar\system\View\View.php(213): CodeIgniter\View\View->CodeIgniter\View\{closure}()
#11 D:\xampp\htdocs\simstidar\system\Common.php(1089): CodeIgniter\View\View->render('layout/wrapper', Array, true)
#12 D:\xampp\htdocs\simstidar\app\Controllers\Prodi.php(22): view('layout/wrapper', Array)
#13 D:\xampp\htdocs\simstidar\system\CodeIgniter.php(832): App\Controllers\Prodi->index()
#14 D:\xampp\htdocs\simstidar\system\CodeIgniter.php(419): CodeIgniter\CodeIgniter->runController(Object(App\Controllers\Prodi))
#15 D:\xampp\htdocs\simstidar\system\CodeIgniter.php(326): CodeIgniter\CodeIgniter->handleRequest(NULL, Object(Config\Cache), false)
#16 D:\xampp\htdocs\simstidar\public\index.php(37): CodeIgniter\CodeIgniter->run()
#17 {main}
CRITICAL - 2022-04-06 23:24:02 --> Undefined variable: fakultas
#0 D:\xampp\htdocs\simstidar\app\Views\admin\prodi.php(127): CodeIgniter\Debug\Exceptions->errorHandler(8, 'Undefined varia...', 'D:\\xampp\\htdocs...', 127, Array)
#1 D:\xampp\htdocs\simstidar\system\View\View.php(210): include('D:\\xampp\\htdocs...')
#2 D:\xampp\htdocs\simstidar\system\View\View.php(213): CodeIgniter\View\View->CodeIgniter\View\{closure}()
#3 D:\xampp\htdocs\simstidar\system\Common.php(1089): CodeIgniter\View\View->render('admin/prodi', Array, true)
#4 D:\xampp\htdocs\simstidar\app\Views\layout\content.php(3): view('admin/prodi')
#5 D:\xampp\htdocs\simstidar\system\View\View.php(210): include('D:\\xampp\\htdocs...')
#6 D:\xampp\htdocs\simstidar\system\View\View.php(213): CodeIgniter\View\View->CodeIgniter\View\{closure}()
#7 D:\xampp\htdocs\simstidar\system\Common.php(1089): CodeIgniter\View\View->render('layout/content', Array, true)
#8 D:\xampp\htdocs\simstidar\app\Views\layout\wrapper.php(4): view('layout/content')
#9 D:\xampp\htdocs\simstidar\system\View\View.php(210): include('D:\\xampp\\htdocs...')
#10 D:\xampp\htdocs\simstidar\system\View\View.php(213): CodeIgniter\View\View->CodeIgniter\View\{closure}()
#11 D:\xampp\htdocs\simstidar\system\Common.php(1089): CodeIgniter\View\View->render('layout/wrapper', Array, true)
#12 D:\xampp\htdocs\simstidar\app\Controllers\Prodi.php(22): view('layout/wrapper', Array)
#13 D:\xampp\htdocs\simstidar\system\CodeIgniter.php(832): App\Controllers\Prodi->index()
#14 D:\xampp\htdocs\simstidar\system\CodeIgniter.php(419): CodeIgniter\CodeIgniter->runController(Object(App\Controllers\Prodi))
#15 D:\xampp\htdocs\simstidar\system\CodeIgniter.php(326): CodeIgniter\CodeIgniter->handleRequest(NULL, Object(Config\Cache), false)
#16 D:\xampp\htdocs\simstidar\public\index.php(37): CodeIgniter\CodeIgniter->run()
#17 {main}
CRITICAL - 2022-04-06 23:24:02 --> Undefined variable: fakultas
#0 D:\xampp\htdocs\simstidar\app\Views\admin\prodi.php(127): CodeIgniter\Debug\Exceptions->errorHandler(8, 'Undefined varia...', 'D:\\xampp\\htdocs...', 127, Array)
#1 D:\xampp\htdocs\simstidar\system\View\View.php(210): include('D:\\xampp\\htdocs...')
#2 D:\xampp\htdocs\simstidar\system\View\View.php(213): CodeIgniter\View\View->CodeIgniter\View\{closure}()
#3 D:\xampp\htdocs\simstidar\system\Common.php(1089): CodeIgniter\View\View->render('admin/prodi', Array, true)
#4 D:\xampp\htdocs\simstidar\app\Views\layout\content.php(3): view('admin/prodi')
#5 D:\xampp\htdocs\simstidar\system\View\View.php(210): include('D:\\xampp\\htdocs...')
#6 D:\xampp\htdocs\simstidar\system\View\View.php(213): CodeIgniter\View\View->CodeIgniter\View\{closure}()
#7 D:\xampp\htdocs\simstidar\system\Common.php(1089): CodeIgniter\View\View->render('layout/content', Array, true)
#8 D:\xampp\htdocs\simstidar\app\Views\layout\wrapper.php(4): view('layout/content')
#9 D:\xampp\htdocs\simstidar\system\View\View.php(210): include('D:\\xampp\\htdocs...')
#10 D:\xampp\htdocs\simstidar\system\View\View.php(213): CodeIgniter\View\View->CodeIgniter\View\{closure}()
#11 D:\xampp\htdocs\simstidar\system\Common.php(1089): CodeIgniter\View\View->render('layout/wrapper', Array, true)
#12 D:\xampp\htdocs\simstidar\app\Controllers\Prodi.php(22): view('layout/wrapper', Array)
#13 D:\xampp\htdocs\simstidar\system\CodeIgniter.php(832): App\Controllers\Prodi->index()
#14 D:\xampp\htdocs\simstidar\system\CodeIgniter.php(419): CodeIgniter\CodeIgniter->runController(Object(App\Controllers\Prodi))
#15 D:\xampp\htdocs\simstidar\system\CodeIgniter.php(326): CodeIgniter\CodeIgniter->handleRequest(NULL, Object(Config\Cache), false)
#16 D:\xampp\htdocs\simstidar\public\index.php(37): CodeIgniter\CodeIgniter->run()
#17 {main}
CRITICAL - 2022-04-06 23:24:03 --> Undefined variable: fakultas
#0 D:\xampp\htdocs\simstidar\app\Views\admin\prodi.php(127): CodeIgniter\Debug\Exceptions->errorHandler(8, 'Undefined varia...', 'D:\\xampp\\htdocs...', 127, Array)
#1 D:\xampp\htdocs\simstidar\system\View\View.php(210): include('D:\\xampp\\htdocs...')
#2 D:\xampp\htdocs\simstidar\system\View\View.php(213): CodeIgniter\View\View->CodeIgniter\View\{closure}()
#3 D:\xampp\htdocs\simstidar\system\Common.php(1089): CodeIgniter\View\View->render('admin/prodi', Array, true)
#4 D:\xampp\htdocs\simstidar\app\Views\layout\content.php(3): view('admin/prodi')
#5 D:\xampp\htdocs\simstidar\system\View\View.php(210): include('D:\\xampp\\htdocs...')
#6 D:\xampp\htdocs\simstidar\system\View\View.php(213): CodeIgniter\View\View->CodeIgniter\View\{closure}()
#7 D:\xampp\htdocs\simstidar\system\Common.php(1089): CodeIgniter\View\View->render('layout/content', Array, true)
#8 D:\xampp\htdocs\simstidar\app\Views\layout\wrapper.php(4): view('layout/content')
#9 D:\xampp\htdocs\simstidar\system\View\View.php(210): include('D:\\xampp\\htdocs...')
#10 D:\xampp\htdocs\simstidar\system\View\View.php(213): CodeIgniter\View\View->CodeIgniter\View\{closure}()
#11 D:\xampp\htdocs\simstidar\system\Common.php(1089): CodeIgniter\View\View->render('layout/wrapper', Array, true)
#12 D:\xampp\htdocs\simstidar\app\Controllers\Prodi.php(22): view('layout/wrapper', Array)
#13 D:\xampp\htdocs\simstidar\system\CodeIgniter.php(832): App\Controllers\Prodi->index()
#14 D:\xampp\htdocs\simstidar\system\CodeIgniter.php(419): CodeIgniter\CodeIgniter->runController(Object(App\Controllers\Prodi))
#15 D:\xampp\htdocs\simstidar\system\CodeIgniter.php(326): CodeIgniter\CodeIgniter->handleRequest(NULL, Object(Config\Cache), false)
#16 D:\xampp\htdocs\simstidar\public\index.php(37): CodeIgniter\CodeIgniter->run()
#17 {main}
CRITICAL - 2022-04-06 23:24:03 --> Undefined variable: fakultas
#0 D:\xampp\htdocs\simstidar\app\Views\admin\prodi.php(127): CodeIgniter\Debug\Exceptions->errorHandler(8, 'Undefined varia...', 'D:\\xampp\\htdocs...', 127, Array)
#1 D:\xampp\htdocs\simstidar\system\View\View.php(210): include('D:\\xampp\\htdocs...')
#2 D:\xampp\htdocs\simstidar\system\View\View.php(213): CodeIgniter\View\View->CodeIgniter\View\{closure}()
#3 D:\xampp\htdocs\simstidar\system\Common.php(1089): CodeIgniter\View\View->render('admin/prodi', Array, true)
#4 D:\xampp\htdocs\simstidar\app\Views\layout\content.php(3): view('admin/prodi')
#5 D:\xampp\htdocs\simstidar\system\View\View.php(210): include('D:\\xampp\\htdocs...')
#6 D:\xampp\htdocs\simstidar\system\View\View.php(213): CodeIgniter\View\View->CodeIgniter\View\{closure}()
#7 D:\xampp\htdocs\simstidar\system\Common.php(1089): CodeIgniter\View\View->render('layout/content', Array, true)
#8 D:\xampp\htdocs\simstidar\app\Views\layout\wrapper.php(4): view('layout/content')
#9 D:\xampp\htdocs\simstidar\system\View\View.php(210): include('D:\\xampp\\htdocs...')
#10 D:\xampp\htdocs\simstidar\system\View\View.php(213): CodeIgniter\View\View->CodeIgniter\View\{closure}()
#11 D:\xampp\htdocs\simstidar\system\Common.php(1089): CodeIgniter\View\View->render('layout/wrapper', Array, true)
#12 D:\xampp\htdocs\simstidar\app\Controllers\Prodi.php(22): view('layout/wrapper', Array)
#13 D:\xampp\htdocs\simstidar\system\CodeIgniter.php(832): App\Controllers\Prodi->index()
#14 D:\xampp\htdocs\simstidar\system\CodeIgniter.php(419): CodeIgniter\CodeIgniter->runController(Object(App\Controllers\Prodi))
#15 D:\xampp\htdocs\simstidar\system\CodeIgniter.php(326): CodeIgniter\CodeIgniter->handleRequest(NULL, Object(Config\Cache), false)
#16 D:\xampp\htdocs\simstidar\public\index.php(37): CodeIgniter\CodeIgniter->run()
#17 {main}
CRITICAL - 2022-04-06 23:24:15 --> Undefined variable: fakultas
#0 D:\xampp\htdocs\simstidar\app\Views\admin\prodi.php(127): CodeIgniter\Debug\Exceptions->errorHandler(8, 'Undefined varia...', 'D:\\xampp\\htdocs...', 127, Array)
#1 D:\xampp\htdocs\simstidar\system\View\View.php(210): include('D:\\xampp\\htdocs...')
#2 D:\xampp\htdocs\simstidar\system\View\View.php(213): CodeIgniter\View\View->CodeIgniter\View\{closure}()
#3 D:\xampp\htdocs\simstidar\system\Common.php(1089): CodeIgniter\View\View->render('admin/prodi', Array, true)
#4 D:\xampp\htdocs\simstidar\app\Views\layout\content.php(3): view('admin/prodi')
#5 D:\xampp\htdocs\simstidar\system\View\View.php(210): include('D:\\xampp\\htdocs...')
#6 D:\xampp\htdocs\simstidar\system\View\View.php(213): CodeIgniter\View\View->CodeIgniter\View\{closure}()
#7 D:\xampp\htdocs\simstidar\system\Common.php(1089): CodeIgniter\View\View->render('layout/content', Array, true)
#8 D:\xampp\htdocs\simstidar\app\Views\layout\wrapper.php(4): view('layout/content')
#9 D:\xampp\htdocs\simstidar\system\View\View.php(210): include('D:\\xampp\\htdocs...')
#10 D:\xampp\htdocs\simstidar\system\View\View.php(213): CodeIgniter\View\View->CodeIgniter\View\{closure}()
#11 D:\xampp\htdocs\simstidar\system\Common.php(1089): CodeIgniter\View\View->render('layout/wrapper', Array, true)
#12 D:\xampp\htdocs\simstidar\app\Controllers\Prodi.php(22): view('layout/wrapper', Array)
#13 D:\xampp\htdocs\simstidar\system\CodeIgniter.php(832): App\Controllers\Prodi->index()
#14 D:\xampp\htdocs\simstidar\system\CodeIgniter.php(419): CodeIgniter\CodeIgniter->runController(Object(App\Controllers\Prodi))
#15 D:\xampp\htdocs\simstidar\system\CodeIgniter.php(326): CodeIgniter\CodeIgniter->handleRequest(NULL, Object(Config\Cache), false)
#16 D:\xampp\htdocs\simstidar\public\index.php(37): CodeIgniter\CodeIgniter->run()
#17 {main}
CRITICAL - 2022-04-06 23:25:30 --> Undefined variable: fakultas
#0 D:\xampp\htdocs\simstidar\app\Views\admin\prodi.php(69): CodeIgniter\Debug\Exceptions->errorHandler(8, 'Undefined varia...', 'D:\\xampp\\htdocs...', 69, Array)
#1 D:\xampp\htdocs\simstidar\system\View\View.php(210): include('D:\\xampp\\htdocs...')
#2 D:\xampp\htdocs\simstidar\system\View\View.php(213): CodeIgniter\View\View->CodeIgniter\View\{closure}()
#3 D:\xampp\htdocs\simstidar\system\Common.php(1089): CodeIgniter\View\View->render('admin/prodi', Array, true)
#4 D:\xampp\htdocs\simstidar\app\Views\layout\content.php(3): view('admin/prodi')
#5 D:\xampp\htdocs\simstidar\system\View\View.php(210): include('D:\\xampp\\htdocs...')
#6 D:\xampp\htdocs\simstidar\system\View\View.php(213): CodeIgniter\View\View->CodeIgniter\View\{closure}()
#7 D:\xampp\htdocs\simstidar\system\Common.php(1089): CodeIgniter\View\View->render('layout/content', Array, true)
#8 D:\xampp\htdocs\simstidar\app\Views\layout\wrapper.php(4): view('layout/content')
#9 D:\xampp\htdocs\simstidar\system\View\View.php(210): include('D:\\xampp\\htdocs...')
#10 D:\xampp\htdocs\simstidar\system\View\View.php(213): CodeIgniter\View\View->CodeIgniter\View\{closure}()
#11 D:\xampp\htdocs\simstidar\system\Common.php(1089): CodeIgniter\View\View->render('layout/wrapper', Array, true)
#12 D:\xampp\htdocs\simstidar\app\Controllers\Prodi.php(22): view('layout/wrapper', Array)
#13 D:\xampp\htdocs\simstidar\system\CodeIgniter.php(832): App\Controllers\Prodi->index()
#14 D:\xampp\htdocs\simstidar\system\CodeIgniter.php(419): CodeIgniter\CodeIgniter->runController(Object(App\Controllers\Prodi))
#15 D:\xampp\htdocs\simstidar\system\CodeIgniter.php(326): CodeIgniter\CodeIgniter->handleRequest(NULL, Object(Config\Cache), false)
#16 D:\xampp\htdocs\simstidar\public\index.php(37): CodeIgniter\CodeIgniter->run()
#17 {main}
CRITICAL - 2022-04-06 23:32:50 --> Undefined variable: fakultas
#0 D:\xampp\htdocs\simstidar\app\Views\admin\prodi.php(128): CodeIgniter\Debug\Exceptions->errorHandler(8, 'Undefined varia...', 'D:\\xampp\\htdocs...', 128, Array)
#1 D:\xampp\htdocs\simstidar\system\View\View.php(210): include('D:\\xampp\\htdocs...')
#2 D:\xampp\htdocs\simstidar\system\View\View.php(213): CodeIgniter\View\View->CodeIgniter\View\{closure}()
#3 D:\xampp\htdocs\simstidar\system\Common.php(1089): CodeIgniter\View\View->render('admin/prodi', Array, true)
#4 D:\xampp\htdocs\simstidar\app\Views\layout\content.php(3): view('admin/prodi')
#5 D:\xampp\htdocs\simstidar\system\View\View.php(210): include('D:\\xampp\\htdocs...')
#6 D:\xampp\htdocs\simstidar\system\View\View.php(213): CodeIgniter\View\View->CodeIgniter\View\{closure}()
#7 D:\xampp\htdocs\simstidar\system\Common.php(1089): CodeIgniter\View\View->render('layout/content', Array, true)
#8 D:\xampp\htdocs\simstidar\app\Views\layout\wrapper.php(4): view('layout/content')
#9 D:\xampp\htdocs\simstidar\system\View\View.php(210): include('D:\\xampp\\htdocs...')
#10 D:\xampp\htdocs\simstidar\system\View\View.php(213): CodeIgniter\View\View->CodeIgniter\View\{closure}()
#11 D:\xampp\htdocs\simstidar\system\Common.php(1089): CodeIgniter\View\View->render('layout/wrapper', Array, true)
#12 D:\xampp\htdocs\simstidar\app\Controllers\Prodi.php(22): view('layout/wrapper', Array)
#13 D:\xampp\htdocs\simstidar\system\CodeIgniter.php(832): App\Controllers\Prodi->index()
#14 D:\xampp\htdocs\simstidar\system\CodeIgniter.php(419): CodeIgniter\CodeIgniter->runController(Object(App\Controllers\Prodi))
#15 D:\xampp\htdocs\simstidar\system\CodeIgniter.php(326): CodeIgniter\CodeIgniter->handleRequest(NULL, Object(Config\Cache), false)
#16 D:\xampp\htdocs\simstidar\public\index.php(37): CodeIgniter\CodeIgniter->run()
#17 {main}
