ERROR - 2023-04-08 05:15:00 --> Error connecting to the database: Access denied for user '****'@'localhost' (using password: NO)
CRITICAL - 2023-04-08 05:15:00 --> Unable to connect to the database.
Main connection [MySQLi]: Access denied for user '****'@'localhost' (using password: NO)
#0 /home/mediace1/sim.stidar.ac.id/system/Database/BaseConnection.php(577): CodeIgniter\Database\BaseConnection->initialize()
#1 /home/mediace1/sim.stidar.ac.id/system/Database/BaseBuilder.php(1455): CodeIgniter\Database\BaseConnection->query('SELECT *\nFROM `...', Array, false)
#2 /home/mediace1/sim.stidar.ac.id/app/Models/Model_Auth.php(14): CodeIgniter\Database\BaseBuilder->get()
#3 /home/mediace1/sim.stidar.ac.id/app/Controllers/Auth.php(43): App\Models\Model_Auth->login('admin', 'admin')
#4 /home/mediace1/sim.stidar.ac.id/system/CodeIgniter.php(832): App\Controllers\Auth->login()
#5 /home/mediace1/sim.stidar.ac.id/system/CodeIgniter.php(419): CodeIgniter\CodeIgniter->runController(Object(App\Controllers\Auth))
#6 /home/mediace1/sim.stidar.ac.id/system/CodeIgniter.php(326): CodeIgniter\CodeIgniter->handleRequest(NULL, Object(Config\Cache), false)
#7 /home/mediace1/sim.stidar.ac.id/index.php(37): CodeIgniter\CodeIgniter->run()
#8 {main}
ERROR - 2023-04-08 05:18:01 --> Error connecting to the database: Access denied for user '****'@'localhost' (using password: NO)
CRITICAL - 2023-04-08 05:18:01 --> Unable to connect to the database.
Main connection [MySQLi]: Access denied for user '****'@'localhost' (using password: NO)
#0 /home/mediace1/sim.stidar.ac.id/system/Database/BaseConnection.php(577): CodeIgniter\Database\BaseConnection->initialize()
#1 /home/mediace1/sim.stidar.ac.id/system/Database/BaseBuilder.php(1455): CodeIgniter\Database\BaseConnection->query('SELECT *\nFROM `...', Array, false)
#2 /home/mediace1/sim.stidar.ac.id/app/Models/Model_Auth.php(14): CodeIgniter\Database\BaseBuilder->get()
#3 /home/mediace1/sim.stidar.ac.id/app/Controllers/Auth.php(43): App\Models\Model_Auth->login('admin', 'admin')
#4 /home/mediace1/sim.stidar.ac.id/system/CodeIgniter.php(832): App\Controllers\Auth->login()
#5 /home/mediace1/sim.stidar.ac.id/system/CodeIgniter.php(419): CodeIgniter\CodeIgniter->runController(Object(App\Controllers\Auth))
#6 /home/mediace1/sim.stidar.ac.id/system/CodeIgniter.php(326): CodeIgniter\CodeIgniter->handleRequest(NULL, Object(Config\Cache), false)
#7 /home/mediace1/sim.stidar.ac.id/index.php(37): CodeIgniter\CodeIgniter->run()
#8 {main}
ERROR - 2023-04-08 05:19:42 --> Error connecting to the database: Access denied for user '****'@'localhost' (using password: NO)
CRITICAL - 2023-04-08 05:19:42 --> Unable to connect to the database.
Main connection [MySQLi]: Access denied for user '****'@'localhost' (using password: NO)
#0 /home/mediace1/sim.stidar.ac.id/system/Database/BaseConnection.php(577): CodeIgniter\Database\BaseConnection->initialize()
#1 /home/mediace1/sim.stidar.ac.id/system/Database/BaseBuilder.php(1455): CodeIgniter\Database\BaseConnection->query('SELECT *\nFROM `...', Array, false)
#2 /home/mediace1/sim.stidar.ac.id/app/Models/Model_Auth.php(14): CodeIgniter\Database\BaseBuilder->get()
#3 /home/mediace1/sim.stidar.ac.id/app/Controllers/Auth.php(43): App\Models\Model_Auth->login('admin', 'admin')
#4 /home/mediace1/sim.stidar.ac.id/system/CodeIgniter.php(832): App\Controllers\Auth->login()
#5 /home/mediace1/sim.stidar.ac.id/system/CodeIgniter.php(419): CodeIgniter\CodeIgniter->runController(Object(App\Controllers\Auth))
#6 /home/mediace1/sim.stidar.ac.id/system/CodeIgniter.php(326): CodeIgniter\CodeIgniter->handleRequest(NULL, Object(Config\Cache), false)
#7 /home/mediace1/sim.stidar.ac.id/index.php(37): CodeIgniter\CodeIgniter->run()
#8 {main}
ERROR - 2023-04-08 05:20:44 --> Error connecting to the database: Access denied for user '****'@'localhost' (using password: NO)
CRITICAL - 2023-04-08 05:20:44 --> Unable to connect to the database.
Main connection [MySQLi]: Access denied for user '****'@'localhost' (using password: NO)
#0 /home/mediace1/sim.stidar.ac.id/system/Database/BaseConnection.php(577): CodeIgniter\Database\BaseConnection->initialize()
#1 /home/mediace1/sim.stidar.ac.id/system/Database/BaseBuilder.php(1455): CodeIgniter\Database\BaseConnection->query('SELECT *\nFROM `...', Array, false)
#2 /home/mediace1/sim.stidar.ac.id/app/Models/Model_Auth.php(14): CodeIgniter\Database\BaseBuilder->get()
#3 /home/mediace1/sim.stidar.ac.id/app/Controllers/Auth.php(43): App\Models\Model_Auth->login('admin', 'admin')
#4 /home/mediace1/sim.stidar.ac.id/system/CodeIgniter.php(832): App\Controllers\Auth->login()
#5 /home/mediace1/sim.stidar.ac.id/system/CodeIgniter.php(419): CodeIgniter\CodeIgniter->runController(Object(App\Controllers\Auth))
#6 /home/mediace1/sim.stidar.ac.id/system/CodeIgniter.php(326): CodeIgniter\CodeIgniter->handleRequest(NULL, Object(Config\Cache), false)
#7 /home/mediace1/sim.stidar.ac.id/index.php(37): CodeIgniter\CodeIgniter->run()
#8 {main}
ERROR - 2023-04-08 05:28:27 --> Error connecting to the database: Access denied for user '****'@'localhost' (using password: NO)
CRITICAL - 2023-04-08 05:28:27 --> Unable to connect to the database.
Main connection [MySQLi]: Access denied for user '****'@'localhost' (using password: NO)
#0 /home/mediace1/sim.stidar.ac.id/system/Database/BaseConnection.php(577): CodeIgniter\Database\BaseConnection->initialize()
#1 /home/mediace1/sim.stidar.ac.id/system/Database/BaseBuilder.php(1455): CodeIgniter\Database\BaseConnection->query('SELECT *\nFROM `...', Array, false)
#2 /home/mediace1/sim.stidar.ac.id/app/Models/Model_Auth.php(14): CodeIgniter\Database\BaseBuilder->get()
#3 /home/mediace1/sim.stidar.ac.id/app/Controllers/Auth.php(43): App\Models\Model_Auth->login('admin', 'admin')
#4 /home/mediace1/sim.stidar.ac.id/system/CodeIgniter.php(832): App\Controllers\Auth->login()
#5 /home/mediace1/sim.stidar.ac.id/system/CodeIgniter.php(419): CodeIgniter\CodeIgniter->runController(Object(App\Controllers\Auth))
#6 /home/mediace1/sim.stidar.ac.id/system/CodeIgniter.php(326): CodeIgniter\CodeIgniter->handleRequest(NULL, Object(Config\Cache), false)
#7 /home/mediace1/sim.stidar.ac.id/index.php(37): CodeIgniter\CodeIgniter->run()
#8 {main}
ERROR - 2023-04-08 05:59:04 --> Error connecting to the database: Access denied for user '****'@'localhost' (using password: NO)
CRITICAL - 2023-04-08 05:59:04 --> Unable to connect to the database.
Main connection [MySQLi]: Access denied for user '****'@'localhost' (using password: NO)
#0 /home/mediace1/sim.stidar.ac.id/system/Database/BaseConnection.php(577): CodeIgniter\Database\BaseConnection->initialize()
#1 /home/mediace1/sim.stidar.ac.id/system/Database/BaseBuilder.php(1455): CodeIgniter\Database\BaseConnection->query('SELECT *\nFROM `...', Array, false)
#2 /home/mediace1/sim.stidar.ac.id/app/Models/Model_Auth.php(14): CodeIgniter\Database\BaseBuilder->get()
#3 /home/mediace1/sim.stidar.ac.id/app/Controllers/Auth.php(43): App\Models\Model_Auth->login('admin', 'admin')
#4 /home/mediace1/sim.stidar.ac.id/system/CodeIgniter.php(832): App\Controllers\Auth->login()
#5 /home/mediace1/sim.stidar.ac.id/system/CodeIgniter.php(419): CodeIgniter\CodeIgniter->runController(Object(App\Controllers\Auth))
#6 /home/mediace1/sim.stidar.ac.id/system/CodeIgniter.php(326): CodeIgniter\CodeIgniter->handleRequest(NULL, Object(Config\Cache), false)
#7 /home/mediace1/sim.stidar.ac.id/index.php(37): CodeIgniter\CodeIgniter->run()
#8 {main}
ERROR - 2023-04-08 05:59:12 --> Error connecting to the database: Access denied for user '****'@'localhost' (using password: NO)
CRITICAL - 2023-04-08 05:59:12 --> Unable to connect to the database.
Main connection [MySQLi]: Access denied for user '****'@'localhost' (using password: NO)
#0 /home/mediace1/sim.stidar.ac.id/system/Database/BaseConnection.php(577): CodeIgniter\Database\BaseConnection->initialize()
#1 /home/mediace1/sim.stidar.ac.id/system/Database/BaseBuilder.php(1455): CodeIgniter\Database\BaseConnection->query('SELECT *\nFROM `...', Array, false)
#2 /home/mediace1/sim.stidar.ac.id/app/Models/Model_Auth.php(14): CodeIgniter\Database\BaseBuilder->get()
#3 /home/mediace1/sim.stidar.ac.id/app/Controllers/Auth.php(43): App\Models\Model_Auth->login('admin', 'admin')
#4 /home/mediace1/sim.stidar.ac.id/system/CodeIgniter.php(832): App\Controllers\Auth->login()
#5 /home/mediace1/sim.stidar.ac.id/system/CodeIgniter.php(419): CodeIgniter\CodeIgniter->runController(Object(App\Controllers\Auth))
#6 /home/mediace1/sim.stidar.ac.id/system/CodeIgniter.php(326): CodeIgniter\CodeIgniter->handleRequest(NULL, Object(Config\Cache), false)
#7 /home/mediace1/sim.stidar.ac.id/index.php(37): CodeIgniter\CodeIgniter->run()
#8 {main}
ERROR - 2023-04-08 06:32:42 --> Error connecting to the database: Access denied for user '****'@'localhost' (using password: NO)
CRITICAL - 2023-04-08 06:32:42 --> Unable to connect to the database.
Main connection [MySQLi]: Access denied for user '****'@'localhost' (using password: NO)
#0 /home/mediace1/sim.stidar.ac.id/system/Database/BaseConnection.php(577): CodeIgniter\Database\BaseConnection->initialize()
#1 /home/mediace1/sim.stidar.ac.id/system/Database/BaseBuilder.php(1455): CodeIgniter\Database\BaseConnection->query('SELECT *\nFROM `...', Array, false)
#2 /home/mediace1/sim.stidar.ac.id/app/Models/Model_Auth.php(14): CodeIgniter\Database\BaseBuilder->get()
#3 /home/mediace1/sim.stidar.ac.id/app/Controllers/Auth.php(43): App\Models\Model_Auth->login('admin', 'admin')
#4 /home/mediace1/sim.stidar.ac.id/system/CodeIgniter.php(832): App\Controllers\Auth->login()
#5 /home/mediace1/sim.stidar.ac.id/system/CodeIgniter.php(419): CodeIgniter\CodeIgniter->runController(Object(App\Controllers\Auth))
#6 /home/mediace1/sim.stidar.ac.id/system/CodeIgniter.php(326): CodeIgniter\CodeIgniter->handleRequest(NULL, Object(Config\Cache), false)
#7 /home/mediace1/sim.stidar.ac.id/index.php(37): CodeIgniter\CodeIgniter->run()
#8 {main}
ERROR - 2023-04-08 06:37:38 --> Error connecting to the database: Access denied for user '****'@'localhost' (using password: NO)
CRITICAL - 2023-04-08 06:37:38 --> Unable to connect to the database.
Main connection [MySQLi]: Access denied for user '****'@'localhost' (using password: NO)
#0 /home/mediace1/sim.stidar.ac.id/system/Database/BaseConnection.php(577): CodeIgniter\Database\BaseConnection->initialize()
#1 /home/mediace1/sim.stidar.ac.id/system/Database/BaseBuilder.php(1455): CodeIgniter\Database\BaseConnection->query('SELECT *\nFROM `...', Array, false)
#2 /home/mediace1/sim.stidar.ac.id/app/Models/Model_Auth.php(14): CodeIgniter\Database\BaseBuilder->get()
#3 /home/mediace1/sim.stidar.ac.id/app/Controllers/Auth.php(43): App\Models\Model_Auth->login('admin', 'admin')
#4 /home/mediace1/sim.stidar.ac.id/system/CodeIgniter.php(832): App\Controllers\Auth->login()
#5 /home/mediace1/sim.stidar.ac.id/system/CodeIgniter.php(419): CodeIgniter\CodeIgniter->runController(Object(App\Controllers\Auth))
#6 /home/mediace1/sim.stidar.ac.id/system/CodeIgniter.php(326): CodeIgniter\CodeIgniter->handleRequest(NULL, Object(Config\Cache), false)
#7 /home/mediace1/sim.stidar.ac.id/index.php(37): CodeIgniter\CodeIgniter->run()
#8 {main}
ERROR - 2023-04-08 06:37:41 --> Error connecting to the database: Access denied for user '****'@'localhost' (using password: NO)
CRITICAL - 2023-04-08 06:37:41 --> Unable to connect to the database.
Main connection [MySQLi]: Access denied for user '****'@'localhost' (using password: NO)
#0 /home/mediace1/sim.stidar.ac.id/system/Database/BaseConnection.php(577): CodeIgniter\Database\BaseConnection->initialize()
#1 /home/mediace1/sim.stidar.ac.id/system/Database/BaseBuilder.php(1455): CodeIgniter\Database\BaseConnection->query('SELECT *\nFROM `...', Array, false)
#2 /home/mediace1/sim.stidar.ac.id/app/Models/Model_Auth.php(14): CodeIgniter\Database\BaseBuilder->get()
#3 /home/mediace1/sim.stidar.ac.id/app/Controllers/Auth.php(43): App\Models\Model_Auth->login('admin', 'admin')
#4 /home/mediace1/sim.stidar.ac.id/system/CodeIgniter.php(832): App\Controllers\Auth->login()
#5 /home/mediace1/sim.stidar.ac.id/system/CodeIgniter.php(419): CodeIgniter\CodeIgniter->runController(Object(App\Controllers\Auth))
#6 /home/mediace1/sim.stidar.ac.id/system/CodeIgniter.php(326): CodeIgniter\CodeIgniter->handleRequest(NULL, Object(Config\Cache), false)
#7 /home/mediace1/sim.stidar.ac.id/index.php(37): CodeIgniter\CodeIgniter->run()
#8 {main}
ERROR - 2023-04-08 06:39:57 --> Error connecting to the database: Access denied for user '****'@'localhost' (using password: NO)
CRITICAL - 2023-04-08 06:39:57 --> Unable to connect to the database.
Main connection [MySQLi]: Access denied for user '****'@'localhost' (using password: NO)
#0 /home/mediace1/sim.stidar.ac.id/system/Database/BaseConnection.php(577): CodeIgniter\Database\BaseConnection->initialize()
#1 /home/mediace1/sim.stidar.ac.id/system/Database/BaseBuilder.php(1455): CodeIgniter\Database\BaseConnection->query('SELECT *\nFROM `...', Array, false)
#2 /home/mediace1/sim.stidar.ac.id/app/Models/Model_Auth.php(14): CodeIgniter\Database\BaseBuilder->get()
#3 /home/mediace1/sim.stidar.ac.id/app/Controllers/Auth.php(43): App\Models\Model_Auth->login('admin', 'admin')
#4 /home/mediace1/sim.stidar.ac.id/system/CodeIgniter.php(832): App\Controllers\Auth->login()
#5 /home/mediace1/sim.stidar.ac.id/system/CodeIgniter.php(419): CodeIgniter\CodeIgniter->runController(Object(App\Controllers\Auth))
#6 /home/mediace1/sim.stidar.ac.id/system/CodeIgniter.php(326): CodeIgniter\CodeIgniter->handleRequest(NULL, Object(Config\Cache), false)
#7 /home/mediace1/sim.stidar.ac.id/index.php(37): CodeIgniter\CodeIgniter->run()
#8 {main}
ERROR - 2023-04-08 06:40:04 --> Error connecting to the database: Access denied for user '****'@'localhost' (using password: NO)
CRITICAL - 2023-04-08 06:40:04 --> Unable to connect to the database.
Main connection [MySQLi]: Access denied for user '****'@'localhost' (using password: NO)
#0 /home/mediace1/sim.stidar.ac.id/system/Database/BaseConnection.php(577): CodeIgniter\Database\BaseConnection->initialize()
#1 /home/mediace1/sim.stidar.ac.id/system/Database/BaseBuilder.php(1455): CodeIgniter\Database\BaseConnection->query('SELECT *\nFROM `...', Array, false)
#2 /home/mediace1/sim.stidar.ac.id/app/Models/Model_Auth.php(14): CodeIgniter\Database\BaseBuilder->get()
#3 /home/mediace1/sim.stidar.ac.id/app/Controllers/Auth.php(43): App\Models\Model_Auth->login('admin', 'admin')
#4 /home/mediace1/sim.stidar.ac.id/system/CodeIgniter.php(832): App\Controllers\Auth->login()
#5 /home/mediace1/sim.stidar.ac.id/system/CodeIgniter.php(419): CodeIgniter\CodeIgniter->runController(Object(App\Controllers\Auth))
#6 /home/mediace1/sim.stidar.ac.id/system/CodeIgniter.php(326): CodeIgniter\CodeIgniter->handleRequest(NULL, Object(Config\Cache), false)
#7 /home/mediace1/sim.stidar.ac.id/index.php(37): CodeIgniter\CodeIgniter->run()
#8 {main}
ERROR - 2023-04-08 06:41:24 --> Error connecting to the database: Access denied for user '****'@'localhost' (using password: NO)
CRITICAL - 2023-04-08 06:41:24 --> Unable to connect to the database.
Main connection [MySQLi]: Access denied for user '****'@'localhost' (using password: NO)
#0 /home/mediace1/sim.stidar.ac.id/system/Database/BaseConnection.php(577): CodeIgniter\Database\BaseConnection->initialize()
#1 /home/mediace1/sim.stidar.ac.id/system/Database/BaseBuilder.php(1455): CodeIgniter\Database\BaseConnection->query('SELECT *\nFROM `...', Array, false)
#2 /home/mediace1/sim.stidar.ac.id/app/Models/Model_Auth.php(14): CodeIgniter\Database\BaseBuilder->get()
#3 /home/mediace1/sim.stidar.ac.id/app/Controllers/Auth.php(43): App\Models\Model_Auth->login('admin', 'admin')
#4 /home/mediace1/sim.stidar.ac.id/system/CodeIgniter.php(832): App\Controllers\Auth->login()
#5 /home/mediace1/sim.stidar.ac.id/system/CodeIgniter.php(419): CodeIgniter\CodeIgniter->runController(Object(App\Controllers\Auth))
#6 /home/mediace1/sim.stidar.ac.id/system/CodeIgniter.php(326): CodeIgniter\CodeIgniter->handleRequest(NULL, Object(Config\Cache), false)
#7 /home/mediace1/sim.stidar.ac.id/index.php(37): CodeIgniter\CodeIgniter->run()
#8 {main}
ERROR - 2023-04-08 06:41:27 --> Error connecting to the database: Access denied for user '****'@'localhost' (using password: NO)
CRITICAL - 2023-04-08 06:41:27 --> Unable to connect to the database.
Main connection [MySQLi]: Access denied for user '****'@'localhost' (using password: NO)
#0 /home/mediace1/sim.stidar.ac.id/system/Database/BaseConnection.php(577): CodeIgniter\Database\BaseConnection->initialize()
#1 /home/mediace1/sim.stidar.ac.id/system/Database/BaseBuilder.php(1455): CodeIgniter\Database\BaseConnection->query('SELECT *\nFROM `...', Array, false)
#2 /home/mediace1/sim.stidar.ac.id/app/Models/Model_Auth.php(14): CodeIgniter\Database\BaseBuilder->get()
#3 /home/mediace1/sim.stidar.ac.id/app/Controllers/Auth.php(43): App\Models\Model_Auth->login('admin', 'admin')
#4 /home/mediace1/sim.stidar.ac.id/system/CodeIgniter.php(832): App\Controllers\Auth->login()
#5 /home/mediace1/sim.stidar.ac.id/system/CodeIgniter.php(419): CodeIgniter\CodeIgniter->runController(Object(App\Controllers\Auth))
#6 /home/mediace1/sim.stidar.ac.id/system/CodeIgniter.php(326): CodeIgniter\CodeIgniter->handleRequest(NULL, Object(Config\Cache), false)
#7 /home/mediace1/sim.stidar.ac.id/index.php(37): CodeIgniter\CodeIgniter->run()
#8 {main}
ERROR - 2023-04-08 06:41:34 --> Error connecting to the database: Access denied for user '****'@'localhost' (using password: NO)
CRITICAL - 2023-04-08 06:41:34 --> Unable to connect to the database.
Main connection [MySQLi]: Access denied for user '****'@'localhost' (using password: NO)
#0 /home/mediace1/sim.stidar.ac.id/system/Database/BaseConnection.php(577): CodeIgniter\Database\BaseConnection->initialize()
#1 /home/mediace1/sim.stidar.ac.id/system/Database/BaseBuilder.php(1455): CodeIgniter\Database\BaseConnection->query('SELECT *\nFROM `...', Array, false)
#2 /home/mediace1/sim.stidar.ac.id/app/Models/Model_Auth.php(14): CodeIgniter\Database\BaseBuilder->get()
#3 /home/mediace1/sim.stidar.ac.id/app/Controllers/Auth.php(43): App\Models\Model_Auth->login('admin', 'admin')
#4 /home/mediace1/sim.stidar.ac.id/system/CodeIgniter.php(832): App\Controllers\Auth->login()
#5 /home/mediace1/sim.stidar.ac.id/system/CodeIgniter.php(419): CodeIgniter\CodeIgniter->runController(Object(App\Controllers\Auth))
#6 /home/mediace1/sim.stidar.ac.id/system/CodeIgniter.php(326): CodeIgniter\CodeIgniter->handleRequest(NULL, Object(Config\Cache), false)
#7 /home/mediace1/sim.stidar.ac.id/index.php(37): CodeIgniter\CodeIgniter->run()
#8 {main}
ERROR - 2023-04-08 07:37:07 --> Error connecting to the database: Access denied for user '****'@'localhost' (using password: YES)
CRITICAL - 2023-04-08 07:37:07 --> Unable to connect to the database.
Main connection [MySQLi]: Access denied for user '****'@'localhost' (using password: YES)
#0 /home/mediace1/sim.stidar.ac.id/system/Database/BaseConnection.php(577): CodeIgniter\Database\BaseConnection->initialize()
#1 /home/mediace1/sim.stidar.ac.id/system/Database/BaseBuilder.php(1455): CodeIgniter\Database\BaseConnection->query('SELECT *\nFROM `...', Array, false)
#2 /home/mediace1/sim.stidar.ac.id/app/Models/Model_Auth.php(14): CodeIgniter\Database\BaseBuilder->get()
#3 /home/mediace1/sim.stidar.ac.id/app/Controllers/Auth.php(43): App\Models\Model_Auth->login('admin', 'admin')
#4 /home/mediace1/sim.stidar.ac.id/system/CodeIgniter.php(832): App\Controllers\Auth->login()
#5 /home/mediace1/sim.stidar.ac.id/system/CodeIgniter.php(419): CodeIgniter\CodeIgniter->runController(Object(App\Controllers\Auth))
#6 /home/mediace1/sim.stidar.ac.id/system/CodeIgniter.php(326): CodeIgniter\CodeIgniter->handleRequest(NULL, Object(Config\Cache), false)
#7 /home/mediace1/sim.stidar.ac.id/index.php(37): CodeIgniter\CodeIgniter->run()
#8 {main}
ERROR - 2023-04-08 07:39:17 --> Error connecting to the database: php_network_getaddresses: getaddrinfo failed: Name or service not known
CRITICAL - 2023-04-08 07:39:17 --> Unable to connect to the database.
Main connection [MySQLi]: php_network_getaddresses: getaddrinfo failed: Name or service not known
#0 /home/mediace1/sim.stidar.ac.id/system/Database/BaseConnection.php(577): CodeIgniter\Database\BaseConnection->initialize()
#1 /home/mediace1/sim.stidar.ac.id/system/Database/BaseBuilder.php(1455): CodeIgniter\Database\BaseConnection->query('SELECT *\nFROM `...', Array, false)
#2 /home/mediace1/sim.stidar.ac.id/app/Models/Model_Auth.php(14): CodeIgniter\Database\BaseBuilder->get()
#3 /home/mediace1/sim.stidar.ac.id/app/Controllers/Auth.php(43): App\Models\Model_Auth->login('admin', 'admin')
#4 /home/mediace1/sim.stidar.ac.id/system/CodeIgniter.php(832): App\Controllers\Auth->login()
#5 /home/mediace1/sim.stidar.ac.id/system/CodeIgniter.php(419): CodeIgniter\CodeIgniter->runController(Object(App\Controllers\Auth))
#6 /home/mediace1/sim.stidar.ac.id/system/CodeIgniter.php(326): CodeIgniter\CodeIgniter->handleRequest(NULL, Object(Config\Cache), false)
#7 /home/mediace1/sim.stidar.ac.id/index.php(37): CodeIgniter\CodeIgniter->run()
#8 {main}
ERROR - 2023-04-08 07:39:43 --> Error connecting to the database: php_network_getaddresses: getaddrinfo failed: Name or service not known
CRITICAL - 2023-04-08 07:39:43 --> Unable to connect to the database.
Main connection [MySQLi]: php_network_getaddresses: getaddrinfo failed: Name or service not known
#0 /home/mediace1/sim.stidar.ac.id/system/Database/BaseConnection.php(577): CodeIgniter\Database\BaseConnection->initialize()
#1 /home/mediace1/sim.stidar.ac.id/system/Database/BaseBuilder.php(1455): CodeIgniter\Database\BaseConnection->query('SELECT *\nFROM `...', Array, false)
#2 /home/mediace1/sim.stidar.ac.id/app/Models/Model_Auth.php(14): CodeIgniter\Database\BaseBuilder->get()
#3 /home/mediace1/sim.stidar.ac.id/app/Controllers/Auth.php(43): App\Models\Model_Auth->login('admin', 'admin')
#4 /home/mediace1/sim.stidar.ac.id/system/CodeIgniter.php(832): App\Controllers\Auth->login()
#5 /home/mediace1/sim.stidar.ac.id/system/CodeIgniter.php(419): CodeIgniter\CodeIgniter->runController(Object(App\Controllers\Auth))
#6 /home/mediace1/sim.stidar.ac.id/system/CodeIgniter.php(326): CodeIgniter\CodeIgniter->handleRequest(NULL, Object(Config\Cache), false)
#7 /home/mediace1/sim.stidar.ac.id/index.php(37): CodeIgniter\CodeIgniter->run()
#8 {main}
ERROR - 2023-04-08 07:41:27 --> Error connecting to the database: Access denied for user '****'@'localhost' (using password: YES)
CRITICAL - 2023-04-08 07:41:27 --> Unable to connect to the database.
Main connection [MySQLi]: Access denied for user '****'@'localhost' (using password: YES)
#0 /home/mediace1/sim.stidar.ac.id/system/Database/BaseConnection.php(577): CodeIgniter\Database\BaseConnection->initialize()
#1 /home/mediace1/sim.stidar.ac.id/system/Database/BaseBuilder.php(1455): CodeIgniter\Database\BaseConnection->query('SELECT *\nFROM `...', Array, false)
#2 /home/mediace1/sim.stidar.ac.id/app/Models/Model_Auth.php(14): CodeIgniter\Database\BaseBuilder->get()
#3 /home/mediace1/sim.stidar.ac.id/app/Controllers/Auth.php(43): App\Models\Model_Auth->login('admin', 'admin')
#4 /home/mediace1/sim.stidar.ac.id/system/CodeIgniter.php(832): App\Controllers\Auth->login()
#5 /home/mediace1/sim.stidar.ac.id/system/CodeIgniter.php(419): CodeIgniter\CodeIgniter->runController(Object(App\Controllers\Auth))
#6 /home/mediace1/sim.stidar.ac.id/system/CodeIgniter.php(326): CodeIgniter\CodeIgniter->handleRequest(NULL, Object(Config\Cache), false)
#7 /home/mediace1/sim.stidar.ac.id/index.php(37): CodeIgniter\CodeIgniter->run()
#8 {main}
ERROR - 2023-04-08 07:42:08 --> Error connecting to the database: Access denied for user '****'@'localhost' (using password: YES)
CRITICAL - 2023-04-08 07:42:08 --> Unable to connect to the database.
Main connection [MySQLi]: Access denied for user '****'@'localhost' (using password: YES)
#0 /home/mediace1/sim.stidar.ac.id/system/Database/BaseConnection.php(577): CodeIgniter\Database\BaseConnection->initialize()
#1 /home/mediace1/sim.stidar.ac.id/system/Database/BaseBuilder.php(1455): CodeIgniter\Database\BaseConnection->query('SELECT *\nFROM `...', Array, false)
#2 /home/mediace1/sim.stidar.ac.id/app/Models/Model_Auth.php(14): CodeIgniter\Database\BaseBuilder->get()
#3 /home/mediace1/sim.stidar.ac.id/app/Controllers/Auth.php(43): App\Models\Model_Auth->login('admin', 'admin')
#4 /home/mediace1/sim.stidar.ac.id/system/CodeIgniter.php(832): App\Controllers\Auth->login()
#5 /home/mediace1/sim.stidar.ac.id/system/CodeIgniter.php(419): CodeIgniter\CodeIgniter->runController(Object(App\Controllers\Auth))
#6 /home/mediace1/sim.stidar.ac.id/system/CodeIgniter.php(326): CodeIgniter\CodeIgniter->handleRequest(NULL, Object(Config\Cache), false)
#7 /home/mediace1/sim.stidar.ac.id/index.php(37): CodeIgniter\CodeIgniter->run()
#8 {main}
ERROR - 2023-04-08 07:42:12 --> Error connecting to the database: Access denied for user '****'@'localhost' (using password: YES)
CRITICAL - 2023-04-08 07:42:12 --> Unable to connect to the database.
Main connection [MySQLi]: Access denied for user '****'@'localhost' (using password: YES)
#0 /home/mediace1/sim.stidar.ac.id/system/Database/BaseConnection.php(577): CodeIgniter\Database\BaseConnection->initialize()
#1 /home/mediace1/sim.stidar.ac.id/system/Database/BaseBuilder.php(1455): CodeIgniter\Database\BaseConnection->query('SELECT *\nFROM `...', Array, false)
#2 /home/mediace1/sim.stidar.ac.id/app/Models/Model_Auth.php(14): CodeIgniter\Database\BaseBuilder->get()
#3 /home/mediace1/sim.stidar.ac.id/app/Controllers/Auth.php(43): App\Models\Model_Auth->login('admin', 'admin')
#4 /home/mediace1/sim.stidar.ac.id/system/CodeIgniter.php(832): App\Controllers\Auth->login()
#5 /home/mediace1/sim.stidar.ac.id/system/CodeIgniter.php(419): CodeIgniter\CodeIgniter->runController(Object(App\Controllers\Auth))
#6 /home/mediace1/sim.stidar.ac.id/system/CodeIgniter.php(326): CodeIgniter\CodeIgniter->handleRequest(NULL, Object(Config\Cache), false)
#7 /home/mediace1/sim.stidar.ac.id/index.php(37): CodeIgniter\CodeIgniter->run()
#8 {main}
ERROR - 2023-04-08 07:56:07 --> Error connecting to the database: Access denied for user '****'@'localhost' (using password: YES)
CRITICAL - 2023-04-08 07:56:07 --> Unable to connect to the database.
Main connection [MySQLi]: Access denied for user '****'@'localhost' (using password: YES)
#0 /home/mediace1/sim.stidar.ac.id/system/Database/BaseConnection.php(577): CodeIgniter\Database\BaseConnection->initialize()
#1 /home/mediace1/sim.stidar.ac.id/system/Database/BaseBuilder.php(1455): CodeIgniter\Database\BaseConnection->query('SELECT *\nFROM `...', Array, false)
#2 /home/mediace1/sim.stidar.ac.id/app/Models/Model_Auth.php(14): CodeIgniter\Database\BaseBuilder->get()
#3 /home/mediace1/sim.stidar.ac.id/app/Controllers/Auth.php(43): App\Models\Model_Auth->login('admin', 'admin')
#4 /home/mediace1/sim.stidar.ac.id/system/CodeIgniter.php(832): App\Controllers\Auth->login()
#5 /home/mediace1/sim.stidar.ac.id/system/CodeIgniter.php(419): CodeIgniter\CodeIgniter->runController(Object(App\Controllers\Auth))
#6 /home/mediace1/sim.stidar.ac.id/system/CodeIgniter.php(326): CodeIgniter\CodeIgniter->handleRequest(NULL, Object(Config\Cache), false)
#7 /home/mediace1/sim.stidar.ac.id/index.php(37): CodeIgniter\CodeIgniter->run()
#8 {main}
ERROR - 2023-04-08 07:56:10 --> Error connecting to the database: Access denied for user '****'@'localhost' (using password: YES)
CRITICAL - 2023-04-08 07:56:10 --> Unable to connect to the database.
Main connection [MySQLi]: Access denied for user '****'@'localhost' (using password: YES)
#0 /home/mediace1/sim.stidar.ac.id/system/Database/BaseConnection.php(577): CodeIgniter\Database\BaseConnection->initialize()
#1 /home/mediace1/sim.stidar.ac.id/system/Database/BaseBuilder.php(1455): CodeIgniter\Database\BaseConnection->query('SELECT *\nFROM `...', Array, false)
#2 /home/mediace1/sim.stidar.ac.id/app/Models/Model_Auth.php(14): CodeIgniter\Database\BaseBuilder->get()
#3 /home/mediace1/sim.stidar.ac.id/app/Controllers/Auth.php(43): App\Models\Model_Auth->login('admin', 'admin')
#4 /home/mediace1/sim.stidar.ac.id/system/CodeIgniter.php(832): App\Controllers\Auth->login()
#5 /home/mediace1/sim.stidar.ac.id/system/CodeIgniter.php(419): CodeIgniter\CodeIgniter->runController(Object(App\Controllers\Auth))
#6 /home/mediace1/sim.stidar.ac.id/system/CodeIgniter.php(326): CodeIgniter\CodeIgniter->handleRequest(NULL, Object(Config\Cache), false)
#7 /home/mediace1/sim.stidar.ac.id/index.php(37): CodeIgniter\CodeIgniter->run()
#8 {main}
ERROR - 2023-04-08 08:02:00 --> Error connecting to the database: Access denied for user '****'@'localhost' (using password: YES)
CRITICAL - 2023-04-08 08:02:00 --> Unable to connect to the database.
Main connection [MySQLi]: Access denied for user '****'@'localhost' (using password: YES)
#0 /home/mediace1/sim.stidar.ac.id/system/Database/BaseConnection.php(577): CodeIgniter\Database\BaseConnection->initialize()
#1 /home/mediace1/sim.stidar.ac.id/system/Database/BaseBuilder.php(1455): CodeIgniter\Database\BaseConnection->query('SELECT *\nFROM `...', Array, false)
#2 /home/mediace1/sim.stidar.ac.id/app/Models/Model_Auth.php(14): CodeIgniter\Database\BaseBuilder->get()
#3 /home/mediace1/sim.stidar.ac.id/app/Controllers/Auth.php(43): App\Models\Model_Auth->login('admin', 'admin')
#4 /home/mediace1/sim.stidar.ac.id/system/CodeIgniter.php(832): App\Controllers\Auth->login()
#5 /home/mediace1/sim.stidar.ac.id/system/CodeIgniter.php(419): CodeIgniter\CodeIgniter->runController(Object(App\Controllers\Auth))
#6 /home/mediace1/sim.stidar.ac.id/system/CodeIgniter.php(326): CodeIgniter\CodeIgniter->handleRequest(NULL, Object(Config\Cache), false)
#7 /home/mediace1/sim.stidar.ac.id/index.php(37): CodeIgniter\CodeIgniter->run()
#8 {main}
ERROR - 2023-04-08 08:02:07 --> Error connecting to the database: Access denied for user '****'@'localhost' (using password: YES)
CRITICAL - 2023-04-08 08:02:07 --> Unable to connect to the database.
Main connection [MySQLi]: Access denied for user '****'@'localhost' (using password: YES)
#0 /home/mediace1/sim.stidar.ac.id/system/Database/BaseConnection.php(577): CodeIgniter\Database\BaseConnection->initialize()
#1 /home/mediace1/sim.stidar.ac.id/system/Database/BaseBuilder.php(1455): CodeIgniter\Database\BaseConnection->query('SELECT *\nFROM `...', Array, false)
#2 /home/mediace1/sim.stidar.ac.id/app/Models/Model_Auth.php(14): CodeIgniter\Database\BaseBuilder->get()
#3 /home/mediace1/sim.stidar.ac.id/app/Controllers/Auth.php(43): App\Models\Model_Auth->login('admin', 'dosen')
#4 /home/mediace1/sim.stidar.ac.id/system/CodeIgniter.php(832): App\Controllers\Auth->login()
#5 /home/mediace1/sim.stidar.ac.id/system/CodeIgniter.php(419): CodeIgniter\CodeIgniter->runController(Object(App\Controllers\Auth))
#6 /home/mediace1/sim.stidar.ac.id/system/CodeIgniter.php(326): CodeIgniter\CodeIgniter->handleRequest(NULL, Object(Config\Cache), false)
#7 /home/mediace1/sim.stidar.ac.id/index.php(37): CodeIgniter\CodeIgniter->run()
#8 {main}
ERROR - 2023-04-08 08:02:14 --> Error connecting to the database: Access denied for user '****'@'localhost' (using password: YES)
CRITICAL - 2023-04-08 08:02:14 --> Unable to connect to the database.
Main connection [MySQLi]: Access denied for user '****'@'localhost' (using password: YES)
#0 /home/mediace1/sim.stidar.ac.id/system/Database/BaseConnection.php(577): CodeIgniter\Database\BaseConnection->initialize()
#1 /home/mediace1/sim.stidar.ac.id/system/Database/BaseBuilder.php(1455): CodeIgniter\Database\BaseConnection->query('SELECT *\nFROM `...', Array, false)
#2 /home/mediace1/sim.stidar.ac.id/app/Models/Model_Auth.php(14): CodeIgniter\Database\BaseBuilder->get()
#3 /home/mediace1/sim.stidar.ac.id/app/Controllers/Auth.php(43): App\Models\Model_Auth->login('admin', 'admin')
#4 /home/mediace1/sim.stidar.ac.id/system/CodeIgniter.php(832): App\Controllers\Auth->login()
#5 /home/mediace1/sim.stidar.ac.id/system/CodeIgniter.php(419): CodeIgniter\CodeIgniter->runController(Object(App\Controllers\Auth))
#6 /home/mediace1/sim.stidar.ac.id/system/CodeIgniter.php(326): CodeIgniter\CodeIgniter->handleRequest(NULL, Object(Config\Cache), false)
#7 /home/mediace1/sim.stidar.ac.id/index.php(37): CodeIgniter\CodeIgniter->run()
#8 {main}
ERROR - 2023-04-08 08:03:15 --> Error connecting to the database: Access denied for user '****'@'localhost' (using password: YES)
CRITICAL - 2023-04-08 08:03:15 --> Unable to connect to the database.
Main connection [MySQLi]: Access denied for user '****'@'localhost' (using password: YES)
#0 /home/mediace1/sim.stidar.ac.id/system/Database/BaseConnection.php(577): CodeIgniter\Database\BaseConnection->initialize()
#1 /home/mediace1/sim.stidar.ac.id/system/Database/BaseBuilder.php(1455): CodeIgniter\Database\BaseConnection->query('SELECT *\nFROM `...', Array, false)
#2 /home/mediace1/sim.stidar.ac.id/app/Models/Model_Auth.php(14): CodeIgniter\Database\BaseBuilder->get()
#3 /home/mediace1/sim.stidar.ac.id/app/Controllers/Auth.php(43): App\Models\Model_Auth->login('admin', 'admin')
#4 /home/mediace1/sim.stidar.ac.id/system/CodeIgniter.php(832): App\Controllers\Auth->login()
#5 /home/mediace1/sim.stidar.ac.id/system/CodeIgniter.php(419): CodeIgniter\CodeIgniter->runController(Object(App\Controllers\Auth))
#6 /home/mediace1/sim.stidar.ac.id/system/CodeIgniter.php(326): CodeIgniter\CodeIgniter->handleRequest(NULL, Object(Config\Cache), false)
#7 /home/mediace1/sim.stidar.ac.id/index.php(37): CodeIgniter\CodeIgniter->run()
#8 {main}
ERROR - 2023-04-08 08:03:17 --> Error connecting to the database: Access denied for user '****'@'localhost' (using password: YES)
CRITICAL - 2023-04-08 08:03:17 --> Unable to connect to the database.
Main connection [MySQLi]: Access denied for user '****'@'localhost' (using password: YES)
#0 /home/mediace1/sim.stidar.ac.id/system/Database/BaseConnection.php(577): CodeIgniter\Database\BaseConnection->initialize()
#1 /home/mediace1/sim.stidar.ac.id/system/Database/BaseBuilder.php(1455): CodeIgniter\Database\BaseConnection->query('SELECT *\nFROM `...', Array, false)
#2 /home/mediace1/sim.stidar.ac.id/app/Models/Model_Auth.php(14): CodeIgniter\Database\BaseBuilder->get()
#3 /home/mediace1/sim.stidar.ac.id/app/Controllers/Auth.php(43): App\Models\Model_Auth->login('admin', 'admin')
#4 /home/mediace1/sim.stidar.ac.id/system/CodeIgniter.php(832): App\Controllers\Auth->login()
#5 /home/mediace1/sim.stidar.ac.id/system/CodeIgniter.php(419): CodeIgniter\CodeIgniter->runController(Object(App\Controllers\Auth))
#6 /home/mediace1/sim.stidar.ac.id/system/CodeIgniter.php(326): CodeIgniter\CodeIgniter->handleRequest(NULL, Object(Config\Cache), false)
#7 /home/mediace1/sim.stidar.ac.id/index.php(37): CodeIgniter\CodeIgniter->run()
#8 {main}
ERROR - 2023-04-08 08:03:29 --> Error connecting to the database: Access denied for user '****'@'localhost' (using password: YES)
CRITICAL - 2023-04-08 08:03:29 --> Unable to connect to the database.
Main connection [MySQLi]: Access denied for user '****'@'localhost' (using password: YES)
#0 /home/mediace1/sim.stidar.ac.id/system/Database/BaseConnection.php(577): CodeIgniter\Database\BaseConnection->initialize()
#1 /home/mediace1/sim.stidar.ac.id/system/Database/BaseBuilder.php(1455): CodeIgniter\Database\BaseConnection->query('SELECT *\nFROM `...', Array, false)
#2 /home/mediace1/sim.stidar.ac.id/app/Models/Model_Auth.php(14): CodeIgniter\Database\BaseBuilder->get()
#3 /home/mediace1/sim.stidar.ac.id/app/Controllers/Auth.php(43): App\Models\Model_Auth->login('admin', 'admin')
#4 /home/mediace1/sim.stidar.ac.id/system/CodeIgniter.php(832): App\Controllers\Auth->login()
#5 /home/mediace1/sim.stidar.ac.id/system/CodeIgniter.php(419): CodeIgniter\CodeIgniter->runController(Object(App\Controllers\Auth))
#6 /home/mediace1/sim.stidar.ac.id/system/CodeIgniter.php(326): CodeIgniter\CodeIgniter->handleRequest(NULL, Object(Config\Cache), false)
#7 /home/mediace1/sim.stidar.ac.id/index.php(37): CodeIgniter\CodeIgniter->run()
#8 {main}
ERROR - 2023-04-08 08:03:40 --> Error connecting to the database: Access denied for user '****'@'localhost' (using password: YES)
CRITICAL - 2023-04-08 08:03:40 --> Unable to connect to the database.
Main connection [MySQLi]: Access denied for user '****'@'localhost' (using password: YES)
#0 /home/mediace1/sim.stidar.ac.id/system/Database/BaseConnection.php(577): CodeIgniter\Database\BaseConnection->initialize()
#1 /home/mediace1/sim.stidar.ac.id/system/Database/BaseBuilder.php(1455): CodeIgniter\Database\BaseConnection->query('SELECT *\nFROM `...', Array, false)
#2 /home/mediace1/sim.stidar.ac.id/app/Models/Model_Auth.php(14): CodeIgniter\Database\BaseBuilder->get()
#3 /home/mediace1/sim.stidar.ac.id/app/Controllers/Auth.php(43): App\Models\Model_Auth->login('admin', 'admin')
#4 /home/mediace1/sim.stidar.ac.id/system/CodeIgniter.php(832): App\Controllers\Auth->login()
#5 /home/mediace1/sim.stidar.ac.id/system/CodeIgniter.php(419): CodeIgniter\CodeIgniter->runController(Object(App\Controllers\Auth))
#6 /home/mediace1/sim.stidar.ac.id/system/CodeIgniter.php(326): CodeIgniter\CodeIgniter->handleRequest(NULL, Object(Config\Cache), false)
#7 /home/mediace1/sim.stidar.ac.id/index.php(37): CodeIgniter\CodeIgniter->run()
#8 {main}
ERROR - 2023-04-08 08:03:44 --> Error connecting to the database: Access denied for user '****'@'localhost' (using password: YES)
CRITICAL - 2023-04-08 08:03:44 --> Unable to connect to the database.
Main connection [MySQLi]: Access denied for user '****'@'localhost' (using password: YES)
#0 /home/mediace1/sim.stidar.ac.id/system/Database/BaseConnection.php(577): CodeIgniter\Database\BaseConnection->initialize()
#1 /home/mediace1/sim.stidar.ac.id/system/Database/BaseBuilder.php(1455): CodeIgniter\Database\BaseConnection->query('SELECT *\nFROM `...', Array, false)
#2 /home/mediace1/sim.stidar.ac.id/app/Models/Model_Auth.php(14): CodeIgniter\Database\BaseBuilder->get()
#3 /home/mediace1/sim.stidar.ac.id/app/Controllers/Auth.php(43): App\Models\Model_Auth->login('admin', 'dosen')
#4 /home/mediace1/sim.stidar.ac.id/system/CodeIgniter.php(832): App\Controllers\Auth->login()
#5 /home/mediace1/sim.stidar.ac.id/system/CodeIgniter.php(419): CodeIgniter\CodeIgniter->runController(Object(App\Controllers\Auth))
#6 /home/mediace1/sim.stidar.ac.id/system/CodeIgniter.php(326): CodeIgniter\CodeIgniter->handleRequest(NULL, Object(Config\Cache), false)
#7 /home/mediace1/sim.stidar.ac.id/index.php(37): CodeIgniter\CodeIgniter->run()
#8 {main}
ERROR - 2023-04-08 08:05:10 --> Error connecting to the database: Access denied for user '****'@'localhost' (using password: YES)
CRITICAL - 2023-04-08 08:05:10 --> Unable to connect to the database.
Main connection [MySQLi]: Access denied for user '****'@'localhost' (using password: YES)
#0 /home/mediace1/sim.stidar.ac.id/system/Database/BaseConnection.php(577): CodeIgniter\Database\BaseConnection->initialize()
#1 /home/mediace1/sim.stidar.ac.id/system/Database/BaseBuilder.php(1455): CodeIgniter\Database\BaseConnection->query('SELECT *\nFROM `...', Array, false)
#2 /home/mediace1/sim.stidar.ac.id/app/Models/Model_Auth.php(14): CodeIgniter\Database\BaseBuilder->get()
#3 /home/mediace1/sim.stidar.ac.id/app/Controllers/Auth.php(43): App\Models\Model_Auth->login('admin', 'admin')
#4 /home/mediace1/sim.stidar.ac.id/system/CodeIgniter.php(832): App\Controllers\Auth->login()
#5 /home/mediace1/sim.stidar.ac.id/system/CodeIgniter.php(419): CodeIgniter\CodeIgniter->runController(Object(App\Controllers\Auth))
#6 /home/mediace1/sim.stidar.ac.id/system/CodeIgniter.php(326): CodeIgniter\CodeIgniter->handleRequest(NULL, Object(Config\Cache), false)
#7 /home/mediace1/sim.stidar.ac.id/index.php(37): CodeIgniter\CodeIgniter->run()
#8 {main}
ERROR - 2023-04-08 08:05:14 --> Error connecting to the database: Access denied for user '****'@'localhost' (using password: YES)
CRITICAL - 2023-04-08 08:05:14 --> Unable to connect to the database.
Main connection [MySQLi]: Access denied for user '****'@'localhost' (using password: YES)
#0 /home/mediace1/sim.stidar.ac.id/system/Database/BaseConnection.php(577): CodeIgniter\Database\BaseConnection->initialize()
#1 /home/mediace1/sim.stidar.ac.id/system/Database/BaseBuilder.php(1455): CodeIgniter\Database\BaseConnection->query('SELECT *\nFROM `...', Array, false)
#2 /home/mediace1/sim.stidar.ac.id/app/Models/Model_Auth.php(14): CodeIgniter\Database\BaseBuilder->get()
#3 /home/mediace1/sim.stidar.ac.id/app/Controllers/Auth.php(43): App\Models\Model_Auth->login('admin', 'admin')
#4 /home/mediace1/sim.stidar.ac.id/system/CodeIgniter.php(832): App\Controllers\Auth->login()
#5 /home/mediace1/sim.stidar.ac.id/system/CodeIgniter.php(419): CodeIgniter\CodeIgniter->runController(Object(App\Controllers\Auth))
#6 /home/mediace1/sim.stidar.ac.id/system/CodeIgniter.php(326): CodeIgniter\CodeIgniter->handleRequest(NULL, Object(Config\Cache), false)
#7 /home/mediace1/sim.stidar.ac.id/index.php(37): CodeIgniter\CodeIgniter->run()
#8 {main}
ERROR - 2023-04-08 08:15:47 --> Error connecting to the database: Access denied for user '****'@'localhost' (using password: YES)
CRITICAL - 2023-04-08 08:15:47 --> Unable to connect to the database.
Main connection [MySQLi]: Access denied for user '****'@'localhost' (using password: YES)
#0 /home/mediace1/sim.stidar.ac.id/system/Database/BaseConnection.php(577): CodeIgniter\Database\BaseConnection->initialize()
#1 /home/mediace1/sim.stidar.ac.id/system/Database/BaseBuilder.php(1455): CodeIgniter\Database\BaseConnection->query('SELECT *\nFROM `...', Array, false)
#2 /home/mediace1/sim.stidar.ac.id/app/Models/Model_Auth.php(14): CodeIgniter\Database\BaseBuilder->get()
#3 /home/mediace1/sim.stidar.ac.id/app/Controllers/Auth.php(43): App\Models\Model_Auth->login('stidar', 'raudlatuliman')
#4 /home/mediace1/sim.stidar.ac.id/system/CodeIgniter.php(832): App\Controllers\Auth->login()
#5 /home/mediace1/sim.stidar.ac.id/system/CodeIgniter.php(419): CodeIgniter\CodeIgniter->runController(Object(App\Controllers\Auth))
#6 /home/mediace1/sim.stidar.ac.id/system/CodeIgniter.php(326): CodeIgniter\CodeIgniter->handleRequest(NULL, Object(Config\Cache), false)
#7 /home/mediace1/sim.stidar.ac.id/index.php(37): CodeIgniter\CodeIgniter->run()
#8 {main}
ERROR - 2023-04-08 08:17:20 --> Error connecting to the database: php_network_getaddresses: getaddrinfo failed: Name or service not known
CRITICAL - 2023-04-08 08:17:20 --> Unable to connect to the database.
Main connection [MySQLi]: php_network_getaddresses: getaddrinfo failed: Name or service not known
#0 /home/mediace1/sim.stidar.ac.id/system/Database/BaseConnection.php(577): CodeIgniter\Database\BaseConnection->initialize()
#1 /home/mediace1/sim.stidar.ac.id/system/Database/BaseBuilder.php(1455): CodeIgniter\Database\BaseConnection->query('SELECT *\nFROM `...', Array, false)
#2 /home/mediace1/sim.stidar.ac.id/app/Models/Model_Auth.php(14): CodeIgniter\Database\BaseBuilder->get()
#3 /home/mediace1/sim.stidar.ac.id/app/Controllers/Auth.php(43): App\Models\Model_Auth->login('stidar', 'raudlatuliman')
#4 /home/mediace1/sim.stidar.ac.id/system/CodeIgniter.php(832): App\Controllers\Auth->login()
#5 /home/mediace1/sim.stidar.ac.id/system/CodeIgniter.php(419): CodeIgniter\CodeIgniter->runController(Object(App\Controllers\Auth))
#6 /home/mediace1/sim.stidar.ac.id/system/CodeIgniter.php(326): CodeIgniter\CodeIgniter->handleRequest(NULL, Object(Config\Cache), false)
#7 /home/mediace1/sim.stidar.ac.id/index.php(37): CodeIgniter\CodeIgniter->run()
#8 {main}
CRITICAL - 2023-04-08 08:18:15 --> Undefined property: Config\App::$indexPage
#0 /home/mediace1/sim.stidar.ac.id/system/Helpers/url_helper.php(51): CodeIgniter\Debug\Exceptions->errorHandler(8, 'Undefined prope...', '/home/mediace1/...', 51, Array)
#1 /home/mediace1/sim.stidar.ac.id/system/Helpers/url_helper.php(87): _get_uri('auth/login', Object(Config\App))
#2 /home/mediace1/sim.stidar.ac.id/system/Helpers/form_helper.php(39): site_url('auth/login')
#3 /home/mediace1/sim.stidar.ac.id/app/Views/login.php(47): form_open('auth/login')
#4 /home/mediace1/sim.stidar.ac.id/system/View/View.php(210): include('/home/mediace1/...')
#5 /home/mediace1/sim.stidar.ac.id/system/View/View.php(213): CodeIgniter\View\View->CodeIgniter\View\{closure}()
#6 /home/mediace1/sim.stidar.ac.id/system/Common.php(1089): CodeIgniter\View\View->render('login', Array, true)
#7 /home/mediace1/sim.stidar.ac.id/app/Controllers/Auth.php(19): view('login', Array)
#8 /home/mediace1/sim.stidar.ac.id/system/CodeIgniter.php(832): App\Controllers\Auth->index()
#9 /home/mediace1/sim.stidar.ac.id/system/CodeIgniter.php(419): CodeIgniter\CodeIgniter->runController(Object(App\Controllers\Auth))
#10 /home/mediace1/sim.stidar.ac.id/system/CodeIgniter.php(326): CodeIgniter\CodeIgniter->handleRequest(NULL, Object(Config\Cache), false)
#11 /home/mediace1/sim.stidar.ac.id/index.php(37): CodeIgniter\CodeIgniter->run()
#12 {main}
