CRITICAL - 2023-05-08 00:50:36 --> Trying to access array offset on value of type null
#0 /home/mediace1/sim.stidar.ac.id/app/Controllers/Nilai.php(48): CodeIgniter\Debug\Exceptions->errorHandler(8, 'Trying to acces...', '/home/mediace1/...', 48, Array)
#1 /home/mediace1/sim.stidar.ac.id/system/CodeIgniter.php(832): App\Controllers\Nilai->nilai_kelas('<https:', 'sim.stidar.ac.i...', 'template', 'plugins', 'icheck-bootstra...', 'icheck-bootstra...')
#2 /home/mediace1/sim.stidar.ac.id/system/CodeIgniter.php(419): CodeIgniter\CodeIgniter->runController(Object(App\Controllers\Nilai))
#3 /home/mediace1/sim.stidar.ac.id/system/CodeIgniter.php(326): CodeIgniter\CodeIgniter->handleRequest(NULL, Object(Config\Cache), false)
#4 /home/mediace1/sim.stidar.ac.id/index.php(37): CodeIgniter\CodeIgniter->run()
#5 {main}
CRITICAL - 2023-05-08 21:17:09 --> Trying to access array offset on value of type null
#0 /home/mediace1/sim.stidar.ac.id/app/Views/admin/biodata_mhs.php(33): CodeIgniter\Debug\Exceptions->errorHandler(8, 'Trying to acces...', '/home/mediace1/...', 33, Array)
#1 /home/mediace1/sim.stidar.ac.id/system/View/View.php(210): include('/home/mediace1/...')
#2 /home/mediace1/sim.stidar.ac.id/system/View/View.php(213): CodeIgniter\View\View->CodeIgniter\View\{closure}()
#3 /home/mediace1/sim.stidar.ac.id/system/Common.php(1089): CodeIgniter\View\View->render('admin/biodata_m...', Array, true)
#4 /home/mediace1/sim.stidar.ac.id/app/Views/layout/content.php(3): view('admin/biodata_m...')
#5 /home/mediace1/sim.stidar.ac.id/system/View/View.php(210): include('/home/mediace1/...')
#6 /home/mediace1/sim.stidar.ac.id/system/View/View.php(213): CodeIgniter\View\View->CodeIgniter\View\{closure}()
#7 /home/mediace1/sim.stidar.ac.id/system/Common.php(1089): CodeIgniter\View\View->render('layout/content', Array, true)
#8 /home/mediace1/sim.stidar.ac.id/app/Views/layout/wrapper.php(4): view('layout/content')
#9 /home/mediace1/sim.stidar.ac.id/system/View/View.php(210): include('/home/mediace1/...')
#10 /home/mediace1/sim.stidar.ac.id/system/View/View.php(213): CodeIgniter\View\View->CodeIgniter\View\{closure}()
#11 /home/mediace1/sim.stidar.ac.id/system/Common.php(1089): CodeIgniter\View\View->render('layout/wrapper', Array, true)
#12 /home/mediace1/sim.stidar.ac.id/app/Controllers/Mahasiswa.php(36): view('layout/wrapper', Array)
#13 /home/mediace1/sim.stidar.ac.id/system/CodeIgniter.php(832): App\Controllers\Mahasiswa->biodata_mhs('<https:', 'sim.stidar.ac.i...', 'template', 'plugins', 'icheck-bootstra...', 'icheck-bootstra...')
#14 /home/mediace1/sim.stidar.ac.id/system/CodeIgniter.php(419): CodeIgniter\CodeIgniter->runController(Object(App\Controllers\Mahasiswa))
#15 /home/mediace1/sim.stidar.ac.id/system/CodeIgniter.php(326): CodeIgniter\CodeIgniter->handleRequest(NULL, Object(Config\Cache), false)
#16 /home/mediace1/sim.stidar.ac.id/index.php(37): CodeIgniter\CodeIgniter->run()
#17 {main}
CRITICAL - 2023-05-08 21:17:21 --> Trying to access array offset on value of type null
#0 /home/mediace1/sim.stidar.ac.id/app/Views/admin/biodata_mhs.php(33): CodeIgniter\Debug\Exceptions->errorHandler(8, 'Trying to acces...', '/home/mediace1/...', 33, Array)
#1 /home/mediace1/sim.stidar.ac.id/system/View/View.php(210): include('/home/mediace1/...')
#2 /home/mediace1/sim.stidar.ac.id/system/View/View.php(213): CodeIgniter\View\View->CodeIgniter\View\{closure}()
#3 /home/mediace1/sim.stidar.ac.id/system/Common.php(1089): CodeIgniter\View\View->render('admin/biodata_m...', Array, true)
#4 /home/mediace1/sim.stidar.ac.id/app/Views/layout/content.php(3): view('admin/biodata_m...')
#5 /home/mediace1/sim.stidar.ac.id/system/View/View.php(210): include('/home/mediace1/...')
#6 /home/mediace1/sim.stidar.ac.id/system/View/View.php(213): CodeIgniter\View\View->CodeIgniter\View\{closure}()
#7 /home/mediace1/sim.stidar.ac.id/system/Common.php(1089): CodeIgniter\View\View->render('layout/content', Array, true)
#8 /home/mediace1/sim.stidar.ac.id/app/Views/layout/wrapper.php(4): view('layout/content')
#9 /home/mediace1/sim.stidar.ac.id/system/View/View.php(210): include('/home/mediace1/...')
#10 /home/mediace1/sim.stidar.ac.id/system/View/View.php(213): CodeIgniter\View\View->CodeIgniter\View\{closure}()
#11 /home/mediace1/sim.stidar.ac.id/system/Common.php(1089): CodeIgniter\View\View->render('layout/wrapper', Array, true)
#12 /home/mediace1/sim.stidar.ac.id/app/Controllers/Mahasiswa.php(36): view('layout/wrapper', Array)
#13 /home/mediace1/sim.stidar.ac.id/system/CodeIgniter.php(832): App\Controllers\Mahasiswa->biodata_mhs('<https:', 'sim.stidar.ac.i...', 'template', 'plugins', 'icheck-bootstra...', 'icheck-bootstra...')
#14 /home/mediace1/sim.stidar.ac.id/system/CodeIgniter.php(419): CodeIgniter\CodeIgniter->runController(Object(App\Controllers\Mahasiswa))
#15 /home/mediace1/sim.stidar.ac.id/system/CodeIgniter.php(326): CodeIgniter\CodeIgniter->handleRequest(NULL, Object(Config\Cache), false)
#16 /home/mediace1/sim.stidar.ac.id/index.php(37): CodeIgniter\CodeIgniter->run()
#17 {main}
CRITICAL - 2023-05-08 21:17:22 --> Trying to access array offset on value of type null
#0 /home/mediace1/sim.stidar.ac.id/app/Views/admin/user_detail.php(31): CodeIgniter\Debug\Exceptions->errorHandler(8, 'Trying to acces...', '/home/mediace1/...', 31, Array)
#1 /home/mediace1/sim.stidar.ac.id/system/View/View.php(210): include('/home/mediace1/...')
#2 /home/mediace1/sim.stidar.ac.id/system/View/View.php(213): CodeIgniter\View\View->CodeIgniter\View\{closure}()
#3 /home/mediace1/sim.stidar.ac.id/system/Common.php(1089): CodeIgniter\View\View->render('admin/user_deta...', Array, true)
#4 /home/mediace1/sim.stidar.ac.id/app/Views/layout/content.php(3): view('admin/user_deta...')
#5 /home/mediace1/sim.stidar.ac.id/system/View/View.php(210): include('/home/mediace1/...')
#6 /home/mediace1/sim.stidar.ac.id/system/View/View.php(213): CodeIgniter\View\View->CodeIgniter\View\{closure}()
#7 /home/mediace1/sim.stidar.ac.id/system/Common.php(1089): CodeIgniter\View\View->render('layout/content', Array, true)
#8 /home/mediace1/sim.stidar.ac.id/app/Views/layout/wrapper.php(4): view('layout/content')
#9 /home/mediace1/sim.stidar.ac.id/system/View/View.php(210): include('/home/mediace1/...')
#10 /home/mediace1/sim.stidar.ac.id/system/View/View.php(213): CodeIgniter\View\View->CodeIgniter\View\{closure}()
#11 /home/mediace1/sim.stidar.ac.id/system/Common.php(1089): CodeIgniter\View\View->render('layout/wrapper', Array, true)
#12 /home/mediace1/sim.stidar.ac.id/app/Controllers/User.php(34): view('layout/wrapper', Array)
#13 /home/mediace1/sim.stidar.ac.id/system/CodeIgniter.php(832): App\Controllers\User->user_detail('<https:', 'sim.stidar.ac.i...', 'template', 'plugins', 'icheck-bootstra...', 'icheck-bootstra...')
#14 /home/mediace1/sim.stidar.ac.id/system/CodeIgniter.php(419): CodeIgniter\CodeIgniter->runController(Object(App\Controllers\User))
#15 /home/mediace1/sim.stidar.ac.id/system/CodeIgniter.php(326): CodeIgniter\CodeIgniter->handleRequest(NULL, Object(Config\Cache), false)
#16 /home/mediace1/sim.stidar.ac.id/index.php(37): CodeIgniter\CodeIgniter->run()
#17 {main}
CRITICAL - 2023-05-08 21:17:44 --> Trying to access array offset on value of type null
#0 /home/mediace1/sim.stidar.ac.id/app/Views/admin/biodata_mhs.php(33): CodeIgniter\Debug\Exceptions->errorHandler(8, 'Trying to acces...', '/home/mediace1/...', 33, Array)
#1 /home/mediace1/sim.stidar.ac.id/system/View/View.php(210): include('/home/mediace1/...')
#2 /home/mediace1/sim.stidar.ac.id/system/View/View.php(213): CodeIgniter\View\View->CodeIgniter\View\{closure}()
#3 /home/mediace1/sim.stidar.ac.id/system/Common.php(1089): CodeIgniter\View\View->render('admin/biodata_m...', Array, true)
#4 /home/mediace1/sim.stidar.ac.id/app/Views/layout/content.php(3): view('admin/biodata_m...')
#5 /home/mediace1/sim.stidar.ac.id/system/View/View.php(210): include('/home/mediace1/...')
#6 /home/mediace1/sim.stidar.ac.id/system/View/View.php(213): CodeIgniter\View\View->CodeIgniter\View\{closure}()
#7 /home/mediace1/sim.stidar.ac.id/system/Common.php(1089): CodeIgniter\View\View->render('layout/content', Array, true)
#8 /home/mediace1/sim.stidar.ac.id/app/Views/layout/wrapper.php(4): view('layout/content')
#9 /home/mediace1/sim.stidar.ac.id/system/View/View.php(210): include('/home/mediace1/...')
#10 /home/mediace1/sim.stidar.ac.id/system/View/View.php(213): CodeIgniter\View\View->CodeIgniter\View\{closure}()
#11 /home/mediace1/sim.stidar.ac.id/system/Common.php(1089): CodeIgniter\View\View->render('layout/wrapper', Array, true)
#12 /home/mediace1/sim.stidar.ac.id/app/Controllers/Mahasiswa.php(36): view('layout/wrapper', Array)
#13 /home/mediace1/sim.stidar.ac.id/system/CodeIgniter.php(832): App\Controllers\Mahasiswa->biodata_mhs('<https:', 'sim.stidar.ac.i...', 'template', 'plugins', 'icheck-bootstra...', 'icheck-bootstra...')
#14 /home/mediace1/sim.stidar.ac.id/system/CodeIgniter.php(419): CodeIgniter\CodeIgniter->runController(Object(App\Controllers\Mahasiswa))
#15 /home/mediace1/sim.stidar.ac.id/system/CodeIgniter.php(326): CodeIgniter\CodeIgniter->handleRequest(NULL, Object(Config\Cache), false)
#16 /home/mediace1/sim.stidar.ac.id/index.php(37): CodeIgniter\CodeIgniter->run()
#17 {main}
CRITICAL - 2023-05-08 21:20:24 --> Trying to access array offset on value of type null
#0 /home/mediace1/sim.stidar.ac.id/app/Views/admin/biodata_mhs.php(33): CodeIgniter\Debug\Exceptions->errorHandler(8, 'Trying to acces...', '/home/mediace1/...', 33, Array)
#1 /home/mediace1/sim.stidar.ac.id/system/View/View.php(210): include('/home/mediace1/...')
#2 /home/mediace1/sim.stidar.ac.id/system/View/View.php(213): CodeIgniter\View\View->CodeIgniter\View\{closure}()
#3 /home/mediace1/sim.stidar.ac.id/system/Common.php(1089): CodeIgniter\View\View->render('admin/biodata_m...', Array, true)
#4 /home/mediace1/sim.stidar.ac.id/app/Views/layout/content.php(3): view('admin/biodata_m...')
#5 /home/mediace1/sim.stidar.ac.id/system/View/View.php(210): include('/home/mediace1/...')
#6 /home/mediace1/sim.stidar.ac.id/system/View/View.php(213): CodeIgniter\View\View->CodeIgniter\View\{closure}()
#7 /home/mediace1/sim.stidar.ac.id/system/Common.php(1089): CodeIgniter\View\View->render('layout/content', Array, true)
#8 /home/mediace1/sim.stidar.ac.id/app/Views/layout/wrapper.php(4): view('layout/content')
#9 /home/mediace1/sim.stidar.ac.id/system/View/View.php(210): include('/home/mediace1/...')
#10 /home/mediace1/sim.stidar.ac.id/system/View/View.php(213): CodeIgniter\View\View->CodeIgniter\View\{closure}()
#11 /home/mediace1/sim.stidar.ac.id/system/Common.php(1089): CodeIgniter\View\View->render('layout/wrapper', Array, true)
#12 /home/mediace1/sim.stidar.ac.id/app/Controllers/Mahasiswa.php(36): view('layout/wrapper', Array)
#13 /home/mediace1/sim.stidar.ac.id/system/CodeIgniter.php(832): App\Controllers\Mahasiswa->biodata_mhs('<https:', 'sim.stidar.ac.i...', 'template', 'plugins', 'icheck-bootstra...', 'icheck-bootstra...')
#14 /home/mediace1/sim.stidar.ac.id/system/CodeIgniter.php(419): CodeIgniter\CodeIgniter->runController(Object(App\Controllers\Mahasiswa))
#15 /home/mediace1/sim.stidar.ac.id/system/CodeIgniter.php(326): CodeIgniter\CodeIgniter->handleRequest(NULL, Object(Config\Cache), false)
#16 /home/mediace1/sim.stidar.ac.id/index.php(37): CodeIgniter\CodeIgniter->run()
#17 {main}
