CRITICAL - 2023-05-01 03:44:19 --> Trying to access array offset on value of type null
#0 /home/mediace1/sim.stidar.ac.id/app/Views/admin/biodata_mhs.php(32): CodeIgniter\Debug\Exceptions->errorHandler(8, 'Trying to acces...', '/home/mediace1/...', 32, Array)
#1 /home/mediace1/sim.stidar.ac.id/system/View/View.php(210): include('/home/mediace1/...')
#2 /home/mediace1/sim.stidar.ac.id/system/View/View.php(213): CodeIgniter\View\View->CodeIgniter\View\{closure}()
#3 /home/mediace1/sim.stidar.ac.id/system/Common.php(1089): CodeIgniter\View\View->render('admin/biodata_m...', Array, true)
#4 /home/mediace1/sim.stidar.ac.id/app/Views/layout/content.php(3): view('admin/biodata_m...')
#5 /home/mediace1/sim.stidar.ac.id/system/View/View.php(210): include('/home/mediace1/...')
#6 /home/mediace1/sim.stidar.ac.id/system/View/View.php(213): CodeIgniter\View\View->CodeIgniter\View\{closure}()
#7 /home/mediace1/sim.stidar.ac.id/system/Common.php(1089): CodeIgniter\View\View->render('layout/content', Array, true)
#8 /home/mediace1/sim.stidar.ac.id/app/Views/layout/wrapper.php(4): view('layout/content')
#9 /home/mediace1/sim.stidar.ac.id/system/View/View.php(210): include('/home/mediace1/...')
#10 /home/mediace1/sim.stidar.ac.id/system/View/View.php(213): CodeIgniter\View\View->CodeIgniter\View\{closure}()
#11 /home/mediace1/sim.stidar.ac.id/system/Common.php(1089): CodeIgniter\View\View->render('layout/wrapper', Array, true)
#12 /home/mediace1/sim.stidar.ac.id/app/Controllers/Mahasiswa.php(32): view('layout/wrapper', Array)
#13 /home/mediace1/sim.stidar.ac.id/system/CodeIgniter.php(832): App\Controllers\Mahasiswa->biodata_mhs('<https:', 'sim.stidar.ac.i...', 'template', 'plugins', 'icheck-bootstra...', 'icheck-bootstra...')
#14 /home/mediace1/sim.stidar.ac.id/system/CodeIgniter.php(419): CodeIgniter\CodeIgniter->runController(Object(App\Controllers\Mahasiswa))
#15 /home/mediace1/sim.stidar.ac.id/system/CodeIgniter.php(326): CodeIgniter\CodeIgniter->handleRequest(NULL, Object(Config\Cache), false)
#16 /home/mediace1/sim.stidar.ac.id/index.php(37): CodeIgniter\CodeIgniter->run()
#17 {main}
CRITICAL - 2023-05-01 03:45:54 --> Trying to access array offset on value of type null
#0 /home/mediace1/sim.stidar.ac.id/app/Views/admin/biodata_mhs.php(32): CodeIgniter\Debug\Exceptions->errorHandler(8, 'Trying to acces...', '/home/mediace1/...', 32, Array)
#1 /home/mediace1/sim.stidar.ac.id/system/View/View.php(210): include('/home/mediace1/...')
#2 /home/mediace1/sim.stidar.ac.id/system/View/View.php(213): CodeIgniter\View\View->CodeIgniter\View\{closure}()
#3 /home/mediace1/sim.stidar.ac.id/system/Common.php(1089): CodeIgniter\View\View->render('admin/biodata_m...', Array, true)
#4 /home/mediace1/sim.stidar.ac.id/app/Views/layout/content.php(3): view('admin/biodata_m...')
#5 /home/mediace1/sim.stidar.ac.id/system/View/View.php(210): include('/home/mediace1/...')
#6 /home/mediace1/sim.stidar.ac.id/system/View/View.php(213): CodeIgniter\View\View->CodeIgniter\View\{closure}()
#7 /home/mediace1/sim.stidar.ac.id/system/Common.php(1089): CodeIgniter\View\View->render('layout/content', Array, true)
#8 /home/mediace1/sim.stidar.ac.id/app/Views/layout/wrapper.php(4): view('layout/content')
#9 /home/mediace1/sim.stidar.ac.id/system/View/View.php(210): include('/home/mediace1/...')
#10 /home/mediace1/sim.stidar.ac.id/system/View/View.php(213): CodeIgniter\View\View->CodeIgniter\View\{closure}()
#11 /home/mediace1/sim.stidar.ac.id/system/Common.php(1089): CodeIgniter\View\View->render('layout/wrapper', Array, true)
#12 /home/mediace1/sim.stidar.ac.id/app/Controllers/Mahasiswa.php(32): view('layout/wrapper', Array)
#13 /home/mediace1/sim.stidar.ac.id/system/CodeIgniter.php(832): App\Controllers\Mahasiswa->biodata_mhs('<https:', 'sim.stidar.ac.i...', 'template', 'plugins', 'icheck-bootstra...', 'icheck-bootstra...')
#14 /home/mediace1/sim.stidar.ac.id/system/CodeIgniter.php(419): CodeIgniter\CodeIgniter->runController(Object(App\Controllers\Mahasiswa))
#15 /home/mediace1/sim.stidar.ac.id/system/CodeIgniter.php(326): CodeIgniter\CodeIgniter->handleRequest(NULL, Object(Config\Cache), false)
#16 /home/mediace1/sim.stidar.ac.id/index.php(37): CodeIgniter\CodeIgniter->run()
#17 {main}
CRITICAL - 2023-05-01 10:40:02 --> Trying to access array offset on value of type null
#0 /home/mediace1/sim.stidar.ac.id/app/Views/admin/biodata_mhs.php(32): CodeIgniter\Debug\Exceptions->errorHandler(8, 'Trying to acces...', '/home/mediace1/...', 32, Array)
#1 /home/mediace1/sim.stidar.ac.id/system/View/View.php(210): include('/home/mediace1/...')
#2 /home/mediace1/sim.stidar.ac.id/system/View/View.php(213): CodeIgniter\View\View->CodeIgniter\View\{closure}()
#3 /home/mediace1/sim.stidar.ac.id/system/Common.php(1089): CodeIgniter\View\View->render('admin/biodata_m...', Array, true)
#4 /home/mediace1/sim.stidar.ac.id/app/Views/layout/content.php(3): view('admin/biodata_m...')
#5 /home/mediace1/sim.stidar.ac.id/system/View/View.php(210): include('/home/mediace1/...')
#6 /home/mediace1/sim.stidar.ac.id/system/View/View.php(213): CodeIgniter\View\View->CodeIgniter\View\{closure}()
#7 /home/mediace1/sim.stidar.ac.id/system/Common.php(1089): CodeIgniter\View\View->render('layout/content', Array, true)
#8 /home/mediace1/sim.stidar.ac.id/app/Views/layout/wrapper.php(4): view('layout/content')
#9 /home/mediace1/sim.stidar.ac.id/system/View/View.php(210): include('/home/mediace1/...')
#10 /home/mediace1/sim.stidar.ac.id/system/View/View.php(213): CodeIgniter\View\View->CodeIgniter\View\{closure}()
#11 /home/mediace1/sim.stidar.ac.id/system/Common.php(1089): CodeIgniter\View\View->render('layout/wrapper', Array, true)
#12 /home/mediace1/sim.stidar.ac.id/app/Controllers/Mahasiswa.php(32): view('layout/wrapper', Array)
#13 /home/mediace1/sim.stidar.ac.id/system/CodeIgniter.php(832): App\Controllers\Mahasiswa->biodata_mhs('<https:', 'sim.stidar.ac.i...', 'template', 'plugins', 'icheck-bootstra...', 'icheck-bootstra...')
#14 /home/mediace1/sim.stidar.ac.id/system/CodeIgniter.php(419): CodeIgniter\CodeIgniter->runController(Object(App\Controllers\Mahasiswa))
#15 /home/mediace1/sim.stidar.ac.id/system/CodeIgniter.php(326): CodeIgniter\CodeIgniter->handleRequest(NULL, Object(Config\Cache), false)
#16 /home/mediace1/sim.stidar.ac.id/index.php(37): CodeIgniter\CodeIgniter->run()
#17 {main}
CRITICAL - 2023-05-01 10:40:11 --> Trying to access array offset on value of type null
#0 /home/mediace1/sim.stidar.ac.id/app/Views/admin/biodata_mhs.php(32): CodeIgniter\Debug\Exceptions->errorHandler(8, 'Trying to acces...', '/home/mediace1/...', 32, Array)
#1 /home/mediace1/sim.stidar.ac.id/system/View/View.php(210): include('/home/mediace1/...')
#2 /home/mediace1/sim.stidar.ac.id/system/View/View.php(213): CodeIgniter\View\View->CodeIgniter\View\{closure}()
#3 /home/mediace1/sim.stidar.ac.id/system/Common.php(1089): CodeIgniter\View\View->render('admin/biodata_m...', Array, true)
#4 /home/mediace1/sim.stidar.ac.id/app/Views/layout/content.php(3): view('admin/biodata_m...')
#5 /home/mediace1/sim.stidar.ac.id/system/View/View.php(210): include('/home/mediace1/...')
#6 /home/mediace1/sim.stidar.ac.id/system/View/View.php(213): CodeIgniter\View\View->CodeIgniter\View\{closure}()
#7 /home/mediace1/sim.stidar.ac.id/system/Common.php(1089): CodeIgniter\View\View->render('layout/content', Array, true)
#8 /home/mediace1/sim.stidar.ac.id/app/Views/layout/wrapper.php(4): view('layout/content')
#9 /home/mediace1/sim.stidar.ac.id/system/View/View.php(210): include('/home/mediace1/...')
#10 /home/mediace1/sim.stidar.ac.id/system/View/View.php(213): CodeIgniter\View\View->CodeIgniter\View\{closure}()
#11 /home/mediace1/sim.stidar.ac.id/system/Common.php(1089): CodeIgniter\View\View->render('layout/wrapper', Array, true)
#12 /home/mediace1/sim.stidar.ac.id/app/Controllers/Mahasiswa.php(32): view('layout/wrapper', Array)
#13 /home/mediace1/sim.stidar.ac.id/system/CodeIgniter.php(832): App\Controllers\Mahasiswa->biodata_mhs('<https:', 'sim.stidar.ac.i...', 'template', 'plugins', 'icheck-bootstra...', 'icheck-bootstra...')
#14 /home/mediace1/sim.stidar.ac.id/system/CodeIgniter.php(419): CodeIgniter\CodeIgniter->runController(Object(App\Controllers\Mahasiswa))
#15 /home/mediace1/sim.stidar.ac.id/system/CodeIgniter.php(326): CodeIgniter\CodeIgniter->handleRequest(NULL, Object(Config\Cache), false)
#16 /home/mediace1/sim.stidar.ac.id/index.php(37): CodeIgniter\CodeIgniter->run()
#17 {main}
CRITICAL - 2023-05-01 10:41:58 --> Trying to access array offset on value of type null
#0 /home/mediace1/sim.stidar.ac.id/app/Views/admin/biodata_mhs.php(32): CodeIgniter\Debug\Exceptions->errorHandler(8, 'Trying to acces...', '/home/mediace1/...', 32, Array)
#1 /home/mediace1/sim.stidar.ac.id/system/View/View.php(210): include('/home/mediace1/...')
#2 /home/mediace1/sim.stidar.ac.id/system/View/View.php(213): CodeIgniter\View\View->CodeIgniter\View\{closure}()
#3 /home/mediace1/sim.stidar.ac.id/system/Common.php(1089): CodeIgniter\View\View->render('admin/biodata_m...', Array, true)
#4 /home/mediace1/sim.stidar.ac.id/app/Views/layout/content.php(3): view('admin/biodata_m...')
#5 /home/mediace1/sim.stidar.ac.id/system/View/View.php(210): include('/home/mediace1/...')
#6 /home/mediace1/sim.stidar.ac.id/system/View/View.php(213): CodeIgniter\View\View->CodeIgniter\View\{closure}()
#7 /home/mediace1/sim.stidar.ac.id/system/Common.php(1089): CodeIgniter\View\View->render('layout/content', Array, true)
#8 /home/mediace1/sim.stidar.ac.id/app/Views/layout/wrapper.php(4): view('layout/content')
#9 /home/mediace1/sim.stidar.ac.id/system/View/View.php(210): include('/home/mediace1/...')
#10 /home/mediace1/sim.stidar.ac.id/system/View/View.php(213): CodeIgniter\View\View->CodeIgniter\View\{closure}()
#11 /home/mediace1/sim.stidar.ac.id/system/Common.php(1089): CodeIgniter\View\View->render('layout/wrapper', Array, true)
#12 /home/mediace1/sim.stidar.ac.id/app/Controllers/Mahasiswa.php(32): view('layout/wrapper', Array)
#13 /home/mediace1/sim.stidar.ac.id/system/CodeIgniter.php(832): App\Controllers\Mahasiswa->biodata_mhs('<https:', 'sim.stidar.ac.i...', 'template', 'plugins', 'icheck-bootstra...', 'icheck-bootstra...')
#14 /home/mediace1/sim.stidar.ac.id/system/CodeIgniter.php(419): CodeIgniter\CodeIgniter->runController(Object(App\Controllers\Mahasiswa))
#15 /home/mediace1/sim.stidar.ac.id/system/CodeIgniter.php(326): CodeIgniter\CodeIgniter->handleRequest(NULL, Object(Config\Cache), false)
#16 /home/mediace1/sim.stidar.ac.id/index.php(37): CodeIgniter\CodeIgniter->run()
#17 {main}
CRITICAL - 2023-05-01 10:47:14 --> Trying to access array offset on value of type null
#0 /home/mediace1/sim.stidar.ac.id/app/Views/admin/biodata_mhs.php(32): CodeIgniter\Debug\Exceptions->errorHandler(8, 'Trying to acces...', '/home/mediace1/...', 32, Array)
#1 /home/mediace1/sim.stidar.ac.id/system/View/View.php(210): include('/home/mediace1/...')
#2 /home/mediace1/sim.stidar.ac.id/system/View/View.php(213): CodeIgniter\View\View->CodeIgniter\View\{closure}()
#3 /home/mediace1/sim.stidar.ac.id/system/Common.php(1089): CodeIgniter\View\View->render('admin/biodata_m...', Array, true)
#4 /home/mediace1/sim.stidar.ac.id/app/Views/layout/content.php(3): view('admin/biodata_m...')
#5 /home/mediace1/sim.stidar.ac.id/system/View/View.php(210): include('/home/mediace1/...')
#6 /home/mediace1/sim.stidar.ac.id/system/View/View.php(213): CodeIgniter\View\View->CodeIgniter\View\{closure}()
#7 /home/mediace1/sim.stidar.ac.id/system/Common.php(1089): CodeIgniter\View\View->render('layout/content', Array, true)
#8 /home/mediace1/sim.stidar.ac.id/app/Views/layout/wrapper.php(4): view('layout/content')
#9 /home/mediace1/sim.stidar.ac.id/system/View/View.php(210): include('/home/mediace1/...')
#10 /home/mediace1/sim.stidar.ac.id/system/View/View.php(213): CodeIgniter\View\View->CodeIgniter\View\{closure}()
#11 /home/mediace1/sim.stidar.ac.id/system/Common.php(1089): CodeIgniter\View\View->render('layout/wrapper', Array, true)
#12 /home/mediace1/sim.stidar.ac.id/app/Controllers/Mahasiswa.php(32): view('layout/wrapper', Array)
#13 /home/mediace1/sim.stidar.ac.id/system/CodeIgniter.php(832): App\Controllers\Mahasiswa->biodata_mhs('<https:', 'sim.stidar.ac.i...', 'template', 'plugins', 'icheck-bootstra...', 'icheck-bootstra...')
#14 /home/mediace1/sim.stidar.ac.id/system/CodeIgniter.php(419): CodeIgniter\CodeIgniter->runController(Object(App\Controllers\Mahasiswa))
#15 /home/mediace1/sim.stidar.ac.id/system/CodeIgniter.php(326): CodeIgniter\CodeIgniter->handleRequest(NULL, Object(Config\Cache), false)
#16 /home/mediace1/sim.stidar.ac.id/index.php(37): CodeIgniter\CodeIgniter->run()
#17 {main}
CRITICAL - 2023-05-01 10:48:06 --> Trying to access array offset on value of type null
#0 /home/mediace1/sim.stidar.ac.id/app/Views/admin/biodata_mhs.php(32): CodeIgniter\Debug\Exceptions->errorHandler(8, 'Trying to acces...', '/home/mediace1/...', 32, Array)
#1 /home/mediace1/sim.stidar.ac.id/system/View/View.php(210): include('/home/mediace1/...')
#2 /home/mediace1/sim.stidar.ac.id/system/View/View.php(213): CodeIgniter\View\View->CodeIgniter\View\{closure}()
#3 /home/mediace1/sim.stidar.ac.id/system/Common.php(1089): CodeIgniter\View\View->render('admin/biodata_m...', Array, true)
#4 /home/mediace1/sim.stidar.ac.id/app/Views/layout/content.php(3): view('admin/biodata_m...')
#5 /home/mediace1/sim.stidar.ac.id/system/View/View.php(210): include('/home/mediace1/...')
#6 /home/mediace1/sim.stidar.ac.id/system/View/View.php(213): CodeIgniter\View\View->CodeIgniter\View\{closure}()
#7 /home/mediace1/sim.stidar.ac.id/system/Common.php(1089): CodeIgniter\View\View->render('layout/content', Array, true)
#8 /home/mediace1/sim.stidar.ac.id/app/Views/layout/wrapper.php(4): view('layout/content')
#9 /home/mediace1/sim.stidar.ac.id/system/View/View.php(210): include('/home/mediace1/...')
#10 /home/mediace1/sim.stidar.ac.id/system/View/View.php(213): CodeIgniter\View\View->CodeIgniter\View\{closure}()
#11 /home/mediace1/sim.stidar.ac.id/system/Common.php(1089): CodeIgniter\View\View->render('layout/wrapper', Array, true)
#12 /home/mediace1/sim.stidar.ac.id/app/Controllers/Mahasiswa.php(32): view('layout/wrapper', Array)
#13 /home/mediace1/sim.stidar.ac.id/system/CodeIgniter.php(832): App\Controllers\Mahasiswa->biodata_mhs('<https:', 'sim.stidar.ac.i...', 'template', 'plugins', 'icheck-bootstra...', 'icheck-bootstra...')
#14 /home/mediace1/sim.stidar.ac.id/system/CodeIgniter.php(419): CodeIgniter\CodeIgniter->runController(Object(App\Controllers\Mahasiswa))
#15 /home/mediace1/sim.stidar.ac.id/system/CodeIgniter.php(326): CodeIgniter\CodeIgniter->handleRequest(NULL, Object(Config\Cache), false)
#16 /home/mediace1/sim.stidar.ac.id/index.php(37): CodeIgniter\CodeIgniter->run()
#17 {main}
CRITICAL - 2023-05-01 10:53:50 --> Trying to access array offset on value of type null
#0 /home/mediace1/sim.stidar.ac.id/app/Views/admin/biodata_mhs.php(32): CodeIgniter\Debug\Exceptions->errorHandler(8, 'Trying to acces...', '/home/mediace1/...', 32, Array)
#1 /home/mediace1/sim.stidar.ac.id/system/View/View.php(210): include('/home/mediace1/...')
#2 /home/mediace1/sim.stidar.ac.id/system/View/View.php(213): CodeIgniter\View\View->CodeIgniter\View\{closure}()
#3 /home/mediace1/sim.stidar.ac.id/system/Common.php(1089): CodeIgniter\View\View->render('admin/biodata_m...', Array, true)
#4 /home/mediace1/sim.stidar.ac.id/app/Views/layout/content.php(3): view('admin/biodata_m...')
#5 /home/mediace1/sim.stidar.ac.id/system/View/View.php(210): include('/home/mediace1/...')
#6 /home/mediace1/sim.stidar.ac.id/system/View/View.php(213): CodeIgniter\View\View->CodeIgniter\View\{closure}()
#7 /home/mediace1/sim.stidar.ac.id/system/Common.php(1089): CodeIgniter\View\View->render('layout/content', Array, true)
#8 /home/mediace1/sim.stidar.ac.id/app/Views/layout/wrapper.php(4): view('layout/content')
#9 /home/mediace1/sim.stidar.ac.id/system/View/View.php(210): include('/home/mediace1/...')
#10 /home/mediace1/sim.stidar.ac.id/system/View/View.php(213): CodeIgniter\View\View->CodeIgniter\View\{closure}()
#11 /home/mediace1/sim.stidar.ac.id/system/Common.php(1089): CodeIgniter\View\View->render('layout/wrapper', Array, true)
#12 /home/mediace1/sim.stidar.ac.id/app/Controllers/Mahasiswa.php(32): view('layout/wrapper', Array)
#13 /home/mediace1/sim.stidar.ac.id/system/CodeIgniter.php(832): App\Controllers\Mahasiswa->biodata_mhs('<https:', 'sim.stidar.ac.i...', 'template', 'plugins', 'icheck-bootstra...', 'icheck-bootstra...')
#14 /home/mediace1/sim.stidar.ac.id/system/CodeIgniter.php(419): CodeIgniter\CodeIgniter->runController(Object(App\Controllers\Mahasiswa))
#15 /home/mediace1/sim.stidar.ac.id/system/CodeIgniter.php(326): CodeIgniter\CodeIgniter->handleRequest(NULL, Object(Config\Cache), false)
#16 /home/mediace1/sim.stidar.ac.id/index.php(37): CodeIgniter\CodeIgniter->run()
#17 {main}
CRITICAL - 2023-05-01 10:56:13 --> Trying to access array offset on value of type null
#0 /home/mediace1/sim.stidar.ac.id/app/Views/admin/biodata_mhs.php(32): CodeIgniter\Debug\Exceptions->errorHandler(8, 'Trying to acces...', '/home/mediace1/...', 32, Array)
#1 /home/mediace1/sim.stidar.ac.id/system/View/View.php(210): include('/home/mediace1/...')
#2 /home/mediace1/sim.stidar.ac.id/system/View/View.php(213): CodeIgniter\View\View->CodeIgniter\View\{closure}()
#3 /home/mediace1/sim.stidar.ac.id/system/Common.php(1089): CodeIgniter\View\View->render('admin/biodata_m...', Array, true)
#4 /home/mediace1/sim.stidar.ac.id/app/Views/layout/content.php(3): view('admin/biodata_m...')
#5 /home/mediace1/sim.stidar.ac.id/system/View/View.php(210): include('/home/mediace1/...')
#6 /home/mediace1/sim.stidar.ac.id/system/View/View.php(213): CodeIgniter\View\View->CodeIgniter\View\{closure}()
#7 /home/mediace1/sim.stidar.ac.id/system/Common.php(1089): CodeIgniter\View\View->render('layout/content', Array, true)
#8 /home/mediace1/sim.stidar.ac.id/app/Views/layout/wrapper.php(4): view('layout/content')
#9 /home/mediace1/sim.stidar.ac.id/system/View/View.php(210): include('/home/mediace1/...')
#10 /home/mediace1/sim.stidar.ac.id/system/View/View.php(213): CodeIgniter\View\View->CodeIgniter\View\{closure}()
#11 /home/mediace1/sim.stidar.ac.id/system/Common.php(1089): CodeIgniter\View\View->render('layout/wrapper', Array, true)
#12 /home/mediace1/sim.stidar.ac.id/app/Controllers/Mahasiswa.php(32): view('layout/wrapper', Array)
#13 /home/mediace1/sim.stidar.ac.id/system/CodeIgniter.php(832): App\Controllers\Mahasiswa->biodata_mhs('<https:', 'sim.stidar.ac.i...', 'template', 'plugins', 'icheck-bootstra...', 'icheck-bootstra...')
#14 /home/mediace1/sim.stidar.ac.id/system/CodeIgniter.php(419): CodeIgniter\CodeIgniter->runController(Object(App\Controllers\Mahasiswa))
#15 /home/mediace1/sim.stidar.ac.id/system/CodeIgniter.php(326): CodeIgniter\CodeIgniter->handleRequest(NULL, Object(Config\Cache), false)
#16 /home/mediace1/sim.stidar.ac.id/index.php(37): CodeIgniter\CodeIgniter->run()
#17 {main}
CRITICAL - 2023-05-01 10:58:09 --> Trying to access array offset on value of type null
#0 /home/mediace1/sim.stidar.ac.id/app/Views/admin/biodata_mhs.php(32): CodeIgniter\Debug\Exceptions->errorHandler(8, 'Trying to acces...', '/home/mediace1/...', 32, Array)
#1 /home/mediace1/sim.stidar.ac.id/system/View/View.php(210): include('/home/mediace1/...')
#2 /home/mediace1/sim.stidar.ac.id/system/View/View.php(213): CodeIgniter\View\View->CodeIgniter\View\{closure}()
#3 /home/mediace1/sim.stidar.ac.id/system/Common.php(1089): CodeIgniter\View\View->render('admin/biodata_m...', Array, true)
#4 /home/mediace1/sim.stidar.ac.id/app/Views/layout/content.php(3): view('admin/biodata_m...')
#5 /home/mediace1/sim.stidar.ac.id/system/View/View.php(210): include('/home/mediace1/...')
#6 /home/mediace1/sim.stidar.ac.id/system/View/View.php(213): CodeIgniter\View\View->CodeIgniter\View\{closure}()
#7 /home/mediace1/sim.stidar.ac.id/system/Common.php(1089): CodeIgniter\View\View->render('layout/content', Array, true)
#8 /home/mediace1/sim.stidar.ac.id/app/Views/layout/wrapper.php(4): view('layout/content')
#9 /home/mediace1/sim.stidar.ac.id/system/View/View.php(210): include('/home/mediace1/...')
#10 /home/mediace1/sim.stidar.ac.id/system/View/View.php(213): CodeIgniter\View\View->CodeIgniter\View\{closure}()
#11 /home/mediace1/sim.stidar.ac.id/system/Common.php(1089): CodeIgniter\View\View->render('layout/wrapper', Array, true)
#12 /home/mediace1/sim.stidar.ac.id/app/Controllers/Mahasiswa.php(32): view('layout/wrapper', Array)
#13 /home/mediace1/sim.stidar.ac.id/system/CodeIgniter.php(832): App\Controllers\Mahasiswa->biodata_mhs('<https:', 'sim.stidar.ac.i...', 'template', 'plugins', 'icheck-bootstra...', 'icheck-bootstra...')
#14 /home/mediace1/sim.stidar.ac.id/system/CodeIgniter.php(419): CodeIgniter\CodeIgniter->runController(Object(App\Controllers\Mahasiswa))
#15 /home/mediace1/sim.stidar.ac.id/system/CodeIgniter.php(326): CodeIgniter\CodeIgniter->handleRequest(NULL, Object(Config\Cache), false)
#16 /home/mediace1/sim.stidar.ac.id/index.php(37): CodeIgniter\CodeIgniter->run()
#17 {main}
CRITICAL - 2023-05-01 11:00:35 --> Trying to access array offset on value of type null
#0 /home/mediace1/sim.stidar.ac.id/app/Views/admin/biodata_mhs.php(32): CodeIgniter\Debug\Exceptions->errorHandler(8, 'Trying to acces...', '/home/mediace1/...', 32, Array)
#1 /home/mediace1/sim.stidar.ac.id/system/View/View.php(210): include('/home/mediace1/...')
#2 /home/mediace1/sim.stidar.ac.id/system/View/View.php(213): CodeIgniter\View\View->CodeIgniter\View\{closure}()
#3 /home/mediace1/sim.stidar.ac.id/system/Common.php(1089): CodeIgniter\View\View->render('admin/biodata_m...', Array, true)
#4 /home/mediace1/sim.stidar.ac.id/app/Views/layout/content.php(3): view('admin/biodata_m...')
#5 /home/mediace1/sim.stidar.ac.id/system/View/View.php(210): include('/home/mediace1/...')
#6 /home/mediace1/sim.stidar.ac.id/system/View/View.php(213): CodeIgniter\View\View->CodeIgniter\View\{closure}()
#7 /home/mediace1/sim.stidar.ac.id/system/Common.php(1089): CodeIgniter\View\View->render('layout/content', Array, true)
#8 /home/mediace1/sim.stidar.ac.id/app/Views/layout/wrapper.php(4): view('layout/content')
#9 /home/mediace1/sim.stidar.ac.id/system/View/View.php(210): include('/home/mediace1/...')
#10 /home/mediace1/sim.stidar.ac.id/system/View/View.php(213): CodeIgniter\View\View->CodeIgniter\View\{closure}()
#11 /home/mediace1/sim.stidar.ac.id/system/Common.php(1089): CodeIgniter\View\View->render('layout/wrapper', Array, true)
#12 /home/mediace1/sim.stidar.ac.id/app/Controllers/Mahasiswa.php(32): view('layout/wrapper', Array)
#13 /home/mediace1/sim.stidar.ac.id/system/CodeIgniter.php(832): App\Controllers\Mahasiswa->biodata_mhs('<https:', 'sim.stidar.ac.i...', 'template', 'plugins', 'icheck-bootstra...', 'icheck-bootstra...')
#14 /home/mediace1/sim.stidar.ac.id/system/CodeIgniter.php(419): CodeIgniter\CodeIgniter->runController(Object(App\Controllers\Mahasiswa))
#15 /home/mediace1/sim.stidar.ac.id/system/CodeIgniter.php(326): CodeIgniter\CodeIgniter->handleRequest(NULL, Object(Config\Cache), false)
#16 /home/mediace1/sim.stidar.ac.id/index.php(37): CodeIgniter\CodeIgniter->run()
#17 {main}
CRITICAL - 2023-05-01 11:01:58 --> Trying to access array offset on value of type null
#0 /home/mediace1/sim.stidar.ac.id/app/Views/admin/biodata_mhs.php(32): CodeIgniter\Debug\Exceptions->errorHandler(8, 'Trying to acces...', '/home/mediace1/...', 32, Array)
#1 /home/mediace1/sim.stidar.ac.id/system/View/View.php(210): include('/home/mediace1/...')
#2 /home/mediace1/sim.stidar.ac.id/system/View/View.php(213): CodeIgniter\View\View->CodeIgniter\View\{closure}()
#3 /home/mediace1/sim.stidar.ac.id/system/Common.php(1089): CodeIgniter\View\View->render('admin/biodata_m...', Array, true)
#4 /home/mediace1/sim.stidar.ac.id/app/Views/layout/content.php(3): view('admin/biodata_m...')
#5 /home/mediace1/sim.stidar.ac.id/system/View/View.php(210): include('/home/mediace1/...')
#6 /home/mediace1/sim.stidar.ac.id/system/View/View.php(213): CodeIgniter\View\View->CodeIgniter\View\{closure}()
#7 /home/mediace1/sim.stidar.ac.id/system/Common.php(1089): CodeIgniter\View\View->render('layout/content', Array, true)
#8 /home/mediace1/sim.stidar.ac.id/app/Views/layout/wrapper.php(4): view('layout/content')
#9 /home/mediace1/sim.stidar.ac.id/system/View/View.php(210): include('/home/mediace1/...')
#10 /home/mediace1/sim.stidar.ac.id/system/View/View.php(213): CodeIgniter\View\View->CodeIgniter\View\{closure}()
#11 /home/mediace1/sim.stidar.ac.id/system/Common.php(1089): CodeIgniter\View\View->render('layout/wrapper', Array, true)
#12 /home/mediace1/sim.stidar.ac.id/app/Controllers/Mahasiswa.php(32): view('layout/wrapper', Array)
#13 /home/mediace1/sim.stidar.ac.id/system/CodeIgniter.php(832): App\Controllers\Mahasiswa->biodata_mhs('<https:', 'sim.stidar.ac.i...', 'template', 'plugins', 'icheck-bootstra...', 'icheck-bootstra...')
#14 /home/mediace1/sim.stidar.ac.id/system/CodeIgniter.php(419): CodeIgniter\CodeIgniter->runController(Object(App\Controllers\Mahasiswa))
#15 /home/mediace1/sim.stidar.ac.id/system/CodeIgniter.php(326): CodeIgniter\CodeIgniter->handleRequest(NULL, Object(Config\Cache), false)
#16 /home/mediace1/sim.stidar.ac.id/index.php(37): CodeIgniter\CodeIgniter->run()
#17 {main}
CRITICAL - 2023-05-01 11:02:53 --> Trying to access array offset on value of type null
#0 /home/mediace1/sim.stidar.ac.id/app/Views/admin/biodata_mhs.php(32): CodeIgniter\Debug\Exceptions->errorHandler(8, 'Trying to acces...', '/home/mediace1/...', 32, Array)
#1 /home/mediace1/sim.stidar.ac.id/system/View/View.php(210): include('/home/mediace1/...')
#2 /home/mediace1/sim.stidar.ac.id/system/View/View.php(213): CodeIgniter\View\View->CodeIgniter\View\{closure}()
#3 /home/mediace1/sim.stidar.ac.id/system/Common.php(1089): CodeIgniter\View\View->render('admin/biodata_m...', Array, true)
#4 /home/mediace1/sim.stidar.ac.id/app/Views/layout/content.php(3): view('admin/biodata_m...')
#5 /home/mediace1/sim.stidar.ac.id/system/View/View.php(210): include('/home/mediace1/...')
#6 /home/mediace1/sim.stidar.ac.id/system/View/View.php(213): CodeIgniter\View\View->CodeIgniter\View\{closure}()
#7 /home/mediace1/sim.stidar.ac.id/system/Common.php(1089): CodeIgniter\View\View->render('layout/content', Array, true)
#8 /home/mediace1/sim.stidar.ac.id/app/Views/layout/wrapper.php(4): view('layout/content')
#9 /home/mediace1/sim.stidar.ac.id/system/View/View.php(210): include('/home/mediace1/...')
#10 /home/mediace1/sim.stidar.ac.id/system/View/View.php(213): CodeIgniter\View\View->CodeIgniter\View\{closure}()
#11 /home/mediace1/sim.stidar.ac.id/system/Common.php(1089): CodeIgniter\View\View->render('layout/wrapper', Array, true)
#12 /home/mediace1/sim.stidar.ac.id/app/Controllers/Mahasiswa.php(32): view('layout/wrapper', Array)
#13 /home/mediace1/sim.stidar.ac.id/system/CodeIgniter.php(832): App\Controllers\Mahasiswa->biodata_mhs('<https:', 'sim.stidar.ac.i...', 'template', 'plugins', 'icheck-bootstra...', 'icheck-bootstra...')
#14 /home/mediace1/sim.stidar.ac.id/system/CodeIgniter.php(419): CodeIgniter\CodeIgniter->runController(Object(App\Controllers\Mahasiswa))
#15 /home/mediace1/sim.stidar.ac.id/system/CodeIgniter.php(326): CodeIgniter\CodeIgniter->handleRequest(NULL, Object(Config\Cache), false)
#16 /home/mediace1/sim.stidar.ac.id/index.php(37): CodeIgniter\CodeIgniter->run()
#17 {main}
CRITICAL - 2023-05-01 11:03:59 --> Trying to access array offset on value of type null
#0 /home/mediace1/sim.stidar.ac.id/app/Views/admin/biodata_mhs.php(32): CodeIgniter\Debug\Exceptions->errorHandler(8, 'Trying to acces...', '/home/mediace1/...', 32, Array)
#1 /home/mediace1/sim.stidar.ac.id/system/View/View.php(210): include('/home/mediace1/...')
#2 /home/mediace1/sim.stidar.ac.id/system/View/View.php(213): CodeIgniter\View\View->CodeIgniter\View\{closure}()
#3 /home/mediace1/sim.stidar.ac.id/system/Common.php(1089): CodeIgniter\View\View->render('admin/biodata_m...', Array, true)
#4 /home/mediace1/sim.stidar.ac.id/app/Views/layout/content.php(3): view('admin/biodata_m...')
#5 /home/mediace1/sim.stidar.ac.id/system/View/View.php(210): include('/home/mediace1/...')
#6 /home/mediace1/sim.stidar.ac.id/system/View/View.php(213): CodeIgniter\View\View->CodeIgniter\View\{closure}()
#7 /home/mediace1/sim.stidar.ac.id/system/Common.php(1089): CodeIgniter\View\View->render('layout/content', Array, true)
#8 /home/mediace1/sim.stidar.ac.id/app/Views/layout/wrapper.php(4): view('layout/content')
#9 /home/mediace1/sim.stidar.ac.id/system/View/View.php(210): include('/home/mediace1/...')
#10 /home/mediace1/sim.stidar.ac.id/system/View/View.php(213): CodeIgniter\View\View->CodeIgniter\View\{closure}()
#11 /home/mediace1/sim.stidar.ac.id/system/Common.php(1089): CodeIgniter\View\View->render('layout/wrapper', Array, true)
#12 /home/mediace1/sim.stidar.ac.id/app/Controllers/Mahasiswa.php(32): view('layout/wrapper', Array)
#13 /home/mediace1/sim.stidar.ac.id/system/CodeIgniter.php(832): App\Controllers\Mahasiswa->biodata_mhs('<https:', 'sim.stidar.ac.i...', 'template', 'plugins', 'icheck-bootstra...', 'icheck-bootstra...')
#14 /home/mediace1/sim.stidar.ac.id/system/CodeIgniter.php(419): CodeIgniter\CodeIgniter->runController(Object(App\Controllers\Mahasiswa))
#15 /home/mediace1/sim.stidar.ac.id/system/CodeIgniter.php(326): CodeIgniter\CodeIgniter->handleRequest(NULL, Object(Config\Cache), false)
#16 /home/mediace1/sim.stidar.ac.id/index.php(37): CodeIgniter\CodeIgniter->run()
#17 {main}
CRITICAL - 2023-05-01 11:09:08 --> Trying to access array offset on value of type null
#0 /home/mediace1/sim.stidar.ac.id/app/Views/admin/biodata_mhs.php(32): CodeIgniter\Debug\Exceptions->errorHandler(8, 'Trying to acces...', '/home/mediace1/...', 32, Array)
#1 /home/mediace1/sim.stidar.ac.id/system/View/View.php(210): include('/home/mediace1/...')
#2 /home/mediace1/sim.stidar.ac.id/system/View/View.php(213): CodeIgniter\View\View->CodeIgniter\View\{closure}()
#3 /home/mediace1/sim.stidar.ac.id/system/Common.php(1089): CodeIgniter\View\View->render('admin/biodata_m...', Array, true)
#4 /home/mediace1/sim.stidar.ac.id/app/Views/layout/content.php(3): view('admin/biodata_m...')
#5 /home/mediace1/sim.stidar.ac.id/system/View/View.php(210): include('/home/mediace1/...')
#6 /home/mediace1/sim.stidar.ac.id/system/View/View.php(213): CodeIgniter\View\View->CodeIgniter\View\{closure}()
#7 /home/mediace1/sim.stidar.ac.id/system/Common.php(1089): CodeIgniter\View\View->render('layout/content', Array, true)
#8 /home/mediace1/sim.stidar.ac.id/app/Views/layout/wrapper.php(4): view('layout/content')
#9 /home/mediace1/sim.stidar.ac.id/system/View/View.php(210): include('/home/mediace1/...')
#10 /home/mediace1/sim.stidar.ac.id/system/View/View.php(213): CodeIgniter\View\View->CodeIgniter\View\{closure}()
#11 /home/mediace1/sim.stidar.ac.id/system/Common.php(1089): CodeIgniter\View\View->render('layout/wrapper', Array, true)
#12 /home/mediace1/sim.stidar.ac.id/app/Controllers/Mahasiswa.php(32): view('layout/wrapper', Array)
#13 /home/mediace1/sim.stidar.ac.id/system/CodeIgniter.php(832): App\Controllers\Mahasiswa->biodata_mhs('<https:', 'sim.stidar.ac.i...', 'template', 'plugins', 'icheck-bootstra...', 'icheck-bootstra...')
#14 /home/mediace1/sim.stidar.ac.id/system/CodeIgniter.php(419): CodeIgniter\CodeIgniter->runController(Object(App\Controllers\Mahasiswa))
#15 /home/mediace1/sim.stidar.ac.id/system/CodeIgniter.php(326): CodeIgniter\CodeIgniter->handleRequest(NULL, Object(Config\Cache), false)
#16 /home/mediace1/sim.stidar.ac.id/index.php(37): CodeIgniter\CodeIgniter->run()
#17 {main}
CRITICAL - 2023-05-01 11:10:49 --> Trying to access array offset on value of type null
#0 /home/mediace1/sim.stidar.ac.id/app/Views/admin/biodata_mhs.php(32): CodeIgniter\Debug\Exceptions->errorHandler(8, 'Trying to acces...', '/home/mediace1/...', 32, Array)
#1 /home/mediace1/sim.stidar.ac.id/system/View/View.php(210): include('/home/mediace1/...')
#2 /home/mediace1/sim.stidar.ac.id/system/View/View.php(213): CodeIgniter\View\View->CodeIgniter\View\{closure}()
#3 /home/mediace1/sim.stidar.ac.id/system/Common.php(1089): CodeIgniter\View\View->render('admin/biodata_m...', Array, true)
#4 /home/mediace1/sim.stidar.ac.id/app/Views/layout/content.php(3): view('admin/biodata_m...')
#5 /home/mediace1/sim.stidar.ac.id/system/View/View.php(210): include('/home/mediace1/...')
#6 /home/mediace1/sim.stidar.ac.id/system/View/View.php(213): CodeIgniter\View\View->CodeIgniter\View\{closure}()
#7 /home/mediace1/sim.stidar.ac.id/system/Common.php(1089): CodeIgniter\View\View->render('layout/content', Array, true)
#8 /home/mediace1/sim.stidar.ac.id/app/Views/layout/wrapper.php(4): view('layout/content')
#9 /home/mediace1/sim.stidar.ac.id/system/View/View.php(210): include('/home/mediace1/...')
#10 /home/mediace1/sim.stidar.ac.id/system/View/View.php(213): CodeIgniter\View\View->CodeIgniter\View\{closure}()
#11 /home/mediace1/sim.stidar.ac.id/system/Common.php(1089): CodeIgniter\View\View->render('layout/wrapper', Array, true)
#12 /home/mediace1/sim.stidar.ac.id/app/Controllers/Mahasiswa.php(32): view('layout/wrapper', Array)
#13 /home/mediace1/sim.stidar.ac.id/system/CodeIgniter.php(832): App\Controllers\Mahasiswa->biodata_mhs('<https:', 'sim.stidar.ac.i...', 'template', 'plugins', 'icheck-bootstra...', 'icheck-bootstra...')
#14 /home/mediace1/sim.stidar.ac.id/system/CodeIgniter.php(419): CodeIgniter\CodeIgniter->runController(Object(App\Controllers\Mahasiswa))
#15 /home/mediace1/sim.stidar.ac.id/system/CodeIgniter.php(326): CodeIgniter\CodeIgniter->handleRequest(NULL, Object(Config\Cache), false)
#16 /home/mediace1/sim.stidar.ac.id/index.php(37): CodeIgniter\CodeIgniter->run()
#17 {main}
CRITICAL - 2023-05-01 11:11:37 --> Trying to access array offset on value of type null
#0 /home/mediace1/sim.stidar.ac.id/app/Views/admin/biodata_mhs.php(32): CodeIgniter\Debug\Exceptions->errorHandler(8, 'Trying to acces...', '/home/mediace1/...', 32, Array)
#1 /home/mediace1/sim.stidar.ac.id/system/View/View.php(210): include('/home/mediace1/...')
#2 /home/mediace1/sim.stidar.ac.id/system/View/View.php(213): CodeIgniter\View\View->CodeIgniter\View\{closure}()
#3 /home/mediace1/sim.stidar.ac.id/system/Common.php(1089): CodeIgniter\View\View->render('admin/biodata_m...', Array, true)
#4 /home/mediace1/sim.stidar.ac.id/app/Views/layout/content.php(3): view('admin/biodata_m...')
#5 /home/mediace1/sim.stidar.ac.id/system/View/View.php(210): include('/home/mediace1/...')
#6 /home/mediace1/sim.stidar.ac.id/system/View/View.php(213): CodeIgniter\View\View->CodeIgniter\View\{closure}()
#7 /home/mediace1/sim.stidar.ac.id/system/Common.php(1089): CodeIgniter\View\View->render('layout/content', Array, true)
#8 /home/mediace1/sim.stidar.ac.id/app/Views/layout/wrapper.php(4): view('layout/content')
#9 /home/mediace1/sim.stidar.ac.id/system/View/View.php(210): include('/home/mediace1/...')
#10 /home/mediace1/sim.stidar.ac.id/system/View/View.php(213): CodeIgniter\View\View->CodeIgniter\View\{closure}()
#11 /home/mediace1/sim.stidar.ac.id/system/Common.php(1089): CodeIgniter\View\View->render('layout/wrapper', Array, true)
#12 /home/mediace1/sim.stidar.ac.id/app/Controllers/Mahasiswa.php(32): view('layout/wrapper', Array)
#13 /home/mediace1/sim.stidar.ac.id/system/CodeIgniter.php(832): App\Controllers\Mahasiswa->biodata_mhs('<https:', 'sim.stidar.ac.i...', 'template', 'plugins', 'icheck-bootstra...', 'icheck-bootstra...')
#14 /home/mediace1/sim.stidar.ac.id/system/CodeIgniter.php(419): CodeIgniter\CodeIgniter->runController(Object(App\Controllers\Mahasiswa))
#15 /home/mediace1/sim.stidar.ac.id/system/CodeIgniter.php(326): CodeIgniter\CodeIgniter->handleRequest(NULL, Object(Config\Cache), false)
#16 /home/mediace1/sim.stidar.ac.id/index.php(37): CodeIgniter\CodeIgniter->run()
#17 {main}
CRITICAL - 2023-05-01 11:13:49 --> Trying to access array offset on value of type null
#0 /home/mediace1/sim.stidar.ac.id/app/Views/admin/biodata_mhs.php(32): CodeIgniter\Debug\Exceptions->errorHandler(8, 'Trying to acces...', '/home/mediace1/...', 32, Array)
#1 /home/mediace1/sim.stidar.ac.id/system/View/View.php(210): include('/home/mediace1/...')
#2 /home/mediace1/sim.stidar.ac.id/system/View/View.php(213): CodeIgniter\View\View->CodeIgniter\View\{closure}()
#3 /home/mediace1/sim.stidar.ac.id/system/Common.php(1089): CodeIgniter\View\View->render('admin/biodata_m...', Array, true)
#4 /home/mediace1/sim.stidar.ac.id/app/Views/layout/content.php(3): view('admin/biodata_m...')
#5 /home/mediace1/sim.stidar.ac.id/system/View/View.php(210): include('/home/mediace1/...')
#6 /home/mediace1/sim.stidar.ac.id/system/View/View.php(213): CodeIgniter\View\View->CodeIgniter\View\{closure}()
#7 /home/mediace1/sim.stidar.ac.id/system/Common.php(1089): CodeIgniter\View\View->render('layout/content', Array, true)
#8 /home/mediace1/sim.stidar.ac.id/app/Views/layout/wrapper.php(4): view('layout/content')
#9 /home/mediace1/sim.stidar.ac.id/system/View/View.php(210): include('/home/mediace1/...')
#10 /home/mediace1/sim.stidar.ac.id/system/View/View.php(213): CodeIgniter\View\View->CodeIgniter\View\{closure}()
#11 /home/mediace1/sim.stidar.ac.id/system/Common.php(1089): CodeIgniter\View\View->render('layout/wrapper', Array, true)
#12 /home/mediace1/sim.stidar.ac.id/app/Controllers/Mahasiswa.php(32): view('layout/wrapper', Array)
#13 /home/mediace1/sim.stidar.ac.id/system/CodeIgniter.php(832): App\Controllers\Mahasiswa->biodata_mhs('<https:', 'sim.stidar.ac.i...', 'template', 'plugins', 'icheck-bootstra...', 'icheck-bootstra...')
#14 /home/mediace1/sim.stidar.ac.id/system/CodeIgniter.php(419): CodeIgniter\CodeIgniter->runController(Object(App\Controllers\Mahasiswa))
#15 /home/mediace1/sim.stidar.ac.id/system/CodeIgniter.php(326): CodeIgniter\CodeIgniter->handleRequest(NULL, Object(Config\Cache), false)
#16 /home/mediace1/sim.stidar.ac.id/index.php(37): CodeIgniter\CodeIgniter->run()
#17 {main}
CRITICAL - 2023-05-01 11:14:39 --> Trying to access array offset on value of type null
#0 /home/mediace1/sim.stidar.ac.id/app/Views/admin/biodata_mhs.php(32): CodeIgniter\Debug\Exceptions->errorHandler(8, 'Trying to acces...', '/home/mediace1/...', 32, Array)
#1 /home/mediace1/sim.stidar.ac.id/system/View/View.php(210): include('/home/mediace1/...')
#2 /home/mediace1/sim.stidar.ac.id/system/View/View.php(213): CodeIgniter\View\View->CodeIgniter\View\{closure}()
#3 /home/mediace1/sim.stidar.ac.id/system/Common.php(1089): CodeIgniter\View\View->render('admin/biodata_m...', Array, true)
#4 /home/mediace1/sim.stidar.ac.id/app/Views/layout/content.php(3): view('admin/biodata_m...')
#5 /home/mediace1/sim.stidar.ac.id/system/View/View.php(210): include('/home/mediace1/...')
#6 /home/mediace1/sim.stidar.ac.id/system/View/View.php(213): CodeIgniter\View\View->CodeIgniter\View\{closure}()
#7 /home/mediace1/sim.stidar.ac.id/system/Common.php(1089): CodeIgniter\View\View->render('layout/content', Array, true)
#8 /home/mediace1/sim.stidar.ac.id/app/Views/layout/wrapper.php(4): view('layout/content')
#9 /home/mediace1/sim.stidar.ac.id/system/View/View.php(210): include('/home/mediace1/...')
#10 /home/mediace1/sim.stidar.ac.id/system/View/View.php(213): CodeIgniter\View\View->CodeIgniter\View\{closure}()
#11 /home/mediace1/sim.stidar.ac.id/system/Common.php(1089): CodeIgniter\View\View->render('layout/wrapper', Array, true)
#12 /home/mediace1/sim.stidar.ac.id/app/Controllers/Mahasiswa.php(32): view('layout/wrapper', Array)
#13 /home/mediace1/sim.stidar.ac.id/system/CodeIgniter.php(832): App\Controllers\Mahasiswa->biodata_mhs('<https:', 'sim.stidar.ac.i...', 'template', 'plugins', 'icheck-bootstra...', 'icheck-bootstra...')
#14 /home/mediace1/sim.stidar.ac.id/system/CodeIgniter.php(419): CodeIgniter\CodeIgniter->runController(Object(App\Controllers\Mahasiswa))
#15 /home/mediace1/sim.stidar.ac.id/system/CodeIgniter.php(326): CodeIgniter\CodeIgniter->handleRequest(NULL, Object(Config\Cache), false)
#16 /home/mediace1/sim.stidar.ac.id/index.php(37): CodeIgniter\CodeIgniter->run()
#17 {main}
CRITICAL - 2023-05-01 11:18:06 --> Trying to access array offset on value of type null
#0 /home/mediace1/sim.stidar.ac.id/app/Views/admin/biodata_mhs.php(32): CodeIgniter\Debug\Exceptions->errorHandler(8, 'Trying to acces...', '/home/mediace1/...', 32, Array)
#1 /home/mediace1/sim.stidar.ac.id/system/View/View.php(210): include('/home/mediace1/...')
#2 /home/mediace1/sim.stidar.ac.id/system/View/View.php(213): CodeIgniter\View\View->CodeIgniter\View\{closure}()
#3 /home/mediace1/sim.stidar.ac.id/system/Common.php(1089): CodeIgniter\View\View->render('admin/biodata_m...', Array, true)
#4 /home/mediace1/sim.stidar.ac.id/app/Views/layout/content.php(3): view('admin/biodata_m...')
#5 /home/mediace1/sim.stidar.ac.id/system/View/View.php(210): include('/home/mediace1/...')
#6 /home/mediace1/sim.stidar.ac.id/system/View/View.php(213): CodeIgniter\View\View->CodeIgniter\View\{closure}()
#7 /home/mediace1/sim.stidar.ac.id/system/Common.php(1089): CodeIgniter\View\View->render('layout/content', Array, true)
#8 /home/mediace1/sim.stidar.ac.id/app/Views/layout/wrapper.php(4): view('layout/content')
#9 /home/mediace1/sim.stidar.ac.id/system/View/View.php(210): include('/home/mediace1/...')
#10 /home/mediace1/sim.stidar.ac.id/system/View/View.php(213): CodeIgniter\View\View->CodeIgniter\View\{closure}()
#11 /home/mediace1/sim.stidar.ac.id/system/Common.php(1089): CodeIgniter\View\View->render('layout/wrapper', Array, true)
#12 /home/mediace1/sim.stidar.ac.id/app/Controllers/Mahasiswa.php(32): view('layout/wrapper', Array)
#13 /home/mediace1/sim.stidar.ac.id/system/CodeIgniter.php(832): App\Controllers\Mahasiswa->biodata_mhs('<https:', 'sim.stidar.ac.i...', 'template', 'plugins', 'icheck-bootstra...', 'icheck-bootstra...')
#14 /home/mediace1/sim.stidar.ac.id/system/CodeIgniter.php(419): CodeIgniter\CodeIgniter->runController(Object(App\Controllers\Mahasiswa))
#15 /home/mediace1/sim.stidar.ac.id/system/CodeIgniter.php(326): CodeIgniter\CodeIgniter->handleRequest(NULL, Object(Config\Cache), false)
#16 /home/mediace1/sim.stidar.ac.id/index.php(37): CodeIgniter\CodeIgniter->run()
#17 {main}
CRITICAL - 2023-05-01 11:24:04 --> Trying to access array offset on value of type null
#0 /home/mediace1/sim.stidar.ac.id/app/Views/admin/biodata_mhs.php(32): CodeIgniter\Debug\Exceptions->errorHandler(8, 'Trying to acces...', '/home/mediace1/...', 32, Array)
#1 /home/mediace1/sim.stidar.ac.id/system/View/View.php(210): include('/home/mediace1/...')
#2 /home/mediace1/sim.stidar.ac.id/system/View/View.php(213): CodeIgniter\View\View->CodeIgniter\View\{closure}()
#3 /home/mediace1/sim.stidar.ac.id/system/Common.php(1089): CodeIgniter\View\View->render('admin/biodata_m...', Array, true)
#4 /home/mediace1/sim.stidar.ac.id/app/Views/layout/content.php(3): view('admin/biodata_m...')
#5 /home/mediace1/sim.stidar.ac.id/system/View/View.php(210): include('/home/mediace1/...')
#6 /home/mediace1/sim.stidar.ac.id/system/View/View.php(213): CodeIgniter\View\View->CodeIgniter\View\{closure}()
#7 /home/mediace1/sim.stidar.ac.id/system/Common.php(1089): CodeIgniter\View\View->render('layout/content', Array, true)
#8 /home/mediace1/sim.stidar.ac.id/app/Views/layout/wrapper.php(4): view('layout/content')
#9 /home/mediace1/sim.stidar.ac.id/system/View/View.php(210): include('/home/mediace1/...')
#10 /home/mediace1/sim.stidar.ac.id/system/View/View.php(213): CodeIgniter\View\View->CodeIgniter\View\{closure}()
#11 /home/mediace1/sim.stidar.ac.id/system/Common.php(1089): CodeIgniter\View\View->render('layout/wrapper', Array, true)
#12 /home/mediace1/sim.stidar.ac.id/app/Controllers/Mahasiswa.php(32): view('layout/wrapper', Array)
#13 /home/mediace1/sim.stidar.ac.id/system/CodeIgniter.php(832): App\Controllers\Mahasiswa->biodata_mhs('<https:', 'sim.stidar.ac.i...', 'template', 'plugins', 'icheck-bootstra...', 'icheck-bootstra...')
#14 /home/mediace1/sim.stidar.ac.id/system/CodeIgniter.php(419): CodeIgniter\CodeIgniter->runController(Object(App\Controllers\Mahasiswa))
#15 /home/mediace1/sim.stidar.ac.id/system/CodeIgniter.php(326): CodeIgniter\CodeIgniter->handleRequest(NULL, Object(Config\Cache), false)
#16 /home/mediace1/sim.stidar.ac.id/index.php(37): CodeIgniter\CodeIgniter->run()
#17 {main}
CRITICAL - 2023-05-01 11:25:59 --> Trying to access array offset on value of type null
#0 /home/mediace1/sim.stidar.ac.id/app/Views/admin/biodata_mhs.php(32): CodeIgniter\Debug\Exceptions->errorHandler(8, 'Trying to acces...', '/home/mediace1/...', 32, Array)
#1 /home/mediace1/sim.stidar.ac.id/system/View/View.php(210): include('/home/mediace1/...')
#2 /home/mediace1/sim.stidar.ac.id/system/View/View.php(213): CodeIgniter\View\View->CodeIgniter\View\{closure}()
#3 /home/mediace1/sim.stidar.ac.id/system/Common.php(1089): CodeIgniter\View\View->render('admin/biodata_m...', Array, true)
#4 /home/mediace1/sim.stidar.ac.id/app/Views/layout/content.php(3): view('admin/biodata_m...')
#5 /home/mediace1/sim.stidar.ac.id/system/View/View.php(210): include('/home/mediace1/...')
#6 /home/mediace1/sim.stidar.ac.id/system/View/View.php(213): CodeIgniter\View\View->CodeIgniter\View\{closure}()
#7 /home/mediace1/sim.stidar.ac.id/system/Common.php(1089): CodeIgniter\View\View->render('layout/content', Array, true)
#8 /home/mediace1/sim.stidar.ac.id/app/Views/layout/wrapper.php(4): view('layout/content')
#9 /home/mediace1/sim.stidar.ac.id/system/View/View.php(210): include('/home/mediace1/...')
#10 /home/mediace1/sim.stidar.ac.id/system/View/View.php(213): CodeIgniter\View\View->CodeIgniter\View\{closure}()
#11 /home/mediace1/sim.stidar.ac.id/system/Common.php(1089): CodeIgniter\View\View->render('layout/wrapper', Array, true)
#12 /home/mediace1/sim.stidar.ac.id/app/Controllers/Mahasiswa.php(32): view('layout/wrapper', Array)
#13 /home/mediace1/sim.stidar.ac.id/system/CodeIgniter.php(832): App\Controllers\Mahasiswa->biodata_mhs('<https:', 'sim.stidar.ac.i...', 'template', 'plugins', 'icheck-bootstra...', 'icheck-bootstra...')
#14 /home/mediace1/sim.stidar.ac.id/system/CodeIgniter.php(419): CodeIgniter\CodeIgniter->runController(Object(App\Controllers\Mahasiswa))
#15 /home/mediace1/sim.stidar.ac.id/system/CodeIgniter.php(326): CodeIgniter\CodeIgniter->handleRequest(NULL, Object(Config\Cache), false)
#16 /home/mediace1/sim.stidar.ac.id/index.php(37): CodeIgniter\CodeIgniter->run()
#17 {main}
CRITICAL - 2023-05-01 11:26:15 --> Trying to access array offset on value of type null
#0 /home/mediace1/sim.stidar.ac.id/app/Views/admin/biodata_mhs.php(32): CodeIgniter\Debug\Exceptions->errorHandler(8, 'Trying to acces...', '/home/mediace1/...', 32, Array)
#1 /home/mediace1/sim.stidar.ac.id/system/View/View.php(210): include('/home/mediace1/...')
#2 /home/mediace1/sim.stidar.ac.id/system/View/View.php(213): CodeIgniter\View\View->CodeIgniter\View\{closure}()
#3 /home/mediace1/sim.stidar.ac.id/system/Common.php(1089): CodeIgniter\View\View->render('admin/biodata_m...', Array, true)
#4 /home/mediace1/sim.stidar.ac.id/app/Views/layout/content.php(3): view('admin/biodata_m...')
#5 /home/mediace1/sim.stidar.ac.id/system/View/View.php(210): include('/home/mediace1/...')
#6 /home/mediace1/sim.stidar.ac.id/system/View/View.php(213): CodeIgniter\View\View->CodeIgniter\View\{closure}()
#7 /home/mediace1/sim.stidar.ac.id/system/Common.php(1089): CodeIgniter\View\View->render('layout/content', Array, true)
#8 /home/mediace1/sim.stidar.ac.id/app/Views/layout/wrapper.php(4): view('layout/content')
#9 /home/mediace1/sim.stidar.ac.id/system/View/View.php(210): include('/home/mediace1/...')
#10 /home/mediace1/sim.stidar.ac.id/system/View/View.php(213): CodeIgniter\View\View->CodeIgniter\View\{closure}()
#11 /home/mediace1/sim.stidar.ac.id/system/Common.php(1089): CodeIgniter\View\View->render('layout/wrapper', Array, true)
#12 /home/mediace1/sim.stidar.ac.id/app/Controllers/Mahasiswa.php(32): view('layout/wrapper', Array)
#13 /home/mediace1/sim.stidar.ac.id/system/CodeIgniter.php(832): App\Controllers\Mahasiswa->biodata_mhs('<https:', 'sim.stidar.ac.i...', 'template', 'plugins', 'icheck-bootstra...', 'icheck-bootstra...')
#14 /home/mediace1/sim.stidar.ac.id/system/CodeIgniter.php(419): CodeIgniter\CodeIgniter->runController(Object(App\Controllers\Mahasiswa))
#15 /home/mediace1/sim.stidar.ac.id/system/CodeIgniter.php(326): CodeIgniter\CodeIgniter->handleRequest(NULL, Object(Config\Cache), false)
#16 /home/mediace1/sim.stidar.ac.id/index.php(37): CodeIgniter\CodeIgniter->run()
#17 {main}
CRITICAL - 2023-05-01 11:27:51 --> Trying to access array offset on value of type null
#0 /home/mediace1/sim.stidar.ac.id/app/Views/admin/biodata_mhs.php(32): CodeIgniter\Debug\Exceptions->errorHandler(8, 'Trying to acces...', '/home/mediace1/...', 32, Array)
#1 /home/mediace1/sim.stidar.ac.id/system/View/View.php(210): include('/home/mediace1/...')
#2 /home/mediace1/sim.stidar.ac.id/system/View/View.php(213): CodeIgniter\View\View->CodeIgniter\View\{closure}()
#3 /home/mediace1/sim.stidar.ac.id/system/Common.php(1089): CodeIgniter\View\View->render('admin/biodata_m...', Array, true)
#4 /home/mediace1/sim.stidar.ac.id/app/Views/layout/content.php(3): view('admin/biodata_m...')
#5 /home/mediace1/sim.stidar.ac.id/system/View/View.php(210): include('/home/mediace1/...')
#6 /home/mediace1/sim.stidar.ac.id/system/View/View.php(213): CodeIgniter\View\View->CodeIgniter\View\{closure}()
#7 /home/mediace1/sim.stidar.ac.id/system/Common.php(1089): CodeIgniter\View\View->render('layout/content', Array, true)
#8 /home/mediace1/sim.stidar.ac.id/app/Views/layout/wrapper.php(4): view('layout/content')
#9 /home/mediace1/sim.stidar.ac.id/system/View/View.php(210): include('/home/mediace1/...')
#10 /home/mediace1/sim.stidar.ac.id/system/View/View.php(213): CodeIgniter\View\View->CodeIgniter\View\{closure}()
#11 /home/mediace1/sim.stidar.ac.id/system/Common.php(1089): CodeIgniter\View\View->render('layout/wrapper', Array, true)
#12 /home/mediace1/sim.stidar.ac.id/app/Controllers/Mahasiswa.php(32): view('layout/wrapper', Array)
#13 /home/mediace1/sim.stidar.ac.id/system/CodeIgniter.php(832): App\Controllers\Mahasiswa->biodata_mhs('<https:', 'sim.stidar.ac.i...', 'template', 'plugins', 'icheck-bootstra...', 'icheck-bootstra...')
#14 /home/mediace1/sim.stidar.ac.id/system/CodeIgniter.php(419): CodeIgniter\CodeIgniter->runController(Object(App\Controllers\Mahasiswa))
#15 /home/mediace1/sim.stidar.ac.id/system/CodeIgniter.php(326): CodeIgniter\CodeIgniter->handleRequest(NULL, Object(Config\Cache), false)
#16 /home/mediace1/sim.stidar.ac.id/index.php(37): CodeIgniter\CodeIgniter->run()
#17 {main}
