CRITICAL - 2022-05-07 07:48:51 --> Trying to access array offset on value of type null
#0 D:\xampp\htdocs\simstidar\app\Views\admin\detail_jadwal.php(41): CodeIgniter\Debug\Exceptions->errorHandler(8, 'Trying to acces...', 'D:\\xampp\\htdocs...', 41, Array)
#1 D:\xampp\htdocs\simstidar\system\View\View.php(210): include('D:\\xampp\\htdocs...')
#2 D:\xampp\htdocs\simstidar\system\View\View.php(213): CodeIgniter\View\View->CodeIgniter\View\{closure}()
#3 D:\xampp\htdocs\simstidar\system\Common.php(1089): CodeIgniter\View\View->render('admin/detail_ja...', Array, true)
#4 D:\xampp\htdocs\simstidar\app\Views\layout\content.php(3): view('admin/detail_ja...')
#5 D:\xampp\htdocs\simstidar\system\View\View.php(210): include('D:\\xampp\\htdocs...')
#6 D:\xampp\htdocs\simstidar\system\View\View.php(213): CodeIgniter\View\View->CodeIgniter\View\{closure}()
#7 D:\xampp\htdocs\simstidar\system\Common.php(1089): CodeIgniter\View\View->render('layout/content', Array, true)
#8 D:\xampp\htdocs\simstidar\app\Views\layout\wrapper.php(4): view('layout/content')
#9 D:\xampp\htdocs\simstidar\system\View\View.php(210): include('D:\\xampp\\htdocs...')
#10 D:\xampp\htdocs\simstidar\system\View\View.php(213): CodeIgniter\View\View->CodeIgniter\View\{closure}()
#11 D:\xampp\htdocs\simstidar\system\Common.php(1089): CodeIgniter\View\View->render('layout/wrapper', Array, true)
#12 D:\xampp\htdocs\simstidar\app\Controllers\Jadwal.php(50): view('layout/wrapper', Array)
#13 D:\xampp\htdocs\simstidar\system\CodeIgniter.php(832): App\Controllers\Jadwal->detail_jadwal('<http:', 'localhost', 'simstidar', 'public', 'template', 'plugins', 'icheck-bootstra...', 'icheck-bootstra...')
#14 D:\xampp\htdocs\simstidar\system\CodeIgniter.php(419): CodeIgniter\CodeIgniter->runController(Object(App\Controllers\Jadwal))
#15 D:\xampp\htdocs\simstidar\system\CodeIgniter.php(326): CodeIgniter\CodeIgniter->handleRequest(NULL, Object(Config\Cache), false)
#16 D:\xampp\htdocs\simstidar\public\index.php(37): CodeIgniter\CodeIgniter->run()
#17 {main}
CRITICAL - 2022-05-07 07:55:44 --> Trying to access array offset on value of type null
#0 D:\xampp\htdocs\simstidar\app\Views\admin\detail_jadwal.php(41): CodeIgniter\Debug\Exceptions->errorHandler(8, 'Trying to acces...', 'D:\\xampp\\htdocs...', 41, Array)
#1 D:\xampp\htdocs\simstidar\system\View\View.php(210): include('D:\\xampp\\htdocs...')
#2 D:\xampp\htdocs\simstidar\system\View\View.php(213): CodeIgniter\View\View->CodeIgniter\View\{closure}()
#3 D:\xampp\htdocs\simstidar\system\Common.php(1089): CodeIgniter\View\View->render('admin/detail_ja...', Array, true)
#4 D:\xampp\htdocs\simstidar\app\Views\layout\content.php(3): view('admin/detail_ja...')
#5 D:\xampp\htdocs\simstidar\system\View\View.php(210): include('D:\\xampp\\htdocs...')
#6 D:\xampp\htdocs\simstidar\system\View\View.php(213): CodeIgniter\View\View->CodeIgniter\View\{closure}()
#7 D:\xampp\htdocs\simstidar\system\Common.php(1089): CodeIgniter\View\View->render('layout/content', Array, true)
#8 D:\xampp\htdocs\simstidar\app\Views\layout\wrapper.php(4): view('layout/content')
#9 D:\xampp\htdocs\simstidar\system\View\View.php(210): include('D:\\xampp\\htdocs...')
#10 D:\xampp\htdocs\simstidar\system\View\View.php(213): CodeIgniter\View\View->CodeIgniter\View\{closure}()
#11 D:\xampp\htdocs\simstidar\system\Common.php(1089): CodeIgniter\View\View->render('layout/wrapper', Array, true)
#12 D:\xampp\htdocs\simstidar\app\Controllers\Jadwal.php(50): view('layout/wrapper', Array)
#13 D:\xampp\htdocs\simstidar\system\CodeIgniter.php(832): App\Controllers\Jadwal->detail_jadwal('<http:', 'localhost', 'simstidar', 'public', 'template', 'plugins', 'icheck-bootstra...', 'icheck-bootstra...')
#14 D:\xampp\htdocs\simstidar\system\CodeIgniter.php(419): CodeIgniter\CodeIgniter->runController(Object(App\Controllers\Jadwal))
#15 D:\xampp\htdocs\simstidar\system\CodeIgniter.php(326): CodeIgniter\CodeIgniter->handleRequest(NULL, Object(Config\Cache), false)
#16 D:\xampp\htdocs\simstidar\public\index.php(37): CodeIgniter\CodeIgniter->run()
#17 {main}
CRITICAL - 2022-05-07 07:58:13 --> Trying to access array offset on value of type null
#0 D:\xampp\htdocs\simstidar\app\Views\admin\detail_jadwal.php(41): CodeIgniter\Debug\Exceptions->errorHandler(8, 'Trying to acces...', 'D:\\xampp\\htdocs...', 41, Array)
#1 D:\xampp\htdocs\simstidar\system\View\View.php(210): include('D:\\xampp\\htdocs...')
#2 D:\xampp\htdocs\simstidar\system\View\View.php(213): CodeIgniter\View\View->CodeIgniter\View\{closure}()
#3 D:\xampp\htdocs\simstidar\system\Common.php(1089): CodeIgniter\View\View->render('admin/detail_ja...', Array, true)
#4 D:\xampp\htdocs\simstidar\app\Views\layout\content.php(3): view('admin/detail_ja...')
#5 D:\xampp\htdocs\simstidar\system\View\View.php(210): include('D:\\xampp\\htdocs...')
#6 D:\xampp\htdocs\simstidar\system\View\View.php(213): CodeIgniter\View\View->CodeIgniter\View\{closure}()
#7 D:\xampp\htdocs\simstidar\system\Common.php(1089): CodeIgniter\View\View->render('layout/content', Array, true)
#8 D:\xampp\htdocs\simstidar\app\Views\layout\wrapper.php(4): view('layout/content')
#9 D:\xampp\htdocs\simstidar\system\View\View.php(210): include('D:\\xampp\\htdocs...')
#10 D:\xampp\htdocs\simstidar\system\View\View.php(213): CodeIgniter\View\View->CodeIgniter\View\{closure}()
#11 D:\xampp\htdocs\simstidar\system\Common.php(1089): CodeIgniter\View\View->render('layout/wrapper', Array, true)
#12 D:\xampp\htdocs\simstidar\app\Controllers\Jadwal.php(50): view('layout/wrapper', Array)
#13 D:\xampp\htdocs\simstidar\system\CodeIgniter.php(832): App\Controllers\Jadwal->detail_jadwal('<http:', 'localhost', 'simstidar', 'public', 'template', 'plugins', 'icheck-bootstra...', 'icheck-bootstra...')
#14 D:\xampp\htdocs\simstidar\system\CodeIgniter.php(419): CodeIgniter\CodeIgniter->runController(Object(App\Controllers\Jadwal))
#15 D:\xampp\htdocs\simstidar\system\CodeIgniter.php(326): CodeIgniter\CodeIgniter->handleRequest(NULL, Object(Config\Cache), false)
#16 D:\xampp\htdocs\simstidar\public\index.php(37): CodeIgniter\CodeIgniter->run()
#17 {main}
CRITICAL - 2022-05-07 08:05:29 --> Trying to access array offset on value of type null
#0 D:\xampp\htdocs\simstidar\app\Views\admin\detail_jadwal.php(41): CodeIgniter\Debug\Exceptions->errorHandler(8, 'Trying to acces...', 'D:\\xampp\\htdocs...', 41, Array)
#1 D:\xampp\htdocs\simstidar\system\View\View.php(210): include('D:\\xampp\\htdocs...')
#2 D:\xampp\htdocs\simstidar\system\View\View.php(213): CodeIgniter\View\View->CodeIgniter\View\{closure}()
#3 D:\xampp\htdocs\simstidar\system\Common.php(1089): CodeIgniter\View\View->render('admin/detail_ja...', Array, true)
#4 D:\xampp\htdocs\simstidar\app\Views\layout\content.php(3): view('admin/detail_ja...')
#5 D:\xampp\htdocs\simstidar\system\View\View.php(210): include('D:\\xampp\\htdocs...')
#6 D:\xampp\htdocs\simstidar\system\View\View.php(213): CodeIgniter\View\View->CodeIgniter\View\{closure}()
#7 D:\xampp\htdocs\simstidar\system\Common.php(1089): CodeIgniter\View\View->render('layout/content', Array, true)
#8 D:\xampp\htdocs\simstidar\app\Views\layout\wrapper.php(4): view('layout/content')
#9 D:\xampp\htdocs\simstidar\system\View\View.php(210): include('D:\\xampp\\htdocs...')
#10 D:\xampp\htdocs\simstidar\system\View\View.php(213): CodeIgniter\View\View->CodeIgniter\View\{closure}()
#11 D:\xampp\htdocs\simstidar\system\Common.php(1089): CodeIgniter\View\View->render('layout/wrapper', Array, true)
#12 D:\xampp\htdocs\simstidar\app\Controllers\Jadwal.php(50): view('layout/wrapper', Array)
#13 D:\xampp\htdocs\simstidar\system\CodeIgniter.php(832): App\Controllers\Jadwal->detail_jadwal('<http:', 'localhost', 'simstidar', 'public', 'template', 'plugins', 'icheck-bootstra...', 'icheck-bootstra...')
#14 D:\xampp\htdocs\simstidar\system\CodeIgniter.php(419): CodeIgniter\CodeIgniter->runController(Object(App\Controllers\Jadwal))
#15 D:\xampp\htdocs\simstidar\system\CodeIgniter.php(326): CodeIgniter\CodeIgniter->handleRequest(NULL, Object(Config\Cache), false)
#16 D:\xampp\htdocs\simstidar\public\index.php(37): CodeIgniter\CodeIgniter->run()
#17 {main}
CRITICAL - 2022-05-07 08:06:34 --> Trying to access array offset on value of type null
#0 D:\xampp\htdocs\simstidar\app\Views\admin\detail_jadwal.php(41): CodeIgniter\Debug\Exceptions->errorHandler(8, 'Trying to acces...', 'D:\\xampp\\htdocs...', 41, Array)
#1 D:\xampp\htdocs\simstidar\system\View\View.php(210): include('D:\\xampp\\htdocs...')
#2 D:\xampp\htdocs\simstidar\system\View\View.php(213): CodeIgniter\View\View->CodeIgniter\View\{closure}()
#3 D:\xampp\htdocs\simstidar\system\Common.php(1089): CodeIgniter\View\View->render('admin/detail_ja...', Array, true)
#4 D:\xampp\htdocs\simstidar\app\Views\layout\content.php(3): view('admin/detail_ja...')
#5 D:\xampp\htdocs\simstidar\system\View\View.php(210): include('D:\\xampp\\htdocs...')
#6 D:\xampp\htdocs\simstidar\system\View\View.php(213): CodeIgniter\View\View->CodeIgniter\View\{closure}()
#7 D:\xampp\htdocs\simstidar\system\Common.php(1089): CodeIgniter\View\View->render('layout/content', Array, true)
#8 D:\xampp\htdocs\simstidar\app\Views\layout\wrapper.php(4): view('layout/content')
#9 D:\xampp\htdocs\simstidar\system\View\View.php(210): include('D:\\xampp\\htdocs...')
#10 D:\xampp\htdocs\simstidar\system\View\View.php(213): CodeIgniter\View\View->CodeIgniter\View\{closure}()
#11 D:\xampp\htdocs\simstidar\system\Common.php(1089): CodeIgniter\View\View->render('layout/wrapper', Array, true)
#12 D:\xampp\htdocs\simstidar\app\Controllers\Jadwal.php(50): view('layout/wrapper', Array)
#13 D:\xampp\htdocs\simstidar\system\CodeIgniter.php(832): App\Controllers\Jadwal->detail_jadwal('<http:', 'localhost', 'simstidar', 'public', 'template', 'plugins', 'icheck-bootstra...', 'icheck-bootstra...')
#14 D:\xampp\htdocs\simstidar\system\CodeIgniter.php(419): CodeIgniter\CodeIgniter->runController(Object(App\Controllers\Jadwal))
#15 D:\xampp\htdocs\simstidar\system\CodeIgniter.php(326): CodeIgniter\CodeIgniter->handleRequest(NULL, Object(Config\Cache), false)
#16 D:\xampp\htdocs\simstidar\public\index.php(37): CodeIgniter\CodeIgniter->run()
#17 {main}
CRITICAL - 2022-05-07 08:16:36 --> Trying to access array offset on value of type null
#0 D:\xampp\htdocs\simstidar\app\Views\admin\detail_jadwal.php(41): CodeIgniter\Debug\Exceptions->errorHandler(8, 'Trying to acces...', 'D:\\xampp\\htdocs...', 41, Array)
#1 D:\xampp\htdocs\simstidar\system\View\View.php(210): include('D:\\xampp\\htdocs...')
#2 D:\xampp\htdocs\simstidar\system\View\View.php(213): CodeIgniter\View\View->CodeIgniter\View\{closure}()
#3 D:\xampp\htdocs\simstidar\system\Common.php(1089): CodeIgniter\View\View->render('admin/detail_ja...', Array, true)
#4 D:\xampp\htdocs\simstidar\app\Views\layout\content.php(3): view('admin/detail_ja...')
#5 D:\xampp\htdocs\simstidar\system\View\View.php(210): include('D:\\xampp\\htdocs...')
#6 D:\xampp\htdocs\simstidar\system\View\View.php(213): CodeIgniter\View\View->CodeIgniter\View\{closure}()
#7 D:\xampp\htdocs\simstidar\system\Common.php(1089): CodeIgniter\View\View->render('layout/content', Array, true)
#8 D:\xampp\htdocs\simstidar\app\Views\layout\wrapper.php(4): view('layout/content')
#9 D:\xampp\htdocs\simstidar\system\View\View.php(210): include('D:\\xampp\\htdocs...')
#10 D:\xampp\htdocs\simstidar\system\View\View.php(213): CodeIgniter\View\View->CodeIgniter\View\{closure}()
#11 D:\xampp\htdocs\simstidar\system\Common.php(1089): CodeIgniter\View\View->render('layout/wrapper', Array, true)
#12 D:\xampp\htdocs\simstidar\app\Controllers\Jadwal.php(50): view('layout/wrapper', Array)
#13 D:\xampp\htdocs\simstidar\system\CodeIgniter.php(832): App\Controllers\Jadwal->detail_jadwal('<http:', 'localhost', 'simstidar', 'public', 'template', 'plugins', 'icheck-bootstra...', 'icheck-bootstra...')
#14 D:\xampp\htdocs\simstidar\system\CodeIgniter.php(419): CodeIgniter\CodeIgniter->runController(Object(App\Controllers\Jadwal))
#15 D:\xampp\htdocs\simstidar\system\CodeIgniter.php(326): CodeIgniter\CodeIgniter->handleRequest(NULL, Object(Config\Cache), false)
#16 D:\xampp\htdocs\simstidar\public\index.php(37): CodeIgniter\CodeIgniter->run()
#17 {main}
CRITICAL - 2022-05-07 08:16:42 --> Class 'App\Controllers\ModelJadwalMatkul' not found
#0 D:\xampp\htdocs\simstidar\system\CodeIgniter.php(832): App\Controllers\Jadwal->action()
#1 D:\xampp\htdocs\simstidar\system\CodeIgniter.php(419): CodeIgniter\CodeIgniter->runController(Object(App\Controllers\Jadwal))
#2 D:\xampp\htdocs\simstidar\system\CodeIgniter.php(326): CodeIgniter\CodeIgniter->handleRequest(NULL, Object(Config\Cache), false)
#3 D:\xampp\htdocs\simstidar\public\index.php(37): CodeIgniter\CodeIgniter->run()
#4 {main}
CRITICAL - 2022-05-07 08:16:48 --> Class 'App\Controllers\ModelJadwalMatkul' not found
#0 D:\xampp\htdocs\simstidar\system\CodeIgniter.php(832): App\Controllers\Jadwal->action()
#1 D:\xampp\htdocs\simstidar\system\CodeIgniter.php(419): CodeIgniter\CodeIgniter->runController(Object(App\Controllers\Jadwal))
#2 D:\xampp\htdocs\simstidar\system\CodeIgniter.php(326): CodeIgniter\CodeIgniter->handleRequest(NULL, Object(Config\Cache), false)
#3 D:\xampp\htdocs\simstidar\public\index.php(37): CodeIgniter\CodeIgniter->run()
#4 {main}
CRITICAL - 2022-05-07 08:16:50 --> Class 'App\Controllers\ModelJadwalMatkul' not found
#0 D:\xampp\htdocs\simstidar\system\CodeIgniter.php(832): App\Controllers\Jadwal->action()
#1 D:\xampp\htdocs\simstidar\system\CodeIgniter.php(419): CodeIgniter\CodeIgniter->runController(Object(App\Controllers\Jadwal))
#2 D:\xampp\htdocs\simstidar\system\CodeIgniter.php(326): CodeIgniter\CodeIgniter->handleRequest(NULL, Object(Config\Cache), false)
#3 D:\xampp\htdocs\simstidar\public\index.php(37): CodeIgniter\CodeIgniter->run()
#4 {main}
CRITICAL - 2022-05-07 08:18:30 --> Trying to access array offset on value of type null
#0 D:\xampp\htdocs\simstidar\app\Views\admin\detail_jadwal.php(41): CodeIgniter\Debug\Exceptions->errorHandler(8, 'Trying to acces...', 'D:\\xampp\\htdocs...', 41, Array)
#1 D:\xampp\htdocs\simstidar\system\View\View.php(210): include('D:\\xampp\\htdocs...')
#2 D:\xampp\htdocs\simstidar\system\View\View.php(213): CodeIgniter\View\View->CodeIgniter\View\{closure}()
#3 D:\xampp\htdocs\simstidar\system\Common.php(1089): CodeIgniter\View\View->render('admin/detail_ja...', Array, true)
#4 D:\xampp\htdocs\simstidar\app\Views\layout\content.php(3): view('admin/detail_ja...')
#5 D:\xampp\htdocs\simstidar\system\View\View.php(210): include('D:\\xampp\\htdocs...')
#6 D:\xampp\htdocs\simstidar\system\View\View.php(213): CodeIgniter\View\View->CodeIgniter\View\{closure}()
#7 D:\xampp\htdocs\simstidar\system\Common.php(1089): CodeIgniter\View\View->render('layout/content', Array, true)
#8 D:\xampp\htdocs\simstidar\app\Views\layout\wrapper.php(4): view('layout/content')
#9 D:\xampp\htdocs\simstidar\system\View\View.php(210): include('D:\\xampp\\htdocs...')
#10 D:\xampp\htdocs\simstidar\system\View\View.php(213): CodeIgniter\View\View->CodeIgniter\View\{closure}()
#11 D:\xampp\htdocs\simstidar\system\Common.php(1089): CodeIgniter\View\View->render('layout/wrapper', Array, true)
#12 D:\xampp\htdocs\simstidar\app\Controllers\Jadwal.php(50): view('layout/wrapper', Array)
#13 D:\xampp\htdocs\simstidar\system\CodeIgniter.php(832): App\Controllers\Jadwal->detail_jadwal('<http:', 'localhost', 'simstidar', 'public', 'template', 'plugins', 'icheck-bootstra...', 'icheck-bootstra...')
#14 D:\xampp\htdocs\simstidar\system\CodeIgniter.php(419): CodeIgniter\CodeIgniter->runController(Object(App\Controllers\Jadwal))
#15 D:\xampp\htdocs\simstidar\system\CodeIgniter.php(326): CodeIgniter\CodeIgniter->handleRequest(NULL, Object(Config\Cache), false)
#16 D:\xampp\htdocs\simstidar\public\index.php(37): CodeIgniter\CodeIgniter->run()
#17 {main}
CRITICAL - 2022-05-07 08:18:34 --> Class 'App\Controllers\ModelJadwalMatkul' not found
#0 D:\xampp\htdocs\simstidar\system\CodeIgniter.php(832): App\Controllers\Jadwal->action()
#1 D:\xampp\htdocs\simstidar\system\CodeIgniter.php(419): CodeIgniter\CodeIgniter->runController(Object(App\Controllers\Jadwal))
#2 D:\xampp\htdocs\simstidar\system\CodeIgniter.php(326): CodeIgniter\CodeIgniter->handleRequest(NULL, Object(Config\Cache), false)
#3 D:\xampp\htdocs\simstidar\public\index.php(37): CodeIgniter\CodeIgniter->run()
#4 {main}
CRITICAL - 2022-05-07 08:18:37 --> Class 'App\Controllers\ModelJadwalMatkul' not found
#0 D:\xampp\htdocs\simstidar\system\CodeIgniter.php(832): App\Controllers\Jadwal->action()
#1 D:\xampp\htdocs\simstidar\system\CodeIgniter.php(419): CodeIgniter\CodeIgniter->runController(Object(App\Controllers\Jadwal))
#2 D:\xampp\htdocs\simstidar\system\CodeIgniter.php(326): CodeIgniter\CodeIgniter->handleRequest(NULL, Object(Config\Cache), false)
#3 D:\xampp\htdocs\simstidar\public\index.php(37): CodeIgniter\CodeIgniter->run()
#4 {main}
CRITICAL - 2022-05-07 08:20:43 --> Trying to access array offset on value of type null
#0 D:\xampp\htdocs\simstidar\app\Views\admin\detail_jadwal.php(41): CodeIgniter\Debug\Exceptions->errorHandler(8, 'Trying to acces...', 'D:\\xampp\\htdocs...', 41, Array)
#1 D:\xampp\htdocs\simstidar\system\View\View.php(210): include('D:\\xampp\\htdocs...')
#2 D:\xampp\htdocs\simstidar\system\View\View.php(213): CodeIgniter\View\View->CodeIgniter\View\{closure}()
#3 D:\xampp\htdocs\simstidar\system\Common.php(1089): CodeIgniter\View\View->render('admin/detail_ja...', Array, true)
#4 D:\xampp\htdocs\simstidar\app\Views\layout\content.php(3): view('admin/detail_ja...')
#5 D:\xampp\htdocs\simstidar\system\View\View.php(210): include('D:\\xampp\\htdocs...')
#6 D:\xampp\htdocs\simstidar\system\View\View.php(213): CodeIgniter\View\View->CodeIgniter\View\{closure}()
#7 D:\xampp\htdocs\simstidar\system\Common.php(1089): CodeIgniter\View\View->render('layout/content', Array, true)
#8 D:\xampp\htdocs\simstidar\app\Views\layout\wrapper.php(4): view('layout/content')
#9 D:\xampp\htdocs\simstidar\system\View\View.php(210): include('D:\\xampp\\htdocs...')
#10 D:\xampp\htdocs\simstidar\system\View\View.php(213): CodeIgniter\View\View->CodeIgniter\View\{closure}()
#11 D:\xampp\htdocs\simstidar\system\Common.php(1089): CodeIgniter\View\View->render('layout/wrapper', Array, true)
#12 D:\xampp\htdocs\simstidar\app\Controllers\Jadwal.php(50): view('layout/wrapper', Array)
#13 D:\xampp\htdocs\simstidar\system\CodeIgniter.php(832): App\Controllers\Jadwal->detail_jadwal('<http:', 'localhost', 'simstidar', 'public', 'template', 'plugins', 'icheck-bootstra...', 'icheck-bootstra...')
#14 D:\xampp\htdocs\simstidar\system\CodeIgniter.php(419): CodeIgniter\CodeIgniter->runController(Object(App\Controllers\Jadwal))
#15 D:\xampp\htdocs\simstidar\system\CodeIgniter.php(326): CodeIgniter\CodeIgniter->handleRequest(NULL, Object(Config\Cache), false)
#16 D:\xampp\htdocs\simstidar\public\index.php(37): CodeIgniter\CodeIgniter->run()
#17 {main}
CRITICAL - 2022-05-07 08:20:47 --> Class 'App\Controllers\ModelJadwalMatkul' not found
#0 D:\xampp\htdocs\simstidar\system\CodeIgniter.php(832): App\Controllers\Jadwal->action()
#1 D:\xampp\htdocs\simstidar\system\CodeIgniter.php(419): CodeIgniter\CodeIgniter->runController(Object(App\Controllers\Jadwal))
#2 D:\xampp\htdocs\simstidar\system\CodeIgniter.php(326): CodeIgniter\CodeIgniter->handleRequest(NULL, Object(Config\Cache), false)
#3 D:\xampp\htdocs\simstidar\public\index.php(37): CodeIgniter\CodeIgniter->run()
#4 {main}
CRITICAL - 2022-05-07 08:20:50 --> Class 'App\Controllers\ModelJadwalMatkul' not found
#0 D:\xampp\htdocs\simstidar\system\CodeIgniter.php(832): App\Controllers\Jadwal->action()
#1 D:\xampp\htdocs\simstidar\system\CodeIgniter.php(419): CodeIgniter\CodeIgniter->runController(Object(App\Controllers\Jadwal))
#2 D:\xampp\htdocs\simstidar\system\CodeIgniter.php(326): CodeIgniter\CodeIgniter->handleRequest(NULL, Object(Config\Cache), false)
#3 D:\xampp\htdocs\simstidar\public\index.php(37): CodeIgniter\CodeIgniter->run()
#4 {main}
CRITICAL - 2022-05-07 08:22:30 --> Trying to access array offset on value of type null
#0 D:\xampp\htdocs\simstidar\app\Views\admin\detail_jadwal.php(41): CodeIgniter\Debug\Exceptions->errorHandler(8, 'Trying to acces...', 'D:\\xampp\\htdocs...', 41, Array)
#1 D:\xampp\htdocs\simstidar\system\View\View.php(210): include('D:\\xampp\\htdocs...')
#2 D:\xampp\htdocs\simstidar\system\View\View.php(213): CodeIgniter\View\View->CodeIgniter\View\{closure}()
#3 D:\xampp\htdocs\simstidar\system\Common.php(1089): CodeIgniter\View\View->render('admin/detail_ja...', Array, true)
#4 D:\xampp\htdocs\simstidar\app\Views\layout\content.php(3): view('admin/detail_ja...')
#5 D:\xampp\htdocs\simstidar\system\View\View.php(210): include('D:\\xampp\\htdocs...')
#6 D:\xampp\htdocs\simstidar\system\View\View.php(213): CodeIgniter\View\View->CodeIgniter\View\{closure}()
#7 D:\xampp\htdocs\simstidar\system\Common.php(1089): CodeIgniter\View\View->render('layout/content', Array, true)
#8 D:\xampp\htdocs\simstidar\app\Views\layout\wrapper.php(4): view('layout/content')
#9 D:\xampp\htdocs\simstidar\system\View\View.php(210): include('D:\\xampp\\htdocs...')
#10 D:\xampp\htdocs\simstidar\system\View\View.php(213): CodeIgniter\View\View->CodeIgniter\View\{closure}()
#11 D:\xampp\htdocs\simstidar\system\Common.php(1089): CodeIgniter\View\View->render('layout/wrapper', Array, true)
#12 D:\xampp\htdocs\simstidar\app\Controllers\Jadwal.php(52): view('layout/wrapper', Array)
#13 D:\xampp\htdocs\simstidar\system\CodeIgniter.php(832): App\Controllers\Jadwal->detail_jadwal('<http:', 'localhost', 'simstidar', 'public', 'template', 'plugins', 'icheck-bootstra...', 'icheck-bootstra...')
#14 D:\xampp\htdocs\simstidar\system\CodeIgniter.php(419): CodeIgniter\CodeIgniter->runController(Object(App\Controllers\Jadwal))
#15 D:\xampp\htdocs\simstidar\system\CodeIgniter.php(326): CodeIgniter\CodeIgniter->handleRequest(NULL, Object(Config\Cache), false)
#16 D:\xampp\htdocs\simstidar\public\index.php(37): CodeIgniter\CodeIgniter->run()
#17 {main}
CRITICAL - 2022-05-07 08:23:16 --> Trying to access array offset on value of type null
#0 D:\xampp\htdocs\simstidar\app\Views\admin\detail_jadwal.php(41): CodeIgniter\Debug\Exceptions->errorHandler(8, 'Trying to acces...', 'D:\\xampp\\htdocs...', 41, Array)
#1 D:\xampp\htdocs\simstidar\system\View\View.php(210): include('D:\\xampp\\htdocs...')
#2 D:\xampp\htdocs\simstidar\system\View\View.php(213): CodeIgniter\View\View->CodeIgniter\View\{closure}()
#3 D:\xampp\htdocs\simstidar\system\Common.php(1089): CodeIgniter\View\View->render('admin/detail_ja...', Array, true)
#4 D:\xampp\htdocs\simstidar\app\Views\layout\content.php(3): view('admin/detail_ja...')
#5 D:\xampp\htdocs\simstidar\system\View\View.php(210): include('D:\\xampp\\htdocs...')
#6 D:\xampp\htdocs\simstidar\system\View\View.php(213): CodeIgniter\View\View->CodeIgniter\View\{closure}()
#7 D:\xampp\htdocs\simstidar\system\Common.php(1089): CodeIgniter\View\View->render('layout/content', Array, true)
#8 D:\xampp\htdocs\simstidar\app\Views\layout\wrapper.php(4): view('layout/content')
#9 D:\xampp\htdocs\simstidar\system\View\View.php(210): include('D:\\xampp\\htdocs...')
#10 D:\xampp\htdocs\simstidar\system\View\View.php(213): CodeIgniter\View\View->CodeIgniter\View\{closure}()
#11 D:\xampp\htdocs\simstidar\system\Common.php(1089): CodeIgniter\View\View->render('layout/wrapper', Array, true)
#12 D:\xampp\htdocs\simstidar\app\Controllers\Jadwal.php(52): view('layout/wrapper', Array)
#13 D:\xampp\htdocs\simstidar\system\CodeIgniter.php(832): App\Controllers\Jadwal->detail_jadwal('<http:', 'localhost', 'simstidar', 'public', 'template', 'plugins', 'icheck-bootstra...', 'icheck-bootstra...')
#14 D:\xampp\htdocs\simstidar\system\CodeIgniter.php(419): CodeIgniter\CodeIgniter->runController(Object(App\Controllers\Jadwal))
#15 D:\xampp\htdocs\simstidar\system\CodeIgniter.php(326): CodeIgniter\CodeIgniter->handleRequest(NULL, Object(Config\Cache), false)
#16 D:\xampp\htdocs\simstidar\public\index.php(37): CodeIgniter\CodeIgniter->run()
#17 {main}
CRITICAL - 2022-05-07 08:25:45 --> Trying to access array offset on value of type null
#0 D:\xampp\htdocs\simstidar\app\Views\admin\detail_jadwal.php(41): CodeIgniter\Debug\Exceptions->errorHandler(8, 'Trying to acces...', 'D:\\xampp\\htdocs...', 41, Array)
#1 D:\xampp\htdocs\simstidar\system\View\View.php(210): include('D:\\xampp\\htdocs...')
#2 D:\xampp\htdocs\simstidar\system\View\View.php(213): CodeIgniter\View\View->CodeIgniter\View\{closure}()
#3 D:\xampp\htdocs\simstidar\system\Common.php(1089): CodeIgniter\View\View->render('admin/detail_ja...', Array, true)
#4 D:\xampp\htdocs\simstidar\app\Views\layout\content.php(3): view('admin/detail_ja...')
#5 D:\xampp\htdocs\simstidar\system\View\View.php(210): include('D:\\xampp\\htdocs...')
#6 D:\xampp\htdocs\simstidar\system\View\View.php(213): CodeIgniter\View\View->CodeIgniter\View\{closure}()
#7 D:\xampp\htdocs\simstidar\system\Common.php(1089): CodeIgniter\View\View->render('layout/content', Array, true)
#8 D:\xampp\htdocs\simstidar\app\Views\layout\wrapper.php(4): view('layout/content')
#9 D:\xampp\htdocs\simstidar\system\View\View.php(210): include('D:\\xampp\\htdocs...')
#10 D:\xampp\htdocs\simstidar\system\View\View.php(213): CodeIgniter\View\View->CodeIgniter\View\{closure}()
#11 D:\xampp\htdocs\simstidar\system\Common.php(1089): CodeIgniter\View\View->render('layout/wrapper', Array, true)
#12 D:\xampp\htdocs\simstidar\app\Controllers\Jadwal.php(52): view('layout/wrapper', Array)
#13 D:\xampp\htdocs\simstidar\system\CodeIgniter.php(832): App\Controllers\Jadwal->detail_jadwal('<http:', 'localhost', 'simstidar', 'public', 'template', 'plugins', 'icheck-bootstra...', 'icheck-bootstra...')
#14 D:\xampp\htdocs\simstidar\system\CodeIgniter.php(419): CodeIgniter\CodeIgniter->runController(Object(App\Controllers\Jadwal))
#15 D:\xampp\htdocs\simstidar\system\CodeIgniter.php(326): CodeIgniter\CodeIgniter->handleRequest(NULL, Object(Config\Cache), false)
#16 D:\xampp\htdocs\simstidar\public\index.php(37): CodeIgniter\CodeIgniter->run()
#17 {main}
CRITICAL - 2022-05-07 08:34:34 --> Trying to access array offset on value of type null
#0 D:\xampp\htdocs\simstidar\app\Views\admin\detail_jadwal.php(41): CodeIgniter\Debug\Exceptions->errorHandler(8, 'Trying to acces...', 'D:\\xampp\\htdocs...', 41, Array)
#1 D:\xampp\htdocs\simstidar\system\View\View.php(210): include('D:\\xampp\\htdocs...')
#2 D:\xampp\htdocs\simstidar\system\View\View.php(213): CodeIgniter\View\View->CodeIgniter\View\{closure}()
#3 D:\xampp\htdocs\simstidar\system\Common.php(1089): CodeIgniter\View\View->render('admin/detail_ja...', Array, true)
#4 D:\xampp\htdocs\simstidar\app\Views\layout\content.php(3): view('admin/detail_ja...')
#5 D:\xampp\htdocs\simstidar\system\View\View.php(210): include('D:\\xampp\\htdocs...')
#6 D:\xampp\htdocs\simstidar\system\View\View.php(213): CodeIgniter\View\View->CodeIgniter\View\{closure}()
#7 D:\xampp\htdocs\simstidar\system\Common.php(1089): CodeIgniter\View\View->render('layout/content', Array, true)
#8 D:\xampp\htdocs\simstidar\app\Views\layout\wrapper.php(4): view('layout/content')
#9 D:\xampp\htdocs\simstidar\system\View\View.php(210): include('D:\\xampp\\htdocs...')
#10 D:\xampp\htdocs\simstidar\system\View\View.php(213): CodeIgniter\View\View->CodeIgniter\View\{closure}()
#11 D:\xampp\htdocs\simstidar\system\Common.php(1089): CodeIgniter\View\View->render('layout/wrapper', Array, true)
#12 D:\xampp\htdocs\simstidar\app\Controllers\Jadwal.php(52): view('layout/wrapper', Array)
#13 D:\xampp\htdocs\simstidar\system\CodeIgniter.php(832): App\Controllers\Jadwal->detail_jadwal('<http:', 'localhost', 'simstidar', 'public', 'template', 'plugins', 'icheck-bootstra...', 'icheck-bootstra...')
#14 D:\xampp\htdocs\simstidar\system\CodeIgniter.php(419): CodeIgniter\CodeIgniter->runController(Object(App\Controllers\Jadwal))
#15 D:\xampp\htdocs\simstidar\system\CodeIgniter.php(326): CodeIgniter\CodeIgniter->handleRequest(NULL, Object(Config\Cache), false)
#16 D:\xampp\htdocs\simstidar\public\index.php(37): CodeIgniter\CodeIgniter->run()
#17 {main}
CRITICAL - 2022-05-07 08:37:00 --> Trying to access array offset on value of type null
#0 D:\xampp\htdocs\simstidar\app\Views\admin\detail_jadwal.php(41): CodeIgniter\Debug\Exceptions->errorHandler(8, 'Trying to acces...', 'D:\\xampp\\htdocs...', 41, Array)
#1 D:\xampp\htdocs\simstidar\system\View\View.php(210): include('D:\\xampp\\htdocs...')
#2 D:\xampp\htdocs\simstidar\system\View\View.php(213): CodeIgniter\View\View->CodeIgniter\View\{closure}()
#3 D:\xampp\htdocs\simstidar\system\Common.php(1089): CodeIgniter\View\View->render('admin/detail_ja...', Array, true)
#4 D:\xampp\htdocs\simstidar\app\Views\layout\content.php(3): view('admin/detail_ja...')
#5 D:\xampp\htdocs\simstidar\system\View\View.php(210): include('D:\\xampp\\htdocs...')
#6 D:\xampp\htdocs\simstidar\system\View\View.php(213): CodeIgniter\View\View->CodeIgniter\View\{closure}()
#7 D:\xampp\htdocs\simstidar\system\Common.php(1089): CodeIgniter\View\View->render('layout/content', Array, true)
#8 D:\xampp\htdocs\simstidar\app\Views\layout\wrapper.php(4): view('layout/content')
#9 D:\xampp\htdocs\simstidar\system\View\View.php(210): include('D:\\xampp\\htdocs...')
#10 D:\xampp\htdocs\simstidar\system\View\View.php(213): CodeIgniter\View\View->CodeIgniter\View\{closure}()
#11 D:\xampp\htdocs\simstidar\system\Common.php(1089): CodeIgniter\View\View->render('layout/wrapper', Array, true)
#12 D:\xampp\htdocs\simstidar\app\Controllers\Jadwal.php(52): view('layout/wrapper', Array)
#13 D:\xampp\htdocs\simstidar\system\CodeIgniter.php(832): App\Controllers\Jadwal->detail_jadwal('<http:', 'localhost', 'simstidar', 'public', 'template', 'plugins', 'icheck-bootstra...', 'icheck-bootstra...')
#14 D:\xampp\htdocs\simstidar\system\CodeIgniter.php(419): CodeIgniter\CodeIgniter->runController(Object(App\Controllers\Jadwal))
#15 D:\xampp\htdocs\simstidar\system\CodeIgniter.php(326): CodeIgniter\CodeIgniter->handleRequest(NULL, Object(Config\Cache), false)
#16 D:\xampp\htdocs\simstidar\public\index.php(37): CodeIgniter\CodeIgniter->run()
#17 {main}
CRITICAL - 2022-05-07 08:38:01 --> Trying to access array offset on value of type null
#0 D:\xampp\htdocs\simstidar\app\Views\admin\detail_jadwal.php(41): CodeIgniter\Debug\Exceptions->errorHandler(8, 'Trying to acces...', 'D:\\xampp\\htdocs...', 41, Array)
#1 D:\xampp\htdocs\simstidar\system\View\View.php(210): include('D:\\xampp\\htdocs...')
#2 D:\xampp\htdocs\simstidar\system\View\View.php(213): CodeIgniter\View\View->CodeIgniter\View\{closure}()
#3 D:\xampp\htdocs\simstidar\system\Common.php(1089): CodeIgniter\View\View->render('admin/detail_ja...', Array, true)
#4 D:\xampp\htdocs\simstidar\app\Views\layout\content.php(3): view('admin/detail_ja...')
#5 D:\xampp\htdocs\simstidar\system\View\View.php(210): include('D:\\xampp\\htdocs...')
#6 D:\xampp\htdocs\simstidar\system\View\View.php(213): CodeIgniter\View\View->CodeIgniter\View\{closure}()
#7 D:\xampp\htdocs\simstidar\system\Common.php(1089): CodeIgniter\View\View->render('layout/content', Array, true)
#8 D:\xampp\htdocs\simstidar\app\Views\layout\wrapper.php(4): view('layout/content')
#9 D:\xampp\htdocs\simstidar\system\View\View.php(210): include('D:\\xampp\\htdocs...')
#10 D:\xampp\htdocs\simstidar\system\View\View.php(213): CodeIgniter\View\View->CodeIgniter\View\{closure}()
#11 D:\xampp\htdocs\simstidar\system\Common.php(1089): CodeIgniter\View\View->render('layout/wrapper', Array, true)
#12 D:\xampp\htdocs\simstidar\app\Controllers\Jadwal.php(52): view('layout/wrapper', Array)
#13 D:\xampp\htdocs\simstidar\system\CodeIgniter.php(832): App\Controllers\Jadwal->detail_jadwal('<http:', 'localhost', 'simstidar', 'public', 'template', 'plugins', 'icheck-bootstra...', 'icheck-bootstra...')
#14 D:\xampp\htdocs\simstidar\system\CodeIgniter.php(419): CodeIgniter\CodeIgniter->runController(Object(App\Controllers\Jadwal))
#15 D:\xampp\htdocs\simstidar\system\CodeIgniter.php(326): CodeIgniter\CodeIgniter->handleRequest(NULL, Object(Config\Cache), false)
#16 D:\xampp\htdocs\simstidar\public\index.php(37): CodeIgniter\CodeIgniter->run()
#17 {main}
CRITICAL - 2022-05-07 08:38:42 --> Trying to access array offset on value of type null
#0 D:\xampp\htdocs\simstidar\app\Views\admin\detail_jadwal.php(41): CodeIgniter\Debug\Exceptions->errorHandler(8, 'Trying to acces...', 'D:\\xampp\\htdocs...', 41, Array)
#1 D:\xampp\htdocs\simstidar\system\View\View.php(210): include('D:\\xampp\\htdocs...')
#2 D:\xampp\htdocs\simstidar\system\View\View.php(213): CodeIgniter\View\View->CodeIgniter\View\{closure}()
#3 D:\xampp\htdocs\simstidar\system\Common.php(1089): CodeIgniter\View\View->render('admin/detail_ja...', Array, true)
#4 D:\xampp\htdocs\simstidar\app\Views\layout\content.php(3): view('admin/detail_ja...')
#5 D:\xampp\htdocs\simstidar\system\View\View.php(210): include('D:\\xampp\\htdocs...')
#6 D:\xampp\htdocs\simstidar\system\View\View.php(213): CodeIgniter\View\View->CodeIgniter\View\{closure}()
#7 D:\xampp\htdocs\simstidar\system\Common.php(1089): CodeIgniter\View\View->render('layout/content', Array, true)
#8 D:\xampp\htdocs\simstidar\app\Views\layout\wrapper.php(4): view('layout/content')
#9 D:\xampp\htdocs\simstidar\system\View\View.php(210): include('D:\\xampp\\htdocs...')
#10 D:\xampp\htdocs\simstidar\system\View\View.php(213): CodeIgniter\View\View->CodeIgniter\View\{closure}()
#11 D:\xampp\htdocs\simstidar\system\Common.php(1089): CodeIgniter\View\View->render('layout/wrapper', Array, true)
#12 D:\xampp\htdocs\simstidar\app\Controllers\Jadwal.php(52): view('layout/wrapper', Array)
#13 D:\xampp\htdocs\simstidar\system\CodeIgniter.php(832): App\Controllers\Jadwal->detail_jadwal('<http:', 'localhost', 'simstidar', 'public', 'template', 'plugins', 'icheck-bootstra...', 'icheck-bootstra...')
#14 D:\xampp\htdocs\simstidar\system\CodeIgniter.php(419): CodeIgniter\CodeIgniter->runController(Object(App\Controllers\Jadwal))
#15 D:\xampp\htdocs\simstidar\system\CodeIgniter.php(326): CodeIgniter\CodeIgniter->handleRequest(NULL, Object(Config\Cache), false)
#16 D:\xampp\htdocs\simstidar\public\index.php(37): CodeIgniter\CodeIgniter->run()
#17 {main}
CRITICAL - 2022-05-07 08:40:47 --> Trying to access array offset on value of type null
#0 D:\xampp\htdocs\simstidar\app\Views\admin\detail_jadwal.php(41): CodeIgniter\Debug\Exceptions->errorHandler(8, 'Trying to acces...', 'D:\\xampp\\htdocs...', 41, Array)
#1 D:\xampp\htdocs\simstidar\system\View\View.php(210): include('D:\\xampp\\htdocs...')
#2 D:\xampp\htdocs\simstidar\system\View\View.php(213): CodeIgniter\View\View->CodeIgniter\View\{closure}()
#3 D:\xampp\htdocs\simstidar\system\Common.php(1089): CodeIgniter\View\View->render('admin/detail_ja...', Array, true)
#4 D:\xampp\htdocs\simstidar\app\Views\layout\content.php(3): view('admin/detail_ja...')
#5 D:\xampp\htdocs\simstidar\system\View\View.php(210): include('D:\\xampp\\htdocs...')
#6 D:\xampp\htdocs\simstidar\system\View\View.php(213): CodeIgniter\View\View->CodeIgniter\View\{closure}()
#7 D:\xampp\htdocs\simstidar\system\Common.php(1089): CodeIgniter\View\View->render('layout/content', Array, true)
#8 D:\xampp\htdocs\simstidar\app\Views\layout\wrapper.php(4): view('layout/content')
#9 D:\xampp\htdocs\simstidar\system\View\View.php(210): include('D:\\xampp\\htdocs...')
#10 D:\xampp\htdocs\simstidar\system\View\View.php(213): CodeIgniter\View\View->CodeIgniter\View\{closure}()
#11 D:\xampp\htdocs\simstidar\system\Common.php(1089): CodeIgniter\View\View->render('layout/wrapper', Array, true)
#12 D:\xampp\htdocs\simstidar\app\Controllers\Jadwal.php(55): view('layout/wrapper', Array)
#13 D:\xampp\htdocs\simstidar\system\CodeIgniter.php(832): App\Controllers\Jadwal->detail_jadwal('<http:', 'localhost', 'simstidar', 'public', 'template', 'plugins', 'icheck-bootstra...', 'icheck-bootstra...')
#14 D:\xampp\htdocs\simstidar\system\CodeIgniter.php(419): CodeIgniter\CodeIgniter->runController(Object(App\Controllers\Jadwal))
#15 D:\xampp\htdocs\simstidar\system\CodeIgniter.php(326): CodeIgniter\CodeIgniter->handleRequest(NULL, Object(Config\Cache), false)
#16 D:\xampp\htdocs\simstidar\public\index.php(37): CodeIgniter\CodeIgniter->run()
#17 {main}
CRITICAL - 2022-05-07 08:44:45 --> Trying to access array offset on value of type null
#0 D:\xampp\htdocs\simstidar\app\Views\admin\detail_jadwal.php(41): CodeIgniter\Debug\Exceptions->errorHandler(8, 'Trying to acces...', 'D:\\xampp\\htdocs...', 41, Array)
#1 D:\xampp\htdocs\simstidar\system\View\View.php(210): include('D:\\xampp\\htdocs...')
#2 D:\xampp\htdocs\simstidar\system\View\View.php(213): CodeIgniter\View\View->CodeIgniter\View\{closure}()
#3 D:\xampp\htdocs\simstidar\system\Common.php(1089): CodeIgniter\View\View->render('admin/detail_ja...', Array, true)
#4 D:\xampp\htdocs\simstidar\app\Views\layout\content.php(3): view('admin/detail_ja...')
#5 D:\xampp\htdocs\simstidar\system\View\View.php(210): include('D:\\xampp\\htdocs...')
#6 D:\xampp\htdocs\simstidar\system\View\View.php(213): CodeIgniter\View\View->CodeIgniter\View\{closure}()
#7 D:\xampp\htdocs\simstidar\system\Common.php(1089): CodeIgniter\View\View->render('layout/content', Array, true)
#8 D:\xampp\htdocs\simstidar\app\Views\layout\wrapper.php(4): view('layout/content')
#9 D:\xampp\htdocs\simstidar\system\View\View.php(210): include('D:\\xampp\\htdocs...')
#10 D:\xampp\htdocs\simstidar\system\View\View.php(213): CodeIgniter\View\View->CodeIgniter\View\{closure}()
#11 D:\xampp\htdocs\simstidar\system\Common.php(1089): CodeIgniter\View\View->render('layout/wrapper', Array, true)
#12 D:\xampp\htdocs\simstidar\app\Controllers\Jadwal.php(55): view('layout/wrapper', Array)
#13 D:\xampp\htdocs\simstidar\system\CodeIgniter.php(832): App\Controllers\Jadwal->detail_jadwal('<http:', 'localhost', 'simstidar', 'public', 'template', 'plugins', 'icheck-bootstra...', 'icheck-bootstra...')
#14 D:\xampp\htdocs\simstidar\system\CodeIgniter.php(419): CodeIgniter\CodeIgniter->runController(Object(App\Controllers\Jadwal))
#15 D:\xampp\htdocs\simstidar\system\CodeIgniter.php(326): CodeIgniter\CodeIgniter->handleRequest(NULL, Object(Config\Cache), false)
#16 D:\xampp\htdocs\simstidar\public\index.php(37): CodeIgniter\CodeIgniter->run()
#17 {main}
CRITICAL - 2022-05-07 08:44:57 --> Trying to access array offset on value of type null
#0 D:\xampp\htdocs\simstidar\app\Views\admin\detail_jadwal.php(41): CodeIgniter\Debug\Exceptions->errorHandler(8, 'Trying to acces...', 'D:\\xampp\\htdocs...', 41, Array)
#1 D:\xampp\htdocs\simstidar\system\View\View.php(210): include('D:\\xampp\\htdocs...')
#2 D:\xampp\htdocs\simstidar\system\View\View.php(213): CodeIgniter\View\View->CodeIgniter\View\{closure}()
#3 D:\xampp\htdocs\simstidar\system\Common.php(1089): CodeIgniter\View\View->render('admin/detail_ja...', Array, true)
#4 D:\xampp\htdocs\simstidar\app\Views\layout\content.php(3): view('admin/detail_ja...')
#5 D:\xampp\htdocs\simstidar\system\View\View.php(210): include('D:\\xampp\\htdocs...')
#6 D:\xampp\htdocs\simstidar\system\View\View.php(213): CodeIgniter\View\View->CodeIgniter\View\{closure}()
#7 D:\xampp\htdocs\simstidar\system\Common.php(1089): CodeIgniter\View\View->render('layout/content', Array, true)
#8 D:\xampp\htdocs\simstidar\app\Views\layout\wrapper.php(4): view('layout/content')
#9 D:\xampp\htdocs\simstidar\system\View\View.php(210): include('D:\\xampp\\htdocs...')
#10 D:\xampp\htdocs\simstidar\system\View\View.php(213): CodeIgniter\View\View->CodeIgniter\View\{closure}()
#11 D:\xampp\htdocs\simstidar\system\Common.php(1089): CodeIgniter\View\View->render('layout/wrapper', Array, true)
#12 D:\xampp\htdocs\simstidar\app\Controllers\Jadwal.php(55): view('layout/wrapper', Array)
#13 D:\xampp\htdocs\simstidar\system\CodeIgniter.php(832): App\Controllers\Jadwal->detail_jadwal('<http:', 'localhost', 'simstidar', 'public', 'template', 'plugins', 'icheck-bootstra...', 'icheck-bootstra...')
#14 D:\xampp\htdocs\simstidar\system\CodeIgniter.php(419): CodeIgniter\CodeIgniter->runController(Object(App\Controllers\Jadwal))
#15 D:\xampp\htdocs\simstidar\system\CodeIgniter.php(326): CodeIgniter\CodeIgniter->handleRequest(NULL, Object(Config\Cache), false)
#16 D:\xampp\htdocs\simstidar\public\index.php(37): CodeIgniter\CodeIgniter->run()
#17 {main}
CRITICAL - 2022-05-07 08:45:04 --> Trying to access array offset on value of type null
#0 D:\xampp\htdocs\simstidar\app\Views\admin\detail_jadwal.php(41): CodeIgniter\Debug\Exceptions->errorHandler(8, 'Trying to acces...', 'D:\\xampp\\htdocs...', 41, Array)
#1 D:\xampp\htdocs\simstidar\system\View\View.php(210): include('D:\\xampp\\htdocs...')
#2 D:\xampp\htdocs\simstidar\system\View\View.php(213): CodeIgniter\View\View->CodeIgniter\View\{closure}()
#3 D:\xampp\htdocs\simstidar\system\Common.php(1089): CodeIgniter\View\View->render('admin/detail_ja...', Array, true)
#4 D:\xampp\htdocs\simstidar\app\Views\layout\content.php(3): view('admin/detail_ja...')
#5 D:\xampp\htdocs\simstidar\system\View\View.php(210): include('D:\\xampp\\htdocs...')
#6 D:\xampp\htdocs\simstidar\system\View\View.php(213): CodeIgniter\View\View->CodeIgniter\View\{closure}()
#7 D:\xampp\htdocs\simstidar\system\Common.php(1089): CodeIgniter\View\View->render('layout/content', Array, true)
#8 D:\xampp\htdocs\simstidar\app\Views\layout\wrapper.php(4): view('layout/content')
#9 D:\xampp\htdocs\simstidar\system\View\View.php(210): include('D:\\xampp\\htdocs...')
#10 D:\xampp\htdocs\simstidar\system\View\View.php(213): CodeIgniter\View\View->CodeIgniter\View\{closure}()
#11 D:\xampp\htdocs\simstidar\system\Common.php(1089): CodeIgniter\View\View->render('layout/wrapper', Array, true)
#12 D:\xampp\htdocs\simstidar\app\Controllers\Jadwal.php(55): view('layout/wrapper', Array)
#13 D:\xampp\htdocs\simstidar\system\CodeIgniter.php(832): App\Controllers\Jadwal->detail_jadwal('<http:', 'localhost', 'simstidar', 'public', 'template', 'plugins', 'icheck-bootstra...', 'icheck-bootstra...')
#14 D:\xampp\htdocs\simstidar\system\CodeIgniter.php(419): CodeIgniter\CodeIgniter->runController(Object(App\Controllers\Jadwal))
#15 D:\xampp\htdocs\simstidar\system\CodeIgniter.php(326): CodeIgniter\CodeIgniter->handleRequest(NULL, Object(Config\Cache), false)
#16 D:\xampp\htdocs\simstidar\public\index.php(37): CodeIgniter\CodeIgniter->run()
#17 {main}
CRITICAL - 2022-05-07 08:47:01 --> Trying to access array offset on value of type null
#0 D:\xampp\htdocs\simstidar\app\Views\admin\detail_jadwal.php(41): CodeIgniter\Debug\Exceptions->errorHandler(8, 'Trying to acces...', 'D:\\xampp\\htdocs...', 41, Array)
#1 D:\xampp\htdocs\simstidar\system\View\View.php(210): include('D:\\xampp\\htdocs...')
#2 D:\xampp\htdocs\simstidar\system\View\View.php(213): CodeIgniter\View\View->CodeIgniter\View\{closure}()
#3 D:\xampp\htdocs\simstidar\system\Common.php(1089): CodeIgniter\View\View->render('admin/detail_ja...', Array, true)
#4 D:\xampp\htdocs\simstidar\app\Views\layout\content.php(3): view('admin/detail_ja...')
#5 D:\xampp\htdocs\simstidar\system\View\View.php(210): include('D:\\xampp\\htdocs...')
#6 D:\xampp\htdocs\simstidar\system\View\View.php(213): CodeIgniter\View\View->CodeIgniter\View\{closure}()
#7 D:\xampp\htdocs\simstidar\system\Common.php(1089): CodeIgniter\View\View->render('layout/content', Array, true)
#8 D:\xampp\htdocs\simstidar\app\Views\layout\wrapper.php(4): view('layout/content')
#9 D:\xampp\htdocs\simstidar\system\View\View.php(210): include('D:\\xampp\\htdocs...')
#10 D:\xampp\htdocs\simstidar\system\View\View.php(213): CodeIgniter\View\View->CodeIgniter\View\{closure}()
#11 D:\xampp\htdocs\simstidar\system\Common.php(1089): CodeIgniter\View\View->render('layout/wrapper', Array, true)
#12 D:\xampp\htdocs\simstidar\app\Controllers\Jadwal.php(55): view('layout/wrapper', Array)
#13 D:\xampp\htdocs\simstidar\system\CodeIgniter.php(832): App\Controllers\Jadwal->detail_jadwal('<http:', 'localhost', 'simstidar', 'public', 'template', 'plugins', 'icheck-bootstra...', 'icheck-bootstra...')
#14 D:\xampp\htdocs\simstidar\system\CodeIgniter.php(419): CodeIgniter\CodeIgniter->runController(Object(App\Controllers\Jadwal))
#15 D:\xampp\htdocs\simstidar\system\CodeIgniter.php(326): CodeIgniter\CodeIgniter->handleRequest(NULL, Object(Config\Cache), false)
#16 D:\xampp\htdocs\simstidar\public\index.php(37): CodeIgniter\CodeIgniter->run()
#17 {main}
CRITICAL - 2022-05-07 08:51:07 --> Trying to access array offset on value of type null
#0 D:\xampp\htdocs\simstidar\app\Views\admin\detail_jadwal.php(41): CodeIgniter\Debug\Exceptions->errorHandler(8, 'Trying to acces...', 'D:\\xampp\\htdocs...', 41, Array)
#1 D:\xampp\htdocs\simstidar\system\View\View.php(210): include('D:\\xampp\\htdocs...')
#2 D:\xampp\htdocs\simstidar\system\View\View.php(213): CodeIgniter\View\View->CodeIgniter\View\{closure}()
#3 D:\xampp\htdocs\simstidar\system\Common.php(1089): CodeIgniter\View\View->render('admin/detail_ja...', Array, true)
#4 D:\xampp\htdocs\simstidar\app\Views\layout\content.php(3): view('admin/detail_ja...')
#5 D:\xampp\htdocs\simstidar\system\View\View.php(210): include('D:\\xampp\\htdocs...')
#6 D:\xampp\htdocs\simstidar\system\View\View.php(213): CodeIgniter\View\View->CodeIgniter\View\{closure}()
#7 D:\xampp\htdocs\simstidar\system\Common.php(1089): CodeIgniter\View\View->render('layout/content', Array, true)
#8 D:\xampp\htdocs\simstidar\app\Views\layout\wrapper.php(4): view('layout/content')
#9 D:\xampp\htdocs\simstidar\system\View\View.php(210): include('D:\\xampp\\htdocs...')
#10 D:\xampp\htdocs\simstidar\system\View\View.php(213): CodeIgniter\View\View->CodeIgniter\View\{closure}()
#11 D:\xampp\htdocs\simstidar\system\Common.php(1089): CodeIgniter\View\View->render('layout/wrapper', Array, true)
#12 D:\xampp\htdocs\simstidar\app\Controllers\Jadwal.php(55): view('layout/wrapper', Array)
#13 D:\xampp\htdocs\simstidar\system\CodeIgniter.php(832): App\Controllers\Jadwal->detail_jadwal('<http:', 'localhost', 'simstidar', 'public', 'template', 'plugins', 'icheck-bootstra...', 'icheck-bootstra...')
#14 D:\xampp\htdocs\simstidar\system\CodeIgniter.php(419): CodeIgniter\CodeIgniter->runController(Object(App\Controllers\Jadwal))
#15 D:\xampp\htdocs\simstidar\system\CodeIgniter.php(326): CodeIgniter\CodeIgniter->handleRequest(NULL, Object(Config\Cache), false)
#16 D:\xampp\htdocs\simstidar\public\index.php(37): CodeIgniter\CodeIgniter->run()
#17 {main}
CRITICAL - 2022-05-07 08:52:01 --> Trying to access array offset on value of type null
#0 D:\xampp\htdocs\simstidar\app\Views\admin\detail_jadwal.php(41): CodeIgniter\Debug\Exceptions->errorHandler(8, 'Trying to acces...', 'D:\\xampp\\htdocs...', 41, Array)
#1 D:\xampp\htdocs\simstidar\system\View\View.php(210): include('D:\\xampp\\htdocs...')
#2 D:\xampp\htdocs\simstidar\system\View\View.php(213): CodeIgniter\View\View->CodeIgniter\View\{closure}()
#3 D:\xampp\htdocs\simstidar\system\Common.php(1089): CodeIgniter\View\View->render('admin/detail_ja...', Array, true)
#4 D:\xampp\htdocs\simstidar\app\Views\layout\content.php(3): view('admin/detail_ja...')
#5 D:\xampp\htdocs\simstidar\system\View\View.php(210): include('D:\\xampp\\htdocs...')
#6 D:\xampp\htdocs\simstidar\system\View\View.php(213): CodeIgniter\View\View->CodeIgniter\View\{closure}()
#7 D:\xampp\htdocs\simstidar\system\Common.php(1089): CodeIgniter\View\View->render('layout/content', Array, true)
#8 D:\xampp\htdocs\simstidar\app\Views\layout\wrapper.php(4): view('layout/content')
#9 D:\xampp\htdocs\simstidar\system\View\View.php(210): include('D:\\xampp\\htdocs...')
#10 D:\xampp\htdocs\simstidar\system\View\View.php(213): CodeIgniter\View\View->CodeIgniter\View\{closure}()
#11 D:\xampp\htdocs\simstidar\system\Common.php(1089): CodeIgniter\View\View->render('layout/wrapper', Array, true)
#12 D:\xampp\htdocs\simstidar\app\Controllers\Jadwal.php(55): view('layout/wrapper', Array)
#13 D:\xampp\htdocs\simstidar\system\CodeIgniter.php(832): App\Controllers\Jadwal->detail_jadwal('<http:', 'localhost', 'simstidar', 'public', 'template', 'plugins', 'icheck-bootstra...', 'icheck-bootstra...')
#14 D:\xampp\htdocs\simstidar\system\CodeIgniter.php(419): CodeIgniter\CodeIgniter->runController(Object(App\Controllers\Jadwal))
#15 D:\xampp\htdocs\simstidar\system\CodeIgniter.php(326): CodeIgniter\CodeIgniter->handleRequest(NULL, Object(Config\Cache), false)
#16 D:\xampp\htdocs\simstidar\public\index.php(37): CodeIgniter\CodeIgniter->run()
#17 {main}
CRITICAL - 2022-05-07 08:52:49 --> Trying to access array offset on value of type null
#0 D:\xampp\htdocs\simstidar\app\Views\admin\detail_jadwal.php(41): CodeIgniter\Debug\Exceptions->errorHandler(8, 'Trying to acces...', 'D:\\xampp\\htdocs...', 41, Array)
#1 D:\xampp\htdocs\simstidar\system\View\View.php(210): include('D:\\xampp\\htdocs...')
#2 D:\xampp\htdocs\simstidar\system\View\View.php(213): CodeIgniter\View\View->CodeIgniter\View\{closure}()
#3 D:\xampp\htdocs\simstidar\system\Common.php(1089): CodeIgniter\View\View->render('admin/detail_ja...', Array, true)
#4 D:\xampp\htdocs\simstidar\app\Views\layout\content.php(3): view('admin/detail_ja...')
#5 D:\xampp\htdocs\simstidar\system\View\View.php(210): include('D:\\xampp\\htdocs...')
#6 D:\xampp\htdocs\simstidar\system\View\View.php(213): CodeIgniter\View\View->CodeIgniter\View\{closure}()
#7 D:\xampp\htdocs\simstidar\system\Common.php(1089): CodeIgniter\View\View->render('layout/content', Array, true)
#8 D:\xampp\htdocs\simstidar\app\Views\layout\wrapper.php(4): view('layout/content')
#9 D:\xampp\htdocs\simstidar\system\View\View.php(210): include('D:\\xampp\\htdocs...')
#10 D:\xampp\htdocs\simstidar\system\View\View.php(213): CodeIgniter\View\View->CodeIgniter\View\{closure}()
#11 D:\xampp\htdocs\simstidar\system\Common.php(1089): CodeIgniter\View\View->render('layout/wrapper', Array, true)
#12 D:\xampp\htdocs\simstidar\app\Controllers\Jadwal.php(55): view('layout/wrapper', Array)
#13 D:\xampp\htdocs\simstidar\system\CodeIgniter.php(832): App\Controllers\Jadwal->detail_jadwal('<http:', 'localhost', 'simstidar', 'public', 'template', 'plugins', 'icheck-bootstra...', 'icheck-bootstra...')
#14 D:\xampp\htdocs\simstidar\system\CodeIgniter.php(419): CodeIgniter\CodeIgniter->runController(Object(App\Controllers\Jadwal))
#15 D:\xampp\htdocs\simstidar\system\CodeIgniter.php(326): CodeIgniter\CodeIgniter->handleRequest(NULL, Object(Config\Cache), false)
#16 D:\xampp\htdocs\simstidar\public\index.php(37): CodeIgniter\CodeIgniter->run()
#17 {main}
CRITICAL - 2022-05-07 09:00:27 --> Trying to access array offset on value of type null
#0 D:\xampp\htdocs\simstidar\app\Views\admin\detail_jadwal.php(41): CodeIgniter\Debug\Exceptions->errorHandler(8, 'Trying to acces...', 'D:\\xampp\\htdocs...', 41, Array)
#1 D:\xampp\htdocs\simstidar\system\View\View.php(210): include('D:\\xampp\\htdocs...')
#2 D:\xampp\htdocs\simstidar\system\View\View.php(213): CodeIgniter\View\View->CodeIgniter\View\{closure}()
#3 D:\xampp\htdocs\simstidar\system\Common.php(1089): CodeIgniter\View\View->render('admin/detail_ja...', Array, true)
#4 D:\xampp\htdocs\simstidar\app\Views\layout\content.php(3): view('admin/detail_ja...')
#5 D:\xampp\htdocs\simstidar\system\View\View.php(210): include('D:\\xampp\\htdocs...')
#6 D:\xampp\htdocs\simstidar\system\View\View.php(213): CodeIgniter\View\View->CodeIgniter\View\{closure}()
#7 D:\xampp\htdocs\simstidar\system\Common.php(1089): CodeIgniter\View\View->render('layout/content', Array, true)
#8 D:\xampp\htdocs\simstidar\app\Views\layout\wrapper.php(4): view('layout/content')
#9 D:\xampp\htdocs\simstidar\system\View\View.php(210): include('D:\\xampp\\htdocs...')
#10 D:\xampp\htdocs\simstidar\system\View\View.php(213): CodeIgniter\View\View->CodeIgniter\View\{closure}()
#11 D:\xampp\htdocs\simstidar\system\Common.php(1089): CodeIgniter\View\View->render('layout/wrapper', Array, true)
#12 D:\xampp\htdocs\simstidar\app\Controllers\Jadwal.php(55): view('layout/wrapper', Array)
#13 D:\xampp\htdocs\simstidar\system\CodeIgniter.php(832): App\Controllers\Jadwal->detail_jadwal('<http:', 'localhost', 'simstidar', 'public', 'template', 'plugins', 'icheck-bootstra...', 'icheck-bootstra...')
#14 D:\xampp\htdocs\simstidar\system\CodeIgniter.php(419): CodeIgniter\CodeIgniter->runController(Object(App\Controllers\Jadwal))
#15 D:\xampp\htdocs\simstidar\system\CodeIgniter.php(326): CodeIgniter\CodeIgniter->handleRequest(NULL, Object(Config\Cache), false)
#16 D:\xampp\htdocs\simstidar\public\index.php(37): CodeIgniter\CodeIgniter->run()
#17 {main}
CRITICAL - 2022-05-07 09:05:04 --> Trying to access array offset on value of type null
#0 D:\xampp\htdocs\simstidar\app\Views\admin\detail_jadwal.php(41): CodeIgniter\Debug\Exceptions->errorHandler(8, 'Trying to acces...', 'D:\\xampp\\htdocs...', 41, Array)
#1 D:\xampp\htdocs\simstidar\system\View\View.php(210): include('D:\\xampp\\htdocs...')
#2 D:\xampp\htdocs\simstidar\system\View\View.php(213): CodeIgniter\View\View->CodeIgniter\View\{closure}()
#3 D:\xampp\htdocs\simstidar\system\Common.php(1089): CodeIgniter\View\View->render('admin/detail_ja...', Array, true)
#4 D:\xampp\htdocs\simstidar\app\Views\layout\content.php(3): view('admin/detail_ja...')
#5 D:\xampp\htdocs\simstidar\system\View\View.php(210): include('D:\\xampp\\htdocs...')
#6 D:\xampp\htdocs\simstidar\system\View\View.php(213): CodeIgniter\View\View->CodeIgniter\View\{closure}()
#7 D:\xampp\htdocs\simstidar\system\Common.php(1089): CodeIgniter\View\View->render('layout/content', Array, true)
#8 D:\xampp\htdocs\simstidar\app\Views\layout\wrapper.php(4): view('layout/content')
#9 D:\xampp\htdocs\simstidar\system\View\View.php(210): include('D:\\xampp\\htdocs...')
#10 D:\xampp\htdocs\simstidar\system\View\View.php(213): CodeIgniter\View\View->CodeIgniter\View\{closure}()
#11 D:\xampp\htdocs\simstidar\system\Common.php(1089): CodeIgniter\View\View->render('layout/wrapper', Array, true)
#12 D:\xampp\htdocs\simstidar\app\Controllers\Jadwal.php(55): view('layout/wrapper', Array)
#13 D:\xampp\htdocs\simstidar\system\CodeIgniter.php(832): App\Controllers\Jadwal->detail_jadwal('<http:', 'localhost', 'simstidar', 'public', 'template', 'plugins', 'icheck-bootstra...', 'icheck-bootstra...')
#14 D:\xampp\htdocs\simstidar\system\CodeIgniter.php(419): CodeIgniter\CodeIgniter->runController(Object(App\Controllers\Jadwal))
#15 D:\xampp\htdocs\simstidar\system\CodeIgniter.php(326): CodeIgniter\CodeIgniter->handleRequest(NULL, Object(Config\Cache), false)
#16 D:\xampp\htdocs\simstidar\public\index.php(37): CodeIgniter\CodeIgniter->run()
#17 {main}
CRITICAL - 2022-05-07 09:06:44 --> Trying to access array offset on value of type null
#0 D:\xampp\htdocs\simstidar\app\Views\admin\detail_jadwal.php(41): CodeIgniter\Debug\Exceptions->errorHandler(8, 'Trying to acces...', 'D:\\xampp\\htdocs...', 41, Array)
#1 D:\xampp\htdocs\simstidar\system\View\View.php(210): include('D:\\xampp\\htdocs...')
#2 D:\xampp\htdocs\simstidar\system\View\View.php(213): CodeIgniter\View\View->CodeIgniter\View\{closure}()
#3 D:\xampp\htdocs\simstidar\system\Common.php(1089): CodeIgniter\View\View->render('admin/detail_ja...', Array, true)
#4 D:\xampp\htdocs\simstidar\app\Views\layout\content.php(3): view('admin/detail_ja...')
#5 D:\xampp\htdocs\simstidar\system\View\View.php(210): include('D:\\xampp\\htdocs...')
#6 D:\xampp\htdocs\simstidar\system\View\View.php(213): CodeIgniter\View\View->CodeIgniter\View\{closure}()
#7 D:\xampp\htdocs\simstidar\system\Common.php(1089): CodeIgniter\View\View->render('layout/content', Array, true)
#8 D:\xampp\htdocs\simstidar\app\Views\layout\wrapper.php(4): view('layout/content')
#9 D:\xampp\htdocs\simstidar\system\View\View.php(210): include('D:\\xampp\\htdocs...')
#10 D:\xampp\htdocs\simstidar\system\View\View.php(213): CodeIgniter\View\View->CodeIgniter\View\{closure}()
#11 D:\xampp\htdocs\simstidar\system\Common.php(1089): CodeIgniter\View\View->render('layout/wrapper', Array, true)
#12 D:\xampp\htdocs\simstidar\app\Controllers\Jadwal.php(55): view('layout/wrapper', Array)
#13 D:\xampp\htdocs\simstidar\system\CodeIgniter.php(832): App\Controllers\Jadwal->detail_jadwal('<http:', 'localhost', 'simstidar', 'public', 'template', 'plugins', 'icheck-bootstra...', 'icheck-bootstra...')
#14 D:\xampp\htdocs\simstidar\system\CodeIgniter.php(419): CodeIgniter\CodeIgniter->runController(Object(App\Controllers\Jadwal))
#15 D:\xampp\htdocs\simstidar\system\CodeIgniter.php(326): CodeIgniter\CodeIgniter->handleRequest(NULL, Object(Config\Cache), false)
#16 D:\xampp\htdocs\simstidar\public\index.php(37): CodeIgniter\CodeIgniter->run()
#17 {main}
CRITICAL - 2022-05-07 09:07:50 --> Trying to access array offset on value of type null
#0 D:\xampp\htdocs\simstidar\app\Views\admin\detail_jadwal.php(41): CodeIgniter\Debug\Exceptions->errorHandler(8, 'Trying to acces...', 'D:\\xampp\\htdocs...', 41, Array)
#1 D:\xampp\htdocs\simstidar\system\View\View.php(210): include('D:\\xampp\\htdocs...')
#2 D:\xampp\htdocs\simstidar\system\View\View.php(213): CodeIgniter\View\View->CodeIgniter\View\{closure}()
#3 D:\xampp\htdocs\simstidar\system\Common.php(1089): CodeIgniter\View\View->render('admin/detail_ja...', Array, true)
#4 D:\xampp\htdocs\simstidar\app\Views\layout\content.php(3): view('admin/detail_ja...')
#5 D:\xampp\htdocs\simstidar\system\View\View.php(210): include('D:\\xampp\\htdocs...')
#6 D:\xampp\htdocs\simstidar\system\View\View.php(213): CodeIgniter\View\View->CodeIgniter\View\{closure}()
#7 D:\xampp\htdocs\simstidar\system\Common.php(1089): CodeIgniter\View\View->render('layout/content', Array, true)
#8 D:\xampp\htdocs\simstidar\app\Views\layout\wrapper.php(4): view('layout/content')
#9 D:\xampp\htdocs\simstidar\system\View\View.php(210): include('D:\\xampp\\htdocs...')
#10 D:\xampp\htdocs\simstidar\system\View\View.php(213): CodeIgniter\View\View->CodeIgniter\View\{closure}()
#11 D:\xampp\htdocs\simstidar\system\Common.php(1089): CodeIgniter\View\View->render('layout/wrapper', Array, true)
#12 D:\xampp\htdocs\simstidar\app\Controllers\Jadwal.php(55): view('layout/wrapper', Array)
#13 D:\xampp\htdocs\simstidar\system\CodeIgniter.php(832): App\Controllers\Jadwal->detail_jadwal('<http:', 'localhost', 'simstidar', 'public', 'template', 'plugins', 'icheck-bootstra...', 'icheck-bootstra...')
#14 D:\xampp\htdocs\simstidar\system\CodeIgniter.php(419): CodeIgniter\CodeIgniter->runController(Object(App\Controllers\Jadwal))
#15 D:\xampp\htdocs\simstidar\system\CodeIgniter.php(326): CodeIgniter\CodeIgniter->handleRequest(NULL, Object(Config\Cache), false)
#16 D:\xampp\htdocs\simstidar\public\index.php(37): CodeIgniter\CodeIgniter->run()
#17 {main}
CRITICAL - 2022-05-07 09:09:58 --> Trying to access array offset on value of type null
#0 D:\xampp\htdocs\simstidar\app\Views\admin\detail_jadwal.php(41): CodeIgniter\Debug\Exceptions->errorHandler(8, 'Trying to acces...', 'D:\\xampp\\htdocs...', 41, Array)
#1 D:\xampp\htdocs\simstidar\system\View\View.php(210): include('D:\\xampp\\htdocs...')
#2 D:\xampp\htdocs\simstidar\system\View\View.php(213): CodeIgniter\View\View->CodeIgniter\View\{closure}()
#3 D:\xampp\htdocs\simstidar\system\Common.php(1089): CodeIgniter\View\View->render('admin/detail_ja...', Array, true)
#4 D:\xampp\htdocs\simstidar\app\Views\layout\content.php(3): view('admin/detail_ja...')
#5 D:\xampp\htdocs\simstidar\system\View\View.php(210): include('D:\\xampp\\htdocs...')
#6 D:\xampp\htdocs\simstidar\system\View\View.php(213): CodeIgniter\View\View->CodeIgniter\View\{closure}()
#7 D:\xampp\htdocs\simstidar\system\Common.php(1089): CodeIgniter\View\View->render('layout/content', Array, true)
#8 D:\xampp\htdocs\simstidar\app\Views\layout\wrapper.php(4): view('layout/content')
#9 D:\xampp\htdocs\simstidar\system\View\View.php(210): include('D:\\xampp\\htdocs...')
#10 D:\xampp\htdocs\simstidar\system\View\View.php(213): CodeIgniter\View\View->CodeIgniter\View\{closure}()
#11 D:\xampp\htdocs\simstidar\system\Common.php(1089): CodeIgniter\View\View->render('layout/wrapper', Array, true)
#12 D:\xampp\htdocs\simstidar\app\Controllers\Jadwal.php(55): view('layout/wrapper', Array)
#13 D:\xampp\htdocs\simstidar\system\CodeIgniter.php(832): App\Controllers\Jadwal->detail_jadwal('<http:', 'localhost', 'simstidar', 'public', 'template', 'plugins', 'icheck-bootstra...', 'icheck-bootstra...')
#14 D:\xampp\htdocs\simstidar\system\CodeIgniter.php(419): CodeIgniter\CodeIgniter->runController(Object(App\Controllers\Jadwal))
#15 D:\xampp\htdocs\simstidar\system\CodeIgniter.php(326): CodeIgniter\CodeIgniter->handleRequest(NULL, Object(Config\Cache), false)
#16 D:\xampp\htdocs\simstidar\public\index.php(37): CodeIgniter\CodeIgniter->run()
#17 {main}
CRITICAL - 2022-05-07 09:11:17 --> Trying to access array offset on value of type null
#0 D:\xampp\htdocs\simstidar\app\Views\admin\detail_jadwal.php(41): CodeIgniter\Debug\Exceptions->errorHandler(8, 'Trying to acces...', 'D:\\xampp\\htdocs...', 41, Array)
#1 D:\xampp\htdocs\simstidar\system\View\View.php(210): include('D:\\xampp\\htdocs...')
#2 D:\xampp\htdocs\simstidar\system\View\View.php(213): CodeIgniter\View\View->CodeIgniter\View\{closure}()
#3 D:\xampp\htdocs\simstidar\system\Common.php(1089): CodeIgniter\View\View->render('admin/detail_ja...', Array, true)
#4 D:\xampp\htdocs\simstidar\app\Views\layout\content.php(3): view('admin/detail_ja...')
#5 D:\xampp\htdocs\simstidar\system\View\View.php(210): include('D:\\xampp\\htdocs...')
#6 D:\xampp\htdocs\simstidar\system\View\View.php(213): CodeIgniter\View\View->CodeIgniter\View\{closure}()
#7 D:\xampp\htdocs\simstidar\system\Common.php(1089): CodeIgniter\View\View->render('layout/content', Array, true)
#8 D:\xampp\htdocs\simstidar\app\Views\layout\wrapper.php(4): view('layout/content')
#9 D:\xampp\htdocs\simstidar\system\View\View.php(210): include('D:\\xampp\\htdocs...')
#10 D:\xampp\htdocs\simstidar\system\View\View.php(213): CodeIgniter\View\View->CodeIgniter\View\{closure}()
#11 D:\xampp\htdocs\simstidar\system\Common.php(1089): CodeIgniter\View\View->render('layout/wrapper', Array, true)
#12 D:\xampp\htdocs\simstidar\app\Controllers\Jadwal.php(55): view('layout/wrapper', Array)
#13 D:\xampp\htdocs\simstidar\system\CodeIgniter.php(832): App\Controllers\Jadwal->detail_jadwal('<http:', 'localhost', 'simstidar', 'public', 'template', 'plugins', 'icheck-bootstra...', 'icheck-bootstra...')
#14 D:\xampp\htdocs\simstidar\system\CodeIgniter.php(419): CodeIgniter\CodeIgniter->runController(Object(App\Controllers\Jadwal))
#15 D:\xampp\htdocs\simstidar\system\CodeIgniter.php(326): CodeIgniter\CodeIgniter->handleRequest(NULL, Object(Config\Cache), false)
#16 D:\xampp\htdocs\simstidar\public\index.php(37): CodeIgniter\CodeIgniter->run()
#17 {main}
CRITICAL - 2022-05-07 09:12:41 --> Trying to access array offset on value of type null
#0 D:\xampp\htdocs\simstidar\app\Views\admin\detail_jadwal.php(41): CodeIgniter\Debug\Exceptions->errorHandler(8, 'Trying to acces...', 'D:\\xampp\\htdocs...', 41, Array)
#1 D:\xampp\htdocs\simstidar\system\View\View.php(210): include('D:\\xampp\\htdocs...')
#2 D:\xampp\htdocs\simstidar\system\View\View.php(213): CodeIgniter\View\View->CodeIgniter\View\{closure}()
#3 D:\xampp\htdocs\simstidar\system\Common.php(1089): CodeIgniter\View\View->render('admin/detail_ja...', Array, true)
#4 D:\xampp\htdocs\simstidar\app\Views\layout\content.php(3): view('admin/detail_ja...')
#5 D:\xampp\htdocs\simstidar\system\View\View.php(210): include('D:\\xampp\\htdocs...')
#6 D:\xampp\htdocs\simstidar\system\View\View.php(213): CodeIgniter\View\View->CodeIgniter\View\{closure}()
#7 D:\xampp\htdocs\simstidar\system\Common.php(1089): CodeIgniter\View\View->render('layout/content', Array, true)
#8 D:\xampp\htdocs\simstidar\app\Views\layout\wrapper.php(4): view('layout/content')
#9 D:\xampp\htdocs\simstidar\system\View\View.php(210): include('D:\\xampp\\htdocs...')
#10 D:\xampp\htdocs\simstidar\system\View\View.php(213): CodeIgniter\View\View->CodeIgniter\View\{closure}()
#11 D:\xampp\htdocs\simstidar\system\Common.php(1089): CodeIgniter\View\View->render('layout/wrapper', Array, true)
#12 D:\xampp\htdocs\simstidar\app\Controllers\Jadwal.php(55): view('layout/wrapper', Array)
#13 D:\xampp\htdocs\simstidar\system\CodeIgniter.php(832): App\Controllers\Jadwal->detail_jadwal('<http:', 'localhost', 'simstidar', 'public', 'template', 'plugins', 'icheck-bootstra...', 'icheck-bootstra...')
#14 D:\xampp\htdocs\simstidar\system\CodeIgniter.php(419): CodeIgniter\CodeIgniter->runController(Object(App\Controllers\Jadwal))
#15 D:\xampp\htdocs\simstidar\system\CodeIgniter.php(326): CodeIgniter\CodeIgniter->handleRequest(NULL, Object(Config\Cache), false)
#16 D:\xampp\htdocs\simstidar\public\index.php(37): CodeIgniter\CodeIgniter->run()
#17 {main}
CRITICAL - 2022-05-07 09:14:37 --> Trying to access array offset on value of type null
#0 D:\xampp\htdocs\simstidar\app\Views\admin\detail_jadwal.php(41): CodeIgniter\Debug\Exceptions->errorHandler(8, 'Trying to acces...', 'D:\\xampp\\htdocs...', 41, Array)
#1 D:\xampp\htdocs\simstidar\system\View\View.php(210): include('D:\\xampp\\htdocs...')
#2 D:\xampp\htdocs\simstidar\system\View\View.php(213): CodeIgniter\View\View->CodeIgniter\View\{closure}()
#3 D:\xampp\htdocs\simstidar\system\Common.php(1089): CodeIgniter\View\View->render('admin/detail_ja...', Array, true)
#4 D:\xampp\htdocs\simstidar\app\Views\layout\content.php(3): view('admin/detail_ja...')
#5 D:\xampp\htdocs\simstidar\system\View\View.php(210): include('D:\\xampp\\htdocs...')
#6 D:\xampp\htdocs\simstidar\system\View\View.php(213): CodeIgniter\View\View->CodeIgniter\View\{closure}()
#7 D:\xampp\htdocs\simstidar\system\Common.php(1089): CodeIgniter\View\View->render('layout/content', Array, true)
#8 D:\xampp\htdocs\simstidar\app\Views\layout\wrapper.php(4): view('layout/content')
#9 D:\xampp\htdocs\simstidar\system\View\View.php(210): include('D:\\xampp\\htdocs...')
#10 D:\xampp\htdocs\simstidar\system\View\View.php(213): CodeIgniter\View\View->CodeIgniter\View\{closure}()
#11 D:\xampp\htdocs\simstidar\system\Common.php(1089): CodeIgniter\View\View->render('layout/wrapper', Array, true)
#12 D:\xampp\htdocs\simstidar\app\Controllers\Jadwal.php(55): view('layout/wrapper', Array)
#13 D:\xampp\htdocs\simstidar\system\CodeIgniter.php(832): App\Controllers\Jadwal->detail_jadwal('<http:', 'localhost', 'simstidar', 'public', 'template', 'plugins', 'icheck-bootstra...', 'icheck-bootstra...')
#14 D:\xampp\htdocs\simstidar\system\CodeIgniter.php(419): CodeIgniter\CodeIgniter->runController(Object(App\Controllers\Jadwal))
#15 D:\xampp\htdocs\simstidar\system\CodeIgniter.php(326): CodeIgniter\CodeIgniter->handleRequest(NULL, Object(Config\Cache), false)
#16 D:\xampp\htdocs\simstidar\public\index.php(37): CodeIgniter\CodeIgniter->run()
#17 {main}
CRITICAL - 2022-05-07 09:16:14 --> Trying to access array offset on value of type null
#0 D:\xampp\htdocs\simstidar\app\Views\admin\detail_jadwal.php(41): CodeIgniter\Debug\Exceptions->errorHandler(8, 'Trying to acces...', 'D:\\xampp\\htdocs...', 41, Array)
#1 D:\xampp\htdocs\simstidar\system\View\View.php(210): include('D:\\xampp\\htdocs...')
#2 D:\xampp\htdocs\simstidar\system\View\View.php(213): CodeIgniter\View\View->CodeIgniter\View\{closure}()
#3 D:\xampp\htdocs\simstidar\system\Common.php(1089): CodeIgniter\View\View->render('admin/detail_ja...', Array, true)
#4 D:\xampp\htdocs\simstidar\app\Views\layout\content.php(3): view('admin/detail_ja...')
#5 D:\xampp\htdocs\simstidar\system\View\View.php(210): include('D:\\xampp\\htdocs...')
#6 D:\xampp\htdocs\simstidar\system\View\View.php(213): CodeIgniter\View\View->CodeIgniter\View\{closure}()
#7 D:\xampp\htdocs\simstidar\system\Common.php(1089): CodeIgniter\View\View->render('layout/content', Array, true)
#8 D:\xampp\htdocs\simstidar\app\Views\layout\wrapper.php(4): view('layout/content')
#9 D:\xampp\htdocs\simstidar\system\View\View.php(210): include('D:\\xampp\\htdocs...')
#10 D:\xampp\htdocs\simstidar\system\View\View.php(213): CodeIgniter\View\View->CodeIgniter\View\{closure}()
#11 D:\xampp\htdocs\simstidar\system\Common.php(1089): CodeIgniter\View\View->render('layout/wrapper', Array, true)
#12 D:\xampp\htdocs\simstidar\app\Controllers\Jadwal.php(55): view('layout/wrapper', Array)
#13 D:\xampp\htdocs\simstidar\system\CodeIgniter.php(832): App\Controllers\Jadwal->detail_jadwal('<http:', 'localhost', 'simstidar', 'public', 'template', 'plugins', 'icheck-bootstra...', 'icheck-bootstra...')
#14 D:\xampp\htdocs\simstidar\system\CodeIgniter.php(419): CodeIgniter\CodeIgniter->runController(Object(App\Controllers\Jadwal))
#15 D:\xampp\htdocs\simstidar\system\CodeIgniter.php(326): CodeIgniter\CodeIgniter->handleRequest(NULL, Object(Config\Cache), false)
#16 D:\xampp\htdocs\simstidar\public\index.php(37): CodeIgniter\CodeIgniter->run()
#17 {main}
CRITICAL - 2022-05-07 09:17:39 --> Trying to access array offset on value of type null
#0 D:\xampp\htdocs\simstidar\app\Views\admin\detail_jadwal.php(41): CodeIgniter\Debug\Exceptions->errorHandler(8, 'Trying to acces...', 'D:\\xampp\\htdocs...', 41, Array)
#1 D:\xampp\htdocs\simstidar\system\View\View.php(210): include('D:\\xampp\\htdocs...')
#2 D:\xampp\htdocs\simstidar\system\View\View.php(213): CodeIgniter\View\View->CodeIgniter\View\{closure}()
#3 D:\xampp\htdocs\simstidar\system\Common.php(1089): CodeIgniter\View\View->render('admin/detail_ja...', Array, true)
#4 D:\xampp\htdocs\simstidar\app\Views\layout\content.php(3): view('admin/detail_ja...')
#5 D:\xampp\htdocs\simstidar\system\View\View.php(210): include('D:\\xampp\\htdocs...')
#6 D:\xampp\htdocs\simstidar\system\View\View.php(213): CodeIgniter\View\View->CodeIgniter\View\{closure}()
#7 D:\xampp\htdocs\simstidar\system\Common.php(1089): CodeIgniter\View\View->render('layout/content', Array, true)
#8 D:\xampp\htdocs\simstidar\app\Views\layout\wrapper.php(4): view('layout/content')
#9 D:\xampp\htdocs\simstidar\system\View\View.php(210): include('D:\\xampp\\htdocs...')
#10 D:\xampp\htdocs\simstidar\system\View\View.php(213): CodeIgniter\View\View->CodeIgniter\View\{closure}()
#11 D:\xampp\htdocs\simstidar\system\Common.php(1089): CodeIgniter\View\View->render('layout/wrapper', Array, true)
#12 D:\xampp\htdocs\simstidar\app\Controllers\Jadwal.php(55): view('layout/wrapper', Array)
#13 D:\xampp\htdocs\simstidar\system\CodeIgniter.php(832): App\Controllers\Jadwal->detail_jadwal('<http:', 'localhost', 'simstidar', 'public', 'template', 'plugins', 'icheck-bootstra...', 'icheck-bootstra...')
#14 D:\xampp\htdocs\simstidar\system\CodeIgniter.php(419): CodeIgniter\CodeIgniter->runController(Object(App\Controllers\Jadwal))
#15 D:\xampp\htdocs\simstidar\system\CodeIgniter.php(326): CodeIgniter\CodeIgniter->handleRequest(NULL, Object(Config\Cache), false)
#16 D:\xampp\htdocs\simstidar\public\index.php(37): CodeIgniter\CodeIgniter->run()
#17 {main}
CRITICAL - 2022-05-07 09:18:53 --> Trying to access array offset on value of type null
#0 D:\xampp\htdocs\simstidar\app\Views\admin\detail_jadwal.php(41): CodeIgniter\Debug\Exceptions->errorHandler(8, 'Trying to acces...', 'D:\\xampp\\htdocs...', 41, Array)
#1 D:\xampp\htdocs\simstidar\system\View\View.php(210): include('D:\\xampp\\htdocs...')
#2 D:\xampp\htdocs\simstidar\system\View\View.php(213): CodeIgniter\View\View->CodeIgniter\View\{closure}()
#3 D:\xampp\htdocs\simstidar\system\Common.php(1089): CodeIgniter\View\View->render('admin/detail_ja...', Array, true)
#4 D:\xampp\htdocs\simstidar\app\Views\layout\content.php(3): view('admin/detail_ja...')
#5 D:\xampp\htdocs\simstidar\system\View\View.php(210): include('D:\\xampp\\htdocs...')
#6 D:\xampp\htdocs\simstidar\system\View\View.php(213): CodeIgniter\View\View->CodeIgniter\View\{closure}()
#7 D:\xampp\htdocs\simstidar\system\Common.php(1089): CodeIgniter\View\View->render('layout/content', Array, true)
#8 D:\xampp\htdocs\simstidar\app\Views\layout\wrapper.php(4): view('layout/content')
#9 D:\xampp\htdocs\simstidar\system\View\View.php(210): include('D:\\xampp\\htdocs...')
#10 D:\xampp\htdocs\simstidar\system\View\View.php(213): CodeIgniter\View\View->CodeIgniter\View\{closure}()
#11 D:\xampp\htdocs\simstidar\system\Common.php(1089): CodeIgniter\View\View->render('layout/wrapper', Array, true)
#12 D:\xampp\htdocs\simstidar\app\Controllers\Jadwal.php(55): view('layout/wrapper', Array)
#13 D:\xampp\htdocs\simstidar\system\CodeIgniter.php(832): App\Controllers\Jadwal->detail_jadwal('<http:', 'localhost', 'simstidar', 'public', 'template', 'plugins', 'icheck-bootstra...', 'icheck-bootstra...')
#14 D:\xampp\htdocs\simstidar\system\CodeIgniter.php(419): CodeIgniter\CodeIgniter->runController(Object(App\Controllers\Jadwal))
#15 D:\xampp\htdocs\simstidar\system\CodeIgniter.php(326): CodeIgniter\CodeIgniter->handleRequest(NULL, Object(Config\Cache), false)
#16 D:\xampp\htdocs\simstidar\public\index.php(37): CodeIgniter\CodeIgniter->run()
#17 {main}
CRITICAL - 2022-05-07 09:19:12 --> Trying to access array offset on value of type null
#0 D:\xampp\htdocs\simstidar\app\Views\admin\detail_jadwal.php(41): CodeIgniter\Debug\Exceptions->errorHandler(8, 'Trying to acces...', 'D:\\xampp\\htdocs...', 41, Array)
#1 D:\xampp\htdocs\simstidar\system\View\View.php(210): include('D:\\xampp\\htdocs...')
#2 D:\xampp\htdocs\simstidar\system\View\View.php(213): CodeIgniter\View\View->CodeIgniter\View\{closure}()
#3 D:\xampp\htdocs\simstidar\system\Common.php(1089): CodeIgniter\View\View->render('admin/detail_ja...', Array, true)
#4 D:\xampp\htdocs\simstidar\app\Views\layout\content.php(3): view('admin/detail_ja...')
#5 D:\xampp\htdocs\simstidar\system\View\View.php(210): include('D:\\xampp\\htdocs...')
#6 D:\xampp\htdocs\simstidar\system\View\View.php(213): CodeIgniter\View\View->CodeIgniter\View\{closure}()
#7 D:\xampp\htdocs\simstidar\system\Common.php(1089): CodeIgniter\View\View->render('layout/content', Array, true)
#8 D:\xampp\htdocs\simstidar\app\Views\layout\wrapper.php(4): view('layout/content')
#9 D:\xampp\htdocs\simstidar\system\View\View.php(210): include('D:\\xampp\\htdocs...')
#10 D:\xampp\htdocs\simstidar\system\View\View.php(213): CodeIgniter\View\View->CodeIgniter\View\{closure}()
#11 D:\xampp\htdocs\simstidar\system\Common.php(1089): CodeIgniter\View\View->render('layout/wrapper', Array, true)
#12 D:\xampp\htdocs\simstidar\app\Controllers\Jadwal.php(55): view('layout/wrapper', Array)
#13 D:\xampp\htdocs\simstidar\system\CodeIgniter.php(832): App\Controllers\Jadwal->detail_jadwal('<http:', 'localhost', 'simstidar', 'public', 'template', 'plugins', 'icheck-bootstra...', 'icheck-bootstra...')
#14 D:\xampp\htdocs\simstidar\system\CodeIgniter.php(419): CodeIgniter\CodeIgniter->runController(Object(App\Controllers\Jadwal))
#15 D:\xampp\htdocs\simstidar\system\CodeIgniter.php(326): CodeIgniter\CodeIgniter->handleRequest(NULL, Object(Config\Cache), false)
#16 D:\xampp\htdocs\simstidar\public\index.php(37): CodeIgniter\CodeIgniter->run()
#17 {main}
CRITICAL - 2022-05-07 09:19:39 --> Trying to access array offset on value of type null
#0 D:\xampp\htdocs\simstidar\app\Views\admin\detail_jadwal.php(41): CodeIgniter\Debug\Exceptions->errorHandler(8, 'Trying to acces...', 'D:\\xampp\\htdocs...', 41, Array)
#1 D:\xampp\htdocs\simstidar\system\View\View.php(210): include('D:\\xampp\\htdocs...')
#2 D:\xampp\htdocs\simstidar\system\View\View.php(213): CodeIgniter\View\View->CodeIgniter\View\{closure}()
#3 D:\xampp\htdocs\simstidar\system\Common.php(1089): CodeIgniter\View\View->render('admin/detail_ja...', Array, true)
#4 D:\xampp\htdocs\simstidar\app\Views\layout\content.php(3): view('admin/detail_ja...')
#5 D:\xampp\htdocs\simstidar\system\View\View.php(210): include('D:\\xampp\\htdocs...')
#6 D:\xampp\htdocs\simstidar\system\View\View.php(213): CodeIgniter\View\View->CodeIgniter\View\{closure}()
#7 D:\xampp\htdocs\simstidar\system\Common.php(1089): CodeIgniter\View\View->render('layout/content', Array, true)
#8 D:\xampp\htdocs\simstidar\app\Views\layout\wrapper.php(4): view('layout/content')
#9 D:\xampp\htdocs\simstidar\system\View\View.php(210): include('D:\\xampp\\htdocs...')
#10 D:\xampp\htdocs\simstidar\system\View\View.php(213): CodeIgniter\View\View->CodeIgniter\View\{closure}()
#11 D:\xampp\htdocs\simstidar\system\Common.php(1089): CodeIgniter\View\View->render('layout/wrapper', Array, true)
#12 D:\xampp\htdocs\simstidar\app\Controllers\Jadwal.php(55): view('layout/wrapper', Array)
#13 D:\xampp\htdocs\simstidar\system\CodeIgniter.php(832): App\Controllers\Jadwal->detail_jadwal('<http:', 'localhost', 'simstidar', 'public', 'template', 'plugins', 'icheck-bootstra...', 'icheck-bootstra...')
#14 D:\xampp\htdocs\simstidar\system\CodeIgniter.php(419): CodeIgniter\CodeIgniter->runController(Object(App\Controllers\Jadwal))
#15 D:\xampp\htdocs\simstidar\system\CodeIgniter.php(326): CodeIgniter\CodeIgniter->handleRequest(NULL, Object(Config\Cache), false)
#16 D:\xampp\htdocs\simstidar\public\index.php(37): CodeIgniter\CodeIgniter->run()
#17 {main}
CRITICAL - 2022-05-07 09:19:44 --> Trying to access array offset on value of type null
#0 D:\xampp\htdocs\simstidar\app\Views\admin\detail_jadwal.php(41): CodeIgniter\Debug\Exceptions->errorHandler(8, 'Trying to acces...', 'D:\\xampp\\htdocs...', 41, Array)
#1 D:\xampp\htdocs\simstidar\system\View\View.php(210): include('D:\\xampp\\htdocs...')
#2 D:\xampp\htdocs\simstidar\system\View\View.php(213): CodeIgniter\View\View->CodeIgniter\View\{closure}()
#3 D:\xampp\htdocs\simstidar\system\Common.php(1089): CodeIgniter\View\View->render('admin/detail_ja...', Array, true)
#4 D:\xampp\htdocs\simstidar\app\Views\layout\content.php(3): view('admin/detail_ja...')
#5 D:\xampp\htdocs\simstidar\system\View\View.php(210): include('D:\\xampp\\htdocs...')
#6 D:\xampp\htdocs\simstidar\system\View\View.php(213): CodeIgniter\View\View->CodeIgniter\View\{closure}()
#7 D:\xampp\htdocs\simstidar\system\Common.php(1089): CodeIgniter\View\View->render('layout/content', Array, true)
#8 D:\xampp\htdocs\simstidar\app\Views\layout\wrapper.php(4): view('layout/content')
#9 D:\xampp\htdocs\simstidar\system\View\View.php(210): include('D:\\xampp\\htdocs...')
#10 D:\xampp\htdocs\simstidar\system\View\View.php(213): CodeIgniter\View\View->CodeIgniter\View\{closure}()
#11 D:\xampp\htdocs\simstidar\system\Common.php(1089): CodeIgniter\View\View->render('layout/wrapper', Array, true)
#12 D:\xampp\htdocs\simstidar\app\Controllers\Jadwal.php(55): view('layout/wrapper', Array)
#13 D:\xampp\htdocs\simstidar\system\CodeIgniter.php(832): App\Controllers\Jadwal->detail_jadwal('<http:', 'localhost', 'simstidar', 'public', 'template', 'plugins', 'icheck-bootstra...', 'icheck-bootstra...')
#14 D:\xampp\htdocs\simstidar\system\CodeIgniter.php(419): CodeIgniter\CodeIgniter->runController(Object(App\Controllers\Jadwal))
#15 D:\xampp\htdocs\simstidar\system\CodeIgniter.php(326): CodeIgniter\CodeIgniter->handleRequest(NULL, Object(Config\Cache), false)
#16 D:\xampp\htdocs\simstidar\public\index.php(37): CodeIgniter\CodeIgniter->run()
#17 {main}
CRITICAL - 2022-05-07 09:20:19 --> Trying to access array offset on value of type null
#0 D:\xampp\htdocs\simstidar\app\Views\admin\detail_jadwal.php(41): CodeIgniter\Debug\Exceptions->errorHandler(8, 'Trying to acces...', 'D:\\xampp\\htdocs...', 41, Array)
#1 D:\xampp\htdocs\simstidar\system\View\View.php(210): include('D:\\xampp\\htdocs...')
#2 D:\xampp\htdocs\simstidar\system\View\View.php(213): CodeIgniter\View\View->CodeIgniter\View\{closure}()
#3 D:\xampp\htdocs\simstidar\system\Common.php(1089): CodeIgniter\View\View->render('admin/detail_ja...', Array, true)
#4 D:\xampp\htdocs\simstidar\app\Views\layout\content.php(3): view('admin/detail_ja...')
#5 D:\xampp\htdocs\simstidar\system\View\View.php(210): include('D:\\xampp\\htdocs...')
#6 D:\xampp\htdocs\simstidar\system\View\View.php(213): CodeIgniter\View\View->CodeIgniter\View\{closure}()
#7 D:\xampp\htdocs\simstidar\system\Common.php(1089): CodeIgniter\View\View->render('layout/content', Array, true)
#8 D:\xampp\htdocs\simstidar\app\Views\layout\wrapper.php(4): view('layout/content')
#9 D:\xampp\htdocs\simstidar\system\View\View.php(210): include('D:\\xampp\\htdocs...')
#10 D:\xampp\htdocs\simstidar\system\View\View.php(213): CodeIgniter\View\View->CodeIgniter\View\{closure}()
#11 D:\xampp\htdocs\simstidar\system\Common.php(1089): CodeIgniter\View\View->render('layout/wrapper', Array, true)
#12 D:\xampp\htdocs\simstidar\app\Controllers\Jadwal.php(55): view('layout/wrapper', Array)
#13 D:\xampp\htdocs\simstidar\system\CodeIgniter.php(832): App\Controllers\Jadwal->detail_jadwal('<http:', 'localhost', 'simstidar', 'public', 'template', 'plugins', 'icheck-bootstra...', 'icheck-bootstra...')
#14 D:\xampp\htdocs\simstidar\system\CodeIgniter.php(419): CodeIgniter\CodeIgniter->runController(Object(App\Controllers\Jadwal))
#15 D:\xampp\htdocs\simstidar\system\CodeIgniter.php(326): CodeIgniter\CodeIgniter->handleRequest(NULL, Object(Config\Cache), false)
#16 D:\xampp\htdocs\simstidar\public\index.php(37): CodeIgniter\CodeIgniter->run()
#17 {main}
CRITICAL - 2022-05-07 09:21:10 --> Trying to access array offset on value of type null
#0 D:\xampp\htdocs\simstidar\app\Views\admin\detail_jadwal.php(41): CodeIgniter\Debug\Exceptions->errorHandler(8, 'Trying to acces...', 'D:\\xampp\\htdocs...', 41, Array)
#1 D:\xampp\htdocs\simstidar\system\View\View.php(210): include('D:\\xampp\\htdocs...')
#2 D:\xampp\htdocs\simstidar\system\View\View.php(213): CodeIgniter\View\View->CodeIgniter\View\{closure}()
#3 D:\xampp\htdocs\simstidar\system\Common.php(1089): CodeIgniter\View\View->render('admin/detail_ja...', Array, true)
#4 D:\xampp\htdocs\simstidar\app\Views\layout\content.php(3): view('admin/detail_ja...')
#5 D:\xampp\htdocs\simstidar\system\View\View.php(210): include('D:\\xampp\\htdocs...')
#6 D:\xampp\htdocs\simstidar\system\View\View.php(213): CodeIgniter\View\View->CodeIgniter\View\{closure}()
#7 D:\xampp\htdocs\simstidar\system\Common.php(1089): CodeIgniter\View\View->render('layout/content', Array, true)
#8 D:\xampp\htdocs\simstidar\app\Views\layout\wrapper.php(4): view('layout/content')
#9 D:\xampp\htdocs\simstidar\system\View\View.php(210): include('D:\\xampp\\htdocs...')
#10 D:\xampp\htdocs\simstidar\system\View\View.php(213): CodeIgniter\View\View->CodeIgniter\View\{closure}()
#11 D:\xampp\htdocs\simstidar\system\Common.php(1089): CodeIgniter\View\View->render('layout/wrapper', Array, true)
#12 D:\xampp\htdocs\simstidar\app\Controllers\Jadwal.php(55): view('layout/wrapper', Array)
#13 D:\xampp\htdocs\simstidar\system\CodeIgniter.php(832): App\Controllers\Jadwal->detail_jadwal('<http:', 'localhost', 'simstidar', 'public', 'template', 'plugins', 'icheck-bootstra...', 'icheck-bootstra...')
#14 D:\xampp\htdocs\simstidar\system\CodeIgniter.php(419): CodeIgniter\CodeIgniter->runController(Object(App\Controllers\Jadwal))
#15 D:\xampp\htdocs\simstidar\system\CodeIgniter.php(326): CodeIgniter\CodeIgniter->handleRequest(NULL, Object(Config\Cache), false)
#16 D:\xampp\htdocs\simstidar\public\index.php(37): CodeIgniter\CodeIgniter->run()
#17 {main}
CRITICAL - 2022-05-07 09:21:49 --> Trying to access array offset on value of type null
#0 D:\xampp\htdocs\simstidar\app\Views\admin\detail_jadwal.php(41): CodeIgniter\Debug\Exceptions->errorHandler(8, 'Trying to acces...', 'D:\\xampp\\htdocs...', 41, Array)
#1 D:\xampp\htdocs\simstidar\system\View\View.php(210): include('D:\\xampp\\htdocs...')
#2 D:\xampp\htdocs\simstidar\system\View\View.php(213): CodeIgniter\View\View->CodeIgniter\View\{closure}()
#3 D:\xampp\htdocs\simstidar\system\Common.php(1089): CodeIgniter\View\View->render('admin/detail_ja...', Array, true)
#4 D:\xampp\htdocs\simstidar\app\Views\layout\content.php(3): view('admin/detail_ja...')
#5 D:\xampp\htdocs\simstidar\system\View\View.php(210): include('D:\\xampp\\htdocs...')
#6 D:\xampp\htdocs\simstidar\system\View\View.php(213): CodeIgniter\View\View->CodeIgniter\View\{closure}()
#7 D:\xampp\htdocs\simstidar\system\Common.php(1089): CodeIgniter\View\View->render('layout/content', Array, true)
#8 D:\xampp\htdocs\simstidar\app\Views\layout\wrapper.php(4): view('layout/content')
#9 D:\xampp\htdocs\simstidar\system\View\View.php(210): include('D:\\xampp\\htdocs...')
#10 D:\xampp\htdocs\simstidar\system\View\View.php(213): CodeIgniter\View\View->CodeIgniter\View\{closure}()
#11 D:\xampp\htdocs\simstidar\system\Common.php(1089): CodeIgniter\View\View->render('layout/wrapper', Array, true)
#12 D:\xampp\htdocs\simstidar\app\Controllers\Jadwal.php(55): view('layout/wrapper', Array)
#13 D:\xampp\htdocs\simstidar\system\CodeIgniter.php(832): App\Controllers\Jadwal->detail_jadwal('<http:', 'localhost', 'simstidar', 'public', 'template', 'plugins', 'icheck-bootstra...', 'icheck-bootstra...')
#14 D:\xampp\htdocs\simstidar\system\CodeIgniter.php(419): CodeIgniter\CodeIgniter->runController(Object(App\Controllers\Jadwal))
#15 D:\xampp\htdocs\simstidar\system\CodeIgniter.php(326): CodeIgniter\CodeIgniter->handleRequest(NULL, Object(Config\Cache), false)
#16 D:\xampp\htdocs\simstidar\public\index.php(37): CodeIgniter\CodeIgniter->run()
#17 {main}
CRITICAL - 2022-05-07 09:23:06 --> Trying to access array offset on value of type null
#0 D:\xampp\htdocs\simstidar\app\Views\admin\detail_jadwal.php(41): CodeIgniter\Debug\Exceptions->errorHandler(8, 'Trying to acces...', 'D:\\xampp\\htdocs...', 41, Array)
#1 D:\xampp\htdocs\simstidar\system\View\View.php(210): include('D:\\xampp\\htdocs...')
#2 D:\xampp\htdocs\simstidar\system\View\View.php(213): CodeIgniter\View\View->CodeIgniter\View\{closure}()
#3 D:\xampp\htdocs\simstidar\system\Common.php(1089): CodeIgniter\View\View->render('admin/detail_ja...', Array, true)
#4 D:\xampp\htdocs\simstidar\app\Views\layout\content.php(3): view('admin/detail_ja...')
#5 D:\xampp\htdocs\simstidar\system\View\View.php(210): include('D:\\xampp\\htdocs...')
#6 D:\xampp\htdocs\simstidar\system\View\View.php(213): CodeIgniter\View\View->CodeIgniter\View\{closure}()
#7 D:\xampp\htdocs\simstidar\system\Common.php(1089): CodeIgniter\View\View->render('layout/content', Array, true)
#8 D:\xampp\htdocs\simstidar\app\Views\layout\wrapper.php(4): view('layout/content')
#9 D:\xampp\htdocs\simstidar\system\View\View.php(210): include('D:\\xampp\\htdocs...')
#10 D:\xampp\htdocs\simstidar\system\View\View.php(213): CodeIgniter\View\View->CodeIgniter\View\{closure}()
#11 D:\xampp\htdocs\simstidar\system\Common.php(1089): CodeIgniter\View\View->render('layout/wrapper', Array, true)
#12 D:\xampp\htdocs\simstidar\app\Controllers\Jadwal.php(55): view('layout/wrapper', Array)
#13 D:\xampp\htdocs\simstidar\system\CodeIgniter.php(832): App\Controllers\Jadwal->detail_jadwal('<http:', 'localhost', 'simstidar', 'public', 'template', 'plugins', 'icheck-bootstra...', 'icheck-bootstra...')
#14 D:\xampp\htdocs\simstidar\system\CodeIgniter.php(419): CodeIgniter\CodeIgniter->runController(Object(App\Controllers\Jadwal))
#15 D:\xampp\htdocs\simstidar\system\CodeIgniter.php(326): CodeIgniter\CodeIgniter->handleRequest(NULL, Object(Config\Cache), false)
#16 D:\xampp\htdocs\simstidar\public\index.php(37): CodeIgniter\CodeIgniter->run()
#17 {main}
CRITICAL - 2022-05-07 09:24:37 --> Trying to access array offset on value of type null
#0 D:\xampp\htdocs\simstidar\app\Views\admin\detail_jadwal.php(41): CodeIgniter\Debug\Exceptions->errorHandler(8, 'Trying to acces...', 'D:\\xampp\\htdocs...', 41, Array)
#1 D:\xampp\htdocs\simstidar\system\View\View.php(210): include('D:\\xampp\\htdocs...')
#2 D:\xampp\htdocs\simstidar\system\View\View.php(213): CodeIgniter\View\View->CodeIgniter\View\{closure}()
#3 D:\xampp\htdocs\simstidar\system\Common.php(1089): CodeIgniter\View\View->render('admin/detail_ja...', Array, true)
#4 D:\xampp\htdocs\simstidar\app\Views\layout\content.php(3): view('admin/detail_ja...')
#5 D:\xampp\htdocs\simstidar\system\View\View.php(210): include('D:\\xampp\\htdocs...')
#6 D:\xampp\htdocs\simstidar\system\View\View.php(213): CodeIgniter\View\View->CodeIgniter\View\{closure}()
#7 D:\xampp\htdocs\simstidar\system\Common.php(1089): CodeIgniter\View\View->render('layout/content', Array, true)
#8 D:\xampp\htdocs\simstidar\app\Views\layout\wrapper.php(4): view('layout/content')
#9 D:\xampp\htdocs\simstidar\system\View\View.php(210): include('D:\\xampp\\htdocs...')
#10 D:\xampp\htdocs\simstidar\system\View\View.php(213): CodeIgniter\View\View->CodeIgniter\View\{closure}()
#11 D:\xampp\htdocs\simstidar\system\Common.php(1089): CodeIgniter\View\View->render('layout/wrapper', Array, true)
#12 D:\xampp\htdocs\simstidar\app\Controllers\Jadwal.php(55): view('layout/wrapper', Array)
#13 D:\xampp\htdocs\simstidar\system\CodeIgniter.php(832): App\Controllers\Jadwal->detail_jadwal('<http:', 'localhost', 'simstidar', 'public', 'template', 'plugins', 'icheck-bootstra...', 'icheck-bootstra...')
#14 D:\xampp\htdocs\simstidar\system\CodeIgniter.php(419): CodeIgniter\CodeIgniter->runController(Object(App\Controllers\Jadwal))
#15 D:\xampp\htdocs\simstidar\system\CodeIgniter.php(326): CodeIgniter\CodeIgniter->handleRequest(NULL, Object(Config\Cache), false)
#16 D:\xampp\htdocs\simstidar\public\index.php(37): CodeIgniter\CodeIgniter->run()
#17 {main}
CRITICAL - 2022-05-07 09:27:43 --> Trying to access array offset on value of type null
#0 D:\xampp\htdocs\simstidar\app\Views\admin\detail_jadwal.php(41): CodeIgniter\Debug\Exceptions->errorHandler(8, 'Trying to acces...', 'D:\\xampp\\htdocs...', 41, Array)
#1 D:\xampp\htdocs\simstidar\system\View\View.php(210): include('D:\\xampp\\htdocs...')
#2 D:\xampp\htdocs\simstidar\system\View\View.php(213): CodeIgniter\View\View->CodeIgniter\View\{closure}()
#3 D:\xampp\htdocs\simstidar\system\Common.php(1089): CodeIgniter\View\View->render('admin/detail_ja...', Array, true)
#4 D:\xampp\htdocs\simstidar\app\Views\layout\content.php(3): view('admin/detail_ja...')
#5 D:\xampp\htdocs\simstidar\system\View\View.php(210): include('D:\\xampp\\htdocs...')
#6 D:\xampp\htdocs\simstidar\system\View\View.php(213): CodeIgniter\View\View->CodeIgniter\View\{closure}()
#7 D:\xampp\htdocs\simstidar\system\Common.php(1089): CodeIgniter\View\View->render('layout/content', Array, true)
#8 D:\xampp\htdocs\simstidar\app\Views\layout\wrapper.php(4): view('layout/content')
#9 D:\xampp\htdocs\simstidar\system\View\View.php(210): include('D:\\xampp\\htdocs...')
#10 D:\xampp\htdocs\simstidar\system\View\View.php(213): CodeIgniter\View\View->CodeIgniter\View\{closure}()
#11 D:\xampp\htdocs\simstidar\system\Common.php(1089): CodeIgniter\View\View->render('layout/wrapper', Array, true)
#12 D:\xampp\htdocs\simstidar\app\Controllers\Jadwal.php(55): view('layout/wrapper', Array)
#13 D:\xampp\htdocs\simstidar\system\CodeIgniter.php(832): App\Controllers\Jadwal->detail_jadwal('<http:', 'localhost', 'simstidar', 'public', 'template', 'plugins', 'icheck-bootstra...', 'icheck-bootstra...')
#14 D:\xampp\htdocs\simstidar\system\CodeIgniter.php(419): CodeIgniter\CodeIgniter->runController(Object(App\Controllers\Jadwal))
#15 D:\xampp\htdocs\simstidar\system\CodeIgniter.php(326): CodeIgniter\CodeIgniter->handleRequest(NULL, Object(Config\Cache), false)
#16 D:\xampp\htdocs\simstidar\public\index.php(37): CodeIgniter\CodeIgniter->run()
#17 {main}
CRITICAL - 2022-05-07 09:53:51 --> Trying to access array offset on value of type null
#0 D:\xampp\htdocs\simstidar\app\Views\admin\detail_jadwal.php(41): CodeIgniter\Debug\Exceptions->errorHandler(8, 'Trying to acces...', 'D:\\xampp\\htdocs...', 41, Array)
#1 D:\xampp\htdocs\simstidar\system\View\View.php(210): include('D:\\xampp\\htdocs...')
#2 D:\xampp\htdocs\simstidar\system\View\View.php(213): CodeIgniter\View\View->CodeIgniter\View\{closure}()
#3 D:\xampp\htdocs\simstidar\system\Common.php(1089): CodeIgniter\View\View->render('admin/detail_ja...', Array, true)
#4 D:\xampp\htdocs\simstidar\app\Views\layout\content.php(3): view('admin/detail_ja...')
#5 D:\xampp\htdocs\simstidar\system\View\View.php(210): include('D:\\xampp\\htdocs...')
#6 D:\xampp\htdocs\simstidar\system\View\View.php(213): CodeIgniter\View\View->CodeIgniter\View\{closure}()
#7 D:\xampp\htdocs\simstidar\system\Common.php(1089): CodeIgniter\View\View->render('layout/content', Array, true)
#8 D:\xampp\htdocs\simstidar\app\Views\layout\wrapper.php(4): view('layout/content')
#9 D:\xampp\htdocs\simstidar\system\View\View.php(210): include('D:\\xampp\\htdocs...')
#10 D:\xampp\htdocs\simstidar\system\View\View.php(213): CodeIgniter\View\View->CodeIgniter\View\{closure}()
#11 D:\xampp\htdocs\simstidar\system\Common.php(1089): CodeIgniter\View\View->render('layout/wrapper', Array, true)
#12 D:\xampp\htdocs\simstidar\app\Controllers\Jadwal.php(55): view('layout/wrapper', Array)
#13 D:\xampp\htdocs\simstidar\system\CodeIgniter.php(832): App\Controllers\Jadwal->detail_jadwal('<http:', 'localhost', 'simstidar', 'public', 'template', 'plugins', 'icheck-bootstra...', 'icheck-bootstra...')
#14 D:\xampp\htdocs\simstidar\system\CodeIgniter.php(419): CodeIgniter\CodeIgniter->runController(Object(App\Controllers\Jadwal))
#15 D:\xampp\htdocs\simstidar\system\CodeIgniter.php(326): CodeIgniter\CodeIgniter->handleRequest(NULL, Object(Config\Cache), false)
#16 D:\xampp\htdocs\simstidar\public\index.php(37): CodeIgniter\CodeIgniter->run()
#17 {main}
